<?xml version="1.0" encoding="UTF-8"?>
<testsuite name="WizardTD.AppDrawTest" tests="38" skipped="0" failures="0" errors="0" timestamp="2023-10-17T23:13:53" hostname="Allens-MacBook-Pro.local" time="0.775">
  <properties/>
  <testcase name="testGremlinTimePassedPreWavePause()" classname="WizardTD.AppDrawTest" time="0.044"/>
  <testcase name="testUpgradeGUI_allFalse()" classname="WizardTD.AppDrawTest" time="0.012"/>
  <testcase name="testUpgradeGUI_twoFalse()" classname="WizardTD.AppDrawTest" time="0.006"/>
  <testcase name="testWorm_timeSinceSpawnNotReached()" classname="WizardTD.AppDrawTest" time="0.005"/>
  <testcase name="testUpgradeGUI_oneFalse()" classname="WizardTD.AppDrawTest" time="0.006"/>
  <testcase name="testEmptyMonsterList_EndlessMode()" classname="WizardTD.AppDrawTest" time="0.006"/>
  <testcase name="testClickTower()" classname="WizardTD.AppDrawTest" time="0.301"/>
  <testcase name="testIsMouseOnTower()" classname="WizardTD.AppDrawTest" time="0.047"/>
  <testcase name="testWave_NormalModeLastWave_stillMonsters()" classname="WizardTD.AppDrawTest" time="0.139"/>
  <testcase name="testWorm()" classname="WizardTD.AppDrawTest" time="0.006"/>
  <testcase name="testBaseDraw()" classname="WizardTD.AppDrawTest" time="0.006"/>
  <testcase name="testBugStart()" classname="WizardTD.AppDrawTest" time="0.005"/>
  <testcase name="testWave_NormalMode_SecondLastWave()" classname="WizardTD.AppDrawTest" time="0.005"/>
  <testcase name="testEndlessMode_tooManyMonsters()" classname="WizardTD.AppDrawTest" time="0.006"/>
  <testcase name="testUpdateSpriteBranch1_1()" classname="WizardTD.AppDrawTest" time="0.011"/>
  <testcase name="testUpdateSpriteBranch1_2()" classname="WizardTD.AppDrawTest" time="0.006"/>
  <testcase name="testUpdateSpriteBranch1_3()" classname="WizardTD.AppDrawTest" time="0.007"/>
  <testcase name="testUpdateSpriteBranch2_1()" classname="WizardTD.AppDrawTest" time="0.007"/>
  <testcase name="testUpdateSpriteBranch2_2()" classname="WizardTD.AppDrawTest" time="0.007"/>
  <testcase name="testUpdateSpriteBranch2_3()" classname="WizardTD.AppDrawTest" time="0.008"/>
  <testcase name="testDifferentTowerList_Level1()" classname="WizardTD.AppDrawTest" time="0.006"/>
  <testcase name="testDifferentTowerList_Level2()" classname="WizardTD.AppDrawTest" time="0.007"/>
  <testcase name="testFireballGetsRemoved()" classname="WizardTD.AppDrawTest" time="0.017"/>
  <testcase name="testWormSpawnReached()" classname="WizardTD.AppDrawTest" time="0.007"/>
  <testcase name="testBeetleSpawnReached()" classname="WizardTD.AppDrawTest" time="0.006"/>
  <testcase name="testGremlinSpawnReached()" classname="WizardTD.AppDrawTest" time="0.007"/>
  <testcase name="testUpdateSpriteBranch1()" classname="WizardTD.AppDrawTest" time="0.007"/>
  <testcase name="testUpdateSpriteBranch2()" classname="WizardTD.AppDrawTest" time="0.007"/>
  <testcase name="testUpgradedTowerDraw_ButNoMana()" classname="WizardTD.AppDrawTest" time="0.007"/>
  <testcase name="testWave_NormalModeLastWave()" classname="WizardTD.AppDrawTest" time="0.006"/>
  <testcase name="testWave_EndlessMode()" classname="WizardTD.AppDrawTest" time="0.006"/>
  <testcase name="testFinalWave()" classname="WizardTD.AppDrawTest" time="0.006"/>
  <testcase name="testBugStart1()" classname="WizardTD.AppDrawTest" time="0.0"/>
  <testcase name="testBeetle_timeSinceSpawnNotReached()" classname="WizardTD.AppDrawTest" time="0.006"/>
  <testcase name="testUpgradedTowerDraw()" classname="WizardTD.AppDrawTest" time="0.006"/>
  <testcase name="testBeetle()" classname="WizardTD.AppDrawTest" time="0.006"/>
  <testcase name="testEmptyMonsterList()" classname="WizardTD.AppDrawTest" time="0.007"/>
  <testcase name="testPaused()" classname="WizardTD.AppDrawTest" time="0.006"/>
  <system-out><![CDATA[Graphics context not yet initialized. Skipping visualisations.
Graphics context not yet initialized. Skipping visualisations.
Graphics context not yet initialized. Skipping visualisations.
Graphics context not yet initialized. Skipping visualisations.
Graphics context not yet initialized. Skipping visualisations.
Graphics context not yet initialized. Skipping visualisations.
Graphics context not yet initialized. Skipping visualisations.
Graphics context not yet initialized. Skipping visualisations.
Graphics context not yet initialized. Skipping visualisations.
Graphics context not yet initialized. Skipping visualisations.
Graphics context not yet initialized. Skipping visualisations.
Graphics context not yet initialized. Skipping visualisations.
Graphics context not yet initialized. Skipping visualisations.
Graphics context not yet initialized. Skipping visualisations.
Graphics context not yet initialized. Skipping visualisations.
Graphics context not yet initialized. Skipping visualisations.
Graphics context not yet initialized. Skipping visualisations.
Graphics context not yet initialized. Skipping visualisations.
Graphics context not yet initialized. Skipping visualisations.
Graphics context not yet initialized. Skipping visualisations.
Graphics context not yet initialized. Skipping visualisations.
Graphics context not yet initialized. Skipping visualisations.
Graphics context not yet initialized. Skipping visualisations.
Graphics context not yet initialized. Skipping visualisations.
Graphics context not yet initialized. Skipping visualisations.
Graphics context not yet initialized. Skipping visualisations.
Graphics context not yet initialized. Skipping visualisations.
Graphics context not yet initialized. Skipping visualisations.
Graphics context not yet initialized. Skipping visualisations.
Graphics context not yet initialized. Skipping visualisations.
Graphics context not yet initialized. Skipping visualisations.
Graphics context not yet initialized. Skipping visualisations.
Graphics context not yet initialized. Skipping visualisations.
Graphics context not yet initialized. Skipping visualisations.
Graphics context not yet initialized. Skipping visualisations.
Graphics context not yet initialized. Skipping visualisations.
Graphics context not yet initialized. Skipping visualisations.
Graphics context not yet initialized. Skipping visualisations.
Graphics context not yet initialized. Skipping visualisations.
Graphics context not yet initialized. Skipping visualisations.
Graphics context not yet initialized. Skipping visualisations.
Graphics context not yet initialized. Skipping visualisations.
Graphics context not yet initialized. Skipping visualisations.
Graphics context not yet initialized. Skipping visualisations.
Graphics context not yet initialized. Skipping visualisations.
Graphics context not yet initialized. Skipping visualisations.
Graphics context not yet initialized. Skipping visualisations.
Graphics context not yet initialized. Skipping visualisations.
Graphics context not yet initialized. Skipping visualisations.
Graphics context not yet initialized. Skipping visualisations.
Graphics context not yet initialized. Skipping visualisations.
Graphics context not yet initialized. Skipping visualisations.
Graphics context not yet initialized. Skipping visualisations.
Graphics context not yet initialized. Skipping visualisations.
Graphics context not yet initialized. Skipping visualisations.
Graphics context not yet initialized. Skipping visualisations.
Graphics context not yet initialized. Skipping visualisations.
Graphics context not yet initialized. Skipping visualisations.
Graphics context not yet initialized. Skipping visualisations.
Graphics context not yet initialized. Skipping visualisations.
Graphics context not yet initialized. Skipping visualisations.
Graphics context not yet initialized. Skipping visualisations.
Graphics context not yet initialized. Skipping visualisations.
Graphics context not yet initialized. Skipping visualisations.
Graphics context not yet initialized. Skipping visualisations.
Graphics context not yet initialized. Skipping visualisations.
Graphics context not yet initialized. Skipping visualisations.
Graphics context not yet initialized. Skipping visualisations.
Graphics context not yet initialized. Skipping visualisations.
Graphics context not yet initialized. Skipping visualisations.
Graphics context not yet initialized. Skipping visualisations.
Graphics context not yet initialized. Skipping visualisations.
Graphics context not yet initialized. Skipping visualisations.
Graphics context not yet initialized. Skipping visualisations.
Graphics context not yet initialized. Skipping visualisations.
Graphics context not yet initialized. Skipping visualisations.
Graphics context not yet initialized. Skipping visualisations.
Graphics context not yet initialized. Skipping visualisations.
Graphics context not yet initialized. Skipping visualisations.
Graphics context not yet initialized. Skipping visualisations.
Graphics context not yet initialized. Skipping visualisations.
Graphics context not yet initialized. Skipping visualisations.
Graphics context not yet initialized. Skipping visualisations.
Graphics context not yet initialized. Skipping visualisations.
Graphics context not yet initialized. Skipping visualisations.
Graphics context not yet initialized. Skipping visualisations.
Graphics context not yet initialized. Skipping visualisations.
Graphics context not yet initialized. Skipping visualisations.
Graphics context not yet initialized. Skipping visualisations.
Graphics context not yet initialized. Skipping visualisations.
Graphics context not yet initialized. Skipping visualisations.
Graphics context not yet initialized. Skipping visualisations.
Graphics context not yet initialized. Skipping visualisations.
Graphics context not yet initialized. Skipping visualisations.
Graphics context not yet initialized. Skipping visualisations.
Graphics context not yet initialized. Skipping visualisations.
Graphics context not yet initialized. Skipping visualisations.
Graphics context not yet initialized. Skipping visualisations.
Graphics context not yet initialized. Skipping visualisations.
Graphics context not yet initialized. Skipping visualisations.
Graphics context not yet initialized. Skipping visualisations.
Graphics context not yet initialized. Skipping visualisations.
Graphics context not yet initialized. Skipping visualisations.
Graphics context not yet initialized. Skipping visualisations.
Graphics context not yet initialized. Skipping visualisations.
Graphics context not yet initialized. Skipping visualisations.
Graphics context not yet initialized. Skipping visualisations.
Graphics context not yet initialized. Skipping visualisations.
Graphics context not yet initialized. Skipping visualisations.
Graphics context not yet initialized. Skipping visualisations.
Graphics context not yet initialized. Skipping visualisations.
Graphics context not yet initialized. Skipping visualisations.
Graphics context not yet initialized. Skipping visualisations.
Graphics context not yet initialized. Skipping visualisations.
Graphics context not yet initialized. Skipping visualisations.
Graphics context not yet initialized. Skipping visualisations.
Graphics context not yet initialized. Skipping visualisations.
Graphics context not yet initialized. Skipping visualisations.
Graphics context not yet initialized. Skipping visualisations.
Graphics context not yet initialized. Skipping visualisations.
Graphics context not yet initialized. Skipping visualisations.
Graphics context not yet initialized. Skipping visualisations.
Graphics context not yet initialized. Skipping visualisations.
Graphics context not yet initialized. Skipping visualisations.
Graphics context not yet initialized. Skipping visualisations.
Graphics context not yet initialized. Skipping visualisations.
Graphics context not yet initialized. Skipping visualisations.
Graphics context not yet initialized. Skipping visualisations.
Graphics context not yet initialized. Skipping visualisations.
Graphics context not yet initialized. Skipping visualisations.
Graphics context not yet initialized. Skipping visualisations.
Graphics context not yet initialized. Skipping visualisations.
Graphics context not yet initialized. Skipping visualisations.
Graphics context not yet initialized. Skipping visualisations.
Graphics context not yet initialized. Skipping visualisations.
Graphics context not yet initialized. Skipping visualisations.
Graphics context not yet initialized. Skipping visualisations.
Graphics context not yet initialized. Skipping visualisations.
Graphics context not yet initialized. Skipping visualisations.
Graphics context not yet initialized. Skipping visualisations.
Graphics context not yet initialized. Skipping visualisations.
Graphics context not yet initialized. Skipping visualisations.
Graphics context not yet initialized. Skipping visualisations.
Graphics context not yet initialized. Skipping visualisations.
Graphics context not yet initialized. Skipping visualisations.
Graphics context not yet initialized. Skipping visualisations.
Graphics context not yet initialized. Skipping visualisations.
Graphics context not yet initialized. Skipping visualisations.
Graphics context not yet initialized. Skipping visualisations.
Graphics context not yet initialized. Skipping visualisations.
Graphics context not yet initialized. Skipping visualisations.
Graphics context not yet initialized. Skipping visualisations.
Graphics context not yet initialized. Skipping visualisations.
Graphics context not yet initialized. Skipping visualisations.
Graphics context not yet initialized. Skipping visualisations.
Graphics context not yet initialized. Skipping visualisations.
Graphics context not yet initialized. Skipping visualisations.
Graphics context not yet initialized. Skipping visualisations.
Graphics context not yet initialized. Skipping visualisations.
Graphics context not yet initialized. Skipping visualisations.
Graphics context not yet initialized. Skipping visualisations.
Graphics context not yet initialized. Skipping visualisations.
Graphics context not yet initialized. Skipping visualisations.
Graphics context not yet initialized. Skipping visualisations.
Graphics context not yet initialized. Skipping visualisations.
Graphics context not yet initialized. Skipping visualisations.
Graphics context not yet initialized. Skipping visualisations.
Graphics context not yet initialized. Skipping visualisations.
Graphics context not yet initialized. Skipping visualisations.
Graphics context not yet initialized. Skipping visualisations.
Graphics context not yet initialized. Skipping visualisations.
Graphics context not yet initialized. Skipping visualisations.
Graphics context not yet initialized. Skipping visualisations.
Graphics context not yet initialized. Skipping visualisations.
Graphics context not yet initialized. Skipping visualisations.
Graphics context not yet initialized. Skipping visualisations.
Graphics context not yet initialized. Skipping visualisations.
Graphics context not yet initialized. Skipping visualisations.
Graphics context not yet initialized. Skipping visualisations.
Graphics context not yet initialized. Skipping visualisations.
Graphics context not yet initialized. Skipping visualisations.
Graphics context not yet initialized. Skipping visualisations.
Graphics context not yet initialized. Skipping visualisations.
Graphics context not yet initialized. Skipping visualisations.
Graphics context not yet initialized. Skipping visualisations.
Graphics context not yet initialized. Skipping visualisations.
Graphics context not yet initialized. Skipping visualisations.
Graphics context not yet initialized. Skipping visualisations.
Graphics context not yet initialized. Skipping visualisations.
Graphics context not yet initialized. Skipping visualisations.
Graphics context not yet initialized. Skipping visualisations.
Graphics context not yet initialized. Skipping visualisations.
Graphics context not yet initialized. Skipping visualisations.
Graphics context not yet initialized. Skipping visualisations.
Graphics context not yet initialized. Skipping visualisations.
Graphics context not yet initialized. Skipping visualisations.
Graphics context not yet initialized. Skipping visualisations.
Graphics context not yet initialized. Skipping visualisations.
Graphics context not yet initialized. Skipping visualisations.
Graphics context not yet initialized. Skipping visualisations.
Graphics context not yet initialized. Skipping visualisations.
Graphics context not yet initialized. Skipping visualisations.
Graphics context not yet initialized. Skipping visualisations.
Graphics context not yet initialized. Skipping visualisations.
Graphics context not yet initialized. Skipping visualisations.
Graphics context not yet initialized. Skipping visualisations.
Graphics context not yet initialized. Skipping visualisations.
Graphics context not yet initialized. Skipping visualisations.
Graphics context not yet initialized. Skipping visualisations.
Graphics context not yet initialized. Skipping visualisations.
Graphics context not yet initialized. Skipping visualisations.
Graphics context not yet initialized. Skipping visualisations.
Graphics context not yet initialized. Skipping visualisations.
Graphics context not yet initialized. Skipping visualisations.
Graphics context not yet initialized. Skipping visualisations.
Graphics context not yet initialized. Skipping visualisations.
Graphics context not yet initialized. Skipping visualisations.
Graphics context not yet initialized. Skipping visualisations.
Graphics context not yet initialized. Skipping visualisations.
Graphics context not yet initialized. Skipping visualisations.
Graphics context not yet initialized. Skipping visualisations.
Graphics context not yet initialized. Skipping visualisations.
Graphics context not yet initialized. Skipping visualisations.
Graphics context not yet initialized. Skipping visualisations.
Graphics context not yet initialized. Skipping visualisations.
Graphics context not yet initialized. Skipping visualisations.
Graphics context not yet initialized. Skipping visualisations.
Graphics context not yet initialized. Skipping visualisations.
Graphics context not yet initialized. Skipping visualisations.
Graphics context not yet initialized. Skipping visualisations.
Graphics context not yet initialized. Skipping visualisations.
Graphics context not yet initialized. Skipping visualisations.
Graphics context not yet initialized. Skipping visualisations.
Graphics context not yet initialized. Skipping visualisations.
Graphics context not yet initialized. Skipping visualisations.
Graphics context not yet initialized. Skipping visualisations.
Graphics context not yet initialized. Skipping visualisations.
Graphics context not yet initialized. Skipping visualisations.
Graphics context not yet initialized. Skipping visualisations.
Graphics context not yet initialized. Skipping visualisations.
Graphics context not yet initialized. Skipping visualisations.
Graphics context not yet initialized. Skipping visualisations.
Graphics context not yet initialized. Skipping visualisations.
Graphics context not yet initialized. Skipping visualisations.
Graphics context not yet initialized. Skipping visualisations.
Graphics context not yet initialized. Skipping visualisations.
Graphics context not yet initialized. Skipping visualisations.
Graphics context not yet initialized. Skipping visualisations.
Graphics context not yet initialized. Skipping visualisations.
Graphics context not yet initialized. Skipping visualisations.
Graphics context not yet initialized. Skipping visualisations.
Graphics context not yet initialized. Skipping visualisations.
Graphics context not yet initialized. Skipping visualisations.
Graphics context not yet initialized. Skipping visualisations.
Graphics context not yet initialized. Skipping visualisations.
Graphics context not yet initialized. Skipping visualisations.
Graphics context not yet initialized. Skipping visualisations.
Graphics context not yet initialized. Skipping visualisations.
Graphics context not yet initialized. Skipping visualisations.
Graphics context not yet initialized. Skipping visualisations.
Graphics context not yet initialized. Skipping visualisations.
Graphics context not yet initialized. Skipping visualisations.
Graphics context not yet initialized. Skipping visualisations.
Graphics context not yet initialized. Skipping visualisations.
Graphics context not yet initialized. Skipping visualisations.
Graphics context not yet initialized. Skipping visualisations.
Graphics context not yet initialized. Skipping visualisations.
Graphics context not yet initialized. Skipping visualisations.
Graphics context not yet initialized. Skipping visualisations.
Graphics context not yet initialized. Skipping visualisations.
Graphics context not yet initialized. Skipping visualisations.
Graphics context not yet initialized. Skipping visualisations.
Graphics context not yet initialized. Skipping visualisations.
Graphics context not yet initialized. Skipping visualisations.
Graphics context not yet initialized. Skipping visualisations.
Graphics context not yet initialized. Skipping visualisations.
Graphics context not yet initialized. Skipping visualisations.
Graphics context not yet initialized. Skipping visualisations.
Graphics context not yet initialized. Skipping visualisations.
Graphics context not yet initialized. Skipping visualisations.
Graphics context not yet initialized. Skipping visualisations.
Graphics context not yet initialized. Skipping visualisations.
Graphics context not yet initialized. Skipping visualisations.
Graphics context not yet initialized. Skipping visualisations.
Graphics context not yet initialized. Skipping visualisations.
Graphics context not yet initialized. Skipping visualisations.
Graphics context not yet initialized. Skipping visualisations.
Graphics context not yet initialized. Skipping visualisations.
Graphics context not yet initialized. Skipping visualisations.
Graphics context not yet initialized. Skipping visualisations.
Graphics context not yet initialized. Skipping visualisations.
Graphics context not yet initialized. Skipping visualisations.
Graphics context not yet initialized. Skipping visualisations.
Graphics context not yet initialized. Skipping visualisations.
Graphics context not yet initialized. Skipping visualisations.
Graphics context not yet initialized. Skipping visualisations.
Graphics context not yet initialized. Skipping visualisations.
Graphics context not yet initialized. Skipping visualisations.
Graphics context not yet initialized. Skipping visualisations.
Graphics context not yet initialized. Skipping visualisations.
Graphics context not yet initialized. Skipping visualisations.
Graphics context not yet initialized. Skipping visualisations.
Graphics context not yet initialized. Skipping visualisations.
Graphics context not yet initialized. Skipping visualisations.
Graphics context not yet initialized. Skipping visualisations.
Graphics context not yet initialized. Skipping visualisations.
Graphics context not yet initialized. Skipping visualisations.
Graphics context not yet initialized. Skipping visualisations.
Graphics context not yet initialized. Skipping visualisations.
Graphics context not yet initialized. Skipping visualisations.
Graphics context not yet initialized. Skipping visualisations.
Graphics context not yet initialized. Skipping visualisations.
Graphics context not yet initialized. Skipping visualisations.
Graphics context not yet initialized. Skipping visualisations.
Graphics context not yet initialized. Skipping visualisations.
Graphics context not yet initialized. Skipping visualisations.
Graphics context not yet initialized. Skipping visualisations.
Graphics context not yet initialized. Skipping visualisations.
Graphics context not yet initialized. Skipping visualisations.
Graphics context not yet initialized. Skipping visualisations.
Graphics context not yet initialized. Skipping visualisations.
Graphics context not yet initialized. Skipping visualisations.
Graphics context not yet initialized. Skipping visualisations.
Graphics context not yet initialized. Skipping visualisations.
Graphics context not yet initialized. Skipping visualisations.
Graphics context not yet initialized. Skipping visualisations.
Graphics context not yet initialized. Skipping visualisations.
Graphics context not yet initialized. Skipping visualisations.
Graphics context not yet initialized. Skipping visualisations.
Graphics context not yet initialized. Skipping visualisations.
Graphics context not yet initialized. Skipping visualisations.
Graphics context not yet initialized. Skipping visualisations.
Graphics context not yet initialized. Skipping visualisations.
Graphics context not yet initialized. Skipping visualisations.
Graphics context not yet initialized. Skipping visualisations.
Graphics context not yet initialized. Skipping visualisations.
Graphics context not yet initialized. Skipping visualisations.
Graphics context not yet initialized. Skipping visualisations.
Graphics context not yet initialized. Skipping visualisations.
Graphics context not yet initialized. Skipping visualisations.
Graphics context not yet initialized. Skipping visualisations.
Graphics context not yet initialized. Skipping visualisations.
Graphics context not yet initialized. Skipping visualisations.
Graphics context not yet initialized. Skipping visualisations.
Graphics context not yet initialized. Skipping visualisations.
Graphics context not yet initialized. Skipping visualisations.
Graphics context not yet initialized. Skipping visualisations.
Graphics context not yet initialized. Skipping visualisations.
Graphics context not yet initialized. Skipping visualisations.
Graphics context not yet initialized. Skipping visualisations.
Graphics context not yet initialized. Skipping visualisations.
Graphics context not yet initialized. Skipping visualisations.
Graphics context not yet initialized. Skipping visualisations.
Graphics context not yet initialized. Skipping visualisations.
Graphics context not yet initialized. Skipping visualisations.
Graphics context not yet initialized. Skipping visualisations.
Graphics context not yet initialized. Skipping visualisations.
Graphics context not yet initialized. Skipping visualisations.
Graphics context not yet initialized. Skipping visualisations.
Graphics context not yet initialized. Skipping visualisations.
Graphics context not yet initialized. Skipping visualisations.
Graphics context not yet initialized. Skipping visualisations.
Graphics context not yet initialized. Skipping visualisations.
Graphics context not yet initialized. Skipping visualisations.
Graphics context not yet initialized. Skipping visualisations.
Graphics context not yet initialized. Skipping visualisations.
Graphics context not yet initialized. Skipping visualisations.
Graphics context not yet initialized. Skipping visualisations.
Graphics context not yet initialized. Skipping visualisations.
Graphics context not yet initialized. Skipping visualisations.
Graphics context not yet initialized. Skipping visualisations.
Graphics context not yet initialized. Skipping visualisations.
Graphics context not yet initialized. Skipping visualisations.
Graphics context not yet initialized. Skipping visualisations.
Graphics context not yet initialized. Skipping visualisations.
Graphics context not yet initialized. Skipping visualisations.
Graphics context not yet initialized. Skipping visualisations.
Graphics context not yet initialized. Skipping visualisations.
Graphics context not yet initialized. Skipping visualisations.
Graphics context not yet initialized. Skipping visualisations.
Graphics context not yet initialized. Skipping visualisations.
Graphics context not yet initialized. Skipping visualisations.
Graphics context not yet initialized. Skipping visualisations.
Graphics context not yet initialized. Skipping visualisations.
Graphics context not yet initialized. Skipping visualisations.
Graphics context not yet initialized. Skipping visualisations.
Graphics context not yet initialized. Skipping visualisations.
Graphics context not yet initialized. Skipping visualisations.
Graphics context not yet initialized. Skipping visualisations.
Graphics context not yet initialized. Skipping visualisations.
Graphics context not yet initialized. Skipping visualisations.
Graphics context not yet initialized. Skipping visualisations.
Graphics context not yet initialized. Skipping visualisations.
Graphics context not yet initialized. Skipping visualisations.
Graphics context not yet initialized. Skipping visualisations.
Graphics context not yet initialized. Skipping visualisations.
Graphics context not yet initialized. Skipping visualisations.
Graphics context not yet initialized. Skipping visualisations.
Graphics context not yet initialized. Skipping visualisations.
Graphics context not yet initialized. Skipping visualisations.
Graphics context not yet initialized. Skipping visualisations.
Graphics context not yet initialized. Skipping visualisations.
Graphics context not yet initialized. Skipping visualisations.
Graphics context not yet initialized. Skipping visualisations.
Graphics context not yet initialized. Skipping visualisations.
Graphics context not yet initialized. Skipping visualisations.
Graphics context not yet initialized. Skipping visualisations.
Graphics context not yet initialized. Skipping visualisations.
Graphics context not yet initialized. Skipping visualisations.
Graphics context not yet initialized. Skipping visualisations.
Graphics context not yet initialized. Skipping visualisations.
Graphics context not yet initialized. Skipping visualisations.
Graphics context not yet initialized. Skipping visualisations.
Graphics context not yet initialized. Skipping visualisations.
Graphics context not yet initialized. Skipping visualisations.
Graphics context not yet initialized. Skipping visualisations.
Graphics context not yet initialized. Skipping visualisations.
Graphics context not yet initialized. Skipping visualisations.
Graphics context not yet initialized. Skipping visualisations.
Graphics context not yet initialized. Skipping visualisations.
Graphics context not yet initialized. Skipping visualisations.
Graphics context not yet initialized. Skipping visualisations.
Graphics context not yet initialized. Skipping visualisations.
Graphics context not yet initialized. Skipping visualisations.
Graphics context not yet initialized. Skipping visualisations.
Graphics context not yet initialized. Skipping visualisations.
Graphics context not yet initialized. Skipping visualisations.
Graphics context not yet initialized. Skipping visualisations.
Graphics context not yet initialized. Skipping visualisations.
Graphics context not yet initialized. Skipping visualisations.
Graphics context not yet initialized. Skipping visualisations.
Graphics context not yet initialized. Skipping visualisations.
Graphics context not yet initialized. Skipping visualisations.
Graphics context not yet initialized. Skipping visualisations.
Graphics context not yet initialized. Skipping visualisations.
Graphics context not yet initialized. Skipping visualisations.
Graphics context not yet initialized. Skipping visualisations.
Graphics context not yet initialized. Skipping visualisations.
Graphics context not yet initialized. Skipping visualisations.
Graphics context not yet initialized. Skipping visualisations.
Graphics context not yet initialized. Skipping visualisations.
Graphics context not yet initialized. Skipping visualisations.
Graphics context not yet initialized. Skipping visualisations.
Graphics context not yet initialized. Skipping visualisations.
Graphics context not yet initialized. Skipping visualisations.
Graphics context not yet initialized. Skipping visualisations.
Graphics context not yet initialized. Skipping visualisations.
Graphics context not yet initialized. Skipping visualisations.
Graphics context not yet initialized. Skipping visualisations.
Graphics context not yet initialized. Skipping visualisations.
Graphics context not yet initialized. Skipping visualisations.
Graphics context not yet initialized. Skipping visualisations.
Graphics context not yet initialized. Skipping visualisations.
Graphics context not yet initialized. Skipping visualisations.
Graphics context not yet initialized. Skipping visualisations.
Graphics context not yet initialized. Skipping visualisations.
Graphics context not yet initialized. Skipping visualisations.
Graphics context not yet initialized. Skipping visualisations.
Graphics context not yet initialized. Skipping visualisations.
Graphics context not yet initialized. Skipping visualisations.
Graphics context not yet initialized. Skipping visualisations.
Graphics context not yet initialized. Skipping visualisations.
Graphics context not yet initialized. Skipping visualisations.
Graphics context not yet initialized. Skipping visualisations.
Graphics context not yet initialized. Skipping visualisations.
Graphics context not yet initialized. Skipping visualisations.
Graphics context not yet initialized. Skipping visualisations.
Graphics context not yet initialized. Skipping visualisations.
Graphics context not yet initialized. Skipping visualisations.
Graphics context not yet initialized. Skipping visualisations.
Graphics context not yet initialized. Skipping visualisations.
Graphics context not yet initialized. Skipping visualisations.
Graphics context not yet initialized. Skipping visualisations.
Graphics context not yet initialized. Skipping visualisations.
Graphics context not yet initialized. Skipping visualisations.
Graphics context not yet initialized. Skipping visualisations.
Graphics context not yet initialized. Skipping visualisations.
Graphics context not yet initialized. Skipping visualisations.
Graphics context not yet initialized. Skipping visualisations.
Graphics context not yet initialized. Skipping visualisations.
Graphics context not yet initialized. Skipping visualisations.
Graphics context not yet initialized. Skipping visualisations.
Graphics context not yet initialized. Skipping visualisations.
Graphics context not yet initialized. Skipping visualisations.
Graphics context not yet initialized. Skipping visualisations.
Graphics context not yet initialized. Skipping visualisations.
Graphics context not yet initialized. Skipping visualisations.
Graphics context not yet initialized. Skipping visualisations.
Graphics context not yet initialized. Skipping visualisations.
Graphics context not yet initialized. Skipping visualisations.
Graphics context not yet initialized. Skipping visualisations.
Graphics context not yet initialized. Skipping visualisations.
Graphics context not yet initialized. Skipping visualisations.
Graphics context not yet initialized. Skipping visualisations.
Graphics context not yet initialized. Skipping visualisations.
Graphics context not yet initialized. Skipping visualisations.
Graphics context not yet initialized. Skipping visualisations.
Graphics context not yet initialized. Skipping visualisations.
Graphics context not yet initialized. Skipping visualisations.
Graphics context not yet initialized. Skipping visualisations.
Graphics context not yet initialized. Skipping visualisations.
Graphics context not yet initialized. Skipping visualisations.
Graphics context not yet initialized. Skipping visualisations.
Graphics context not yet initialized. Skipping visualisations.
Graphics context not yet initialized. Skipping visualisations.
Graphics context not yet initialized. Skipping visualisations.
Graphics context not yet initialized. Skipping visualisations.
Graphics context not yet initialized. Skipping visualisations.
Graphics context not yet initialized. Skipping visualisations.
Graphics context not yet initialized. Skipping visualisations.
Graphics context not yet initialized. Skipping visualisations.
Graphics context not yet initialized. Skipping visualisations.
Graphics context not yet initialized. Skipping visualisations.
Graphics context not yet initialized. Skipping visualisations.
Graphics context not yet initialized. Skipping visualisations.
Graphics context not yet initialized. Skipping visualisations.
Graphics context not yet initialized. Skipping visualisations.
Graphics context not yet initialized. Skipping visualisations.
Graphics context not yet initialized. Skipping visualisations.
Graphics context not yet initialized. Skipping visualisations.
Graphics context not yet initialized. Skipping visualisations.
Graphics context not yet initialized. Skipping visualisations.
Graphics context not yet initialized. Skipping visualisations.
Graphics context not yet initialized. Skipping visualisations.
Graphics context not yet initialized. Skipping visualisations.
Graphics context not yet initialized. Skipping visualisations.
Graphics context not yet initialized. Skipping visualisations.
Graphics context not yet initialized. Skipping visualisations.
Graphics context not yet initialized. Skipping visualisations.
Graphics context not yet initialized. Skipping visualisations.
Graphics context not yet initialized. Skipping visualisations.
Graphics context not yet initialized. Skipping visualisations.
Graphics context not yet initialized. Skipping visualisations.
Graphics context not yet initialized. Skipping visualisations.
Graphics context not yet initialized. Skipping visualisations.
Graphics context not yet initialized. Skipping visualisations.
Graphics context not yet initialized. Skipping visualisations.
Graphics context not yet initialized. Skipping visualisations.
Graphics context not yet initialized. Skipping visualisations.
Graphics context not yet initialized. Skipping visualisations.
Graphics context not yet initialized. Skipping visualisations.
Graphics context not yet initialized. Skipping visualisations.
Graphics context not yet initialized. Skipping visualisations.
Graphics context not yet initialized. Skipping visualisations.
Graphics context not yet initialized. Skipping visualisations.
Graphics context not yet initialized. Skipping visualisations.
Graphics context not yet initialized. Skipping visualisations.
Graphics context not yet initialized. Skipping visualisations.
Graphics context not yet initialized. Skipping visualisations.
Graphics context not yet initialized. Skipping visualisations.
Graphics context not yet initialized. Skipping visualisations.
Graphics context not yet initialized. Skipping visualisations.
Graphics context not yet initialized. Skipping visualisations.
Graphics context not yet initialized. Skipping visualisations.
Graphics context not yet initialized. Skipping visualisations.
Graphics context not yet initialized. Skipping visualisations.
Graphics context not yet initialized. Skipping visualisations.
Graphics context not yet initialized. Skipping visualisations.
Graphics context not yet initialized. Skipping visualisations.
Graphics context not yet initialized. Skipping visualisations.
Graphics context not yet initialized. Skipping visualisations.
Graphics context not yet initialized. Skipping visualisations.
Graphics context not yet initialized. Skipping visualisations.
Graphics context not yet initialized. Skipping visualisations.
Graphics context not yet initialized. Skipping visualisations.
Graphics context not yet initialized. Skipping visualisations.
Graphics context not yet initialized. Skipping visualisations.
Graphics context not yet initialized. Skipping visualisations.
Graphics context not yet initialized. Skipping visualisations.
Graphics context not yet initialized. Skipping visualisations.
Graphics context not yet initialized. Skipping visualisations.
Graphics context not yet initialized. Skipping visualisations.
Graphics context not yet initialized. Skipping visualisations.
Graphics context not yet initialized. Skipping visualisations.
Graphics context not yet initialized. Skipping visualisations.
Graphics context not yet initialized. Skipping visualisations.
Graphics context not yet initialized. Skipping visualisations.
Graphics context not yet initialized. Skipping visualisations.
Graphics context not yet initialized. Skipping visualisations.
Graphics context not yet initialized. Skipping visualisations.
Graphics context not yet initialized. Skipping visualisations.
Graphics context not yet initialized. Skipping visualisations.
Graphics context not yet initialized. Skipping visualisations.
Graphics context not yet initialized. Skipping visualisations.
Graphics context not yet initialized. Skipping visualisations.
Graphics context not yet initialized. Skipping visualisations.
Graphics context not yet initialized. Skipping visualisations.
Graphics context not yet initialized. Skipping visualisations.
Graphics context not yet initialized. Skipping visualisations.
Graphics context not yet initialized. Skipping visualisations.
Graphics context not yet initialized. Skipping visualisations.
Graphics context not yet initialized. Skipping visualisations.
Graphics context not yet initialized. Skipping visualisations.
Graphics context not yet initialized. Skipping visualisations.
Graphics context not yet initialized. Skipping visualisations.
Graphics context not yet initialized. Skipping visualisations.
Graphics context not yet initialized. Skipping visualisations.
Graphics context not yet initialized. Skipping visualisations.
Graphics context not yet initialized. Skipping visualisations.
Graphics context not yet initialized. Skipping visualisations.
Graphics context not yet initialized. Skipping visualisations.
Graphics context not yet initialized. Skipping visualisations.
Graphics context not yet initialized. Skipping visualisations.
Graphics context not yet initialized. Skipping visualisations.
Graphics context not yet initialized. Skipping visualisations.
Graphics context not yet initialized. Skipping visualisations.
Graphics context not yet initialized. Skipping visualisations.
Graphics context not yet initialized. Skipping visualisations.
Graphics context not yet initialized. Skipping visualisations.
Graphics context not yet initialized. Skipping visualisations.
Graphics context not yet initialized. Skipping visualisations.
Graphics context not yet initialized. Skipping visualisations.
Graphics context not yet initialized. Skipping visualisations.
Graphics context not yet initialized. Skipping visualisations.
Graphics context not yet initialized. Skipping visualisations.
Graphics context not yet initialized. Skipping visualisations.
Graphics context not yet initialized. Skipping visualisations.
Graphics context not yet initialized. Skipping visualisations.
Graphics context not yet initialized. Skipping visualisations.
Graphics context not yet initialized. Skipping visualisations.
Graphics context not yet initialized. Skipping visualisations.
Graphics context not yet initialized. Skipping visualisations.
Graphics context not yet initialized. Skipping visualisations.
Graphics context not yet initialized. Skipping visualisations.
Graphics context not yet initialized. Skipping visualisations.
Graphics context not yet initialized. Skipping visualisations.
Graphics context not yet initialized. Skipping visualisations.
Graphics context not yet initialized. Skipping visualisations.
Graphics context not yet initialized. Skipping visualisations.
Graphics context not yet initialized. Skipping visualisations.
Graphics context not yet initialized. Skipping visualisations.
Graphics context not yet initialized. Skipping visualisations.
Graphics context not yet initialized. Skipping visualisations.
Graphics context not yet initialized. Skipping visualisations.
Graphics context not yet initialized. Skipping visualisations.
Graphics context not yet initialized. Skipping visualisations.
Graphics context not yet initialized. Skipping visualisations.
Graphics context not yet initialized. Skipping visualisations.
Graphics context not yet initialized. Skipping visualisations.
Graphics context not yet initialized. Skipping visualisations.
Graphics context not yet initialized. Skipping visualisations.
Graphics context not yet initialized. Skipping visualisations.
Graphics context not yet initialized. Skipping visualisations.
Graphics context not yet initialized. Skipping visualisations.
Graphics context not yet initialized. Skipping visualisations.
Graphics context not yet initialized. Skipping visualisations.
Graphics context not yet initialized. Skipping visualisations.
Graphics context not yet initialized. Skipping visualisations.
Graphics context not yet initialized. Skipping visualisations.
Graphics context not yet initialized. Skipping visualisations.
Graphics context not yet initialized. Skipping visualisations.
Graphics context not yet initialized. Skipping visualisations.
Graphics context not yet initialized. Skipping visualisations.
Graphics context not yet initialized. Skipping visualisations.
Graphics context not yet initialized. Skipping visualisations.
Graphics context not yet initialized. Skipping visualisations.
Graphics context not yet initialized. Skipping visualisations.
Graphics context not yet initialized. Skipping visualisations.
Graphics context not yet initialized. Skipping visualisations.
Graphics context not yet initialized. Skipping visualisations.
Graphics context not yet initialized. Skipping visualisations.
Graphics context not yet initialized. Skipping visualisations.
Graphics context not yet initialized. Skipping visualisations.
Graphics context not yet initialized. Skipping visualisations.
Graphics context not yet initialized. Skipping visualisations.
Graphics context not yet initialized. Skipping visualisations.
Graphics context not yet initialized. Skipping visualisations.
Graphics context not yet initialized. Skipping visualisations.
Graphics context not yet initialized. Skipping visualisations.
Graphics context not yet initialized. Skipping visualisations.
Graphics context not yet initialized. Skipping visualisations.
Graphics context not yet initialized. Skipping visualisations.
Graphics context not yet initialized. Skipping visualisations.
Graphics context not yet initialized. Skipping visualisations.
Graphics context not yet initialized. Skipping visualisations.
Graphics context not yet initialized. Skipping visualisations.
Graphics context not yet initialized. Skipping visualisations.
Graphics context not yet initialized. Skipping visualisations.
Graphics context not yet initialized. Skipping visualisations.
Graphics context not yet initialized. Skipping visualisations.
Graphics context not yet initialized. Skipping visualisations.
Graphics context not yet initialized. Skipping visualisations.
Graphics context not yet initialized. Skipping visualisations.
Graphics context not yet initialized. Skipping visualisations.
Graphics context not yet initialized. Skipping visualisations.
Graphics context not yet initialized. Skipping visualisations.
Graphics context not yet initialized. Skipping visualisations.
Graphics context not yet initialized. Skipping visualisations.
Graphics context not yet initialized. Skipping visualisations.
Graphics context not yet initialized. Skipping visualisations.
Graphics context not yet initialized. Skipping visualisations.
Graphics context not yet initialized. Skipping visualisations.
Graphics context not yet initialized. Skipping visualisations.
Graphics context not yet initialized. Skipping visualisations.
Graphics context not yet initialized. Skipping visualisations.
Graphics context not yet initialized. Skipping visualisations.
Graphics context not yet initialized. Skipping visualisations.
Graphics context not yet initialized. Skipping visualisations.
Graphics context not yet initialized. Skipping visualisations.
Graphics context not yet initialized. Skipping visualisations.
Graphics context not yet initialized. Skipping visualisations.
Graphics context not yet initialized. Skipping visualisations.
Graphics context not yet initialized. Skipping visualisations.
Graphics context not yet initialized. Skipping visualisations.
Graphics context not yet initialized. Skipping visualisations.
Graphics context not yet initialized. Skipping visualisations.
Graphics context not yet initialized. Skipping visualisations.
Graphics context not yet initialized. Skipping visualisations.
Graphics context not yet initialized. Skipping visualisations.
Graphics context not yet initialized. Skipping visualisations.
Graphics context not yet initialized. Skipping visualisations.
Graphics context not yet initialized. Skipping visualisations.
Graphics context not yet initialized. Skipping visualisations.
Graphics context not yet initialized. Skipping visualisations.
Graphics context not yet initialized. Skipping visualisations.
Graphics context not yet initialized. Skipping visualisations.
Graphics context not yet initialized. Skipping visualisations.
Graphics context not yet initialized. Skipping visualisations.
Graphics context not yet initialized. Skipping visualisations.
Graphics context not yet initialized. Skipping visualisations.
Graphics context not yet initialized. Skipping visualisations.
Graphics context not yet initialized. Skipping visualisations.
Graphics context not yet initialized. Skipping visualisations.
Graphics context not yet initialized. Skipping visualisations.
Graphics context not yet initialized. Skipping visualisations.
Graphics context not yet initialized. Skipping visualisations.
Graphics context not yet initialized. Skipping visualisations.
Graphics context not yet initialized. Skipping visualisations.
Graphics context not yet initialized. Skipping visualisations.
Graphics context not yet initialized. Skipping visualisations.
Graphics context not yet initialized. Skipping visualisations.
Graphics context not yet initialized. Skipping visualisations.
Graphics context not yet initialized. Skipping visualisations.
Graphics context not yet initialized. Skipping visualisations.
Graphics context not yet initialized. Skipping visualisations.
Graphics context not yet initialized. Skipping visualisations.
Graphics context not yet initialized. Skipping visualisations.
Graphics context not yet initialized. Skipping visualisations.
Graphics context not yet initialized. Skipping visualisations.
Graphics context not yet initialized. Skipping visualisations.
Graphics context not yet initialized. Skipping visualisations.
Graphics context not yet initialized. Skipping visualisations.
Graphics context not yet initialized. Skipping visualisations.
Graphics context not yet initialized. Skipping visualisations.
Graphics context not yet initialized. Skipping visualisations.
Graphics context not yet initialized. Skipping visualisations.
Graphics context not yet initialized. Skipping visualisations.
Graphics context not yet initialized. Skipping visualisations.
Graphics context not yet initialized. Skipping visualisations.
Graphics context not yet initialized. Skipping visualisations.
Graphics context not yet initialized. Skipping visualisations.
Graphics context not yet initialized. Skipping visualisations.
Graphics context not yet initialized. Skipping visualisations.
Graphics context not yet initialized. Skipping visualisations.
Graphics context not yet initialized. Skipping visualisations.
Graphics context not yet initialized. Skipping visualisations.
Graphics context not yet initialized. Skipping visualisations.
Graphics context not yet initialized. Skipping visualisations.
Graphics context not yet initialized. Skipping visualisations.
Graphics context not yet initialized. Skipping visualisations.
Graphics context not yet initialized. Skipping visualisations.
Graphics context not yet initialized. Skipping visualisations.
Graphics context not yet initialized. Skipping visualisations.
Graphics context not yet initialized. Skipping visualisations.
Graphics context not yet initialized. Skipping visualisations.
Graphics context not yet initialized. Skipping visualisations.
Graphics context not yet initialized. Skipping visualisations.
Graphics context not yet initialized. Skipping visualisations.
Graphics context not yet initialized. Skipping visualisations.
Graphics context not yet initialized. Skipping visualisations.
Graphics context not yet initialized. Skipping visualisations.
Graphics context not yet initialized. Skipping visualisations.
Graphics context not yet initialized. Skipping visualisations.
Graphics context not yet initialized. Skipping visualisations.
Graphics context not yet initialized. Skipping visualisations.
Graphics context not yet initialized. Skipping visualisations.
Graphics context not yet initialized. Skipping visualisations.
Graphics context not yet initialized. Skipping visualisations.
Graphics context not yet initialized. Skipping visualisations.
Graphics context not yet initialized. Skipping visualisations.
Graphics context not yet initialized. Skipping visualisations.
Graphics context not yet initialized. Skipping visualisations.
Graphics context not yet initialized. Skipping visualisations.
Graphics context not yet initialized. Skipping visualisations.
Graphics context not yet initialized. Skipping visualisations.
Graphics context not yet initialized. Skipping visualisations.
Graphics context not yet initialized. Skipping visualisations.
Graphics context not yet initialized. Skipping visualisations.
Graphics context not yet initialized. Skipping visualisations.
Graphics context not yet initialized. Skipping visualisations.
Graphics context not yet initialized. Skipping visualisations.
Graphics context not yet initialized. Skipping visualisations.
Graphics context not yet initialized. Skipping visualisations.
Graphics context not yet initialized. Skipping visualisations.
Graphics context not yet initialized. Skipping visualisations.
Graphics context not yet initialized. Skipping visualisations.
Graphics context not yet initialized. Skipping visualisations.
Graphics context not yet initialized. Skipping visualisations.
Graphics context not yet initialized. Skipping visualisations.
Graphics context not yet initialized. Skipping visualisations.
Graphics context not yet initialized. Skipping visualisations.
Graphics context not yet initialized. Skipping visualisations.
Graphics context not yet initialized. Skipping visualisations.
Graphics context not yet initialized. Skipping visualisations.
Graphics context not yet initialized. Skipping visualisations.
Graphics context not yet initialized. Skipping visualisations.
Graphics context not yet initialized. Skipping visualisations.
Graphics context not yet initialized. Skipping visualisations.
Graphics context not yet initialized. Skipping visualisations.
Graphics context not yet initialized. Skipping visualisations.
Graphics context not yet initialized. Skipping visualisations.
Graphics context not yet initialized. Skipping visualisations.
Graphics context not yet initialized. Skipping visualisations.
Graphics context not yet initialized. Skipping visualisations.
Graphics context not yet initialized. Skipping visualisations.
Graphics context not yet initialized. Skipping visualisations.
Graphics context not yet initialized. Skipping visualisations.
Graphics context not yet initialized. Skipping visualisations.
Graphics context not yet initialized. Skipping visualisations.
Graphics context not yet initialized. Skipping visualisations.
Graphics context not yet initialized. Skipping visualisations.
Graphics context not yet initialized. Skipping visualisations.
Graphics context not yet initialized. Skipping visualisations.
Graphics context not yet initialized. Skipping visualisations.
Graphics context not yet initialized. Skipping visualisations.
Graphics context not yet initialized. Skipping visualisations.
Graphics context not yet initialized. Skipping visualisations.
Graphics context not yet initialized. Skipping visualisations.
Graphics context not yet initialized. Skipping visualisations.
Graphics context not yet initialized. Skipping visualisations.
Graphics context not yet initialized. Skipping visualisations.
Graphics context not yet initialized. Skipping visualisations.
Graphics context not yet initialized. Skipping visualisations.
Graphics context not yet initialized. Skipping visualisations.
Graphics context not yet initialized. Skipping visualisations.
Graphics context not yet initialized. Skipping visualisations.
Graphics context not yet initialized. Skipping visualisations.
Graphics context not yet initialized. Skipping visualisations.
Graphics context not yet initialized. Skipping visualisations.
Graphics context not yet initialized. Skipping visualisations.
Graphics context not yet initialized. Skipping visualisations.
Graphics context not yet initialized. Skipping visualisations.
Graphics context not yet initialized. Skipping visualisations.
Graphics context not yet initialized. Skipping visualisations.
Graphics context not yet initialized. Skipping visualisations.
Graphics context not yet initialized. Skipping visualisations.
Graphics context not yet initialized. Skipping visualisations.
Graphics context not yet initialized. Skipping visualisations.
Graphics context not yet initialized. Skipping visualisations.
Graphics context not yet initialized. Skipping visualisations.
Graphics context not yet initialized. Skipping visualisations.
Graphics context not yet initialized. Skipping visualisations.
Graphics context not yet initialized. Skipping visualisations.
Graphics context not yet initialized. Skipping visualisations.
Graphics context not yet initialized. Skipping visualisations.
Graphics context not yet initialized. Skipping visualisations.
Graphics context not yet initialized. Skipping visualisations.
Graphics context not yet initialized. Skipping visualisations.
Graphics context not yet initialized. Skipping visualisations.
Graphics context not yet initialized. Skipping visualisations.
Graphics context not yet initialized. Skipping visualisations.
Graphics context not yet initialized. Skipping visualisations.
Graphics context not yet initialized. Skipping visualisations.
Graphics context not yet initialized. Skipping visualisations.
Graphics context not yet initialized. Skipping visualisations.
Graphics context not yet initialized. Skipping visualisations.
Graphics context not yet initialized. Skipping visualisations.
Graphics context not yet initialized. Skipping visualisations.
Graphics context not yet initialized. Skipping visualisations.
Graphics context not yet initialized. Skipping visualisations.
Graphics context not yet initialized. Skipping visualisations.
Graphics context not yet initialized. Skipping visualisations.
Graphics context not yet initialized. Skipping visualisations.
Graphics context not yet initialized. Skipping visualisations.
Graphics context not yet initialized. Skipping visualisations.
Graphics context not yet initialized. Skipping visualisations.
Graphics context not yet initialized. Skipping visualisations.
Graphics context not yet initialized. Skipping visualisations.
Graphics context not yet initialized. Skipping visualisations.
Graphics context not yet initialized. Skipping visualisations.
Graphics context not yet initialized. Skipping visualisations.
Graphics context not yet initialized. Skipping visualisations.
Graphics context not yet initialized. Skipping visualisations.
Graphics context not yet initialized. Skipping visualisations.
Graphics context not yet initialized. Skipping visualisations.
Graphics context not yet initialized. Skipping visualisations.
Graphics context not yet initialized. Skipping visualisations.
Graphics context not yet initialized. Skipping visualisations.
Graphics context not yet initialized. Skipping visualisations.
Graphics context not yet initialized. Skipping visualisations.
Graphics context not yet initialized. Skipping visualisations.
Graphics context not yet initialized. Skipping visualisations.
Graphics context not yet initialized. Skipping visualisations.
Graphics context not yet initialized. Skipping visualisations.
Graphics context not yet initialized. Skipping visualisations.
Graphics context not yet initialized. Skipping visualisations.
Graphics context not yet initialized. Skipping visualisations.
Graphics context not yet initialized. Skipping visualisations.
Graphics context not yet initialized. Skipping visualisations.
Graphics context not yet initialized. Skipping visualisations.
Graphics context not yet initialized. Skipping visualisations.
Graphics context not yet initialized. Skipping visualisations.
Graphics context not yet initialized. Skipping visualisations.
Graphics context not yet initialized. Skipping visualisations.
Graphics context not yet initialized. Skipping visualisations.
Graphics context not yet initialized. Skipping visualisations.
Graphics context not yet initialized. Skipping visualisations.
Graphics context not yet initialized. Skipping visualisations.
Graphics context not yet initialized. Skipping visualisations.
Graphics context not yet initialized. Skipping visualisations.
Graphics context not yet initialized. Skipping visualisations.
Graphics context not yet initialized. Skipping visualisations.
Graphics context not yet initialized. Skipping visualisations.
Graphics context not yet initialized. Skipping visualisations.
Graphics context not yet initialized. Skipping visualisations.
Graphics context not yet initialized. Skipping visualisations.
Graphics context not yet initialized. Skipping visualisations.
Graphics context not yet initialized. Skipping visualisations.
Graphics context not yet initialized. Skipping visualisations.
Graphics context not yet initialized. Skipping visualisations.
Graphics context not yet initialized. Skipping visualisations.
Graphics context not yet initialized. Skipping visualisations.
Graphics context not yet initialized. Skipping visualisations.
Graphics context not yet initialized. Skipping visualisations.
Graphics context not yet initialized. Skipping visualisations.
Graphics context not yet initialized. Skipping visualisations.
Graphics context not yet initialized. Skipping visualisations.
Graphics context not yet initialized. Skipping visualisations.
Graphics context not yet initialized. Skipping visualisations.
Graphics context not yet initialized. Skipping visualisations.
Graphics context not yet initialized. Skipping visualisations.
Graphics context not yet initialized. Skipping visualisations.
Graphics context not yet initialized. Skipping visualisations.
Graphics context not yet initialized. Skipping visualisations.
Graphics context not yet initialized. Skipping visualisations.
Graphics context not yet initialized. Skipping visualisations.
Graphics context not yet initialized. Skipping visualisations.
Graphics context not yet initialized. Skipping visualisations.
Graphics context not yet initialized. Skipping visualisations.
Graphics context not yet initialized. Skipping visualisations.
Graphics context not yet initialized. Skipping visualisations.
Graphics context not yet initialized. Skipping visualisations.
Graphics context not yet initialized. Skipping visualisations.
Graphics context not yet initialized. Skipping visualisations.
Graphics context not yet initialized. Skipping visualisations.
Graphics context not yet initialized. Skipping visualisations.
Graphics context not yet initialized. Skipping visualisations.
Graphics context not yet initialized. Skipping visualisations.
Graphics context not yet initialized. Skipping visualisations.
Graphics context not yet initialized. Skipping visualisations.
Graphics context not yet initialized. Skipping visualisations.
Graphics context not yet initialized. Skipping visualisations.
Graphics context not yet initialized. Skipping visualisations.
Graphics context not yet initialized. Skipping visualisations.
Graphics context not yet initialized. Skipping visualisations.
Graphics context not yet initialized. Skipping visualisations.
Graphics context not yet initialized. Skipping visualisations.
Graphics context not yet initialized. Skipping visualisations.
Graphics context not yet initialized. Skipping visualisations.
Graphics context not yet initialized. Skipping visualisations.
Graphics context not yet initialized. Skipping visualisations.
Graphics context not yet initialized. Skipping visualisations.
Graphics context not yet initialized. Skipping visualisations.
Graphics context not yet initialized. Skipping visualisations.
Graphics context not yet initialized. Skipping visualisations.
Graphics context not yet initialized. Skipping visualisations.
Graphics context not yet initialized. Skipping visualisations.
Graphics context not yet initialized. Skipping visualisations.
Graphics context not yet initialized. Skipping visualisations.
Graphics context not yet initialized. Skipping visualisations.
Graphics context not yet initialized. Skipping visualisations.
Graphics context not yet initialized. Skipping visualisations.
Graphics context not yet initialized. Skipping visualisations.
Graphics context not yet initialized. Skipping visualisations.
Graphics context not yet initialized. Skipping visualisations.
Graphics context not yet initialized. Skipping visualisations.
Graphics context not yet initialized. Skipping visualisations.
Graphics context not yet initialized. Skipping visualisations.
Graphics context not yet initialized. Skipping visualisations.
Graphics context not yet initialized. Skipping visualisations.
Graphics context not yet initialized. Skipping visualisations.
Graphics context not yet initialized. Skipping visualisations.
Graphics context not yet initialized. Skipping visualisations.
Graphics context not yet initialized. Skipping visualisations.
Graphics context not yet initialized. Skipping visualisations.
Graphics context not yet initialized. Skipping visualisations.
Graphics context not yet initialized. Skipping visualisations.
Graphics context not yet initialized. Skipping visualisations.
Graphics context not yet initialized. Skipping visualisations.
Graphics context not yet initialized. Skipping visualisations.
Graphics context not yet initialized. Skipping visualisations.
Graphics context not yet initialized. Skipping visualisations.
Graphics context not yet initialized. Skipping visualisations.
Graphics context not yet initialized. Skipping visualisations.
Graphics context not yet initialized. Skipping visualisations.
Graphics context not yet initialized. Skipping visualisations.
Graphics context not yet initialized. Skipping visualisations.
Graphics context not yet initialized. Skipping visualisations.
Graphics context not yet initialized. Skipping visualisations.
Graphics context not yet initialized. Skipping visualisations.
Graphics context not yet initialized. Skipping visualisations.
Graphics context not yet initialized. Skipping visualisations.
Graphics context not yet initialized. Skipping visualisations.
Graphics context not yet initialized. Skipping visualisations.
Graphics context not yet initialized. Skipping visualisations.
Graphics context not yet initialized. Skipping visualisations.
Graphics context not yet initialized. Skipping visualisations.
Graphics context not yet initialized. Skipping visualisations.
Graphics context not yet initialized. Skipping visualisations.
Graphics context not yet initialized. Skipping visualisations.
Graphics context not yet initialized. Skipping visualisations.
Graphics context not yet initialized. Skipping visualisations.
Graphics context not yet initialized. Skipping visualisations.
Graphics context not yet initialized. Skipping visualisations.
Graphics context not yet initialized. Skipping visualisations.
Graphics context not yet initialized. Skipping visualisations.
Graphics context not yet initialized. Skipping visualisations.
Graphics context not yet initialized. Skipping visualisations.
Graphics context not yet initialized. Skipping visualisations.
Graphics context not yet initialized. Skipping visualisations.
Graphics context not yet initialized. Skipping visualisations.
Graphics context not yet initialized. Skipping visualisations.
Graphics context not yet initialized. Skipping visualisations.
Graphics context not yet initialized. Skipping visualisations.
Graphics context not yet initialized. Skipping visualisations.
Graphics context not yet initialized. Skipping visualisations.
Graphics context not yet initialized. Skipping visualisations.
Graphics context not yet initialized. Skipping visualisations.
Graphics context not yet initialized. Skipping visualisations.
Graphics context not yet initialized. Skipping visualisations.
Graphics context not yet initialized. Skipping visualisations.
Graphics context not yet initialized. Skipping visualisations.
Graphics context not yet initialized. Skipping visualisations.
Graphics context not yet initialized. Skipping visualisations.
Graphics context not yet initialized. Skipping visualisations.
Graphics context not yet initialized. Skipping visualisations.
Graphics context not yet initialized. Skipping visualisations.
Graphics context not yet initialized. Skipping visualisations.
Graphics context not yet initialized. Skipping visualisations.
Graphics context not yet initialized. Skipping visualisations.
Graphics context not yet initialized. Skipping visualisations.
Graphics context not yet initialized. Skipping visualisations.
Graphics context not yet initialized. Skipping visualisations.
Graphics context not yet initialized. Skipping visualisations.
Graphics context not yet initialized. Skipping visualisations.
Graphics context not yet initialized. Skipping visualisations.
Graphics context not yet initialized. Skipping visualisations.
Graphics context not yet initialized. Skipping visualisations.
Graphics context not yet initialized. Skipping visualisations.
Graphics context not yet initialized. Skipping visualisations.
Graphics context not yet initialized. Skipping visualisations.
Graphics context not yet initialized. Skipping visualisations.
Graphics context not yet initialized. Skipping visualisations.
Graphics context not yet initialized. Skipping visualisations.
Graphics context not yet initialized. Skipping visualisations.
Graphics context not yet initialized. Skipping visualisations.
Graphics context not yet initialized. Skipping visualisations.
Graphics context not yet initialized. Skipping visualisations.
Graphics context not yet initialized. Skipping visualisations.
Graphics context not yet initialized. Skipping visualisations.
Graphics context not yet initialized. Skipping visualisations.
Graphics context not yet initialized. Skipping visualisations.
Graphics context not yet initialized. Skipping visualisations.
Graphics context not yet initialized. Skipping visualisations.
Graphics context not yet initialized. Skipping visualisations.
Graphics context not yet initialized. Skipping visualisations.
Graphics context not yet initialized. Skipping visualisations.
Graphics context not yet initialized. Skipping visualisations.
Graphics context not yet initialized. Skipping visualisations.
Graphics context not yet initialized. Skipping visualisations.
Graphics context not yet initialized. Skipping visualisations.
Graphics context not yet initialized. Skipping visualisations.
Graphics context not yet initialized. Skipping visualisations.
Graphics context not yet initialized. Skipping visualisations.
Graphics context not yet initialized. Skipping visualisations.
Graphics context not yet initialized. Skipping visualisations.
Graphics context not yet initialized. Skipping visualisations.
Graphics context not yet initialized. Skipping visualisations.
Graphics context not yet initialized. Skipping visualisations.
Graphics context not yet initialized. Skipping visualisations.
Graphics context not yet initialized. Skipping visualisations.
Graphics context not yet initialized. Skipping visualisations.
Graphics context not yet initialized. Skipping visualisations.
Graphics context not yet initialized. Skipping visualisations.
Graphics context not yet initialized. Skipping visualisations.
Graphics context not yet initialized. Skipping visualisations.
Graphics context not yet initialized. Skipping visualisations.
Graphics context not yet initialized. Skipping visualisations.
Graphics context not yet initialized. Skipping visualisations.
Graphics context not yet initialized. Skipping visualisations.
Graphics context not yet initialized. Skipping visualisations.
Graphics context not yet initialized. Skipping visualisations.
Graphics context not yet initialized. Skipping visualisations.
Graphics context not yet initialized. Skipping visualisations.
Graphics context not yet initialized. Skipping visualisations.
Graphics context not yet initialized. Skipping visualisations.
Graphics context not yet initialized. Skipping visualisations.
Graphics context not yet initialized. Skipping visualisations.
Graphics context not yet initialized. Skipping visualisations.
Graphics context not yet initialized. Skipping visualisations.
Graphics context not yet initialized. Skipping visualisations.
Graphics context not yet initialized. Skipping visualisations.
Graphics context not yet initialized. Skipping visualisations.
Graphics context not yet initialized. Skipping visualisations.
Graphics context not yet initialized. Skipping visualisations.
Graphics context not yet initialized. Skipping visualisations.
Graphics context not yet initialized. Skipping visualisations.
Graphics context not yet initialized. Skipping visualisations.
Graphics context not yet initialized. Skipping visualisations.
Graphics context not yet initialized. Skipping visualisations.
Graphics context not yet initialized. Skipping visualisations.
Graphics context not yet initialized. Skipping visualisations.
Graphics context not yet initialized. Skipping visualisations.
Graphics context not yet initialized. Skipping visualisations.
Graphics context not yet initialized. Skipping visualisations.
Graphics context not yet initialized. Skipping visualisations.
Graphics context not yet initialized. Skipping visualisations.
Graphics context not yet initialized. Skipping visualisations.
Graphics context not yet initialized. Skipping visualisations.
Graphics context not yet initialized. Skipping visualisations.
Graphics context not yet initialized. Skipping visualisations.
Graphics context not yet initialized. Skipping visualisations.
Graphics context not yet initialized. Skipping visualisations.
Graphics context not yet initialized. Skipping visualisations.
Graphics context not yet initialized. Skipping visualisations.
Graphics context not yet initialized. Skipping visualisations.
Graphics context not yet initialized. Skipping visualisations.
Graphics context not yet initialized. Skipping visualisations.
Graphics context not yet initialized. Skipping visualisations.
Graphics context not yet initialized. Skipping visualisations.
Graphics context not yet initialized. Skipping visualisations.
Graphics context not yet initialized. Skipping visualisations.
Graphics context not yet initialized. Skipping visualisations.
Graphics context not yet initialized. Skipping visualisations.
Graphics context not yet initialized. Skipping visualisations.
Graphics context not yet initialized. Skipping visualisations.
Graphics context not yet initialized. Skipping visualisations.
Graphics context not yet initialized. Skipping visualisations.
Graphics context not yet initialized. Skipping visualisations.
Graphics context not yet initialized. Skipping visualisations.
Graphics context not yet initialized. Skipping visualisations.
Graphics context not yet initialized. Skipping visualisations.
Graphics context not yet initialized. Skipping visualisations.
Graphics context not yet initialized. Skipping visualisations.
Graphics context not yet initialized. Skipping visualisations.
Graphics context not yet initialized. Skipping visualisations.
Graphics context not yet initialized. Skipping visualisations.
Graphics context not yet initialized. Skipping visualisations.
Graphics context not yet initialized. Skipping visualisations.
Graphics context not yet initialized. Skipping visualisations.
Graphics context not yet initialized. Skipping visualisations.
Graphics context not yet initialized. Skipping visualisations.
Graphics context not yet initialized. Skipping visualisations.
Graphics context not yet initialized. Skipping visualisations.
Graphics context not yet initialized. Skipping visualisations.
Graphics context not yet initialized. Skipping visualisations.
Graphics context not yet initialized. Skipping visualisations.
Graphics context not yet initialized. Skipping visualisations.
Graphics context not yet initialized. Skipping visualisations.
Graphics context not yet initialized. Skipping visualisations.
Graphics context not yet initialized. Skipping visualisations.
Graphics context not yet initialized. Skipping visualisations.
Graphics context not yet initialized. Skipping visualisations.
Graphics context not yet initialized. Skipping visualisations.
Graphics context not yet initialized. Skipping visualisations.
Graphics context not yet initialized. Skipping visualisations.
Graphics context not yet initialized. Skipping visualisations.
Graphics context not yet initialized. Skipping visualisations.
Graphics context not yet initialized. Skipping visualisations.
Graphics context not yet initialized. Skipping visualisations.
Graphics context not yet initialized. Skipping visualisations.
Graphics context not yet initialized. Skipping visualisations.
Graphics context not yet initialized. Skipping visualisations.
Graphics context not yet initialized. Skipping visualisations.
Graphics context not yet initialized. Skipping visualisations.
Graphics context not yet initialized. Skipping visualisations.
Graphics context not yet initialized. Skipping visualisations.
Graphics context not yet initialized. Skipping visualisations.
Graphics context not yet initialized. Skipping visualisations.
Graphics context not yet initialized. Skipping visualisations.
Graphics context not yet initialized. Skipping visualisations.
Graphics context not yet initialized. Skipping visualisations.
Graphics context not yet initialized. Skipping visualisations.
Graphics context not yet initialized. Skipping visualisations.
Graphics context not yet initialized. Skipping visualisations.
Graphics context not yet initialized. Skipping visualisations.
Graphics context not yet initialized. Skipping visualisations.
Graphics context not yet initialized. Skipping visualisations.
Graphics context not yet initialized. Skipping visualisations.
Graphics context not yet initialized. Skipping visualisations.
Graphics context not yet initialized. Skipping visualisations.
Graphics context not yet initialized. Skipping visualisations.
Graphics context not yet initialized. Skipping visualisations.
Graphics context not yet initialized. Skipping visualisations.
Graphics context not yet initialized. Skipping visualisations.
Graphics context not yet initialized. Skipping visualisations.
Graphics context not yet initialized. Skipping visualisations.
Graphics context not yet initialized. Skipping visualisations.
Graphics context not yet initialized. Skipping visualisations.
Graphics context not yet initialized. Skipping visualisations.
Graphics context not yet initialized. Skipping visualisations.
Graphics context not yet initialized. Skipping visualisations.
Graphics context not yet initialized. Skipping visualisations.
Graphics context not yet initialized. Skipping visualisations.
Graphics context not yet initialized. Skipping visualisations.
Graphics context not yet initialized. Skipping visualisations.
Graphics context not yet initialized. Skipping visualisations.
Graphics context not yet initialized. Skipping visualisations.
Graphics context not yet initialized. Skipping visualisations.
Graphics context not yet initialized. Skipping visualisations.
Graphics context not yet initialized. Skipping visualisations.
Graphics context not yet initialized. Skipping visualisations.
Graphics context not yet initialized. Skipping visualisations.
Graphics context not yet initialized. Skipping visualisations.
Graphics context not yet initialized. Skipping visualisations.
Graphics context not yet initialized. Skipping visualisations.
Graphics context not yet initialized. Skipping visualisations.
Graphics context not yet initialized. Skipping visualisations.
Graphics context not yet initialized. Skipping visualisations.
Graphics context not yet initialized. Skipping visualisations.
Graphics context not yet initialized. Skipping visualisations.
Graphics context not yet initialized. Skipping visualisations.
Graphics context not yet initialized. Skipping visualisations.
Graphics context not yet initialized. Skipping visualisations.
Graphics context not yet initialized. Skipping visualisations.
Graphics context not yet initialized. Skipping visualisations.
Graphics context not yet initialized. Skipping visualisations.
Graphics context not yet initialized. Skipping visualisations.
Graphics context not yet initialized. Skipping visualisations.
Graphics context not yet initialized. Skipping visualisations.
Graphics context not yet initialized. Skipping visualisations.
Graphics context not yet initialized. Skipping visualisations.
Graphics context not yet initialized. Skipping visualisations.
Graphics context not yet initialized. Skipping visualisations.
Graphics context not yet initialized. Skipping visualisations.
Graphics context not yet initialized. Skipping visualisations.
Graphics context not yet initialized. Skipping visualisations.
Graphics context not yet initialized. Skipping visualisations.
Graphics context not yet initialized. Skipping visualisations.
Graphics context not yet initialized. Skipping visualisations.
Graphics context not yet initialized. Skipping visualisations.
Graphics context not yet initialized. Skipping visualisations.
Graphics context not yet initialized. Skipping visualisations.
Graphics context not yet initialized. Skipping visualisations.
Graphics context not yet initialized. Skipping visualisations.
Graphics context not yet initialized. Skipping visualisations.
Graphics context not yet initialized. Skipping visualisations.
Graphics context not yet initialized. Skipping visualisations.
Graphics context not yet initialized. Skipping visualisations.
Graphics context not yet initialized. Skipping visualisations.
Graphics context not yet initialized. Skipping visualisations.
Graphics context not yet initialized. Skipping visualisations.
Graphics context not yet initialized. Skipping visualisations.
Graphics context not yet initialized. Skipping visualisations.
Graphics context not yet initialized. Skipping visualisations.
Graphics context not yet initialized. Skipping visualisations.
Graphics context not yet initialized. Skipping visualisations.
Graphics context not yet initialized. Skipping visualisations.
Graphics context not yet initialized. Skipping visualisations.
Graphics context not yet initialized. Skipping visualisations.
Graphics context not yet initialized. Skipping visualisations.
Graphics context not yet initialized. Skipping visualisations.
Graphics context not yet initialized. Skipping visualisations.
Graphics context not yet initialized. Skipping visualisations.
Graphics context not yet initialized. Skipping visualisations.
Graphics context not yet initialized. Skipping visualisations.
Graphics context not yet initialized. Skipping visualisations.
Graphics context not yet initialized. Skipping visualisations.
Graphics context not yet initialized. Skipping visualisations.
Graphics context not yet initialized. Skipping visualisations.
Graphics context not yet initialized. Skipping visualisations.
Graphics context not yet initialized. Skipping visualisations.
Graphics context not yet initialized. Skipping visualisations.
Graphics context not yet initialized. Skipping visualisations.
Graphics context not yet initialized. Skipping visualisations.
Graphics context not yet initialized. Skipping visualisations.
Graphics context not yet initialized. Skipping visualisations.
Graphics context not yet initialized. Skipping visualisations.
Graphics context not yet initialized. Skipping visualisations.
Graphics context not yet initialized. Skipping visualisations.
Graphics context not yet initialized. Skipping visualisations.
Graphics context not yet initialized. Skipping visualisations.
Graphics context not yet initialized. Skipping visualisations.
Graphics context not yet initialized. Skipping visualisations.
Graphics context not yet initialized. Skipping visualisations.
Graphics context not yet initialized. Skipping visualisations.
Graphics context not yet initialized. Skipping visualisations.
Graphics context not yet initialized. Skipping visualisations.
Graphics context not yet initialized. Skipping visualisations.
Graphics context not yet initialized. Skipping visualisations.
Graphics context not yet initialized. Skipping visualisations.
Graphics context not yet initialized. Skipping visualisations.
Graphics context not yet initialized. Skipping visualisations.
Graphics context not yet initialized. Skipping visualisations.
Graphics context not yet initialized. Skipping visualisations.
Graphics context not yet initialized. Skipping visualisations.
Graphics context not yet initialized. Skipping visualisations.
Graphics context not yet initialized. Skipping visualisations.
Graphics context not yet initialized. Skipping visualisations.
Graphics context not yet initialized. Skipping visualisations.
Graphics context not yet initialized. Skipping visualisations.
Graphics context not yet initialized. Skipping visualisations.
Graphics context not yet initialized. Skipping visualisations.
Graphics context not yet initialized. Skipping visualisations.
Graphics context not yet initialized. Skipping visualisations.
Graphics context not yet initialized. Skipping visualisations.
Graphics context not yet initialized. Skipping visualisations.
Graphics context not yet initialized. Skipping visualisations.
Graphics context not yet initialized. Skipping visualisations.
Graphics context not yet initialized. Skipping visualisations.
Graphics context not yet initialized. Skipping visualisations.
Graphics context not yet initialized. Skipping visualisations.
Graphics context not yet initialized. Skipping visualisations.
Graphics context not yet initialized. Skipping visualisations.
Graphics context not yet initialized. Skipping visualisations.
Graphics context not yet initialized. Skipping visualisations.
Graphics context not yet initialized. Skipping visualisations.
Graphics context not yet initialized. Skipping visualisations.
Graphics context not yet initialized. Skipping visualisations.
Graphics context not yet initialized. Skipping visualisations.
Graphics context not yet initialized. Skipping visualisations.
Graphics context not yet initialized. Skipping visualisations.
Graphics context not yet initialized. Skipping visualisations.
Graphics context not yet initialized. Skipping visualisations.
Graphics context not yet initialized. Skipping visualisations.
Graphics context not yet initialized. Skipping visualisations.
Graphics context not yet initialized. Skipping visualisations.
Graphics context not yet initialized. Skipping visualisations.
Graphics context not yet initialized. Skipping visualisations.
Graphics context not yet initialized. Skipping visualisations.
Graphics context not yet initialized. Skipping visualisations.
Graphics context not yet initialized. Skipping visualisations.
Graphics context not yet initialized. Skipping visualisations.
Graphics context not yet initialized. Skipping visualisations.
Graphics context not yet initialized. Skipping visualisations.
Graphics context not yet initialized. Skipping visualisations.
Graphics context not yet initialized. Skipping visualisations.
Graphics context not yet initialized. Skipping visualisations.
Graphics context not yet initialized. Skipping visualisations.
Graphics context not yet initialized. Skipping visualisations.
Graphics context not yet initialized. Skipping visualisations.
Graphics context not yet initialized. Skipping visualisations.
Graphics context not yet initialized. Skipping visualisations.
Graphics context not yet initialized. Skipping visualisations.
Graphics context not yet initialized. Skipping visualisations.
Graphics context not yet initialized. Skipping visualisations.
Graphics context not yet initialized. Skipping visualisations.
Graphics context not yet initialized. Skipping visualisations.
Graphics context not yet initialized. Skipping visualisations.
Graphics context not yet initialized. Skipping visualisations.
Graphics context not yet initialized. Skipping visualisations.
Graphics context not yet initialized. Skipping visualisations.
Graphics context not yet initialized. Skipping visualisations.
Graphics context not yet initialized. Skipping visualisations.
Graphics context not yet initialized. Skipping visualisations.
Graphics context not yet initialized. Skipping visualisations.
Graphics context not yet initialized. Skipping visualisations.
Graphics context not yet initialized. Skipping visualisations.
Graphics context not yet initialized. Skipping visualisations.
Graphics context not yet initialized. Skipping visualisations.
Graphics context not yet initialized. Skipping visualisations.
Graphics context not yet initialized. Skipping visualisations.
Graphics context not yet initialized. Skipping visualisations.
Graphics context not yet initialized. Skipping visualisations.
Graphics context not yet initialized. Skipping visualisations.
Graphics context not yet initialized. Skipping visualisations.
Graphics context not yet initialized. Skipping visualisations.
Graphics context not yet initialized. Skipping visualisations.
Graphics context not yet initialized. Skipping visualisations.
Graphics context not yet initialized. Skipping visualisations.
Graphics context not yet initialized. Skipping visualisations.
Graphics context not yet initialized. Skipping visualisations.
Graphics context not yet initialized. Skipping visualisations.
Graphics context not yet initialized. Skipping visualisations.
Graphics context not yet initialized. Skipping visualisations.
Graphics context not yet initialized. Skipping visualisations.
Graphics context not yet initialized. Skipping visualisations.
Graphics context not yet initialized. Skipping visualisations.
Graphics context not yet initialized. Skipping visualisations.
Graphics context not yet initialized. Skipping visualisations.
Graphics context not yet initialized. Skipping visualisations.
Graphics context not yet initialized. Skipping visualisations.
Graphics context not yet initialized. Skipping visualisations.
Graphics context not yet initialized. Skipping visualisations.
Graphics context not yet initialized. Skipping visualisations.
Graphics context not yet initialized. Skipping visualisations.
Graphics context not yet initialized. Skipping visualisations.
Graphics context not yet initialized. Skipping visualisations.
Graphics context not yet initialized. Skipping visualisations.
Graphics context not yet initialized. Skipping visualisations.
Graphics context not yet initialized. Skipping visualisations.
Graphics context not yet initialized. Skipping visualisations.
Graphics context not yet initialized. Skipping visualisations.
Graphics context not yet initialized. Skipping visualisations.
Graphics context not yet initialized. Skipping visualisations.
Graphics context not yet initialized. Skipping visualisations.
Graphics context not yet initialized. Skipping visualisations.
Graphics context not yet initialized. Skipping visualisations.
Graphics context not yet initialized. Skipping visualisations.
Graphics context not yet initialized. Skipping visualisations.
Graphics context not yet initialized. Skipping visualisations.
Graphics context not yet initialized. Skipping visualisations.
Graphics context not yet initialized. Skipping visualisations.
Graphics context not yet initialized. Skipping visualisations.
Graphics context not yet initialized. Skipping visualisations.
Graphics context not yet initialized. Skipping visualisations.
Graphics context not yet initialized. Skipping visualisations.
Graphics context not yet initialized. Skipping visualisations.
Graphics context not yet initialized. Skipping visualisations.
Graphics context not yet initialized. Skipping visualisations.
Graphics context not yet initialized. Skipping visualisations.
Graphics context not yet initialized. Skipping visualisations.
Graphics context not yet initialized. Skipping visualisations.
Graphics context not yet initialized. Skipping visualisations.
Graphics context not yet initialized. Skipping visualisations.
Graphics context not yet initialized. Skipping visualisations.
Graphics context not yet initialized. Skipping visualisations.
Graphics context not yet initialized. Skipping visualisations.
Graphics context not yet initialized. Skipping visualisations.
Graphics context not yet initialized. Skipping visualisations.
Graphics context not yet initialized. Skipping visualisations.
Graphics context not yet initialized. Skipping visualisations.
Graphics context not yet initialized. Skipping visualisations.
Graphics context not yet initialized. Skipping visualisations.
Graphics context not yet initialized. Skipping visualisations.
Graphics context not yet initialized. Skipping visualisations.
Graphics context not yet initialized. Skipping visualisations.
Graphics context not yet initialized. Skipping visualisations.
Graphics context not yet initialized. Skipping visualisations.
Graphics context not yet initialized. Skipping visualisations.
Graphics context not yet initialized. Skipping visualisations.
Graphics context not yet initialized. Skipping visualisations.
Graphics context not yet initialized. Skipping visualisations.
Graphics context not yet initialized. Skipping visualisations.
Graphics context not yet initialized. Skipping visualisations.
Graphics context not yet initialized. Skipping visualisations.
Graphics context not yet initialized. Skipping visualisations.
Graphics context not yet initialized. Skipping visualisations.
Graphics context not yet initialized. Skipping visualisations.
Graphics context not yet initialized. Skipping visualisations.
Graphics context not yet initialized. Skipping visualisations.
Graphics context not yet initialized. Skipping visualisations.
Graphics context not yet initialized. Skipping visualisations.
Graphics context not yet initialized. Skipping visualisations.
Graphics context not yet initialized. Skipping visualisations.
Graphics context not yet initialized. Skipping visualisations.
Graphics context not yet initialized. Skipping visualisations.
Graphics context not yet initialized. Skipping visualisations.
Graphics context not yet initialized. Skipping visualisations.
Graphics context not yet initialized. Skipping visualisations.
Graphics context not yet initialized. Skipping visualisations.
Graphics context not yet initialized. Skipping visualisations.
Graphics context not yet initialized. Skipping visualisations.
Graphics context not yet initialized. Skipping visualisations.
Graphics context not yet initialized. Skipping visualisations.
Graphics context not yet initialized. Skipping visualisations.
Graphics context not yet initialized. Skipping visualisations.
Graphics context not yet initialized. Skipping visualisations.
Graphics context not yet initialized. Skipping visualisations.
Graphics context not yet initialized. Skipping visualisations.
Graphics context not yet initialized. Skipping visualisations.
Graphics context not yet initialized. Skipping visualisations.
Graphics context not yet initialized. Skipping visualisations.
Graphics context not yet initialized. Skipping visualisations.
Graphics context not yet initialized. Skipping visualisations.
Graphics context not yet initialized. Skipping visualisations.
Graphics context not yet initialized. Skipping visualisations.
Graphics context not yet initialized. Skipping visualisations.
Graphics context not yet initialized. Skipping visualisations.
Graphics context not yet initialized. Skipping visualisations.
Graphics context not yet initialized. Skipping visualisations.
Graphics context not yet initialized. Skipping visualisations.
Graphics context not yet initialized. Skipping visualisations.
Graphics context not yet initialized. Skipping visualisations.
Graphics context not yet initialized. Skipping visualisations.
Graphics context not yet initialized. Skipping visualisations.
Graphics context not yet initialized. Skipping visualisations.
Graphics context not yet initialized. Skipping visualisations.
Graphics context not yet initialized. Skipping visualisations.
Graphics context not yet initialized. Skipping visualisations.
Graphics context not yet initialized. Skipping visualisations.
Graphics context not yet initialized. Skipping visualisations.
Graphics context not yet initialized. Skipping visualisations.
Graphics context not yet initialized. Skipping visualisations.
Graphics context not yet initialized. Skipping visualisations.
Graphics context not yet initialized. Skipping visualisations.
Graphics context not yet initialized. Skipping visualisations.
Graphics context not yet initialized. Skipping visualisations.
Graphics context not yet initialized. Skipping visualisations.
Graphics context not yet initialized. Skipping visualisations.
Graphics context not yet initialized. Skipping visualisations.
Graphics context not yet initialized. Skipping visualisations.
Graphics context not yet initialized. Skipping visualisations.
Graphics context not yet initialized. Skipping visualisations.
Graphics context not yet initialized. Skipping visualisations.
Graphics context not yet initialized. Skipping visualisations.
Graphics context not yet initialized. Skipping visualisations.
Graphics context not yet initialized. Skipping visualisations.
Graphics context not yet initialized. Skipping visualisations.
Graphics context not yet initialized. Skipping visualisations.
Graphics context not yet initialized. Skipping visualisations.
Graphics context not yet initialized. Skipping visualisations.
Graphics context not yet initialized. Skipping visualisations.
Graphics context not yet initialized. Skipping visualisations.
Graphics context not yet initialized. Skipping visualisations.
Graphics context not yet initialized. Skipping visualisations.
Graphics context not yet initialized. Skipping visualisations.
Graphics context not yet initialized. Skipping visualisations.
Graphics context not yet initialized. Skipping visualisations.
Graphics context not yet initialized. Skipping visualisations.
Graphics context not yet initialized. Skipping visualisations.
Graphics context not yet initialized. Skipping visualisations.
Graphics context not yet initialized. Skipping visualisations.
Graphics context not yet initialized. Skipping visualisations.
Graphics context not yet initialized. Skipping visualisations.
Graphics context not yet initialized. Skipping visualisations.
Graphics context not yet initialized. Skipping visualisations.
Graphics context not yet initialized. Skipping visualisations.
Graphics context not yet initialized. Skipping visualisations.
Graphics context not yet initialized. Skipping visualisations.
Graphics context not yet initialized. Skipping visualisations.
Graphics context not yet initialized. Skipping visualisations.
Graphics context not yet initialized. Skipping visualisations.
Graphics context not yet initialized. Skipping visualisations.
Graphics context not yet initialized. Skipping visualisations.
Graphics context not yet initialized. Skipping visualisations.
Graphics context not yet initialized. Skipping visualisations.
Graphics context not yet initialized. Skipping visualisations.
Graphics context not yet initialized. Skipping visualisations.
Graphics context not yet initialized. Skipping visualisations.
Graphics context not yet initialized. Skipping visualisations.
Graphics context not yet initialized. Skipping visualisations.
Graphics context not yet initialized. Skipping visualisations.
Graphics context not yet initialized. Skipping visualisations.
Graphics context not yet initialized. Skipping visualisations.
Graphics context not yet initialized. Skipping visualisations.
Graphics context not yet initialized. Skipping visualisations.
Graphics context not yet initialized. Skipping visualisations.
Graphics context not yet initialized. Skipping visualisations.
Graphics context not yet initialized. Skipping visualisations.
Graphics context not yet initialized. Skipping visualisations.
Graphics context not yet initialized. Skipping visualisations.
Graphics context not yet initialized. Skipping visualisations.
Graphics context not yet initialized. Skipping visualisations.
Graphics context not yet initialized. Skipping visualisations.
Graphics context not yet initialized. Skipping visualisations.
Graphics context not yet initialized. Skipping visualisations.
Graphics context not yet initialized. Skipping visualisations.
Graphics context not yet initialized. Skipping visualisations.
Graphics context not yet initialized. Skipping visualisations.
Graphics context not yet initialized. Skipping visualisations.
Graphics context not yet initialized. Skipping visualisations.
Graphics context not yet initialized. Skipping visualisations.
Graphics context not yet initialized. Skipping visualisations.
Graphics context not yet initialized. Skipping visualisations.
Graphics context not yet initialized. Skipping visualisations.
Graphics context not yet initialized. Skipping visualisations.
Graphics context not yet initialized. Skipping visualisations.
Graphics context not yet initialized. Skipping visualisations.
Graphics context not yet initialized. Skipping visualisations.
Graphics context not yet initialized. Skipping visualisations.
Graphics context not yet initialized. Skipping visualisations.
Graphics context not yet initialized. Skipping visualisations.
Graphics context not yet initialized. Skipping visualisations.
Graphics context not yet initialized. Skipping visualisations.
Graphics context not yet initialized. Skipping visualisations.
Graphics context not yet initialized. Skipping visualisations.
Graphics context not yet initialized. Skipping visualisations.
Graphics context not yet initialized. Skipping visualisations.
Graphics context not yet initialized. Skipping visualisations.
Graphics context not yet initialized. Skipping visualisations.
Graphics context not yet initialized. Skipping visualisations.
Graphics context not yet initialized. Skipping visualisations.
Graphics context not yet initialized. Skipping visualisations.
Graphics context not yet initialized. Skipping visualisations.
Graphics context not yet initialized. Skipping visualisations.
Graphics context not yet initialized. Skipping visualisations.
Graphics context not yet initialized. Skipping visualisations.
Graphics context not yet initialized. Skipping visualisations.
Graphics context not yet initialized. Skipping visualisations.
Graphics context not yet initialized. Skipping visualisations.
Graphics context not yet initialized. Skipping visualisations.
Graphics context not yet initialized. Skipping visualisations.
Graphics context not yet initialized. Skipping visualisations.
Graphics context not yet initialized. Skipping visualisations.
Graphics context not yet initialized. Skipping visualisations.
Graphics context not yet initialized. Skipping visualisations.
Graphics context not yet initialized. Skipping visualisations.
Graphics context not yet initialized. Skipping visualisations.
Graphics context not yet initialized. Skipping visualisations.
Graphics context not yet initialized. Skipping visualisations.
Graphics context not yet initialized. Skipping visualisations.
Graphics context not yet initialized. Skipping visualisations.
Graphics context not yet initialized. Skipping visualisations.
Graphics context not yet initialized. Skipping visualisations.
Graphics context not yet initialized. Skipping visualisations.
Graphics context not yet initialized. Skipping visualisations.
Graphics context not yet initialized. Skipping visualisations.
Graphics context not yet initialized. Skipping visualisations.
Graphics context not yet initialized. Skipping visualisations.
Graphics context not yet initialized. Skipping visualisations.
Graphics context not yet initialized. Skipping visualisations.
Graphics context not yet initialized. Skipping visualisations.
Graphics context not yet initialized. Skipping visualisations.
Graphics context not yet initialized. Skipping visualisations.
Graphics context not yet initialized. Skipping visualisations.
Graphics context not yet initialized. Skipping visualisations.
Graphics context not yet initialized. Skipping visualisations.
Graphics context not yet initialized. Skipping visualisations.
Graphics context not yet initialized. Skipping visualisations.
Graphics context not yet initialized. Skipping visualisations.
Graphics context not yet initialized. Skipping visualisations.
Graphics context not yet initialized. Skipping visualisations.
Graphics context not yet initialized. Skipping visualisations.
Graphics context not yet initialized. Skipping visualisations.
Graphics context not yet initialized. Skipping visualisations.
Graphics context not yet initialized. Skipping visualisations.
Graphics context not yet initialized. Skipping visualisations.
Graphics context not yet initialized. Skipping visualisations.
Graphics context not yet initialized. Skipping visualisations.
Graphics context not yet initialized. Skipping visualisations.
Graphics context not yet initialized. Skipping visualisations.
Graphics context not yet initialized. Skipping visualisations.
Graphics context not yet initialized. Skipping visualisations.
Graphics context not yet initialized. Skipping visualisations.
Graphics context not yet initialized. Skipping visualisations.
Graphics context not yet initialized. Skipping visualisations.
Graphics context not yet initialized. Skipping visualisations.
Graphics context not yet initialized. Skipping visualisations.
Graphics context not yet initialized. Skipping visualisations.
Graphics context not yet initialized. Skipping visualisations.
Graphics context not yet initialized. Skipping visualisations.
Graphics context not yet initialized. Skipping visualisations.
Graphics context not yet initialized. Skipping visualisations.
Graphics context not yet initialized. Skipping visualisations.
Graphics context not yet initialized. Skipping visualisations.
Graphics context not yet initialized. Skipping visualisations.
Graphics context not yet initialized. Skipping visualisations.
Graphics context not yet initialized. Skipping visualisations.
Graphics context not yet initialized. Skipping visualisations.
Graphics context not yet initialized. Skipping visualisations.
Graphics context not yet initialized. Skipping visualisations.
Graphics context not yet initialized. Skipping visualisations.
Graphics context not yet initialized. Skipping visualisations.
Graphics context not yet initialized. Skipping visualisations.
Graphics context not yet initialized. Skipping visualisations.
Graphics context not yet initialized. Skipping visualisations.
Graphics context not yet initialized. Skipping visualisations.
Graphics context not yet initialized. Skipping visualisations.
Graphics context not yet initialized. Skipping visualisations.
Graphics context not yet initialized. Skipping visualisations.
Graphics context not yet initialized. Skipping visualisations.
Graphics context not yet initialized. Skipping visualisations.
Graphics context not yet initialized. Skipping visualisations.
Graphics context not yet initialized. Skipping visualisations.
Graphics context not yet initialized. Skipping visualisations.
Graphics context not yet initialized. Skipping visualisations.
Graphics context not yet initialized. Skipping visualisations.
Graphics context not yet initialized. Skipping visualisations.
Graphics context not yet initialized. Skipping visualisations.
Graphics context not yet initialized. Skipping visualisations.
Graphics context not yet initialized. Skipping visualisations.
Graphics context not yet initialized. Skipping visualisations.
Graphics context not yet initialized. Skipping visualisations.
Graphics context not yet initialized. Skipping visualisations.
Graphics context not yet initialized. Skipping visualisations.
Graphics context not yet initialized. Skipping visualisations.
Graphics context not yet initialized. Skipping visualisations.
Graphics context not yet initialized. Skipping visualisations.
Graphics context not yet initialized. Skipping visualisations.
Graphics context not yet initialized. Skipping visualisations.
Graphics context not yet initialized. Skipping visualisations.
Graphics context not yet initialized. Skipping visualisations.
Graphics context not yet initialized. Skipping visualisations.
Graphics context not yet initialized. Skipping visualisations.
Graphics context not yet initialized. Skipping visualisations.
Graphics context not yet initialized. Skipping visualisations.
Graphics context not yet initialized. Skipping visualisations.
Graphics context not yet initialized. Skipping visualisations.
Graphics context not yet initialized. Skipping visualisations.
Graphics context not yet initialized. Skipping visualisations.
Graphics context not yet initialized. Skipping visualisations.
Graphics context not yet initialized. Skipping visualisations.
Graphics context not yet initialized. Skipping visualisations.
Graphics context not yet initialized. Skipping visualisations.
Graphics context not yet initialized. Skipping visualisations.
Graphics context not yet initialized. Skipping visualisations.
Graphics context not yet initialized. Skipping visualisations.
Graphics context not yet initialized. Skipping visualisations.
Graphics context not yet initialized. Skipping visualisations.
Graphics context not yet initialized. Skipping visualisations.
Graphics context not yet initialized. Skipping visualisations.
Graphics context not yet initialized. Skipping visualisations.
Graphics context not yet initialized. Skipping visualisations.
Graphics context not yet initialized. Skipping visualisations.
Graphics context not yet initialized. Skipping visualisations.
Graphics context not yet initialized. Skipping visualisations.
Graphics context not yet initialized. Skipping visualisations.
Graphics context not yet initialized. Skipping visualisations.
Graphics context not yet initialized. Skipping visualisations.
Graphics context not yet initialized. Skipping visualisations.
Graphics context not yet initialized. Skipping visualisations.
Graphics context not yet initialized. Skipping visualisations.
Graphics context not yet initialized. Skipping visualisations.
Graphics context not yet initialized. Skipping visualisations.
Graphics context not yet initialized. Skipping visualisations.
Graphics context not yet initialized. Skipping visualisations.
Graphics context not yet initialized. Skipping visualisations.
Graphics context not yet initialized. Skipping visualisations.
Graphics context not yet initialized. Skipping visualisations.
Graphics context not yet initialized. Skipping visualisations.
Graphics context not yet initialized. Skipping visualisations.
Graphics context not yet initialized. Skipping visualisations.
Graphics context not yet initialized. Skipping visualisations.
Graphics context not yet initialized. Skipping visualisations.
Graphics context not yet initialized. Skipping visualisations.
Graphics context not yet initialized. Skipping visualisations.
Graphics context not yet initialized. Skipping visualisations.
Graphics context not yet initialized. Skipping visualisations.
Graphics context not yet initialized. Skipping visualisations.
Graphics context not yet initialized. Skipping visualisations.
Graphics context not yet initialized. Skipping visualisations.
Graphics context not yet initialized. Skipping visualisations.
Graphics context not yet initialized. Skipping visualisations.
Graphics context not yet initialized. Skipping visualisations.
Graphics context not yet initialized. Skipping visualisations.
Graphics context not yet initialized. Skipping visualisations.
Graphics context not yet initialized. Skipping visualisations.
Graphics context not yet initialized. Skipping visualisations.
Graphics context not yet initialized. Skipping visualisations.
Graphics context not yet initialized. Skipping visualisations.
Graphics context not yet initialized. Skipping visualisations.
Graphics context not yet initialized. Skipping visualisations.
Graphics context not yet initialized. Skipping visualisations.
Graphics context not yet initialized. Skipping visualisations.
Graphics context not yet initialized. Skipping visualisations.
Graphics context not yet initialized. Skipping visualisations.
Graphics context not yet initialized. Skipping visualisations.
Graphics context not yet initialized. Skipping visualisations.
Graphics context not yet initialized. Skipping visualisations.
Graphics context not yet initialized. Skipping visualisations.
Graphics context not yet initialized. Skipping visualisations.
Graphics context not yet initialized. Skipping visualisations.
Graphics context not yet initialized. Skipping visualisations.
Graphics context not yet initialized. Skipping visualisations.
Graphics context not yet initialized. Skipping visualisations.
Graphics context not yet initialized. Skipping visualisations.
Graphics context not yet initialized. Skipping visualisations.
Graphics context not yet initialized. Skipping visualisations.
Graphics context not yet initialized. Skipping visualisations.
Graphics context not yet initialized. Skipping visualisations.
Graphics context not yet initialized. Skipping visualisations.
Graphics context not yet initialized. Skipping visualisations.
Graphics context not yet initialized. Skipping visualisations.
Graphics context not yet initialized. Skipping visualisations.
Graphics context not yet initialized. Skipping visualisations.
Graphics context not yet initialized. Skipping visualisations.
Graphics context not yet initialized. Skipping visualisations.
Graphics context not yet initialized. Skipping visualisations.
Graphics context not yet initialized. Skipping visualisations.
Graphics context not yet initialized. Skipping visualisations.
Graphics context not yet initialized. Skipping visualisations.
Graphics context not yet initialized. Skipping visualisations.
Graphics context not yet initialized. Skipping visualisations.
Graphics context not yet initialized. Skipping visualisations.
Graphics context not yet initialized. Skipping visualisations.
Graphics context not yet initialized. Skipping visualisations.
Graphics context not yet initialized. Skipping visualisations.
Graphics context not yet initialized. Skipping visualisations.
Graphics context not yet initialized. Skipping visualisations.
Graphics context not yet initialized. Skipping visualisations.
Graphics context not yet initialized. Skipping visualisations.
Graphics context not yet initialized. Skipping visualisations.
Graphics context not yet initialized. Skipping visualisations.
Graphics context not yet initialized. Skipping visualisations.
Graphics context not yet initialized. Skipping visualisations.
Graphics context not yet initialized. Skipping visualisations.
Graphics context not yet initialized. Skipping visualisations.
Graphics context not yet initialized. Skipping visualisations.
Graphics context not yet initialized. Skipping visualisations.
Graphics context not yet initialized. Skipping visualisations.
Graphics context not yet initialized. Skipping visualisations.
Graphics context not yet initialized. Skipping visualisations.
Graphics context not yet initialized. Skipping visualisations.
Graphics context not yet initialized. Skipping visualisations.
Graphics context not yet initialized. Skipping visualisations.
Graphics context not yet initialized. Skipping visualisations.
Graphics context not yet initialized. Skipping visualisations.
Graphics context not yet initialized. Skipping visualisations.
Graphics context not yet initialized. Skipping visualisations.
Graphics context not yet initialized. Skipping visualisations.
Graphics context not yet initialized. Skipping visualisations.
Graphics context not yet initialized. Skipping visualisations.
Graphics context not yet initialized. Skipping visualisations.
Graphics context not yet initialized. Skipping visualisations.
Graphics context not yet initialized. Skipping visualisations.
Graphics context not yet initialized. Skipping visualisations.
Graphics context not yet initialized. Skipping visualisations.
Graphics context not yet initialized. Skipping visualisations.
Graphics context not yet initialized. Skipping visualisations.
Graphics context not yet initialized. Skipping visualisations.
Graphics context not yet initialized. Skipping visualisations.
Graphics context not yet initialized. Skipping visualisations.
Graphics context not yet initialized. Skipping visualisations.
Graphics context not yet initialized. Skipping visualisations.
Graphics context not yet initialized. Skipping visualisations.
Graphics context not yet initialized. Skipping visualisations.
Graphics context not yet initialized. Skipping visualisations.
Graphics context not yet initialized. Skipping visualisations.
Graphics context not yet initialized. Skipping visualisations.
Graphics context not yet initialized. Skipping visualisations.
Graphics context not yet initialized. Skipping visualisations.
Graphics context not yet initialized. Skipping visualisations.
Graphics context not yet initialized. Skipping visualisations.
Graphics context not yet initialized. Skipping visualisations.
Graphics context not yet initialized. Skipping visualisations.
Graphics context not yet initialized. Skipping visualisations.
Graphics context not yet initialized. Skipping visualisations.
Graphics context not yet initialized. Skipping visualisations.
Graphics context not yet initialized. Skipping visualisations.
Graphics context not yet initialized. Skipping visualisations.
Graphics context not yet initialized. Skipping visualisations.
Graphics context not yet initialized. Skipping visualisations.
Graphics context not yet initialized. Skipping visualisations.
Graphics context not yet initialized. Skipping visualisations.
Graphics context not yet initialized. Skipping visualisations.
Graphics context not yet initialized. Skipping visualisations.
Graphics context not yet initialized. Skipping visualisations.
Graphics context not yet initialized. Skipping visualisations.
Graphics context not yet initialized. Skipping visualisations.
Graphics context not yet initialized. Skipping visualisations.
Graphics context not yet initialized. Skipping visualisations.
Graphics context not yet initialized. Skipping visualisations.
Graphics context not yet initialized. Skipping visualisations.
Graphics context not yet initialized. Skipping visualisations.
Graphics context not yet initialized. Skipping visualisations.
Graphics context not yet initialized. Skipping visualisations.
Graphics context not yet initialized. Skipping visualisations.
Graphics context not yet initialized. Skipping visualisations.
Graphics context not yet initialized. Skipping visualisations.
Graphics context not yet initialized. Skipping visualisations.
Graphics context not yet initialized. Skipping visualisations.
Graphics context not yet initialized. Skipping visualisations.
Graphics context not yet initialized. Skipping visualisations.
Graphics context not yet initialized. Skipping visualisations.
Graphics context not yet initialized. Skipping visualisations.
Graphics context not yet initialized. Skipping visualisations.
Graphics context not yet initialized. Skipping visualisations.
Graphics context not yet initialized. Skipping visualisations.
Graphics context not yet initialized. Skipping visualisations.
Graphics context not yet initialized. Skipping visualisations.
Graphics context not yet initialized. Skipping visualisations.
Graphics context not yet initialized. Skipping visualisations.
Graphics context not yet initialized. Skipping visualisations.
Graphics context not yet initialized. Skipping visualisations.
Graphics context not yet initialized. Skipping visualisations.
Graphics context not yet initialized. Skipping visualisations.
Graphics context not yet initialized. Skipping visualisations.
Graphics context not yet initialized. Skipping visualisations.
Graphics context not yet initialized. Skipping visualisations.
Graphics context not yet initialized. Skipping visualisations.
Graphics context not yet initialized. Skipping visualisations.
Graphics context not yet initialized. Skipping visualisations.
Graphics context not yet initialized. Skipping visualisations.
Graphics context not yet initialized. Skipping visualisations.
Graphics context not yet initialized. Skipping visualisations.
Graphics context not yet initialized. Skipping visualisations.
Graphics context not yet initialized. Skipping visualisations.
Graphics context not yet initialized. Skipping visualisations.
Graphics context not yet initialized. Skipping visualisations.
Graphics context not yet initialized. Skipping visualisations.
Graphics context not yet initialized. Skipping visualisations.
Graphics context not yet initialized. Skipping visualisations.
Graphics context not yet initialized. Skipping visualisations.
Graphics context not yet initialized. Skipping visualisations.
Graphics context not yet initialized. Skipping visualisations.
Graphics context not yet initialized. Skipping visualisations.
Graphics context not yet initialized. Skipping visualisations.
Graphics context not yet initialized. Skipping visualisations.
Graphics context not yet initialized. Skipping visualisations.
Graphics context not yet initialized. Skipping visualisations.
Graphics context not yet initialized. Skipping visualisations.
Graphics context not yet initialized. Skipping visualisations.
Graphics context not yet initialized. Skipping visualisations.
Graphics context not yet initialized. Skipping visualisations.
Graphics context not yet initialized. Skipping visualisations.
Graphics context not yet initialized. Skipping visualisations.
Graphics context not yet initialized. Skipping visualisations.
Graphics context not yet initialized. Skipping visualisations.
Graphics context not yet initialized. Skipping visualisations.
Graphics context not yet initialized. Skipping visualisations.
Graphics context not yet initialized. Skipping visualisations.
Graphics context not yet initialized. Skipping visualisations.
Graphics context not yet initialized. Skipping visualisations.
Graphics context not yet initialized. Skipping visualisations.
Graphics context not yet initialized. Skipping visualisations.
Graphics context not yet initialized. Skipping visualisations.
Graphics context not yet initialized. Skipping visualisations.
Graphics context not yet initialized. Skipping visualisations.
Graphics context not yet initialized. Skipping visualisations.
Graphics context not yet initialized. Skipping visualisations.
Graphics context not yet initialized. Skipping visualisations.
Graphics context not yet initialized. Skipping visualisations.
Graphics context not yet initialized. Skipping visualisations.
Graphics context not yet initialized. Skipping visualisations.
Graphics context not yet initialized. Skipping visualisations.
Graphics context not yet initialized. Skipping visualisations.
Graphics context not yet initialized. Skipping visualisations.
Graphics context not yet initialized. Skipping visualisations.
Graphics context not yet initialized. Skipping visualisations.
Graphics context not yet initialized. Skipping visualisations.
Graphics context not yet initialized. Skipping visualisations.
Graphics context not yet initialized. Skipping visualisations.
Graphics context not yet initialized. Skipping visualisations.
Graphics context not yet initialized. Skipping visualisations.
Graphics context not yet initialized. Skipping visualisations.
Graphics context not yet initialized. Skipping visualisations.
Graphics context not yet initialized. Skipping visualisations.
Graphics context not yet initialized. Skipping visualisations.
Graphics context not yet initialized. Skipping visualisations.
Graphics context not yet initialized. Skipping visualisations.
Graphics context not yet initialized. Skipping visualisations.
Graphics context not yet initialized. Skipping visualisations.
Graphics context not yet initialized. Skipping visualisations.
Graphics context not yet initialized. Skipping visualisations.
Graphics context not yet initialized. Skipping visualisations.
Graphics context not yet initialized. Skipping visualisations.
Graphics context not yet initialized. Skipping visualisations.
Graphics context not yet initialized. Skipping visualisations.
Graphics context not yet initialized. Skipping visualisations.
Graphics context not yet initialized. Skipping visualisations.
Graphics context not yet initialized. Skipping visualisations.
Graphics context not yet initialized. Skipping visualisations.
Graphics context not yet initialized. Skipping visualisations.
Graphics context not yet initialized. Skipping visualisations.
Graphics context not yet initialized. Skipping visualisations.
Graphics context not yet initialized. Skipping visualisations.
Graphics context not yet initialized. Skipping visualisations.
Graphics context not yet initialized. Skipping visualisations.
Graphics context not yet initialized. Skipping visualisations.
Graphics context not yet initialized. Skipping visualisations.
Graphics context not yet initialized. Skipping visualisations.
Graphics context not yet initialized. Skipping visualisations.
Graphics context not yet initialized. Skipping visualisations.
Graphics context not yet initialized. Skipping visualisations.
Graphics context not yet initialized. Skipping visualisations.
Graphics context not yet initialized. Skipping visualisations.
Graphics context not yet initialized. Skipping visualisations.
Graphics context not yet initialized. Skipping visualisations.
Graphics context not yet initialized. Skipping visualisations.
Graphics context not yet initialized. Skipping visualisations.
Graphics context not yet initialized. Skipping visualisations.
Graphics context not yet initialized. Skipping visualisations.
Graphics context not yet initialized. Skipping visualisations.
Graphics context not yet initialized. Skipping visualisations.
Graphics context not yet initialized. Skipping visualisations.
Graphics context not yet initialized. Skipping visualisations.
Graphics context not yet initialized. Skipping visualisations.
Graphics context not yet initialized. Skipping visualisations.
Graphics context not yet initialized. Skipping visualisations.
Graphics context not yet initialized. Skipping visualisations.
Graphics context not yet initialized. Skipping visualisations.
Graphics context not yet initialized. Skipping visualisations.
Graphics context not yet initialized. Skipping visualisations.
Graphics context not yet initialized. Skipping visualisations.
Graphics context not yet initialized. Skipping visualisations.
Graphics context not yet initialized. Skipping visualisations.
Graphics context not yet initialized. Skipping visualisations.
Graphics context not yet initialized. Skipping visualisations.
Graphics context not yet initialized. Skipping visualisations.
Graphics context not yet initialized. Skipping visualisations.
Graphics context not yet initialized. Skipping visualisations.
Graphics context not yet initialized. Skipping visualisations.
Graphics context not yet initialized. Skipping visualisations.
Graphics context not yet initialized. Skipping visualisations.
Graphics context not yet initialized. Skipping visualisations.
Graphics context not yet initialized. Skipping visualisations.
Graphics context not yet initialized. Skipping visualisations.
Graphics context not yet initialized. Skipping visualisations.
Graphics context not yet initialized. Skipping visualisations.
Graphics context not yet initialized. Skipping visualisations.
Graphics context not yet initialized. Skipping visualisations.
Graphics context not yet initialized. Skipping visualisations.
Graphics context not yet initialized. Skipping visualisations.
Graphics context not yet initialized. Skipping visualisations.
Graphics context not yet initialized. Skipping visualisations.
Graphics context not yet initialized. Skipping visualisations.
Graphics context not yet initialized. Skipping visualisations.
Graphics context not yet initialized. Skipping visualisations.
Graphics context not yet initialized. Skipping visualisations.
Graphics context not yet initialized. Skipping visualisations.
Graphics context not yet initialized. Skipping visualisations.
Graphics context not yet initialized. Skipping visualisations.
Graphics context not yet initialized. Skipping visualisations.
Graphics context not yet initialized. Skipping visualisations.
Graphics context not yet initialized. Skipping visualisations.
Graphics context not yet initialized. Skipping visualisations.
Graphics context not yet initialized. Skipping visualisations.
Graphics context not yet initialized. Skipping visualisations.
Graphics context not yet initialized. Skipping visualisations.
Graphics context not yet initialized. Skipping visualisations.
Graphics context not yet initialized. Skipping visualisations.
Graphics context not yet initialized. Skipping visualisations.
Graphics context not yet initialized. Skipping visualisations.
Graphics context not yet initialized. Skipping visualisations.
Graphics context not yet initialized. Skipping visualisations.
Graphics context not yet initialized. Skipping visualisations.
Graphics context not yet initialized. Skipping visualisations.
Graphics context not yet initialized. Skipping visualisations.
Graphics context not yet initialized. Skipping visualisations.
Graphics context not yet initialized. Skipping visualisations.
Graphics context not yet initialized. Skipping visualisations.
Graphics context not yet initialized. Skipping visualisations.
Graphics context not yet initialized. Skipping visualisations.
Graphics context not yet initialized. Skipping visualisations.
Graphics context not yet initialized. Skipping visualisations.
Graphics context not yet initialized. Skipping visualisations.
Graphics context not yet initialized. Skipping visualisations.
Graphics context not yet initialized. Skipping visualisations.
Graphics context not yet initialized. Skipping visualisations.
Graphics context not yet initialized. Skipping visualisations.
Graphics context not yet initialized. Skipping visualisations.
Graphics context not yet initialized. Skipping visualisations.
Graphics context not yet initialized. Skipping visualisations.
Graphics context not yet initialized. Skipping visualisations.
Graphics context not yet initialized. Skipping visualisations.
Graphics context not yet initialized. Skipping visualisations.
Graphics context not yet initialized. Skipping visualisations.
Graphics context not yet initialized. Skipping visualisations.
Graphics context not yet initialized. Skipping visualisations.
Graphics context not yet initialized. Skipping visualisations.
Graphics context not yet initialized. Skipping visualisations.
Graphics context not yet initialized. Skipping visualisations.
Graphics context not yet initialized. Skipping visualisations.
Graphics context not yet initialized. Skipping visualisations.
Graphics context not yet initialized. Skipping visualisations.
Graphics context not yet initialized. Skipping visualisations.
Graphics context not yet initialized. Skipping visualisations.
Graphics context not yet initialized. Skipping visualisations.
Graphics context not yet initialized. Skipping visualisations.
Graphics context not yet initialized. Skipping visualisations.
Graphics context not yet initialized. Skipping visualisations.
Graphics context not yet initialized. Skipping visualisations.
Graphics context not yet initialized. Skipping visualisations.
Graphics context not yet initialized. Skipping visualisations.
Graphics context not yet initialized. Skipping visualisations.
Graphics context not yet initialized. Skipping visualisations.
Graphics context not yet initialized. Skipping visualisations.
Graphics context not yet initialized. Skipping visualisations.
Graphics context not yet initialized. Skipping visualisations.
Graphics context not yet initialized. Skipping visualisations.
Graphics context not yet initialized. Skipping visualisations.
Graphics context not yet initialized. Skipping visualisations.
Graphics context not yet initialized. Skipping visualisations.
Graphics context not yet initialized. Skipping visualisations.
Graphics context not yet initialized. Skipping visualisations.
Graphics context not yet initialized. Skipping visualisations.
Graphics context not yet initialized. Skipping visualisations.
Graphics context not yet initialized. Skipping visualisations.
Graphics context not yet initialized. Skipping visualisations.
Graphics context not yet initialized. Skipping visualisations.
Graphics context not yet initialized. Skipping visualisations.
Graphics context not yet initialized. Skipping visualisations.
Graphics context not yet initialized. Skipping visualisations.
Graphics context not yet initialized. Skipping visualisations.
Graphics context not yet initialized. Skipping visualisations.
Graphics context not yet initialized. Skipping visualisations.
Graphics context not yet initialized. Skipping visualisations.
Graphics context not yet initialized. Skipping visualisations.
Graphics context not yet initialized. Skipping visualisations.
Graphics context not yet initialized. Skipping visualisations.
Graphics context not yet initialized. Skipping visualisations.
Graphics context not yet initialized. Skipping visualisations.
Graphics context not yet initialized. Skipping visualisations.
Graphics context not yet initialized. Skipping visualisations.
Graphics context not yet initialized. Skipping visualisations.
Graphics context not yet initialized. Skipping visualisations.
Graphics context not yet initialized. Skipping visualisations.
Graphics context not yet initialized. Skipping visualisations.
Graphics context not yet initialized. Skipping visualisations.
Graphics context not yet initialized. Skipping visualisations.
Graphics context not yet initialized. Skipping visualisations.
Graphics context not yet initialized. Skipping visualisations.
Graphics context not yet initialized. Skipping visualisations.
Graphics context not yet initialized. Skipping visualisations.
Graphics context not yet initialized. Skipping visualisations.
Graphics context not yet initialized. Skipping visualisations.
Graphics context not yet initialized. Skipping visualisations.
Graphics context not yet initialized. Skipping visualisations.
Graphics context not yet initialized. Skipping visualisations.
Graphics context not yet initialized. Skipping visualisations.
Graphics context not yet initialized. Skipping visualisations.
Graphics context not yet initialized. Skipping visualisations.
Graphics context not yet initialized. Skipping visualisations.
Graphics context not yet initialized. Skipping visualisations.
Graphics context not yet initialized. Skipping visualisations.
Graphics context not yet initialized. Skipping visualisations.
Graphics context not yet initialized. Skipping visualisations.
Graphics context not yet initialized. Skipping visualisations.
Graphics context not yet initialized. Skipping visualisations.
Graphics context not yet initialized. Skipping visualisations.
Graphics context not yet initialized. Skipping visualisations.
Graphics context not yet initialized. Skipping visualisations.
Graphics context not yet initialized. Skipping visualisations.
Graphics context not yet initialized. Skipping visualisations.
Graphics context not yet initialized. Skipping visualisations.
Graphics context not yet initialized. Skipping visualisations.
Graphics context not yet initialized. Skipping visualisations.
Graphics context not yet initialized. Skipping visualisations.
Graphics context not yet initialized. Skipping visualisations.
Graphics context not yet initialized. Skipping visualisations.
Graphics context not yet initialized. Skipping visualisations.
Graphics context not yet initialized. Skipping visualisations.
Graphics context not yet initialized. Skipping visualisations.
Graphics context not yet initialized. Skipping visualisations.
Graphics context not yet initialized. Skipping visualisations.
Graphics context not yet initialized. Skipping visualisations.
Graphics context not yet initialized. Skipping visualisations.
Graphics context not yet initialized. Skipping visualisations.
Graphics context not yet initialized. Skipping visualisations.
Graphics context not yet initialized. Skipping visualisations.
Graphics context not yet initialized. Skipping visualisations.
Graphics context not yet initialized. Skipping visualisations.
Graphics context not yet initialized. Skipping visualisations.
Graphics context not yet initialized. Skipping visualisations.
Graphics context not yet initialized. Skipping visualisations.
Graphics context not yet initialized. Skipping visualisations.
Graphics context not yet initialized. Skipping visualisations.
Graphics context not yet initialized. Skipping visualisations.
Graphics context not yet initialized. Skipping visualisations.
Graphics context not yet initialized. Skipping visualisations.
Graphics context not yet initialized. Skipping visualisations.
Graphics context not yet initialized. Skipping visualisations.
Graphics context not yet initialized. Skipping visualisations.
Graphics context not yet initialized. Skipping visualisations.
Graphics context not yet initialized. Skipping visualisations.
Graphics context not yet initialized. Skipping visualisations.
Graphics context not yet initialized. Skipping visualisations.
Graphics context not yet initialized. Skipping visualisations.
Graphics context not yet initialized. Skipping visualisations.
Graphics context not yet initialized. Skipping visualisations.
Graphics context not yet initialized. Skipping visualisations.
Graphics context not yet initialized. Skipping visualisations.
Graphics context not yet initialized. Skipping visualisations.
Graphics context not yet initialized. Skipping visualisations.
Graphics context not yet initialized. Skipping visualisations.
Graphics context not yet initialized. Skipping visualisations.
Graphics context not yet initialized. Skipping visualisations.
Graphics context not yet initialized. Skipping visualisations.
Graphics context not yet initialized. Skipping visualisations.
Graphics context not yet initialized. Skipping visualisations.
Graphics context not yet initialized. Skipping visualisations.
Graphics context not yet initialized. Skipping visualisations.
Graphics context not yet initialized. Skipping visualisations.
Graphics context not yet initialized. Skipping visualisations.
Graphics context not yet initialized. Skipping visualisations.
Graphics context not yet initialized. Skipping visualisations.
Graphics context not yet initialized. Skipping visualisations.
Graphics context not yet initialized. Skipping visualisations.
Graphics context not yet initialized. Skipping visualisations.
Graphics context not yet initialized. Skipping visualisations.
Graphics context not yet initialized. Skipping visualisations.
Graphics context not yet initialized. Skipping visualisations.
Graphics context not yet initialized. Skipping visualisations.
Graphics context not yet initialized. Skipping visualisations.
Graphics context not yet initialized. Skipping visualisations.
Graphics context not yet initialized. Skipping visualisations.
Graphics context not yet initialized. Skipping visualisations.
Graphics context not yet initialized. Skipping visualisations.
Graphics context not yet initialized. Skipping visualisations.
Graphics context not yet initialized. Skipping visualisations.
Graphics context not yet initialized. Skipping visualisations.
Graphics context not yet initialized. Skipping visualisations.
Graphics context not yet initialized. Skipping visualisations.
Graphics context not yet initialized. Skipping visualisations.
Graphics context not yet initialized. Skipping visualisations.
Graphics context not yet initialized. Skipping visualisations.
Graphics context not yet initialized. Skipping visualisations.
Graphics context not yet initialized. Skipping visualisations.
Graphics context not yet initialized. Skipping visualisations.
Graphics context not yet initialized. Skipping visualisations.
Graphics context not yet initialized. Skipping visualisations.
Graphics context not yet initialized. Skipping visualisations.
Graphics context not yet initialized. Skipping visualisations.
Graphics context not yet initialized. Skipping visualisations.
Graphics context not yet initialized. Skipping visualisations.
Graphics context not yet initialized. Skipping visualisations.
Graphics context not yet initialized. Skipping visualisations.
Graphics context not yet initialized. Skipping visualisations.
Graphics context not yet initialized. Skipping visualisations.
Graphics context not yet initialized. Skipping visualisations.
Graphics context not yet initialized. Skipping visualisations.
Graphics context not yet initialized. Skipping visualisations.
Graphics context not yet initialized. Skipping visualisations.
Graphics context not yet initialized. Skipping visualisations.
Graphics context not yet initialized. Skipping visualisations.
Graphics context not yet initialized. Skipping visualisations.
Graphics context not yet initialized. Skipping visualisations.
Graphics context not yet initialized. Skipping visualisations.
Graphics context not yet initialized. Skipping visualisations.
Graphics context not yet initialized. Skipping visualisations.
Graphics context not yet initialized. Skipping visualisations.
Graphics context not yet initialized. Skipping visualisations.
Graphics context not yet initialized. Skipping visualisations.
Graphics context not yet initialized. Skipping visualisations.
Graphics context not yet initialized. Skipping visualisations.
Graphics context not yet initialized. Skipping visualisations.
Graphics context not yet initialized. Skipping visualisations.
Graphics context not yet initialized. Skipping visualisations.
Graphics context not yet initialized. Skipping visualisations.
Graphics context not yet initialized. Skipping visualisations.
Graphics context not yet initialized. Skipping visualisations.
Graphics context not yet initialized. Skipping visualisations.
Graphics context not yet initialized. Skipping visualisations.
Graphics context not yet initialized. Skipping visualisations.
Graphics context not yet initialized. Skipping visualisations.
Graphics context not yet initialized. Skipping visualisations.
Graphics context not yet initialized. Skipping visualisations.
Graphics context not yet initialized. Skipping visualisations.
Graphics context not yet initialized. Skipping visualisations.
Graphics context not yet initialized. Skipping visualisations.
Graphics context not yet initialized. Skipping visualisations.
Graphics context not yet initialized. Skipping visualisations.
Graphics context not yet initialized. Skipping visualisations.
Graphics context not yet initialized. Skipping visualisations.
Graphics context not yet initialized. Skipping visualisations.
Graphics context not yet initialized. Skipping visualisations.
Graphics context not yet initialized. Skipping visualisations.
Graphics context not yet initialized. Skipping visualisations.
Graphics context not yet initialized. Skipping visualisations.
Graphics context not yet initialized. Skipping visualisations.
Graphics context not yet initialized. Skipping visualisations.
Graphics context not yet initialized. Skipping visualisations.
Graphics context not yet initialized. Skipping visualisations.
Graphics context not yet initialized. Skipping visualisations.
Graphics context not yet initialized. Skipping visualisations.
Graphics context not yet initialized. Skipping visualisations.
Graphics context not yet initialized. Skipping visualisations.
Graphics context not yet initialized. Skipping visualisations.
Graphics context not yet initialized. Skipping visualisations.
Graphics context not yet initialized. Skipping visualisations.
Graphics context not yet initialized. Skipping visualisations.
Graphics context not yet initialized. Skipping visualisations.
Graphics context not yet initialized. Skipping visualisations.
Graphics context not yet initialized. Skipping visualisations.
Graphics context not yet initialized. Skipping visualisations.
Graphics context not yet initialized. Skipping visualisations.
Graphics context not yet initialized. Skipping visualisations.
Graphics context not yet initialized. Skipping visualisations.
Graphics context not yet initialized. Skipping visualisations.
Graphics context not yet initialized. Skipping visualisations.
Graphics context not yet initialized. Skipping visualisations.
Graphics context not yet initialized. Skipping visualisations.
Graphics context not yet initialized. Skipping visualisations.
Graphics context not yet initialized. Skipping visualisations.
Graphics context not yet initialized. Skipping visualisations.
Graphics context not yet initialized. Skipping visualisations.
Graphics context not yet initialized. Skipping visualisations.
Graphics context not yet initialized. Skipping visualisations.
Graphics context not yet initialized. Skipping visualisations.
Graphics context not yet initialized. Skipping visualisations.
Graphics context not yet initialized. Skipping visualisations.
Graphics context not yet initialized. Skipping visualisations.
Graphics context not yet initialized. Skipping visualisations.
Graphics context not yet initialized. Skipping visualisations.
Graphics context not yet initialized. Skipping visualisations.
Graphics context not yet initialized. Skipping visualisations.
Graphics context not yet initialized. Skipping visualisations.
Graphics context not yet initialized. Skipping visualisations.
Graphics context not yet initialized. Skipping visualisations.
Graphics context not yet initialized. Skipping visualisations.
Graphics context not yet initialized. Skipping visualisations.
Graphics context not yet initialized. Skipping visualisations.
Graphics context not yet initialized. Skipping visualisations.
Graphics context not yet initialized. Skipping visualisations.
Graphics context not yet initialized. Skipping visualisations.
Graphics context not yet initialized. Skipping visualisations.
Graphics context not yet initialized. Skipping visualisations.
Graphics context not yet initialized. Skipping visualisations.
Graphics context not yet initialized. Skipping visualisations.
Graphics context not yet initialized. Skipping visualisations.
Graphics context not yet initialized. Skipping visualisations.
Graphics context not yet initialized. Skipping visualisations.
Graphics context not yet initialized. Skipping visualisations.
Graphics context not yet initialized. Skipping visualisations.
Graphics context not yet initialized. Skipping visualisations.
Graphics context not yet initialized. Skipping visualisations.
Graphics context not yet initialized. Skipping visualisations.
Graphics context not yet initialized. Skipping visualisations.
Graphics context not yet initialized. Skipping visualisations.
Graphics context not yet initialized. Skipping visualisations.
Graphics context not yet initialized. Skipping visualisations.
Graphics context not yet initialized. Skipping visualisations.
Graphics context not yet initialized. Skipping visualisations.
Graphics context not yet initialized. Skipping visualisations.
Graphics context not yet initialized. Skipping visualisations.
Graphics context not yet initialized. Skipping visualisations.
Graphics context not yet initialized. Skipping visualisations.
Graphics context not yet initialized. Skipping visualisations.
Graphics context not yet initialized. Skipping visualisations.
Graphics context not yet initialized. Skipping visualisations.
Graphics context not yet initialized. Skipping visualisations.
Graphics context not yet initialized. Skipping visualisations.
Graphics context not yet initialized. Skipping visualisations.
Graphics context not yet initialized. Skipping visualisations.
Graphics context not yet initialized. Skipping visualisations.
Graphics context not yet initialized. Skipping visualisations.
Graphics context not yet initialized. Skipping visualisations.
Graphics context not yet initialized. Skipping visualisations.
Graphics context not yet initialized. Skipping visualisations.
Graphics context not yet initialized. Skipping visualisations.
Graphics context not yet initialized. Skipping visualisations.
Graphics context not yet initialized. Skipping visualisations.
Graphics context not yet initialized. Skipping visualisations.
Graphics context not yet initialized. Skipping visualisations.
Graphics context not yet initialized. Skipping visualisations.
Graphics context not yet initialized. Skipping visualisations.
Graphics context not yet initialized. Skipping visualisations.
Graphics context not yet initialized. Skipping visualisations.
Graphics context not yet initialized. Skipping visualisations.
Graphics context not yet initialized. Skipping visualisations.
Graphics context not yet initialized. Skipping visualisations.
Graphics context not yet initialized. Skipping visualisations.
Graphics context not yet initialized. Skipping visualisations.
Graphics context not yet initialized. Skipping visualisations.
Graphics context not yet initialized. Skipping visualisations.
Graphics context not yet initialized. Skipping visualisations.
Graphics context not yet initialized. Skipping visualisations.
Graphics context not yet initialized. Skipping visualisations.
Graphics context not yet initialized. Skipping visualisations.
Graphics context not yet initialized. Skipping visualisations.
Graphics context not yet initialized. Skipping visualisations.
Graphics context not yet initialized. Skipping visualisations.
Graphics context not yet initialized. Skipping visualisations.
Graphics context not yet initialized. Skipping visualisations.
Graphics context not yet initialized. Skipping visualisations.
Graphics context not yet initialized. Skipping visualisations.
Graphics context not yet initialized. Skipping visualisations.
Graphics context not yet initialized. Skipping visualisations.
Graphics context not yet initialized. Skipping visualisations.
Graphics context not yet initialized. Skipping visualisations.
Graphics context not yet initialized. Skipping visualisations.
Graphics context not yet initialized. Skipping visualisations.
Graphics context not yet initialized. Skipping visualisations.
Graphics context not yet initialized. Skipping visualisations.
Graphics context not yet initialized. Skipping visualisations.
Graphics context not yet initialized. Skipping visualisations.
Graphics context not yet initialized. Skipping visualisations.
Graphics context not yet initialized. Skipping visualisations.
Graphics context not yet initialized. Skipping visualisations.
Graphics context not yet initialized. Skipping visualisations.
Graphics context not yet initialized. Skipping visualisations.
Graphics context not yet initialized. Skipping visualisations.
Graphics context not yet initialized. Skipping visualisations.
Graphics context not yet initialized. Skipping visualisations.
Graphics context not yet initialized. Skipping visualisations.
Graphics context not yet initialized. Skipping visualisations.
Graphics context not yet initialized. Skipping visualisations.
Graphics context not yet initialized. Skipping visualisations.
Graphics context not yet initialized. Skipping visualisations.
Graphics context not yet initialized. Skipping visualisations.
Graphics context not yet initialized. Skipping visualisations.
Graphics context not yet initialized. Skipping visualisations.
Graphics context not yet initialized. Skipping visualisations.
Graphics context not yet initialized. Skipping visualisations.
Graphics context not yet initialized. Skipping visualisations.
Graphics context not yet initialized. Skipping visualisations.
Graphics context not yet initialized. Skipping visualisations.
Graphics context not yet initialized. Skipping visualisations.
Graphics context not yet initialized. Skipping visualisations.
Graphics context not yet initialized. Skipping visualisations.
Graphics context not yet initialized. Skipping visualisations.
Graphics context not yet initialized. Skipping visualisations.
Graphics context not yet initialized. Skipping visualisations.
Graphics context not yet initialized. Skipping visualisations.
Graphics context not yet initialized. Skipping visualisations.
Graphics context not yet initialized. Skipping visualisations.
Graphics context not yet initialized. Skipping visualisations.
Graphics context not yet initialized. Skipping visualisations.
Graphics context not yet initialized. Skipping visualisations.
Graphics context not yet initialized. Skipping visualisations.
Graphics context not yet initialized. Skipping visualisations.
Graphics context not yet initialized. Skipping visualisations.
Graphics context not yet initialized. Skipping visualisations.
Graphics context not yet initialized. Skipping visualisations.
Graphics context not yet initialized. Skipping visualisations.
Graphics context not yet initialized. Skipping visualisations.
Graphics context not yet initialized. Skipping visualisations.
Graphics context not yet initialized. Skipping visualisations.
Graphics context not yet initialized. Skipping visualisations.
Graphics context not yet initialized. Skipping visualisations.
Graphics context not yet initialized. Skipping visualisations.
Graphics context not yet initialized. Skipping visualisations.
Graphics context not yet initialized. Skipping visualisations.
Graphics context not yet initialized. Skipping visualisations.
Graphics context not yet initialized. Skipping visualisations.
Graphics context not yet initialized. Skipping visualisations.
Graphics context not yet initialized. Skipping visualisations.
Graphics context not yet initialized. Skipping visualisations.
Graphics context not yet initialized. Skipping visualisations.
Graphics context not yet initialized. Skipping visualisations.
Graphics context not yet initialized. Skipping visualisations.
Graphics context not yet initialized. Skipping visualisations.
Graphics context not yet initialized. Skipping visualisations.
Graphics context not yet initialized. Skipping visualisations.
Graphics context not yet initialized. Skipping visualisations.
Graphics context not yet initialized. Skipping visualisations.
Graphics context not yet initialized. Skipping visualisations.
Graphics context not yet initialized. Skipping visualisations.
Graphics context not yet initialized. Skipping visualisations.
Graphics context not yet initialized. Skipping visualisations.
Graphics context not yet initialized. Skipping visualisations.
Graphics context not yet initialized. Skipping visualisations.
Graphics context not yet initialized. Skipping visualisations.
Graphics context not yet initialized. Skipping visualisations.
Graphics context not yet initialized. Skipping visualisations.
Graphics context not yet initialized. Skipping visualisations.
Graphics context not yet initialized. Skipping visualisations.
Graphics context not yet initialized. Skipping visualisations.
Graphics context not yet initialized. Skipping visualisations.
Graphics context not yet initialized. Skipping visualisations.
Graphics context not yet initialized. Skipping visualisations.
Graphics context not yet initialized. Skipping visualisations.
Graphics context not yet initialized. Skipping visualisations.
Graphics context not yet initialized. Skipping visualisations.
Graphics context not yet initialized. Skipping visualisations.
Graphics context not yet initialized. Skipping visualisations.
Graphics context not yet initialized. Skipping visualisations.
Graphics context not yet initialized. Skipping visualisations.
Graphics context not yet initialized. Skipping visualisations.
Graphics context not yet initialized. Skipping visualisations.
Graphics context not yet initialized. Skipping visualisations.
Graphics context not yet initialized. Skipping visualisations.
Graphics context not yet initialized. Skipping visualisations.
Graphics context not yet initialized. Skipping visualisations.
Graphics context not yet initialized. Skipping visualisations.
Graphics context not yet initialized. Skipping visualisations.
Graphics context not yet initialized. Skipping visualisations.
Graphics context not yet initialized. Skipping visualisations.
Graphics context not yet initialized. Skipping visualisations.
Graphics context not yet initialized. Skipping visualisations.
Graphics context not yet initialized. Skipping visualisations.
Graphics context not yet initialized. Skipping visualisations.
Graphics context not yet initialized. Skipping visualisations.
Graphics context not yet initialized. Skipping visualisations.
Graphics context not yet initialized. Skipping visualisations.
Graphics context not yet initialized. Skipping visualisations.
Graphics context not yet initialized. Skipping visualisations.
Graphics context not yet initialized. Skipping visualisations.
Graphics context not yet initialized. Skipping visualisations.
Graphics context not yet initialized. Skipping visualisations.
Graphics context not yet initialized. Skipping visualisations.
Graphics context not yet initialized. Skipping visualisations.
Graphics context not yet initialized. Skipping visualisations.
Graphics context not yet initialized. Skipping visualisations.
Graphics context not yet initialized. Skipping visualisations.
Graphics context not yet initialized. Skipping visualisations.
Graphics context not yet initialized. Skipping visualisations.
Graphics context not yet initialized. Skipping visualisations.
Graphics context not yet initialized. Skipping visualisations.
Graphics context not yet initialized. Skipping visualisations.
Graphics context not yet initialized. Skipping visualisations.
Graphics context not yet initialized. Skipping visualisations.
Graphics context not yet initialized. Skipping visualisations.
Graphics context not yet initialized. Skipping visualisations.
Graphics context not yet initialized. Skipping visualisations.
Graphics context not yet initialized. Skipping visualisations.
Graphics context not yet initialized. Skipping visualisations.
Graphics context not yet initialized. Skipping visualisations.
Graphics context not yet initialized. Skipping visualisations.
Graphics context not yet initialized. Skipping visualisations.
Graphics context not yet initialized. Skipping visualisations.
Graphics context not yet initialized. Skipping visualisations.
Graphics context not yet initialized. Skipping visualisations.
Graphics context not yet initialized. Skipping visualisations.
Graphics context not yet initialized. Skipping visualisations.
Graphics context not yet initialized. Skipping visualisations.
Graphics context not yet initialized. Skipping visualisations.
Graphics context not yet initialized. Skipping visualisations.
Graphics context not yet initialized. Skipping visualisations.
Graphics context not yet initialized. Skipping visualisations.
Graphics context not yet initialized. Skipping visualisations.
Graphics context not yet initialized. Skipping visualisations.
Graphics context not yet initialized. Skipping visualisations.
Graphics context not yet initialized. Skipping visualisations.
Graphics context not yet initialized. Skipping visualisations.
Graphics context not yet initialized. Skipping visualisations.
Graphics context not yet initialized. Skipping visualisations.
Graphics context not yet initialized. Skipping visualisations.
Graphics context not yet initialized. Skipping visualisations.
Graphics context not yet initialized. Skipping visualisations.
Graphics context not yet initialized. Skipping visualisations.
Graphics context not yet initialized. Skipping visualisations.
Graphics context not yet initialized. Skipping visualisations.
Graphics context not yet initialized. Skipping visualisations.
Graphics context not yet initialized. Skipping visualisations.
Graphics context not yet initialized. Skipping visualisations.
Graphics context not yet initialized. Skipping visualisations.
Graphics context not yet initialized. Skipping visualisations.
Graphics context not yet initialized. Skipping visualisations.
Graphics context not yet initialized. Skipping visualisations.
Graphics context not yet initialized. Skipping visualisations.
Graphics context not yet initialized. Skipping visualisations.
Graphics context not yet initialized. Skipping visualisations.
Graphics context not yet initialized. Skipping visualisations.
Graphics context not yet initialized. Skipping visualisations.
Graphics context not yet initialized. Skipping visualisations.
Graphics context not yet initialized. Skipping visualisations.
Graphics context not yet initialized. Skipping visualisations.
Graphics context not yet initialized. Skipping visualisations.
Graphics context not yet initialized. Skipping visualisations.
Graphics context not yet initialized. Skipping visualisations.
Graphics context not yet initialized. Skipping visualisations.
Graphics context not yet initialized. Skipping visualisations.
Graphics context not yet initialized. Skipping visualisations.
Graphics context not yet initialized. Skipping visualisations.
Graphics context not yet initialized. Skipping visualisations.
Graphics context not yet initialized. Skipping visualisations.
Graphics context not yet initialized. Skipping visualisations.
Graphics context not yet initialized. Skipping visualisations.
Graphics context not yet initialized. Skipping visualisations.
Graphics context not yet initialized. Skipping visualisations.
Graphics context not yet initialized. Skipping visualisations.
Graphics context not yet initialized. Skipping visualisations.
Graphics context not yet initialized. Skipping visualisations.
Graphics context not yet initialized. Skipping visualisations.
Graphics context not yet initialized. Skipping visualisations.
Graphics context not yet initialized. Skipping visualisations.
Graphics context not yet initialized. Skipping visualisations.
Graphics context not yet initialized. Skipping visualisations.
Graphics context not yet initialized. Skipping visualisations.
Graphics context not yet initialized. Skipping visualisations.
Graphics context not yet initialized. Skipping visualisations.
Graphics context not yet initialized. Skipping visualisations.
Graphics context not yet initialized. Skipping visualisations.
Graphics context not yet initialized. Skipping visualisations.
Graphics context not yet initialized. Skipping visualisations.
Graphics context not yet initialized. Skipping visualisations.
Graphics context not yet initialized. Skipping visualisations.
Graphics context not yet initialized. Skipping visualisations.
Graphics context not yet initialized. Skipping visualisations.
Graphics context not yet initialized. Skipping visualisations.
Graphics context not yet initialized. Skipping visualisations.
Graphics context not yet initialized. Skipping visualisations.
Graphics context not yet initialized. Skipping visualisations.
Graphics context not yet initialized. Skipping visualisations.
Graphics context not yet initialized. Skipping visualisations.
Graphics context not yet initialized. Skipping visualisations.
Graphics context not yet initialized. Skipping visualisations.
Graphics context not yet initialized. Skipping visualisations.
Graphics context not yet initialized. Skipping visualisations.
Graphics context not yet initialized. Skipping visualisations.
Graphics context not yet initialized. Skipping visualisations.
Graphics context not yet initialized. Skipping visualisations.
Graphics context not yet initialized. Skipping visualisations.
Graphics context not yet initialized. Skipping visualisations.
Graphics context not yet initialized. Skipping visualisations.
Graphics context not yet initialized. Skipping visualisations.
Graphics context not yet initialized. Skipping visualisations.
Graphics context not yet initialized. Skipping visualisations.
Graphics context not yet initialized. Skipping visualisations.
Graphics context not yet initialized. Skipping visualisations.
Graphics context not yet initialized. Skipping visualisations.
Graphics context not yet initialized. Skipping visualisations.
Graphics context not yet initialized. Skipping visualisations.
Graphics context not yet initialized. Skipping visualisations.
Graphics context not yet initialized. Skipping visualisations.
Graphics context not yet initialized. Skipping visualisations.
Graphics context not yet initialized. Skipping visualisations.
Graphics context not yet initialized. Skipping visualisations.
Graphics context not yet initialized. Skipping visualisations.
Graphics context not yet initialized. Skipping visualisations.
Graphics context not yet initialized. Skipping visualisations.
Graphics context not yet initialized. Skipping visualisations.
Graphics context not yet initialized. Skipping visualisations.
Graphics context not yet initialized. Skipping visualisations.
Graphics context not yet initialized. Skipping visualisations.
Graphics context not yet initialized. Skipping visualisations.
Graphics context not yet initialized. Skipping visualisations.
Graphics context not yet initialized. Skipping visualisations.
Graphics context not yet initialized. Skipping visualisations.
Graphics context not yet initialized. Skipping visualisations.
Graphics context not yet initialized. Skipping visualisations.
Graphics context not yet initialized. Skipping visualisations.
Graphics context not yet initialized. Skipping visualisations.
Graphics context not yet initialized. Skipping visualisations.
Graphics context not yet initialized. Skipping visualisations.
Graphics context not yet initialized. Skipping visualisations.
Graphics context not yet initialized. Skipping visualisations.
Graphics context not yet initialized. Skipping visualisations.
Graphics context not yet initialized. Skipping visualisations.
Graphics context not yet initialized. Skipping visualisations.
Graphics context not yet initialized. Skipping visualisations.
Graphics context not yet initialized. Skipping visualisations.
Graphics context not yet initialized. Skipping visualisations.
Graphics context not yet initialized. Skipping visualisations.
Graphics context not yet initialized. Skipping visualisations.
Graphics context not yet initialized. Skipping visualisations.
Graphics context not yet initialized. Skipping visualisations.
Graphics context not yet initialized. Skipping visualisations.
Graphics context not yet initialized. Skipping visualisations.
Graphics context not yet initialized. Skipping visualisations.
Graphics context not yet initialized. Skipping visualisations.
Graphics context not yet initialized. Skipping visualisations.
Graphics context not yet initialized. Skipping visualisations.
Graphics context not yet initialized. Skipping visualisations.
Graphics context not yet initialized. Skipping visualisations.
Graphics context not yet initialized. Skipping visualisations.
Graphics context not yet initialized. Skipping visualisations.
Graphics context not yet initialized. Skipping visualisations.
Graphics context not yet initialized. Skipping visualisations.
Graphics context not yet initialized. Skipping visualisations.
Graphics context not yet initialized. Skipping visualisations.
Graphics context not yet initialized. Skipping visualisations.
Graphics context not yet initialized. Skipping visualisations.
Graphics context not yet initialized. Skipping visualisations.
Graphics context not yet initialized. Skipping visualisations.
Graphics context not yet initialized. Skipping visualisations.
Graphics context not yet initialized. Skipping visualisations.
Graphics context not yet initialized. Skipping visualisations.
Graphics context not yet initialized. Skipping visualisations.
Graphics context not yet initialized. Skipping visualisations.
Graphics context not yet initialized. Skipping visualisations.
Graphics context not yet initialized. Skipping visualisations.
Graphics context not yet initialized. Skipping visualisations.
Graphics context not yet initialized. Skipping visualisations.
Graphics context not yet initialized. Skipping visualisations.
Graphics context not yet initialized. Skipping visualisations.
Graphics context not yet initialized. Skipping visualisations.
Graphics context not yet initialized. Skipping visualisations.
Graphics context not yet initialized. Skipping visualisations.
Graphics context not yet initialized. Skipping visualisations.
Graphics context not yet initialized. Skipping visualisations.
Graphics context not yet initialized. Skipping visualisations.
Graphics context not yet initialized. Skipping visualisations.
Graphics context not yet initialized. Skipping visualisations.
Graphics context not yet initialized. Skipping visualisations.
Graphics context not yet initialized. Skipping visualisations.
Graphics context not yet initialized. Skipping visualisations.
Graphics context not yet initialized. Skipping visualisations.
Graphics context not yet initialized. Skipping visualisations.
Graphics context not yet initialized. Skipping visualisations.
Graphics context not yet initialized. Skipping visualisations.
Graphics context not yet initialized. Skipping visualisations.
Graphics context not yet initialized. Skipping visualisations.
Graphics context not yet initialized. Skipping visualisations.
Graphics context not yet initialized. Skipping visualisations.
Graphics context not yet initialized. Skipping visualisations.
Graphics context not yet initialized. Skipping visualisations.
Graphics context not yet initialized. Skipping visualisations.
Graphics context not yet initialized. Skipping visualisations.
Graphics context not yet initialized. Skipping visualisations.
Graphics context not yet initialized. Skipping visualisations.
Graphics context not yet initialized. Skipping visualisations.
Graphics context not yet initialized. Skipping visualisations.
Graphics context not yet initialized. Skipping visualisations.
Graphics context not yet initialized. Skipping visualisations.
Graphics context not yet initialized. Skipping visualisations.
Graphics context not yet initialized. Skipping visualisations.
Graphics context not yet initialized. Skipping visualisations.
Graphics context not yet initialized. Skipping visualisations.
Graphics context not yet initialized. Skipping visualisations.
Graphics context not yet initialized. Skipping visualisations.
Graphics context not yet initialized. Skipping visualisations.
Graphics context not yet initialized. Skipping visualisations.
Graphics context not yet initialized. Skipping visualisations.
Graphics context not yet initialized. Skipping visualisations.
Graphics context not yet initialized. Skipping visualisations.
Graphics context not yet initialized. Skipping visualisations.
Graphics context not yet initialized. Skipping visualisations.
Graphics context not yet initialized. Skipping visualisations.
Graphics context not yet initialized. Skipping visualisations.
Graphics context not yet initialized. Skipping visualisations.
Graphics context not yet initialized. Skipping visualisations.
Graphics context not yet initialized. Skipping visualisations.
Graphics context not yet initialized. Skipping visualisations.
Graphics context not yet initialized. Skipping visualisations.
Graphics context not yet initialized. Skipping visualisations.
Graphics context not yet initialized. Skipping visualisations.
Graphics context not yet initialized. Skipping visualisations.
Graphics context not yet initialized. Skipping visualisations.
Graphics context not yet initialized. Skipping visualisations.
Graphics context not yet initialized. Skipping visualisations.
Graphics context not yet initialized. Skipping visualisations.
Graphics context not yet initialized. Skipping visualisations.
Graphics context not yet initialized. Skipping visualisations.
Graphics context not yet initialized. Skipping visualisations.
Graphics context not yet initialized. Skipping visualisations.
Graphics context not yet initialized. Skipping visualisations.
Graphics context not yet initialized. Skipping visualisations.
Graphics context not yet initialized. Skipping visualisations.
Graphics context not yet initialized. Skipping visualisations.
Graphics context not yet initialized. Skipping visualisations.
Graphics context not yet initialized. Skipping visualisations.
Graphics context not yet initialized. Skipping visualisations.
Graphics context not yet initialized. Skipping visualisations.
Graphics context not yet initialized. Skipping visualisations.
Graphics context not yet initialized. Skipping visualisations.
Graphics context not yet initialized. Skipping visualisations.
Graphics context not yet initialized. Skipping visualisations.
Graphics context not yet initialized. Skipping visualisations.
Graphics context not yet initialized. Skipping visualisations.
Graphics context not yet initialized. Skipping visualisations.
Graphics context not yet initialized. Skipping visualisations.
Graphics context not yet initialized. Skipping visualisations.
Graphics context not yet initialized. Skipping visualisations.
Graphics context not yet initialized. Skipping visualisations.
Graphics context not yet initialized. Skipping visualisations.
Graphics context not yet initialized. Skipping visualisations.
Graphics context not yet initialized. Skipping visualisations.
Graphics context not yet initialized. Skipping visualisations.
Graphics context not yet initialized. Skipping visualisations.
Graphics context not yet initialized. Skipping visualisations.
Graphics context not yet initialized. Skipping visualisations.
Graphics context not yet initialized. Skipping visualisations.
Graphics context not yet initialized. Skipping visualisations.
Graphics context not yet initialized. Skipping visualisations.
Graphics context not yet initialized. Skipping visualisations.
Graphics context not yet initialized. Skipping visualisations.
Graphics context not yet initialized. Skipping visualisations.
Graphics context not yet initialized. Skipping visualisations.
Graphics context not yet initialized. Skipping visualisations.
Graphics context not yet initialized. Skipping visualisations.
Graphics context not yet initialized. Skipping visualisations.
Graphics context not yet initialized. Skipping visualisations.
Graphics context not yet initialized. Skipping visualisations.
Graphics context not yet initialized. Skipping visualisations.
Graphics context not yet initialized. Skipping visualisations.
Graphics context not yet initialized. Skipping visualisations.
Graphics context not yet initialized. Skipping visualisations.
Graphics context not yet initialized. Skipping visualisations.
Graphics context not yet initialized. Skipping visualisations.
Graphics context not yet initialized. Skipping visualisations.
Graphics context not yet initialized. Skipping visualisations.
Graphics context not yet initialized. Skipping visualisations.
Graphics context not yet initialized. Skipping visualisations.
Graphics context not yet initialized. Skipping visualisations.
Graphics context not yet initialized. Skipping visualisations.
Graphics context not yet initialized. Skipping visualisations.
Graphics context not yet initialized. Skipping visualisations.
Graphics context not yet initialized. Skipping visualisations.
Graphics context not yet initialized. Skipping visualisations.
Graphics context not yet initialized. Skipping visualisations.
Graphics context not yet initialized. Skipping visualisations.
Graphics context not yet initialized. Skipping visualisations.
Graphics context not yet initialized. Skipping visualisations.
Graphics context not yet initialized. Skipping visualisations.
Graphics context not yet initialized. Skipping visualisations.
Graphics context not yet initialized. Skipping visualisations.
Graphics context not yet initialized. Skipping visualisations.
Graphics context not yet initialized. Skipping visualisations.
Graphics context not yet initialized. Skipping visualisations.
Graphics context not yet initialized. Skipping visualisations.
Graphics context not yet initialized. Skipping visualisations.
Graphics context not yet initialized. Skipping visualisations.
Graphics context not yet initialized. Skipping visualisations.
Graphics context not yet initialized. Skipping visualisations.
Graphics context not yet initialized. Skipping visualisations.
Graphics context not yet initialized. Skipping visualisations.
Graphics context not yet initialized. Skipping visualisations.
Graphics context not yet initialized. Skipping visualisations.
Graphics context not yet initialized. Skipping visualisations.
Graphics context not yet initialized. Skipping visualisations.
Graphics context not yet initialized. Skipping visualisations.
Graphics context not yet initialized. Skipping visualisations.
Graphics context not yet initialized. Skipping visualisations.
Graphics context not yet initialized. Skipping visualisations.
Graphics context not yet initialized. Skipping visualisations.
Graphics context not yet initialized. Skipping visualisations.
Graphics context not yet initialized. Skipping visualisations.
Graphics context not yet initialized. Skipping visualisations.
Graphics context not yet initialized. Skipping visualisations.
Graphics context not yet initialized. Skipping visualisations.
Graphics context not yet initialized. Skipping visualisations.
Graphics context not yet initialized. Skipping visualisations.
Graphics context not yet initialized. Skipping visualisations.
Graphics context not yet initialized. Skipping visualisations.
Graphics context not yet initialized. Skipping visualisations.
Graphics context not yet initialized. Skipping visualisations.
Graphics context not yet initialized. Skipping visualisations.
Graphics context not yet initialized. Skipping visualisations.
Graphics context not yet initialized. Skipping visualisations.
Graphics context not yet initialized. Skipping visualisations.
Graphics context not yet initialized. Skipping visualisations.
Graphics context not yet initialized. Skipping visualisations.
Graphics context not yet initialized. Skipping visualisations.
Graphics context not yet initialized. Skipping visualisations.
Graphics context not yet initialized. Skipping visualisations.
Graphics context not yet initialized. Skipping visualisations.
Graphics context not yet initialized. Skipping visualisations.
Graphics context not yet initialized. Skipping visualisations.
Graphics context not yet initialized. Skipping visualisations.
Graphics context not yet initialized. Skipping visualisations.
Graphics context not yet initialized. Skipping visualisations.
Graphics context not yet initialized. Skipping visualisations.
Graphics context not yet initialized. Skipping visualisations.
Graphics context not yet initialized. Skipping visualisations.
Graphics context not yet initialized. Skipping visualisations.
Graphics context not yet initialized. Skipping visualisations.
Graphics context not yet initialized. Skipping visualisations.
Graphics context not yet initialized. Skipping visualisations.
Graphics context not yet initialized. Skipping visualisations.
Graphics context not yet initialized. Skipping visualisations.
Graphics context not yet initialized. Skipping visualisations.
Graphics context not yet initialized. Skipping visualisations.
Graphics context not yet initialized. Skipping visualisations.
Graphics context not yet initialized. Skipping visualisations.
Graphics context not yet initialized. Skipping visualisations.
Graphics context not yet initialized. Skipping visualisations.
Graphics context not yet initialized. Skipping visualisations.
Graphics context not yet initialized. Skipping visualisations.
Graphics context not yet initialized. Skipping visualisations.
Graphics context not yet initialized. Skipping visualisations.
Graphics context not yet initialized. Skipping visualisations.
Graphics context not yet initialized. Skipping visualisations.
Graphics context not yet initialized. Skipping visualisations.
Graphics context not yet initialized. Skipping visualisations.
Graphics context not yet initialized. Skipping visualisations.
Graphics context not yet initialized. Skipping visualisations.
Graphics context not yet initialized. Skipping visualisations.
Graphics context not yet initialized. Skipping visualisations.
Graphics context not yet initialized. Skipping visualisations.
Graphics context not yet initialized. Skipping visualisations.
Graphics context not yet initialized. Skipping visualisations.
Graphics context not yet initialized. Skipping visualisations.
Graphics context not yet initialized. Skipping visualisations.
Graphics context not yet initialized. Skipping visualisations.
Graphics context not yet initialized. Skipping visualisations.
Graphics context not yet initialized. Skipping visualisations.
Graphics context not yet initialized. Skipping visualisations.
Graphics context not yet initialized. Skipping visualisations.
Graphics context not yet initialized. Skipping visualisations.
Graphics context not yet initialized. Skipping visualisations.
Graphics context not yet initialized. Skipping visualisations.
Graphics context not yet initialized. Skipping visualisations.
Graphics context not yet initialized. Skipping visualisations.
Graphics context not yet initialized. Skipping visualisations.
Graphics context not yet initialized. Skipping visualisations.
Graphics context not yet initialized. Skipping visualisations.
Graphics context not yet initialized. Skipping visualisations.
Graphics context not yet initialized. Skipping visualisations.
Graphics context not yet initialized. Skipping visualisations.
Graphics context not yet initialized. Skipping visualisations.
Graphics context not yet initialized. Skipping visualisations.
Graphics context not yet initialized. Skipping visualisations.
Graphics context not yet initialized. Skipping visualisations.
Graphics context not yet initialized. Skipping visualisations.
Graphics context not yet initialized. Skipping visualisations.
Graphics context not yet initialized. Skipping visualisations.
Graphics context not yet initialized. Skipping visualisations.
Graphics context not yet initialized. Skipping visualisations.
Graphics context not yet initialized. Skipping visualisations.
Graphics context not yet initialized. Skipping visualisations.
Graphics context not yet initialized. Skipping visualisations.
Graphics context not yet initialized. Skipping visualisations.
Graphics context not yet initialized. Skipping visualisations.
Graphics context not yet initialized. Skipping visualisations.
Graphics context not yet initialized. Skipping visualisations.
Graphics context not yet initialized. Skipping visualisations.
Graphics context not yet initialized. Skipping visualisations.
Graphics context not yet initialized. Skipping visualisations.
Graphics context not yet initialized. Skipping visualisations.
Graphics context not yet initialized. Skipping visualisations.
Graphics context not yet initialized. Skipping visualisations.
Graphics context not yet initialized. Skipping visualisations.
Graphics context not yet initialized. Skipping visualisations.
Graphics context not yet initialized. Skipping visualisations.
Graphics context not yet initialized. Skipping visualisations.
Graphics context not yet initialized. Skipping visualisations.
Graphics context not yet initialized. Skipping visualisations.
Graphics context not yet initialized. Skipping visualisations.
Graphics context not yet initialized. Skipping visualisations.
Graphics context not yet initialized. Skipping visualisations.
Graphics context not yet initialized. Skipping visualisations.
Graphics context not yet initialized. Skipping visualisations.
Graphics context not yet initialized. Skipping visualisations.
Graphics context not yet initialized. Skipping visualisations.
Graphics context not yet initialized. Skipping visualisations.
Graphics context not yet initialized. Skipping visualisations.
Graphics context not yet initialized. Skipping visualisations.
Graphics context not yet initialized. Skipping visualisations.
Graphics context not yet initialized. Skipping visualisations.
Graphics context not yet initialized. Skipping visualisations.
Graphics context not yet initialized. Skipping visualisations.
Graphics context not yet initialized. Skipping visualisations.
Graphics context not yet initialized. Skipping visualisations.
Graphics context not yet initialized. Skipping visualisations.
Graphics context not yet initialized. Skipping visualisations.
Graphics context not yet initialized. Skipping visualisations.
Graphics context not yet initialized. Skipping visualisations.
Graphics context not yet initialized. Skipping visualisations.
Graphics context not yet initialized. Skipping visualisations.
Graphics context not yet initialized. Skipping visualisations.
Graphics context not yet initialized. Skipping visualisations.
Graphics context not yet initialized. Skipping visualisations.
Graphics context not yet initialized. Skipping visualisations.
Graphics context not yet initialized. Skipping visualisations.
Graphics context not yet initialized. Skipping visualisations.
Graphics context not yet initialized. Skipping visualisations.
Graphics context not yet initialized. Skipping visualisations.
Graphics context not yet initialized. Skipping visualisations.
Graphics context not yet initialized. Skipping visualisations.
Graphics context not yet initialized. Skipping visualisations.
Graphics context not yet initialized. Skipping visualisations.
Graphics context not yet initialized. Skipping visualisations.
Graphics context not yet initialized. Skipping visualisations.
Graphics context not yet initialized. Skipping visualisations.
Graphics context not yet initialized. Skipping visualisations.
Graphics context not yet initialized. Skipping visualisations.
Graphics context not yet initialized. Skipping visualisations.
Graphics context not yet initialized. Skipping visualisations.
Graphics context not yet initialized. Skipping visualisations.
Graphics context not yet initialized. Skipping visualisations.
Graphics context not yet initialized. Skipping visualisations.
Graphics context not yet initialized. Skipping visualisations.
Graphics context not yet initialized. Skipping visualisations.
Graphics context not yet initialized. Skipping visualisations.
Graphics context not yet initialized. Skipping visualisations.
Graphics context not yet initialized. Skipping visualisations.
Graphics context not yet initialized. Skipping visualisations.
Graphics context not yet initialized. Skipping visualisations.
Graphics context not yet initialized. Skipping visualisations.
Graphics context not yet initialized. Skipping visualisations.
Graphics context not yet initialized. Skipping visualisations.
Graphics context not yet initialized. Skipping visualisations.
Graphics context not yet initialized. Skipping visualisations.
Graphics context not yet initialized. Skipping visualisations.
Graphics context not yet initialized. Skipping visualisations.
Graphics context not yet initialized. Skipping visualisations.
Graphics context not yet initialized. Skipping visualisations.
Graphics context not yet initialized. Skipping visualisations.
Graphics context not yet initialized. Skipping visualisations.
Graphics context not yet initialized. Skipping visualisations.
Graphics context not yet initialized. Skipping visualisations.
Graphics context not yet initialized. Skipping visualisations.
Graphics context not yet initialized. Skipping visualisations.
Graphics context not yet initialized. Skipping visualisations.
Graphics context not yet initialized. Skipping visualisations.
Graphics context not yet initialized. Skipping visualisations.
Graphics context not yet initialized. Skipping visualisations.
Graphics context not yet initialized. Skipping visualisations.
Graphics context not yet initialized. Skipping visualisations.
Graphics context not yet initialized. Skipping visualisations.
Graphics context not yet initialized. Skipping visualisations.
Graphics context not yet initialized. Skipping visualisations.
Graphics context not yet initialized. Skipping visualisations.
Graphics context not yet initialized. Skipping visualisations.
Graphics context not yet initialized. Skipping visualisations.
Graphics context not yet initialized. Skipping visualisations.
Graphics context not yet initialized. Skipping visualisations.
Graphics context not yet initialized. Skipping visualisations.
Graphics context not yet initialized. Skipping visualisations.
Graphics context not yet initialized. Skipping visualisations.
Graphics context not yet initialized. Skipping visualisations.
Graphics context not yet initialized. Skipping visualisations.
Graphics context not yet initialized. Skipping visualisations.
Graphics context not yet initialized. Skipping visualisations.
Graphics context not yet initialized. Skipping visualisations.
Graphics context not yet initialized. Skipping visualisations.
Graphics context not yet initialized. Skipping visualisations.
Graphics context not yet initialized. Skipping visualisations.
Graphics context not yet initialized. Skipping visualisations.
Graphics context not yet initialized. Skipping visualisations.
Graphics context not yet initialized. Skipping visualisations.
Graphics context not yet initialized. Skipping visualisations.
Graphics context not yet initialized. Skipping visualisations.
Graphics context not yet initialized. Skipping visualisations.
Graphics context not yet initialized. Skipping visualisations.
Graphics context not yet initialized. Skipping visualisations.
Graphics context not yet initialized. Skipping visualisations.
Graphics context not yet initialized. Skipping visualisations.
Graphics context not yet initialized. Skipping visualisations.
Graphics context not yet initialized. Skipping visualisations.
Graphics context not yet initialized. Skipping visualisations.
Graphics context not yet initialized. Skipping visualisations.
Graphics context not yet initialized. Skipping visualisations.
Graphics context not yet initialized. Skipping visualisations.
Graphics context not yet initialized. Skipping visualisations.
Graphics context not yet initialized. Skipping visualisations.
Graphics context not yet initialized. Skipping visualisations.
Graphics context not yet initialized. Skipping visualisations.
Graphics context not yet initialized. Skipping visualisations.
Graphics context not yet initialized. Skipping visualisations.
Graphics context not yet initialized. Skipping visualisations.
Graphics context not yet initialized. Skipping visualisations.
Graphics context not yet initialized. Skipping visualisations.
Graphics context not yet initialized. Skipping visualisations.
Graphics context not yet initialized. Skipping visualisations.
Graphics context not yet initialized. Skipping visualisations.
Graphics context not yet initialized. Skipping visualisations.
Graphics context not yet initialized. Skipping visualisations.
Graphics context not yet initialized. Skipping visualisations.
Graphics context not yet initialized. Skipping visualisations.
Graphics context not yet initialized. Skipping visualisations.
Graphics context not yet initialized. Skipping visualisations.
Graphics context not yet initialized. Skipping visualisations.
Graphics context not yet initialized. Skipping visualisations.
Graphics context not yet initialized. Skipping visualisations.
Graphics context not yet initialized. Skipping visualisations.
Graphics context not yet initialized. Skipping visualisations.
Graphics context not yet initialized. Skipping visualisations.
Graphics context not yet initialized. Skipping visualisations.
Graphics context not yet initialized. Skipping visualisations.
Graphics context not yet initialized. Skipping visualisations.
Graphics context not yet initialized. Skipping visualisations.
Graphics context not yet initialized. Skipping visualisations.
Graphics context not yet initialized. Skipping visualisations.
Graphics context not yet initialized. Skipping visualisations.
Graphics context not yet initialized. Skipping visualisations.
Graphics context not yet initialized. Skipping visualisations.
Graphics context not yet initialized. Skipping visualisations.
Graphics context not yet initialized. Skipping visualisations.
Graphics context not yet initialized. Skipping visualisations.
Graphics context not yet initialized. Skipping visualisations.
Graphics context not yet initialized. Skipping visualisations.
Graphics context not yet initialized. Skipping visualisations.
Graphics context not yet initialized. Skipping visualisations.
Graphics context not yet initialized. Skipping visualisations.
Graphics context not yet initialized. Skipping visualisations.
Graphics context not yet initialized. Skipping visualisations.
Graphics context not yet initialized. Skipping visualisations.
Graphics context not yet initialized. Skipping visualisations.
Graphics context not yet initialized. Skipping visualisations.
Graphics context not yet initialized. Skipping visualisations.
Graphics context not yet initialized. Skipping visualisations.
Graphics context not yet initialized. Skipping visualisations.
Graphics context not yet initialized. Skipping visualisations.
Graphics context not yet initialized. Skipping visualisations.
Graphics context not yet initialized. Skipping visualisations.
Graphics context not yet initialized. Skipping visualisations.
Graphics context not yet initialized. Skipping visualisations.
Graphics context not yet initialized. Skipping visualisations.
Graphics context not yet initialized. Skipping visualisations.
Graphics context not yet initialized. Skipping visualisations.
Graphics context not yet initialized. Skipping visualisations.
Graphics context not yet initialized. Skipping visualisations.
Graphics context not yet initialized. Skipping visualisations.
Graphics context not yet initialized. Skipping visualisations.
Graphics context not yet initialized. Skipping visualisations.
Graphics context not yet initialized. Skipping visualisations.
Graphics context not yet initialized. Skipping visualisations.
Graphics context not yet initialized. Skipping visualisations.
Graphics context not yet initialized. Skipping visualisations.
Graphics context not yet initialized. Skipping visualisations.
Graphics context not yet initialized. Skipping visualisations.
Graphics context not yet initialized. Skipping visualisations.
Graphics context not yet initialized. Skipping visualisations.
Graphics context not yet initialized. Skipping visualisations.
Graphics context not yet initialized. Skipping visualisations.
Graphics context not yet initialized. Skipping visualisations.
Graphics context not yet initialized. Skipping visualisations.
Graphics context not yet initialized. Skipping visualisations.
Graphics context not yet initialized. Skipping visualisations.
Graphics context not yet initialized. Skipping visualisations.
Graphics context not yet initialized. Skipping visualisations.
Graphics context not yet initialized. Skipping visualisations.
Graphics context not yet initialized. Skipping visualisations.
Graphics context not yet initialized. Skipping visualisations.
Graphics context not yet initialized. Skipping visualisations.
Graphics context not yet initialized. Skipping visualisations.
Graphics context not yet initialized. Skipping visualisations.
Graphics context not yet initialized. Skipping visualisations.
Graphics context not yet initialized. Skipping visualisations.
Graphics context not yet initialized. Skipping visualisations.
Graphics context not yet initialized. Skipping visualisations.
Graphics context not yet initialized. Skipping visualisations.
Graphics context not yet initialized. Skipping visualisations.
Graphics context not yet initialized. Skipping visualisations.
Graphics context not yet initialized. Skipping visualisations.
Graphics context not yet initialized. Skipping visualisations.
Graphics context not yet initialized. Skipping visualisations.
Graphics context not yet initialized. Skipping visualisations.
Graphics context not yet initialized. Skipping visualisations.
Graphics context not yet initialized. Skipping visualisations.
Graphics context not yet initialized. Skipping visualisations.
Graphics context not yet initialized. Skipping visualisations.
Graphics context not yet initialized. Skipping visualisations.
Graphics context not yet initialized. Skipping visualisations.
Graphics context not yet initialized. Skipping visualisations.
Graphics context not yet initialized. Skipping visualisations.
Graphics context not yet initialized. Skipping visualisations.
Graphics context not yet initialized. Skipping visualisations.
Graphics context not yet initialized. Skipping visualisations.
Graphics context not yet initialized. Skipping visualisations.
Graphics context not yet initialized. Skipping visualisations.
Graphics context not yet initialized. Skipping visualisations.
Graphics context not yet initialized. Skipping visualisations.
Graphics context not yet initialized. Skipping visualisations.
Graphics context not yet initialized. Skipping visualisations.
Graphics context not yet initialized. Skipping visualisations.
Graphics context not yet initialized. Skipping visualisations.
Graphics context not yet initialized. Skipping visualisations.
Graphics context not yet initialized. Skipping visualisations.
Graphics context not yet initialized. Skipping visualisations.
Graphics context not yet initialized. Skipping visualisations.
Graphics context not yet initialized. Skipping visualisations.
Graphics context not yet initialized. Skipping visualisations.
Graphics context not yet initialized. Skipping visualisations.
Graphics context not yet initialized. Skipping visualisations.
Graphics context not yet initialized. Skipping visualisations.
Graphics context not yet initialized. Skipping visualisations.
Graphics context not yet initialized. Skipping visualisations.
Graphics context not yet initialized. Skipping visualisations.
Graphics context not yet initialized. Skipping visualisations.
Graphics context not yet initialized. Skipping visualisations.
Graphics context not yet initialized. Skipping visualisations.
Graphics context not yet initialized. Skipping visualisations.
Graphics context not yet initialized. Skipping visualisations.
Graphics context not yet initialized. Skipping visualisations.
Graphics context not yet initialized. Skipping visualisations.
Graphics context not yet initialized. Skipping visualisations.
Graphics context not yet initialized. Skipping visualisations.
Graphics context not yet initialized. Skipping visualisations.
Graphics context not yet initialized. Skipping visualisations.
Graphics context not yet initialized. Skipping visualisations.
Graphics context not yet initialized. Skipping visualisations.
Graphics context not yet initialized. Skipping visualisations.
Graphics context not yet initialized. Skipping visualisations.
Graphics context not yet initialized. Skipping visualisations.
Graphics context not yet initialized. Skipping visualisations.
Graphics context not yet initialized. Skipping visualisations.
Graphics context not yet initialized. Skipping visualisations.
Graphics context not yet initialized. Skipping visualisations.
Graphics context not yet initialized. Skipping visualisations.
Graphics context not yet initialized. Skipping visualisations.
Graphics context not yet initialized. Skipping visualisations.
Graphics context not yet initialized. Skipping visualisations.
Graphics context not yet initialized. Skipping visualisations.
Graphics context not yet initialized. Skipping visualisations.
Graphics context not yet initialized. Skipping visualisations.
Graphics context not yet initialized. Skipping visualisations.
Graphics context not yet initialized. Skipping visualisations.
Graphics context not yet initialized. Skipping visualisations.
Graphics context not yet initialized. Skipping visualisations.
Graphics context not yet initialized. Skipping visualisations.
Graphics context not yet initialized. Skipping visualisations.
Graphics context not yet initialized. Skipping visualisations.
Graphics context not yet initialized. Skipping visualisations.
Graphics context not yet initialized. Skipping visualisations.
Graphics context not yet initialized. Skipping visualisations.
Graphics context not yet initialized. Skipping visualisations.
Graphics context not yet initialized. Skipping visualisations.
Graphics context not yet initialized. Skipping visualisations.
Graphics context not yet initialized. Skipping visualisations.
Graphics context not yet initialized. Skipping visualisations.
Graphics context not yet initialized. Skipping visualisations.
Graphics context not yet initialized. Skipping visualisations.
Graphics context not yet initialized. Skipping visualisations.
Graphics context not yet initialized. Skipping visualisations.
Graphics context not yet initialized. Skipping visualisations.
Graphics context not yet initialized. Skipping visualisations.
Graphics context not yet initialized. Skipping visualisations.
Graphics context not yet initialized. Skipping visualisations.
Graphics context not yet initialized. Skipping visualisations.
Graphics context not yet initialized. Skipping visualisations.
Graphics context not yet initialized. Skipping visualisations.
Graphics context not yet initialized. Skipping visualisations.
Graphics context not yet initialized. Skipping visualisations.
Graphics context not yet initialized. Skipping visualisations.
Graphics context not yet initialized. Skipping visualisations.
Graphics context not yet initialized. Skipping visualisations.
Graphics context not yet initialized. Skipping visualisations.
Graphics context not yet initialized. Skipping visualisations.
Graphics context not yet initialized. Skipping visualisations.
Graphics context not yet initialized. Skipping visualisations.
Graphics context not yet initialized. Skipping visualisations.
Graphics context not yet initialized. Skipping visualisations.
Graphics context not yet initialized. Skipping visualisations.
Graphics context not yet initialized. Skipping visualisations.
Graphics context not yet initialized. Skipping visualisations.
Graphics context not yet initialized. Skipping visualisations.
Graphics context not yet initialized. Skipping visualisations.
Graphics context not yet initialized. Skipping visualisations.
Graphics context not yet initialized. Skipping visualisations.
Graphics context not yet initialized. Skipping visualisations.
Graphics context not yet initialized. Skipping visualisations.
Graphics context not yet initialized. Skipping visualisations.
Graphics context not yet initialized. Skipping visualisations.
Graphics context not yet initialized. Skipping visualisations.
Graphics context not yet initialized. Skipping visualisations.
Graphics context not yet initialized. Skipping visualisations.
Graphics context not yet initialized. Skipping visualisations.
Graphics context not yet initialized. Skipping visualisations.
Graphics context not yet initialized. Skipping visualisations.
Graphics context not yet initialized. Skipping visualisations.
Graphics context not yet initialized. Skipping visualisations.
Graphics context not yet initialized. Skipping visualisations.
Graphics context not yet initialized. Skipping visualisations.
Graphics context not yet initialized. Skipping visualisations.
Graphics context not yet initialized. Skipping visualisations.
Graphics context not yet initialized. Skipping visualisations.
Graphics context not yet initialized. Skipping visualisations.
Graphics context not yet initialized. Skipping visualisations.
Graphics context not yet initialized. Skipping visualisations.
Graphics context not yet initialized. Skipping visualisations.
Graphics context not yet initialized. Skipping visualisations.
Graphics context not yet initialized. Skipping visualisations.
Graphics context not yet initialized. Skipping visualisations.
Graphics context not yet initialized. Skipping visualisations.
Graphics context not yet initialized. Skipping visualisations.
Graphics context not yet initialized. Skipping visualisations.
Graphics context not yet initialized. Skipping visualisations.
Graphics context not yet initialized. Skipping visualisations.
Graphics context not yet initialized. Skipping visualisations.
Graphics context not yet initialized. Skipping visualisations.
Graphics context not yet initialized. Skipping visualisations.
Graphics context not yet initialized. Skipping visualisations.
Graphics context not yet initialized. Skipping visualisations.
Graphics context not yet initialized. Skipping visualisations.
Graphics context not yet initialized. Skipping visualisations.
Graphics context not yet initialized. Skipping visualisations.
Graphics context not yet initialized. Skipping visualisations.
Graphics context not yet initialized. Skipping visualisations.
Graphics context not yet initialized. Skipping visualisations.
Graphics context not yet initialized. Skipping visualisations.
Graphics context not yet initialized. Skipping visualisations.
Graphics context not yet initialized. Skipping visualisations.
Graphics context not yet initialized. Skipping visualisations.
Graphics context not yet initialized. Skipping visualisations.
Graphics context not yet initialized. Skipping visualisations.
Graphics context not yet initialized. Skipping visualisations.
Graphics context not yet initialized. Skipping visualisations.
Graphics context not yet initialized. Skipping visualisations.
Graphics context not yet initialized. Skipping visualisations.
Graphics context not yet initialized. Skipping visualisations.
Graphics context not yet initialized. Skipping visualisations.
Graphics context not yet initialized. Skipping visualisations.
Graphics context not yet initialized. Skipping visualisations.
Graphics context not yet initialized. Skipping visualisations.
Graphics context not yet initialized. Skipping visualisations.
Graphics context not yet initialized. Skipping visualisations.
Graphics context not yet initialized. Skipping visualisations.
Graphics context not yet initialized. Skipping visualisations.
Graphics context not yet initialized. Skipping visualisations.
Graphics context not yet initialized. Skipping visualisations.
Graphics context not yet initialized. Skipping visualisations.
Graphics context not yet initialized. Skipping visualisations.
Graphics context not yet initialized. Skipping visualisations.
Graphics context not yet initialized. Skipping visualisations.
Graphics context not yet initialized. Skipping visualisations.
Graphics context not yet initialized. Skipping visualisations.
Graphics context not yet initialized. Skipping visualisations.
Graphics context not yet initialized. Skipping visualisations.
Graphics context not yet initialized. Skipping visualisations.
Graphics context not yet initialized. Skipping visualisations.
Graphics context not yet initialized. Skipping visualisations.
Graphics context not yet initialized. Skipping visualisations.
Graphics context not yet initialized. Skipping visualisations.
Graphics context not yet initialized. Skipping visualisations.
Graphics context not yet initialized. Skipping visualisations.
Graphics context not yet initialized. Skipping visualisations.
Graphics context not yet initialized. Skipping visualisations.
Graphics context not yet initialized. Skipping visualisations.
Graphics context not yet initialized. Skipping visualisations.
Graphics context not yet initialized. Skipping visualisations.
Graphics context not yet initialized. Skipping visualisations.
Graphics context not yet initialized. Skipping visualisations.
Graphics context not yet initialized. Skipping visualisations.
Graphics context not yet initialized. Skipping visualisations.
Graphics context not yet initialized. Skipping visualisations.
Graphics context not yet initialized. Skipping visualisations.
Graphics context not yet initialized. Skipping visualisations.
Graphics context not yet initialized. Skipping visualisations.
Graphics context not yet initialized. Skipping visualisations.
Graphics context not yet initialized. Skipping visualisations.
Graphics context not yet initialized. Skipping visualisations.
Graphics context not yet initialized. Skipping visualisations.
Graphics context not yet initialized. Skipping visualisations.
Graphics context not yet initialized. Skipping visualisations.
Graphics context not yet initialized. Skipping visualisations.
Graphics context not yet initialized. Skipping visualisations.
Graphics context not yet initialized. Skipping visualisations.
Graphics context not yet initialized. Skipping visualisations.
Graphics context not yet initialized. Skipping visualisations.
Graphics context not yet initialized. Skipping visualisations.
Graphics context not yet initialized. Skipping visualisations.
Graphics context not yet initialized. Skipping visualisations.
Graphics context not yet initialized. Skipping visualisations.
Graphics context not yet initialized. Skipping visualisations.
Graphics context not yet initialized. Skipping visualisations.
Graphics context not yet initialized. Skipping visualisations.
Graphics context not yet initialized. Skipping visualisations.
Graphics context not yet initialized. Skipping visualisations.
Graphics context not yet initialized. Skipping visualisations.
Graphics context not yet initialized. Skipping visualisations.
Graphics context not yet initialized. Skipping visualisations.
Graphics context not yet initialized. Skipping visualisations.
Graphics context not yet initialized. Skipping visualisations.
Graphics context not yet initialized. Skipping visualisations.
Graphics context not yet initialized. Skipping visualisations.
Graphics context not yet initialized. Skipping visualisations.
Graphics context not yet initialized. Skipping visualisations.
Graphics context not yet initialized. Skipping visualisations.
Graphics context not yet initialized. Skipping visualisations.
Graphics context not yet initialized. Skipping visualisations.
Graphics context not yet initialized. Skipping visualisations.
Graphics context not yet initialized. Skipping visualisations.
Graphics context not yet initialized. Skipping visualisations.
Graphics context not yet initialized. Skipping visualisations.
Graphics context not yet initialized. Skipping visualisations.
Graphics context not yet initialized. Skipping visualisations.
Graphics context not yet initialized. Skipping visualisations.
Graphics context not yet initialized. Skipping visualisations.
Graphics context not yet initialized. Skipping visualisations.
Graphics context not yet initialized. Skipping visualisations.
Graphics context not yet initialized. Skipping visualisations.
Graphics context not yet initialized. Skipping visualisations.
Graphics context not yet initialized. Skipping visualisations.
Graphics context not yet initialized. Skipping visualisations.
Graphics context not yet initialized. Skipping visualisations.
Graphics context not yet initialized. Skipping visualisations.
Graphics context not yet initialized. Skipping visualisations.
Graphics context not yet initialized. Skipping visualisations.
Graphics context not yet initialized. Skipping visualisations.
Graphics context not yet initialized. Skipping visualisations.
Graphics context not yet initialized. Skipping visualisations.
Graphics context not yet initialized. Skipping visualisations.
Graphics context not yet initialized. Skipping visualisations.
Graphics context not yet initialized. Skipping visualisations.
Graphics context not yet initialized. Skipping visualisations.
Graphics context not yet initialized. Skipping visualisations.
Graphics context not yet initialized. Skipping visualisations.
Graphics context not yet initialized. Skipping visualisations.
Graphics context not yet initialized. Skipping visualisations.
Graphics context not yet initialized. Skipping visualisations.
Graphics context not yet initialized. Skipping visualisations.
Graphics context not yet initialized. Skipping visualisations.
Graphics context not yet initialized. Skipping visualisations.
Graphics context not yet initialized. Skipping visualisations.
Graphics context not yet initialized. Skipping visualisations.
Graphics context not yet initialized. Skipping visualisations.
Graphics context not yet initialized. Skipping visualisations.
Graphics context not yet initialized. Skipping visualisations.
Graphics context not yet initialized. Skipping visualisations.
Graphics context not yet initialized. Skipping visualisations.
Graphics context not yet initialized. Skipping visualisations.
Graphics context not yet initialized. Skipping visualisations.
Graphics context not yet initialized. Skipping visualisations.
Graphics context not yet initialized. Skipping visualisations.
Graphics context not yet initialized. Skipping visualisations.
Graphics context not yet initialized. Skipping visualisations.
Graphics context not yet initialized. Skipping visualisations.
Graphics context not yet initialized. Skipping visualisations.
Graphics context not yet initialized. Skipping visualisations.
Graphics context not yet initialized. Skipping visualisations.
Graphics context not yet initialized. Skipping visualisations.
Graphics context not yet initialized. Skipping visualisations.
Graphics context not yet initialized. Skipping visualisations.
Graphics context not yet initialized. Skipping visualisations.
Graphics context not yet initialized. Skipping visualisations.
Graphics context not yet initialized. Skipping visualisations.
Graphics context not yet initialized. Skipping visualisations.
Graphics context not yet initialized. Skipping visualisations.
Graphics context not yet initialized. Skipping visualisations.
Graphics context not yet initialized. Skipping visualisations.
Graphics context not yet initialized. Skipping visualisations.
Graphics context not yet initialized. Skipping visualisations.
Graphics context not yet initialized. Skipping visualisations.
Graphics context not yet initialized. Skipping visualisations.
Graphics context not yet initialized. Skipping visualisations.
Graphics context not yet initialized. Skipping visualisations.
Graphics context not yet initialized. Skipping visualisations.
Graphics context not yet initialized. Skipping visualisations.
Graphics context not yet initialized. Skipping visualisations.
Graphics context not yet initialized. Skipping visualisations.
Graphics context not yet initialized. Skipping visualisations.
Graphics context not yet initialized. Skipping visualisations.
Graphics context not yet initialized. Skipping visualisations.
Graphics context not yet initialized. Skipping visualisations.
Graphics context not yet initialized. Skipping visualisations.
Graphics context not yet initialized. Skipping visualisations.
Graphics context not yet initialized. Skipping visualisations.
Graphics context not yet initialized. Skipping visualisations.
Graphics context not yet initialized. Skipping visualisations.
Graphics context not yet initialized. Skipping visualisations.
Graphics context not yet initialized. Skipping visualisations.
Graphics context not yet initialized. Skipping visualisations.
Graphics context not yet initialized. Skipping visualisations.
Graphics context not yet initialized. Skipping visualisations.
Graphics context not yet initialized. Skipping visualisations.
Graphics context not yet initialized. Skipping visualisations.
Graphics context not yet initialized. Skipping visualisations.
Graphics context not yet initialized. Skipping visualisations.
Graphics context not yet initialized. Skipping visualisations.
Graphics context not yet initialized. Skipping visualisations.
Graphics context not yet initialized. Skipping visualisations.
Graphics context not yet initialized. Skipping visualisations.
Graphics context not yet initialized. Skipping visualisations.
Graphics context not yet initialized. Skipping visualisations.
Graphics context not yet initialized. Skipping visualisations.
Graphics context not yet initialized. Skipping visualisations.
Graphics context not yet initialized. Skipping visualisations.
Graphics context not yet initialized. Skipping visualisations.
Graphics context not yet initialized. Skipping visualisations.
Graphics context not yet initialized. Skipping visualisations.
Graphics context not yet initialized. Skipping visualisations.
Graphics context not yet initialized. Skipping visualisations.
Graphics context not yet initialized. Skipping visualisations.
Graphics context not yet initialized. Skipping visualisations.
Graphics context not yet initialized. Skipping visualisations.
Graphics context not yet initialized. Skipping visualisations.
Graphics context not yet initialized. Skipping visualisations.
Graphics context not yet initialized. Skipping visualisations.
Graphics context not yet initialized. Skipping visualisations.
Graphics context not yet initialized. Skipping visualisations.
Graphics context not yet initialized. Skipping visualisations.
Graphics context not yet initialized. Skipping visualisations.
Graphics context not yet initialized. Skipping visualisations.
Graphics context not yet initialized. Skipping visualisations.
Graphics context not yet initialized. Skipping visualisations.
Graphics context not yet initialized. Skipping visualisations.
Graphics context not yet initialized. Skipping visualisations.
Graphics context not yet initialized. Skipping visualisations.
Graphics context not yet initialized. Skipping visualisations.
Graphics context not yet initialized. Skipping visualisations.
Graphics context not yet initialized. Skipping visualisations.
Graphics context not yet initialized. Skipping visualisations.
Graphics context not yet initialized. Skipping visualisations.
Graphics context not yet initialized. Skipping visualisations.
Graphics context not yet initialized. Skipping visualisations.
Graphics context not yet initialized. Skipping visualisations.
Graphics context not yet initialized. Skipping visualisations.
Graphics context not yet initialized. Skipping visualisations.
Graphics context not yet initialized. Skipping visualisations.
Graphics context not yet initialized. Skipping visualisations.
Graphics context not yet initialized. Skipping visualisations.
Graphics context not yet initialized. Skipping visualisations.
Graphics context not yet initialized. Skipping visualisations.
Graphics context not yet initialized. Skipping visualisations.
Graphics context not yet initialized. Skipping visualisations.
Graphics context not yet initialized. Skipping visualisations.
Graphics context not yet initialized. Skipping visualisations.
Graphics context not yet initialized. Skipping visualisations.
Graphics context not yet initialized. Skipping visualisations.
Graphics context not yet initialized. Skipping visualisations.
Graphics context not yet initialized. Skipping visualisations.
Graphics context not yet initialized. Skipping visualisations.
Graphics context not yet initialized. Skipping visualisations.
Graphics context not yet initialized. Skipping visualisations.
Graphics context not yet initialized. Skipping visualisations.
Graphics context not yet initialized. Skipping visualisations.
Graphics context not yet initialized. Skipping visualisations.
Graphics context not yet initialized. Skipping visualisations.
Graphics context not yet initialized. Skipping visualisations.
Graphics context not yet initialized. Skipping visualisations.
Graphics context not yet initialized. Skipping visualisations.
Graphics context not yet initialized. Skipping visualisations.
Graphics context not yet initialized. Skipping visualisations.
Graphics context not yet initialized. Skipping visualisations.
Graphics context not yet initialized. Skipping visualisations.
Graphics context not yet initialized. Skipping visualisations.
Graphics context not yet initialized. Skipping visualisations.
Graphics context not yet initialized. Skipping visualisations.
Graphics context not yet initialized. Skipping visualisations.
Graphics context not yet initialized. Skipping visualisations.
Graphics context not yet initialized. Skipping visualisations.
Graphics context not yet initialized. Skipping visualisations.
Graphics context not yet initialized. Skipping visualisations.
Graphics context not yet initialized. Skipping visualisations.
Graphics context not yet initialized. Skipping visualisations.
Graphics context not yet initialized. Skipping visualisations.
Graphics context not yet initialized. Skipping visualisations.
Graphics context not yet initialized. Skipping visualisations.
Graphics context not yet initialized. Skipping visualisations.
Graphics context not yet initialized. Skipping visualisations.
Graphics context not yet initialized. Skipping visualisations.
Graphics context not yet initialized. Skipping visualisations.
Graphics context not yet initialized. Skipping visualisations.
Graphics context not yet initialized. Skipping visualisations.
Graphics context not yet initialized. Skipping visualisations.
Graphics context not yet initialized. Skipping visualisations.
Graphics context not yet initialized. Skipping visualisations.
Graphics context not yet initialized. Skipping visualisations.
Graphics context not yet initialized. Skipping visualisations.
Graphics context not yet initialized. Skipping visualisations.
Graphics context not yet initialized. Skipping visualisations.
Graphics context not yet initialized. Skipping visualisations.
Graphics context not yet initialized. Skipping visualisations.
Graphics context not yet initialized. Skipping visualisations.
Graphics context not yet initialized. Skipping visualisations.
Graphics context not yet initialized. Skipping visualisations.
Graphics context not yet initialized. Skipping visualisations.
Graphics context not yet initialized. Skipping visualisations.
Graphics context not yet initialized. Skipping visualisations.
Graphics context not yet initialized. Skipping visualisations.
Graphics context not yet initialized. Skipping visualisations.
Graphics context not yet initialized. Skipping visualisations.
Graphics context not yet initialized. Skipping visualisations.
Graphics context not yet initialized. Skipping visualisations.
Graphics context not yet initialized. Skipping visualisations.
Graphics context not yet initialized. Skipping visualisations.
Graphics context not yet initialized. Skipping visualisations.
Graphics context not yet initialized. Skipping visualisations.
Graphics context not yet initialized. Skipping visualisations.
Graphics context not yet initialized. Skipping visualisations.
Graphics context not yet initialized. Skipping visualisations.
Graphics context not yet initialized. Skipping visualisations.
Graphics context not yet initialized. Skipping visualisations.
Graphics context not yet initialized. Skipping visualisations.
Graphics context not yet initialized. Skipping visualisations.
Graphics context not yet initialized. Skipping visualisations.
Graphics context not yet initialized. Skipping visualisations.
Graphics context not yet initialized. Skipping visualisations.
Graphics context not yet initialized. Skipping visualisations.
Graphics context not yet initialized. Skipping visualisations.
Graphics context not yet initialized. Skipping visualisations.
Graphics context not yet initialized. Skipping visualisations.
Graphics context not yet initialized. Skipping visualisations.
Graphics context not yet initialized. Skipping visualisations.
Graphics context not yet initialized. Skipping visualisations.
Graphics context not yet initialized. Skipping visualisations.
Graphics context not yet initialized. Skipping visualisations.
Graphics context not yet initialized. Skipping visualisations.
Graphics context not yet initialized. Skipping visualisations.
Graphics context not yet initialized. Skipping visualisations.
Graphics context not yet initialized. Skipping visualisations.
Graphics context not yet initialized. Skipping visualisations.
Graphics context not yet initialized. Skipping visualisations.
Graphics context not yet initialized. Skipping visualisations.
Graphics context not yet initialized. Skipping visualisations.
Graphics context not yet initialized. Skipping visualisations.
Graphics context not yet initialized. Skipping visualisations.
Graphics context not yet initialized. Skipping visualisations.
Graphics context not yet initialized. Skipping visualisations.
Graphics context not yet initialized. Skipping visualisations.
Graphics context not yet initialized. Skipping visualisations.
Graphics context not yet initialized. Skipping visualisations.
Graphics context not yet initialized. Skipping visualisations.
Graphics context not yet initialized. Skipping visualisations.
Graphics context not yet initialized. Skipping visualisations.
Graphics context not yet initialized. Skipping visualisations.
Graphics context not yet initialized. Skipping visualisations.
Graphics context not yet initialized. Skipping visualisations.
Graphics context not yet initialized. Skipping visualisations.
Graphics context not yet initialized. Skipping visualisations.
Graphics context not yet initialized. Skipping visualisations.
Graphics context not yet initialized. Skipping visualisations.
Graphics context not yet initialized. Skipping visualisations.
Graphics context not yet initialized. Skipping visualisations.
Graphics context not yet initialized. Skipping visualisations.
Graphics context not yet initialized. Skipping visualisations.
Graphics context not yet initialized. Skipping visualisations.
Graphics context not yet initialized. Skipping visualisations.
Graphics context not yet initialized. Skipping visualisations.
Graphics context not yet initialized. Skipping visualisations.
Graphics context not yet initialized. Skipping visualisations.
Graphics context not yet initialized. Skipping visualisations.
Graphics context not yet initialized. Skipping visualisations.
Graphics context not yet initialized. Skipping visualisations.
Graphics context not yet initialized. Skipping visualisations.
Graphics context not yet initialized. Skipping visualisations.
Graphics context not yet initialized. Skipping visualisations.
Graphics context not yet initialized. Skipping visualisations.
Graphics context not yet initialized. Skipping visualisations.
Graphics context not yet initialized. Skipping visualisations.
Graphics context not yet initialized. Skipping visualisations.
Graphics context not yet initialized. Skipping visualisations.
Graphics context not yet initialized. Skipping visualisations.
Graphics context not yet initialized. Skipping visualisations.
Graphics context not yet initialized. Skipping visualisations.
Graphics context not yet initialized. Skipping visualisations.
Graphics context not yet initialized. Skipping visualisations.
Graphics context not yet initialized. Skipping visualisations.
Graphics context not yet initialized. Skipping visualisations.
Graphics context not yet initialized. Skipping visualisations.
Graphics context not yet initialized. Skipping visualisations.
Graphics context not yet initialized. Skipping visualisations.
Graphics context not yet initialized. Skipping visualisations.
Graphics context not yet initialized. Skipping visualisations.
Graphics context not yet initialized. Skipping visualisations.
Graphics context not yet initialized. Skipping visualisations.
Graphics context not yet initialized. Skipping visualisations.
Graphics context not yet initialized. Skipping visualisations.
Graphics context not yet initialized. Skipping visualisations.
Graphics context not yet initialized. Skipping visualisations.
Graphics context not yet initialized. Skipping visualisations.
Graphics context not yet initialized. Skipping visualisations.
Graphics context not yet initialized. Skipping visualisations.
Graphics context not yet initialized. Skipping visualisations.
Graphics context not yet initialized. Skipping visualisations.
Graphics context not yet initialized. Skipping visualisations.
Graphics context not yet initialized. Skipping visualisations.
Graphics context not yet initialized. Skipping visualisations.
Graphics context not yet initialized. Skipping visualisations.
Graphics context not yet initialized. Skipping visualisations.
Graphics context not yet initialized. Skipping visualisations.
Graphics context not yet initialized. Skipping visualisations.
Graphics context not yet initialized. Skipping visualisations.
Graphics context not yet initialized. Skipping visualisations.
Graphics context not yet initialized. Skipping visualisations.
Graphics context not yet initialized. Skipping visualisations.
Graphics context not yet initialized. Skipping visualisations.
Graphics context not yet initialized. Skipping visualisations.
Graphics context not yet initialized. Skipping visualisations.
Graphics context not yet initialized. Skipping visualisations.
Graphics context not yet initialized. Skipping visualisations.
Graphics context not yet initialized. Skipping visualisations.
Graphics context not yet initialized. Skipping visualisations.
Graphics context not yet initialized. Skipping visualisations.
Graphics context not yet initialized. Skipping visualisations.
Graphics context not yet initialized. Skipping visualisations.
Graphics context not yet initialized. Skipping visualisations.
Graphics context not yet initialized. Skipping visualisations.
Graphics context not yet initialized. Skipping visualisations.
Graphics context not yet initialized. Skipping visualisations.
Graphics context not yet initialized. Skipping visualisations.
Graphics context not yet initialized. Skipping visualisations.
Graphics context not yet initialized. Skipping visualisations.
Graphics context not yet initialized. Skipping visualisations.
Graphics context not yet initialized. Skipping visualisations.
Graphics context not yet initialized. Skipping visualisations.
Graphics context not yet initialized. Skipping visualisations.
Graphics context not yet initialized. Skipping visualisations.
Graphics context not yet initialized. Skipping visualisations.
Graphics context not yet initialized. Skipping visualisations.
Graphics context not yet initialized. Skipping visualisations.
Graphics context not yet initialized. Skipping visualisations.
Graphics context not yet initialized. Skipping visualisations.
Graphics context not yet initialized. Skipping visualisations.
Graphics context not yet initialized. Skipping visualisations.
Graphics context not yet initialized. Skipping visualisations.
Graphics context not yet initialized. Skipping visualisations.
Graphics context not yet initialized. Skipping visualisations.
Graphics context not yet initialized. Skipping visualisations.
Graphics context not yet initialized. Skipping visualisations.
Graphics context not yet initialized. Skipping visualisations.
Graphics context not yet initialized. Skipping visualisations.
Graphics context not yet initialized. Skipping visualisations.
Graphics context not yet initialized. Skipping visualisations.
Graphics context not yet initialized. Skipping visualisations.
Graphics context not yet initialized. Skipping visualisations.
Graphics context not yet initialized. Skipping visualisations.
Graphics context not yet initialized. Skipping visualisations.
Graphics context not yet initialized. Skipping visualisations.
Graphics context not yet initialized. Skipping visualisations.
Graphics context not yet initialized. Skipping visualisations.
Graphics context not yet initialized. Skipping visualisations.
Graphics context not yet initialized. Skipping visualisations.
Graphics context not yet initialized. Skipping visualisations.
Graphics context not yet initialized. Skipping visualisations.
Graphics context not yet initialized. Skipping visualisations.
Graphics context not yet initialized. Skipping visualisations.
Graphics context not yet initialized. Skipping visualisations.
Graphics context not yet initialized. Skipping visualisations.
Graphics context not yet initialized. Skipping visualisations.
Graphics context not yet initialized. Skipping visualisations.
Graphics context not yet initialized. Skipping visualisations.
Graphics context not yet initialized. Skipping visualisations.
Graphics context not yet initialized. Skipping visualisations.
Graphics context not yet initialized. Skipping visualisations.
Graphics context not yet initialized. Skipping visualisations.
Graphics context not yet initialized. Skipping visualisations.
Graphics context not yet initialized. Skipping visualisations.
Graphics context not yet initialized. Skipping visualisations.
Graphics context not yet initialized. Skipping visualisations.
Graphics context not yet initialized. Skipping visualisations.
Graphics context not yet initialized. Skipping visualisations.
Graphics context not yet initialized. Skipping visualisations.
Graphics context not yet initialized. Skipping visualisations.
Graphics context not yet initialized. Skipping visualisations.
Graphics context not yet initialized. Skipping visualisations.
Graphics context not yet initialized. Skipping visualisations.
Graphics context not yet initialized. Skipping visualisations.
Graphics context not yet initialized. Skipping visualisations.
Graphics context not yet initialized. Skipping visualisations.
Graphics context not yet initialized. Skipping visualisations.
Graphics context not yet initialized. Skipping visualisations.
Graphics context not yet initialized. Skipping visualisations.
Graphics context not yet initialized. Skipping visualisations.
Graphics context not yet initialized. Skipping visualisations.
Graphics context not yet initialized. Skipping visualisations.
Graphics context not yet initialized. Skipping visualisations.
Graphics context not yet initialized. Skipping visualisations.
Graphics context not yet initialized. Skipping visualisations.
Graphics context not yet initialized. Skipping visualisations.
Graphics context not yet initialized. Skipping visualisations.
Graphics context not yet initialized. Skipping visualisations.
Graphics context not yet initialized. Skipping visualisations.
Graphics context not yet initialized. Skipping visualisations.
Graphics context not yet initialized. Skipping visualisations.
Graphics context not yet initialized. Skipping visualisations.
Graphics context not yet initialized. Skipping visualisations.
Graphics context not yet initialized. Skipping visualisations.
Graphics context not yet initialized. Skipping visualisations.
Graphics context not yet initialized. Skipping visualisations.
Graphics context not yet initialized. Skipping visualisations.
Graphics context not yet initialized. Skipping visualisations.
Graphics context not yet initialized. Skipping visualisations.
Graphics context not yet initialized. Skipping visualisations.
Graphics context not yet initialized. Skipping visualisations.
Graphics context not yet initialized. Skipping visualisations.
Graphics context not yet initialized. Skipping visualisations.
Graphics context not yet initialized. Skipping visualisations.
Graphics context not yet initialized. Skipping visualisations.
Graphics context not yet initialized. Skipping visualisations.
Graphics context not yet initialized. Skipping visualisations.
Graphics context not yet initialized. Skipping visualisations.
Graphics context not yet initialized. Skipping visualisations.
Graphics context not yet initialized. Skipping visualisations.
Graphics context not yet initialized. Skipping visualisations.
Graphics context not yet initialized. Skipping visualisations.
Graphics context not yet initialized. Skipping visualisations.
Graphics context not yet initialized. Skipping visualisations.
Graphics context not yet initialized. Skipping visualisations.
Graphics context not yet initialized. Skipping visualisations.
Graphics context not yet initialized. Skipping visualisations.
Graphics context not yet initialized. Skipping visualisations.
Graphics context not yet initialized. Skipping visualisations.
Graphics context not yet initialized. Skipping visualisations.
Graphics context not yet initialized. Skipping visualisations.
Graphics context not yet initialized. Skipping visualisations.
Graphics context not yet initialized. Skipping visualisations.
Graphics context not yet initialized. Skipping visualisations.
Graphics context not yet initialized. Skipping visualisations.
Graphics context not yet initialized. Skipping visualisations.
Graphics context not yet initialized. Skipping visualisations.
Graphics context not yet initialized. Skipping visualisations.
Graphics context not yet initialized. Skipping visualisations.
Graphics context not yet initialized. Skipping visualisations.
Graphics context not yet initialized. Skipping visualisations.
Graphics context not yet initialized. Skipping visualisations.
Graphics context not yet initialized. Skipping visualisations.
Graphics context not yet initialized. Skipping visualisations.
Graphics context not yet initialized. Skipping visualisations.
Graphics context not yet initialized. Skipping visualisations.
Graphics context not yet initialized. Skipping visualisations.
Graphics context not yet initialized. Skipping visualisations.
Graphics context not yet initialized. Skipping visualisations.
Graphics context not yet initialized. Skipping visualisations.
Graphics context not yet initialized. Skipping visualisations.
Graphics context not yet initialized. Skipping visualisations.
Graphics context not yet initialized. Skipping visualisations.
Graphics context not yet initialized. Skipping visualisations.
Graphics context not yet initialized. Skipping visualisations.
Graphics context not yet initialized. Skipping visualisations.
Graphics context not yet initialized. Skipping visualisations.
Graphics context not yet initialized. Skipping visualisations.
Graphics context not yet initialized. Skipping visualisations.
Graphics context not yet initialized. Skipping visualisations.
Graphics context not yet initialized. Skipping visualisations.
Graphics context not yet initialized. Skipping visualisations.
Graphics context not yet initialized. Skipping visualisations.
Graphics context not yet initialized. Skipping visualisations.
Graphics context not yet initialized. Skipping visualisations.
Graphics context not yet initialized. Skipping visualisations.
Graphics context not yet initialized. Skipping visualisations.
Graphics context not yet initialized. Skipping visualisations.
Graphics context not yet initialized. Skipping visualisations.
Graphics context not yet initialized. Skipping visualisations.
Graphics context not yet initialized. Skipping visualisations.
Graphics context not yet initialized. Skipping visualisations.
Graphics context not yet initialized. Skipping visualisations.
Graphics context not yet initialized. Skipping visualisations.
Graphics context not yet initialized. Skipping visualisations.
Graphics context not yet initialized. Skipping visualisations.
Graphics context not yet initialized. Skipping visualisations.
Graphics context not yet initialized. Skipping visualisations.
Graphics context not yet initialized. Skipping visualisations.
Graphics context not yet initialized. Skipping visualisations.
Graphics context not yet initialized. Skipping visualisations.
Graphics context not yet initialized. Skipping visualisations.
Graphics context not yet initialized. Skipping visualisations.
Graphics context not yet initialized. Skipping visualisations.
Graphics context not yet initialized. Skipping visualisations.
Graphics context not yet initialized. Skipping visualisations.
Graphics context not yet initialized. Skipping visualisations.
Graphics context not yet initialized. Skipping visualisations.
Graphics context not yet initialized. Skipping visualisations.
Graphics context not yet initialized. Skipping visualisations.
Graphics context not yet initialized. Skipping visualisations.
Graphics context not yet initialized. Skipping visualisations.
Graphics context not yet initialized. Skipping visualisations.
Graphics context not yet initialized. Skipping visualisations.
Graphics context not yet initialized. Skipping visualisations.
Graphics context not yet initialized. Skipping visualisations.
Graphics context not yet initialized. Skipping visualisations.
Graphics context not yet initialized. Skipping visualisations.
Graphics context not yet initialized. Skipping visualisations.
Graphics context not yet initialized. Skipping visualisations.
Graphics context not yet initialized. Skipping visualisations.
Graphics context not yet initialized. Skipping visualisations.
Graphics context not yet initialized. Skipping visualisations.
Graphics context not yet initialized. Skipping visualisations.
Graphics context not yet initialized. Skipping visualisations.
Graphics context not yet initialized. Skipping visualisations.
Graphics context not yet initialized. Skipping visualisations.
Graphics context not yet initialized. Skipping visualisations.
Graphics context not yet initialized. Skipping visualisations.
Graphics context not yet initialized. Skipping visualisations.
Graphics context not yet initialized. Skipping visualisations.
Graphics context not yet initialized. Skipping visualisations.
Graphics context not yet initialized. Skipping visualisations.
Graphics context not yet initialized. Skipping visualisations.
Graphics context not yet initialized. Skipping visualisations.
Graphics context not yet initialized. Skipping visualisations.
Graphics context not yet initialized. Skipping visualisations.
Graphics context not yet initialized. Skipping visualisations.
Graphics context not yet initialized. Skipping visualisations.
Graphics context not yet initialized. Skipping visualisations.
Graphics context not yet initialized. Skipping visualisations.
Graphics context not yet initialized. Skipping visualisations.
Graphics context not yet initialized. Skipping visualisations.
Graphics context not yet initialized. Skipping visualisations.
Graphics context not yet initialized. Skipping visualisations.
Graphics context not yet initialized. Skipping visualisations.
Graphics context not yet initialized. Skipping visualisations.
Graphics context not yet initialized. Skipping visualisations.
Graphics context not yet initialized. Skipping visualisations.
Graphics context not yet initialized. Skipping visualisations.
Graphics context not yet initialized. Skipping visualisations.
Graphics context not yet initialized. Skipping visualisations.
Graphics context not yet initialized. Skipping visualisations.
Graphics context not yet initialized. Skipping visualisations.
Graphics context not yet initialized. Skipping visualisations.
Graphics context not yet initialized. Skipping visualisations.
Graphics context not yet initialized. Skipping visualisations.
Graphics context not yet initialized. Skipping visualisations.
Graphics context not yet initialized. Skipping visualisations.
Graphics context not yet initialized. Skipping visualisations.
Graphics context not yet initialized. Skipping visualisations.
Graphics context not yet initialized. Skipping visualisations.
Graphics context not yet initialized. Skipping visualisations.
Graphics context not yet initialized. Skipping visualisations.
Graphics context not yet initialized. Skipping visualisations.
Graphics context not yet initialized. Skipping visualisations.
Graphics context not yet initialized. Skipping visualisations.
Graphics context not yet initialized. Skipping visualisations.
Graphics context not yet initialized. Skipping visualisations.
Graphics context not yet initialized. Skipping visualisations.
Graphics context not yet initialized. Skipping visualisations.
Graphics context not yet initialized. Skipping visualisations.
Graphics context not yet initialized. Skipping visualisations.
Graphics context not yet initialized. Skipping visualisations.
Graphics context not yet initialized. Skipping visualisations.
Graphics context not yet initialized. Skipping visualisations.
Graphics context not yet initialized. Skipping visualisations.
Graphics context not yet initialized. Skipping visualisations.
Graphics context not yet initialized. Skipping visualisations.
Graphics context not yet initialized. Skipping visualisations.
Graphics context not yet initialized. Skipping visualisations.
Graphics context not yet initialized. Skipping visualisations.
Graphics context not yet initialized. Skipping visualisations.
Graphics context not yet initialized. Skipping visualisations.
Graphics context not yet initialized. Skipping visualisations.
Graphics context not yet initialized. Skipping visualisations.
Graphics context not yet initialized. Skipping visualisations.
Graphics context not yet initialized. Skipping visualisations.
Graphics context not yet initialized. Skipping visualisations.
Graphics context not yet initialized. Skipping visualisations.
Graphics context not yet initialized. Skipping visualisations.
Graphics context not yet initialized. Skipping visualisations.
Graphics context not yet initialized. Skipping visualisations.
Graphics context not yet initialized. Skipping visualisations.
Graphics context not yet initialized. Skipping visualisations.
Graphics context not yet initialized. Skipping visualisations.
Graphics context not yet initialized. Skipping visualisations.
Graphics context not yet initialized. Skipping visualisations.
Graphics context not yet initialized. Skipping visualisations.
Graphics context not yet initialized. Skipping visualisations.
Graphics context not yet initialized. Skipping visualisations.
Graphics context not yet initialized. Skipping visualisations.
Graphics context not yet initialized. Skipping visualisations.
Graphics context not yet initialized. Skipping visualisations.
Graphics context not yet initialized. Skipping visualisations.
Graphics context not yet initialized. Skipping visualisations.
Graphics context not yet initialized. Skipping visualisations.
Graphics context not yet initialized. Skipping visualisations.
Graphics context not yet initialized. Skipping visualisations.
Graphics context not yet initialized. Skipping visualisations.
Graphics context not yet initialized. Skipping visualisations.
Graphics context not yet initialized. Skipping visualisations.
Graphics context not yet initialized. Skipping visualisations.
Graphics context not yet initialized. Skipping visualisations.
Graphics context not yet initialized. Skipping visualisations.
Graphics context not yet initialized. Skipping visualisations.
Graphics context not yet initialized. Skipping visualisations.
Graphics context not yet initialized. Skipping visualisations.
Graphics context not yet initialized. Skipping visualisations.
Graphics context not yet initialized. Skipping visualisations.
Graphics context not yet initialized. Skipping visualisations.
Graphics context not yet initialized. Skipping visualisations.
Graphics context not yet initialized. Skipping visualisations.
Graphics context not yet initialized. Skipping visualisations.
Graphics context not yet initialized. Skipping visualisations.
Graphics context not yet initialized. Skipping visualisations.
Graphics context not yet initialized. Skipping visualisations.
Graphics context not yet initialized. Skipping visualisations.
Graphics context not yet initialized. Skipping visualisations.
Graphics context not yet initialized. Skipping visualisations.
Graphics context not yet initialized. Skipping visualisations.
Graphics context not yet initialized. Skipping visualisations.
Graphics context not yet initialized. Skipping visualisations.
Graphics context not yet initialized. Skipping visualisations.
Graphics context not yet initialized. Skipping visualisations.
Graphics context not yet initialized. Skipping visualisations.
Graphics context not yet initialized. Skipping visualisations.
Graphics context not yet initialized. Skipping visualisations.
Graphics context not yet initialized. Skipping visualisations.
Graphics context not yet initialized. Skipping visualisations.
Graphics context not yet initialized. Skipping visualisations.
Graphics context not yet initialized. Skipping visualisations.
Graphics context not yet initialized. Skipping visualisations.
Graphics context not yet initialized. Skipping visualisations.
Graphics context not yet initialized. Skipping visualisations.
Graphics context not yet initialized. Skipping visualisations.
Graphics context not yet initialized. Skipping visualisations.
Graphics context not yet initialized. Skipping visualisations.
Graphics context not yet initialized. Skipping visualisations.
Graphics context not yet initialized. Skipping visualisations.
Graphics context not yet initialized. Skipping visualisations.
Graphics context not yet initialized. Skipping visualisations.
Graphics context not yet initialized. Skipping visualisations.
Graphics context not yet initialized. Skipping visualisations.
Graphics context not yet initialized. Skipping visualisations.
Graphics context not yet initialized. Skipping visualisations.
Graphics context not yet initialized. Skipping visualisations.
Graphics context not yet initialized. Skipping visualisations.
Graphics context not yet initialized. Skipping visualisations.
Graphics context not yet initialized. Skipping visualisations.
Graphics context not yet initialized. Skipping visualisations.
Graphics context not yet initialized. Skipping visualisations.
Graphics context not yet initialized. Skipping visualisations.
Graphics context not yet initialized. Skipping visualisations.
Graphics context not yet initialized. Skipping visualisations.
Graphics context not yet initialized. Skipping visualisations.
Graphics context not yet initialized. Skipping visualisations.
Graphics context not yet initialized. Skipping visualisations.
Graphics context not yet initialized. Skipping visualisations.
Graphics context not yet initialized. Skipping visualisations.
Graphics context not yet initialized. Skipping visualisations.
Graphics context not yet initialized. Skipping visualisations.
Graphics context not yet initialized. Skipping visualisations.
Graphics context not yet initialized. Skipping visualisations.
Graphics context not yet initialized. Skipping visualisations.
Graphics context not yet initialized. Skipping visualisations.
Graphics context not yet initialized. Skipping visualisations.
Graphics context not yet initialized. Skipping visualisations.
Graphics context not yet initialized. Skipping visualisations.
Graphics context not yet initialized. Skipping visualisations.
Graphics context not yet initialized. Skipping visualisations.
Graphics context not yet initialized. Skipping visualisations.
Graphics context not yet initialized. Skipping visualisations.
Graphics context not yet initialized. Skipping visualisations.
Graphics context not yet initialized. Skipping visualisations.
Graphics context not yet initialized. Skipping visualisations.
Graphics context not yet initialized. Skipping visualisations.
Graphics context not yet initialized. Skipping visualisations.
Graphics context not yet initialized. Skipping visualisations.
Graphics context not yet initialized. Skipping visualisations.
Graphics context not yet initialized. Skipping visualisations.
Graphics context not yet initialized. Skipping visualisations.
Graphics context not yet initialized. Skipping visualisations.
Graphics context not yet initialized. Skipping visualisations.
Graphics context not yet initialized. Skipping visualisations.
Graphics context not yet initialized. Skipping visualisations.
Graphics context not yet initialized. Skipping visualisations.
Graphics context not yet initialized. Skipping visualisations.
Graphics context not yet initialized. Skipping visualisations.
Graphics context not yet initialized. Skipping visualisations.
Graphics context not yet initialized. Skipping visualisations.
Graphics context not yet initialized. Skipping visualisations.
Graphics context not yet initialized. Skipping visualisations.
Graphics context not yet initialized. Skipping visualisations.
Graphics context not yet initialized. Skipping visualisations.
Graphics context not yet initialized. Skipping visualisations.
Graphics context not yet initialized. Skipping visualisations.
Graphics context not yet initialized. Skipping visualisations.
Graphics context not yet initialized. Skipping visualisations.
Graphics context not yet initialized. Skipping visualisations.
Graphics context not yet initialized. Skipping visualisations.
Graphics context not yet initialized. Skipping visualisations.
Graphics context not yet initialized. Skipping visualisations.
Graphics context not yet initialized. Skipping visualisations.
Graphics context not yet initialized. Skipping visualisations.
Graphics context not yet initialized. Skipping visualisations.
Graphics context not yet initialized. Skipping visualisations.
Graphics context not yet initialized. Skipping visualisations.
Graphics context not yet initialized. Skipping visualisations.
Graphics context not yet initialized. Skipping visualisations.
Graphics context not yet initialized. Skipping visualisations.
Graphics context not yet initialized. Skipping visualisations.
Graphics context not yet initialized. Skipping visualisations.
Graphics context not yet initialized. Skipping visualisations.
Graphics context not yet initialized. Skipping visualisations.
Graphics context not yet initialized. Skipping visualisations.
Graphics context not yet initialized. Skipping visualisations.
Graphics context not yet initialized. Skipping visualisations.
Graphics context not yet initialized. Skipping visualisations.
Graphics context not yet initialized. Skipping visualisations.
Graphics context not yet initialized. Skipping visualisations.
Graphics context not yet initialized. Skipping visualisations.
Graphics context not yet initialized. Skipping visualisations.
Graphics context not yet initialized. Skipping visualisations.
Graphics context not yet initialized. Skipping visualisations.
Graphics context not yet initialized. Skipping visualisations.
Graphics context not yet initialized. Skipping visualisations.
Graphics context not yet initialized. Skipping visualisations.
Graphics context not yet initialized. Skipping visualisations.
Graphics context not yet initialized. Skipping visualisations.
Graphics context not yet initialized. Skipping visualisations.
Graphics context not yet initialized. Skipping visualisations.
Graphics context not yet initialized. Skipping visualisations.
Graphics context not yet initialized. Skipping visualisations.
Graphics context not yet initialized. Skipping visualisations.
Graphics context not yet initialized. Skipping visualisations.
Graphics context not yet initialized. Skipping visualisations.
Graphics context not yet initialized. Skipping visualisations.
Graphics context not yet initialized. Skipping visualisations.
Graphics context not yet initialized. Skipping visualisations.
Graphics context not yet initialized. Skipping visualisations.
Graphics context not yet initialized. Skipping visualisations.
Graphics context not yet initialized. Skipping visualisations.
Graphics context not yet initialized. Skipping visualisations.
Graphics context not yet initialized. Skipping visualisations.
Graphics context not yet initialized. Skipping visualisations.
Graphics context not yet initialized. Skipping visualisations.
Graphics context not yet initialized. Skipping visualisations.
Graphics context not yet initialized. Skipping visualisations.
Graphics context not yet initialized. Skipping visualisations.
Graphics context not yet initialized. Skipping visualisations.
Graphics context not yet initialized. Skipping visualisations.
Graphics context not yet initialized. Skipping visualisations.
Graphics context not yet initialized. Skipping visualisations.
Graphics context not yet initialized. Skipping visualisations.
Graphics context not yet initialized. Skipping visualisations.
Graphics context not yet initialized. Skipping visualisations.
Graphics context not yet initialized. Skipping visualisations.
Graphics context not yet initialized. Skipping visualisations.
Graphics context not yet initialized. Skipping visualisations.
Graphics context not yet initialized. Skipping visualisations.
Graphics context not yet initialized. Skipping visualisations.
Graphics context not yet initialized. Skipping visualisations.
Graphics context not yet initialized. Skipping visualisations.
Graphics context not yet initialized. Skipping visualisations.
Graphics context not yet initialized. Skipping visualisations.
Graphics context not yet initialized. Skipping visualisations.
Graphics context not yet initialized. Skipping visualisations.
Graphics context not yet initialized. Skipping visualisations.
Graphics context not yet initialized. Skipping visualisations.
Graphics context not yet initialized. Skipping visualisations.
Graphics context not yet initialized. Skipping visualisations.
Graphics context not yet initialized. Skipping visualisations.
Graphics context not yet initialized. Skipping visualisations.
Graphics context not yet initialized. Skipping visualisations.
Graphics context not yet initialized. Skipping visualisations.
Graphics context not yet initialized. Skipping visualisations.
Graphics context not yet initialized. Skipping visualisations.
Graphics context not yet initialized. Skipping visualisations.
Graphics context not yet initialized. Skipping visualisations.
Graphics context not yet initialized. Skipping visualisations.
Graphics context not yet initialized. Skipping visualisations.
Graphics context not yet initialized. Skipping visualisations.
Graphics context not yet initialized. Skipping visualisations.
Graphics context not yet initialized. Skipping visualisations.
Graphics context not yet initialized. Skipping visualisations.
Graphics context not yet initialized. Skipping visualisations.
Graphics context not yet initialized. Skipping visualisations.
Graphics context not yet initialized. Skipping visualisations.
Graphics context not yet initialized. Skipping visualisations.
Graphics context not yet initialized. Skipping visualisations.
Graphics context not yet initialized. Skipping visualisations.
Graphics context not yet initialized. Skipping visualisations.
Graphics context not yet initialized. Skipping visualisations.
Graphics context not yet initialized. Skipping visualisations.
Graphics context not yet initialized. Skipping visualisations.
Graphics context not yet initialized. Skipping visualisations.
Graphics context not yet initialized. Skipping visualisations.
Graphics context not yet initialized. Skipping visualisations.
Graphics context not yet initialized. Skipping visualisations.
Graphics context not yet initialized. Skipping visualisations.
Graphics context not yet initialized. Skipping visualisations.
Graphics context not yet initialized. Skipping visualisations.
Graphics context not yet initialized. Skipping visualisations.
Graphics context not yet initialized. Skipping visualisations.
Graphics context not yet initialized. Skipping visualisations.
Graphics context not yet initialized. Skipping visualisations.
Graphics context not yet initialized. Skipping visualisations.
Graphics context not yet initialized. Skipping visualisations.
Graphics context not yet initialized. Skipping visualisations.
Graphics context not yet initialized. Skipping visualisations.
Graphics context not yet initialized. Skipping visualisations.
Graphics context not yet initialized. Skipping visualisations.
Graphics context not yet initialized. Skipping visualisations.
Graphics context not yet initialized. Skipping visualisations.
Graphics context not yet initialized. Skipping visualisations.
Graphics context not yet initialized. Skipping visualisations.
Graphics context not yet initialized. Skipping visualisations.
Graphics context not yet initialized. Skipping visualisations.
Graphics context not yet initialized. Skipping visualisations.
Graphics context not yet initialized. Skipping visualisations.
Graphics context not yet initialized. Skipping visualisations.
Graphics context not yet initialized. Skipping visualisations.
Graphics context not yet initialized. Skipping visualisations.
Graphics context not yet initialized. Skipping visualisations.
Graphics context not yet initialized. Skipping visualisations.
Graphics context not yet initialized. Skipping visualisations.
Graphics context not yet initialized. Skipping visualisations.
Graphics context not yet initialized. Skipping visualisations.
Graphics context not yet initialized. Skipping visualisations.
Graphics context not yet initialized. Skipping visualisations.
Graphics context not yet initialized. Skipping visualisations.
Graphics context not yet initialized. Skipping visualisations.
Graphics context not yet initialized. Skipping visualisations.
Graphics context not yet initialized. Skipping visualisations.
Graphics context not yet initialized. Skipping visualisations.
Graphics context not yet initialized. Skipping visualisations.
Graphics context not yet initialized. Skipping visualisations.
Graphics context not yet initialized. Skipping visualisations.
Graphics context not yet initialized. Skipping visualisations.
Graphics context not yet initialized. Skipping visualisations.
Graphics context not yet initialized. Skipping visualisations.
Graphics context not yet initialized. Skipping visualisations.
Graphics context not yet initialized. Skipping visualisations.
Graphics context not yet initialized. Skipping visualisations.
Graphics context not yet initialized. Skipping visualisations.
Graphics context not yet initialized. Skipping visualisations.
Graphics context not yet initialized. Skipping visualisations.
Graphics context not yet initialized. Skipping visualisations.
Graphics context not yet initialized. Skipping visualisations.
Graphics context not yet initialized. Skipping visualisations.
Graphics context not yet initialized. Skipping visualisations.
Graphics context not yet initialized. Skipping visualisations.
Graphics context not yet initialized. Skipping visualisations.
Graphics context not yet initialized. Skipping visualisations.
Graphics context not yet initialized. Skipping visualisations.
Graphics context not yet initialized. Skipping visualisations.
Graphics context not yet initialized. Skipping visualisations.
Graphics context not yet initialized. Skipping visualisations.
Graphics context not yet initialized. Skipping visualisations.
Graphics context not yet initialized. Skipping visualisations.
Graphics context not yet initialized. Skipping visualisations.
Graphics context not yet initialized. Skipping visualisations.
Graphics context not yet initialized. Skipping visualisations.
Graphics context not yet initialized. Skipping visualisations.
Graphics context not yet initialized. Skipping visualisations.
Graphics context not yet initialized. Skipping visualisations.
Graphics context not yet initialized. Skipping visualisations.
Graphics context not yet initialized. Skipping visualisations.
Graphics context not yet initialized. Skipping visualisations.
Graphics context not yet initialized. Skipping visualisations.
Graphics context not yet initialized. Skipping visualisations.
Graphics context not yet initialized. Skipping visualisations.
Graphics context not yet initialized. Skipping visualisations.
Graphics context not yet initialized. Skipping visualisations.
Graphics context not yet initialized. Skipping visualisations.
Graphics context not yet initialized. Skipping visualisations.
Graphics context not yet initialized. Skipping visualisations.
Graphics context not yet initialized. Skipping visualisations.
Graphics context not yet initialized. Skipping visualisations.
Graphics context not yet initialized. Skipping visualisations.
Graphics context not yet initialized. Skipping visualisations.
Graphics context not yet initialized. Skipping visualisations.
Graphics context not yet initialized. Skipping visualisations.
Graphics context not yet initialized. Skipping visualisations.
Graphics context not yet initialized. Skipping visualisations.
Graphics context not yet initialized. Skipping visualisations.
Graphics context not yet initialized. Skipping visualisations.
Graphics context not yet initialized. Skipping visualisations.
Graphics context not yet initialized. Skipping visualisations.
Graphics context not yet initialized. Skipping visualisations.
Graphics context not yet initialized. Skipping visualisations.
Graphics context not yet initialized. Skipping visualisations.
Graphics context not yet initialized. Skipping visualisations.
Graphics context not yet initialized. Skipping visualisations.
Graphics context not yet initialized. Skipping visualisations.
Graphics context not yet initialized. Skipping visualisations.
Graphics context not yet initialized. Skipping visualisations.
Graphics context not yet initialized. Skipping visualisations.
Graphics context not yet initialized. Skipping visualisations.
Graphics context not yet initialized. Skipping visualisations.
Graphics context not yet initialized. Skipping visualisations.
Graphics context not yet initialized. Skipping visualisations.
Graphics context not yet initialized. Skipping visualisations.
Graphics context not yet initialized. Skipping visualisations.
Graphics context not yet initialized. Skipping visualisations.
Graphics context not yet initialized. Skipping visualisations.
Graphics context not yet initialized. Skipping visualisations.
Graphics context not yet initialized. Skipping visualisations.
Graphics context not yet initialized. Skipping visualisations.
Graphics context not yet initialized. Skipping visualisations.
Graphics context not yet initialized. Skipping visualisations.
Graphics context not yet initialized. Skipping visualisations.
Graphics context not yet initialized. Skipping visualisations.
Graphics context not yet initialized. Skipping visualisations.
Graphics context not yet initialized. Skipping visualisations.
Graphics context not yet initialized. Skipping visualisations.
Graphics context not yet initialized. Skipping visualisations.
Graphics context not yet initialized. Skipping visualisations.
Graphics context not yet initialized. Skipping visualisations.
Graphics context not yet initialized. Skipping visualisations.
Graphics context not yet initialized. Skipping visualisations.
Graphics context not yet initialized. Skipping visualisations.
Graphics context not yet initialized. Skipping visualisations.
Graphics context not yet initialized. Skipping visualisations.
Graphics context not yet initialized. Skipping visualisations.
Graphics context not yet initialized. Skipping visualisations.
Graphics context not yet initialized. Skipping visualisations.
Graphics context not yet initialized. Skipping visualisations.
Graphics context not yet initialized. Skipping visualisations.
Graphics context not yet initialized. Skipping visualisations.
Graphics context not yet initialized. Skipping visualisations.
Graphics context not yet initialized. Skipping visualisations.
Graphics context not yet initialized. Skipping visualisations.
Graphics context not yet initialized. Skipping visualisations.
Graphics context not yet initialized. Skipping visualisations.
Graphics context not yet initialized. Skipping visualisations.
Graphics context not yet initialized. Skipping visualisations.
Graphics context not yet initialized. Skipping visualisations.
Graphics context not yet initialized. Skipping visualisations.
Graphics context not yet initialized. Skipping visualisations.
Graphics context not yet initialized. Skipping visualisations.
Graphics context not yet initialized. Skipping visualisations.
Graphics context not yet initialized. Skipping visualisations.
Graphics context not yet initialized. Skipping visualisations.
Graphics context not yet initialized. Skipping visualisations.
Graphics context not yet initialized. Skipping visualisations.
Graphics context not yet initialized. Skipping visualisations.
Graphics context not yet initialized. Skipping visualisations.
Graphics context not yet initialized. Skipping visualisations.
Graphics context not yet initialized. Skipping visualisations.
Graphics context not yet initialized. Skipping visualisations.
Graphics context not yet initialized. Skipping visualisations.
Graphics context not yet initialized. Skipping visualisations.
Graphics context not yet initialized. Skipping visualisations.
Graphics context not yet initialized. Skipping visualisations.
Graphics context not yet initialized. Skipping visualisations.
Graphics context not yet initialized. Skipping visualisations.
Graphics context not yet initialized. Skipping visualisations.
Graphics context not yet initialized. Skipping visualisations.
Graphics context not yet initialized. Skipping visualisations.
Graphics context not yet initialized. Skipping visualisations.
Graphics context not yet initialized. Skipping visualisations.
Graphics context not yet initialized. Skipping visualisations.
Graphics context not yet initialized. Skipping visualisations.
Graphics context not yet initialized. Skipping visualisations.
Graphics context not yet initialized. Skipping visualisations.
Graphics context not yet initialized. Skipping visualisations.
Graphics context not yet initialized. Skipping visualisations.
Graphics context not yet initialized. Skipping visualisations.
Graphics context not yet initialized. Skipping visualisations.
Graphics context not yet initialized. Skipping visualisations.
Graphics context not yet initialized. Skipping visualisations.
Graphics context not yet initialized. Skipping visualisations.
Graphics context not yet initialized. Skipping visualisations.
Graphics context not yet initialized. Skipping visualisations.
Graphics context not yet initialized. Skipping visualisations.
Graphics context not yet initialized. Skipping visualisations.
Graphics context not yet initialized. Skipping visualisations.
Graphics context not yet initialized. Skipping visualisations.
Graphics context not yet initialized. Skipping visualisations.
Graphics context not yet initialized. Skipping visualisations.
Graphics context not yet initialized. Skipping visualisations.
Graphics context not yet initialized. Skipping visualisations.
Graphics context not yet initialized. Skipping visualisations.
Graphics context not yet initialized. Skipping visualisations.
Graphics context not yet initialized. Skipping visualisations.
Graphics context not yet initialized. Skipping visualisations.
Graphics context not yet initialized. Skipping visualisations.
Graphics context not yet initialized. Skipping visualisations.
Graphics context not yet initialized. Skipping visualisations.
Graphics context not yet initialized. Skipping visualisations.
Graphics context not yet initialized. Skipping visualisations.
Graphics context not yet initialized. Skipping visualisations.
Graphics context not yet initialized. Skipping visualisations.
Graphics context not yet initialized. Skipping visualisations.
Graphics context not yet initialized. Skipping visualisations.
Graphics context not yet initialized. Skipping visualisations.
Graphics context not yet initialized. Skipping visualisations.
Graphics context not yet initialized. Skipping visualisations.
Graphics context not yet initialized. Skipping visualisations.
Graphics context not yet initialized. Skipping visualisations.
Graphics context not yet initialized. Skipping visualisations.
Graphics context not yet initialized. Skipping visualisations.
Graphics context not yet initialized. Skipping visualisations.
Graphics context not yet initialized. Skipping visualisations.
Graphics context not yet initialized. Skipping visualisations.
Graphics context not yet initialized. Skipping visualisations.
Graphics context not yet initialized. Skipping visualisations.
Graphics context not yet initialized. Skipping visualisations.
Graphics context not yet initialized. Skipping visualisations.
Graphics context not yet initialized. Skipping visualisations.
Graphics context not yet initialized. Skipping visualisations.
Graphics context not yet initialized. Skipping visualisations.
Graphics context not yet initialized. Skipping visualisations.
Graphics context not yet initialized. Skipping visualisations.
Graphics context not yet initialized. Skipping visualisations.
Graphics context not yet initialized. Skipping visualisations.
Graphics context not yet initialized. Skipping visualisations.
Graphics context not yet initialized. Skipping visualisations.
Graphics context not yet initialized. Skipping visualisations.
Graphics context not yet initialized. Skipping visualisations.
Graphics context not yet initialized. Skipping visualisations.
Graphics context not yet initialized. Skipping visualisations.
Graphics context not yet initialized. Skipping visualisations.
Graphics context not yet initialized. Skipping visualisations.
Graphics context not yet initialized. Skipping visualisations.
Graphics context not yet initialized. Skipping visualisations.
Graphics context not yet initialized. Skipping visualisations.
Graphics context not yet initialized. Skipping visualisations.
Graphics context not yet initialized. Skipping visualisations.
Graphics context not yet initialized. Skipping visualisations.
Graphics context not yet initialized. Skipping visualisations.
Graphics context not yet initialized. Skipping visualisations.
Graphics context not yet initialized. Skipping visualisations.
Graphics context not yet initialized. Skipping visualisations.
Graphics context not yet initialized. Skipping visualisations.
Graphics context not yet initialized. Skipping visualisations.
Graphics context not yet initialized. Skipping visualisations.
Graphics context not yet initialized. Skipping visualisations.
Graphics context not yet initialized. Skipping visualisations.
Graphics context not yet initialized. Skipping visualisations.
Graphics context not yet initialized. Skipping visualisations.
Graphics context not yet initialized. Skipping visualisations.
Graphics context not yet initialized. Skipping visualisations.
Graphics context not yet initialized. Skipping visualisations.
Graphics context not yet initialized. Skipping visualisations.
Graphics context not yet initialized. Skipping visualisations.
Graphics context not yet initialized. Skipping visualisations.
Graphics context not yet initialized. Skipping visualisations.
Graphics context not yet initialized. Skipping visualisations.
Graphics context not yet initialized. Skipping visualisations.
Graphics context not yet initialized. Skipping visualisations.
Graphics context not yet initialized. Skipping visualisations.
Graphics context not yet initialized. Skipping visualisations.
Graphics context not yet initialized. Skipping visualisations.
Graphics context not yet initialized. Skipping visualisations.
Graphics context not yet initialized. Skipping visualisations.
Graphics context not yet initialized. Skipping visualisations.
Graphics context not yet initialized. Skipping visualisations.
Graphics context not yet initialized. Skipping visualisations.
Graphics context not yet initialized. Skipping visualisations.
Graphics context not yet initialized. Skipping visualisations.
Graphics context not yet initialized. Skipping visualisations.
Graphics context not yet initialized. Skipping visualisations.
Graphics context not yet initialized. Skipping visualisations.
Graphics context not yet initialized. Skipping visualisations.
Graphics context not yet initialized. Skipping visualisations.
Graphics context not yet initialized. Skipping visualisations.
Graphics context not yet initialized. Skipping visualisations.
Graphics context not yet initialized. Skipping visualisations.
Graphics context not yet initialized. Skipping visualisations.
Graphics context not yet initialized. Skipping visualisations.
Graphics context not yet initialized. Skipping visualisations.
Graphics context not yet initialized. Skipping visualisations.
Graphics context not yet initialized. Skipping visualisations.
Graphics context not yet initialized. Skipping visualisations.
Graphics context not yet initialized. Skipping visualisations.
Graphics context not yet initialized. Skipping visualisations.
Graphics context not yet initialized. Skipping visualisations.
Graphics context not yet initialized. Skipping visualisations.
Graphics context not yet initialized. Skipping visualisations.
Graphics context not yet initialized. Skipping visualisations.
Graphics context not yet initialized. Skipping visualisations.
Graphics context not yet initialized. Skipping visualisations.
Graphics context not yet initialized. Skipping visualisations.
Graphics context not yet initialized. Skipping visualisations.
Graphics context not yet initialized. Skipping visualisations.
Graphics context not yet initialized. Skipping visualisations.
Graphics context not yet initialized. Skipping visualisations.
Graphics context not yet initialized. Skipping visualisations.
Graphics context not yet initialized. Skipping visualisations.
Graphics context not yet initialized. Skipping visualisations.
Graphics context not yet initialized. Skipping visualisations.
Graphics context not yet initialized. Skipping visualisations.
Graphics context not yet initialized. Skipping visualisations.
Graphics context not yet initialized. Skipping visualisations.
Graphics context not yet initialized. Skipping visualisations.
Graphics context not yet initialized. Skipping visualisations.
Graphics context not yet initialized. Skipping visualisations.
Graphics context not yet initialized. Skipping visualisations.
Graphics context not yet initialized. Skipping visualisations.
Graphics context not yet initialized. Skipping visualisations.
Graphics context not yet initialized. Skipping visualisations.
Graphics context not yet initialized. Skipping visualisations.
Graphics context not yet initialized. Skipping visualisations.
Graphics context not yet initialized. Skipping visualisations.
Graphics context not yet initialized. Skipping visualisations.
Graphics context not yet initialized. Skipping visualisations.
Graphics context not yet initialized. Skipping visualisations.
Graphics context not yet initialized. Skipping visualisations.
Graphics context not yet initialized. Skipping visualisations.
Graphics context not yet initialized. Skipping visualisations.
Graphics context not yet initialized. Skipping visualisations.
Graphics context not yet initialized. Skipping visualisations.
Graphics context not yet initialized. Skipping visualisations.
Graphics context not yet initialized. Skipping visualisations.
Graphics context not yet initialized. Skipping visualisations.
Graphics context not yet initialized. Skipping visualisations.
Graphics context not yet initialized. Skipping visualisations.
Graphics context not yet initialized. Skipping visualisations.
Graphics context not yet initialized. Skipping visualisations.
Graphics context not yet initialized. Skipping visualisations.
Graphics context not yet initialized. Skipping visualisations.
Graphics context not yet initialized. Skipping visualisations.
Graphics context not yet initialized. Skipping visualisations.
Graphics context not yet initialized. Skipping visualisations.
Graphics context not yet initialized. Skipping visualisations.
Graphics context not yet initialized. Skipping visualisations.
Graphics context not yet initialized. Skipping visualisations.
Graphics context not yet initialized. Skipping visualisations.
Graphics context not yet initialized. Skipping visualisations.
Graphics context not yet initialized. Skipping visualisations.
Graphics context not yet initialized. Skipping visualisations.
Graphics context not yet initialized. Skipping visualisations.
Graphics context not yet initialized. Skipping visualisations.
Graphics context not yet initialized. Skipping visualisations.
Graphics context not yet initialized. Skipping visualisations.
Graphics context not yet initialized. Skipping visualisations.
Graphics context not yet initialized. Skipping visualisations.
Graphics context not yet initialized. Skipping visualisations.
Graphics context not yet initialized. Skipping visualisations.
Graphics context not yet initialized. Skipping visualisations.
Graphics context not yet initialized. Skipping visualisations.
Graphics context not yet initialized. Skipping visualisations.
Graphics context not yet initialized. Skipping visualisations.
Graphics context not yet initialized. Skipping visualisations.
Graphics context not yet initialized. Skipping visualisations.
Graphics context not yet initialized. Skipping visualisations.
Graphics context not yet initialized. Skipping visualisations.
Graphics context not yet initialized. Skipping visualisations.
Graphics context not yet initialized. Skipping visualisations.
Graphics context not yet initialized. Skipping visualisations.
Graphics context not yet initialized. Skipping visualisations.
Graphics context not yet initialized. Skipping visualisations.
Graphics context not yet initialized. Skipping visualisations.
Graphics context not yet initialized. Skipping visualisations.
Graphics context not yet initialized. Skipping visualisations.
Graphics context not yet initialized. Skipping visualisations.
Graphics context not yet initialized. Skipping visualisations.
Graphics context not yet initialized. Skipping visualisations.
Graphics context not yet initialized. Skipping visualisations.
Graphics context not yet initialized. Skipping visualisations.
Graphics context not yet initialized. Skipping visualisations.
Graphics context not yet initialized. Skipping visualisations.
Graphics context not yet initialized. Skipping visualisations.
Graphics context not yet initialized. Skipping visualisations.
Graphics context not yet initialized. Skipping visualisations.
Graphics context not yet initialized. Skipping visualisations.
Graphics context not yet initialized. Skipping visualisations.
Graphics context not yet initialized. Skipping visualisations.
Graphics context not yet initialized. Skipping visualisations.
Graphics context not yet initialized. Skipping visualisations.
Graphics context not yet initialized. Skipping visualisations.
Graphics context not yet initialized. Skipping visualisations.
Graphics context not yet initialized. Skipping visualisations.
Graphics context not yet initialized. Skipping visualisations.
Graphics context not yet initialized. Skipping visualisations.
Graphics context not yet initialized. Skipping visualisations.
Graphics context not yet initialized. Skipping visualisations.
Graphics context not yet initialized. Skipping visualisations.
Graphics context not yet initialized. Skipping visualisations.
Graphics context not yet initialized. Skipping visualisations.
Graphics context not yet initialized. Skipping visualisations.
Graphics context not yet initialized. Skipping visualisations.
Graphics context not yet initialized. Skipping visualisations.
Graphics context not yet initialized. Skipping visualisations.
Graphics context not yet initialized. Skipping visualisations.
Graphics context not yet initialized. Skipping visualisations.
Graphics context not yet initialized. Skipping visualisations.
Graphics context not yet initialized. Skipping visualisations.
Graphics context not yet initialized. Skipping visualisations.
Graphics context not yet initialized. Skipping visualisations.
Graphics context not yet initialized. Skipping visualisations.
Graphics context not yet initialized. Skipping visualisations.
Graphics context not yet initialized. Skipping visualisations.
Graphics context not yet initialized. Skipping visualisations.
Graphics context not yet initialized. Skipping visualisations.
Graphics context not yet initialized. Skipping visualisations.
Graphics context not yet initialized. Skipping visualisations.
Graphics context not yet initialized. Skipping visualisations.
Graphics context not yet initialized. Skipping visualisations.
Graphics context not yet initialized. Skipping visualisations.
Graphics context not yet initialized. Skipping visualisations.
Graphics context not yet initialized. Skipping visualisations.
Graphics context not yet initialized. Skipping visualisations.
Graphics context not yet initialized. Skipping visualisations.
Graphics context not yet initialized. Skipping visualisations.
Graphics context not yet initialized. Skipping visualisations.
Graphics context not yet initialized. Skipping visualisations.
Graphics context not yet initialized. Skipping visualisations.
Graphics context not yet initialized. Skipping visualisations.
Graphics context not yet initialized. Skipping visualisations.
Graphics context not yet initialized. Skipping visualisations.
Graphics context not yet initialized. Skipping visualisations.
Graphics context not yet initialized. Skipping visualisations.
Graphics context not yet initialized. Skipping visualisations.
Graphics context not yet initialized. Skipping visualisations.
Graphics context not yet initialized. Skipping visualisations.
Graphics context not yet initialized. Skipping visualisations.
Graphics context not yet initialized. Skipping visualisations.
Graphics context not yet initialized. Skipping visualisations.
Graphics context not yet initialized. Skipping visualisations.
Graphics context not yet initialized. Skipping visualisations.
Graphics context not yet initialized. Skipping visualisations.
Graphics context not yet initialized. Skipping visualisations.
Graphics context not yet initialized. Skipping visualisations.
Graphics context not yet initialized. Skipping visualisations.
Graphics context not yet initialized. Skipping visualisations.
Graphics context not yet initialized. Skipping visualisations.
Graphics context not yet initialized. Skipping visualisations.
Graphics context not yet initialized. Skipping visualisations.
Graphics context not yet initialized. Skipping visualisations.
Graphics context not yet initialized. Skipping visualisations.
Graphics context not yet initialized. Skipping visualisations.
Graphics context not yet initialized. Skipping visualisations.
Graphics context not yet initialized. Skipping visualisations.
Graphics context not yet initialized. Skipping visualisations.
Graphics context not yet initialized. Skipping visualisations.
Graphics context not yet initialized. Skipping visualisations.
Graphics context not yet initialized. Skipping visualisations.
Graphics context not yet initialized. Skipping visualisations.
Graphics context not yet initialized. Skipping visualisations.
Graphics context not yet initialized. Skipping visualisations.
Graphics context not yet initialized. Skipping visualisations.
Graphics context not yet initialized. Skipping visualisations.
Graphics context not yet initialized. Skipping visualisations.
Graphics context not yet initialized. Skipping visualisations.
Graphics context not yet initialized. Skipping visualisations.
Graphics context not yet initialized. Skipping visualisations.
Graphics context not yet initialized. Skipping visualisations.
Graphics context not yet initialized. Skipping visualisations.
Graphics context not yet initialized. Skipping visualisations.
Graphics context not yet initialized. Skipping visualisations.
Graphics context not yet initialized. Skipping visualisations.
Graphics context not yet initialized. Skipping visualisations.
Graphics context not yet initialized. Skipping visualisations.
Graphics context not yet initialized. Skipping visualisations.
Graphics context not yet initialized. Skipping visualisations.
Graphics context not yet initialized. Skipping visualisations.
Graphics context not yet initialized. Skipping visualisations.
Graphics context not yet initialized. Skipping visualisations.
Graphics context not yet initialized. Skipping visualisations.
Graphics context not yet initialized. Skipping visualisations.
Graphics context not yet initialized. Skipping visualisations.
Graphics context not yet initialized. Skipping visualisations.
Graphics context not yet initialized. Skipping visualisations.
Graphics context not yet initialized. Skipping visualisations.
Graphics context not yet initialized. Skipping visualisations.
Graphics context not yet initialized. Skipping visualisations.
Graphics context not yet initialized. Skipping visualisations.
Graphics context not yet initialized. Skipping visualisations.
Graphics context not yet initialized. Skipping visualisations.
Graphics context not yet initialized. Skipping visualisations.
Graphics context not yet initialized. Skipping visualisations.
Graphics context not yet initialized. Skipping visualisations.
Graphics context not yet initialized. Skipping visualisations.
Graphics context not yet initialized. Skipping visualisations.
Graphics context not yet initialized. Skipping visualisations.
Graphics context not yet initialized. Skipping visualisations.
Graphics context not yet initialized. Skipping visualisations.
Graphics context not yet initialized. Skipping visualisations.
Graphics context not yet initialized. Skipping visualisations.
Graphics context not yet initialized. Skipping visualisations.
Graphics context not yet initialized. Skipping visualisations.
Graphics context not yet initialized. Skipping visualisations.
Graphics context not yet initialized. Skipping visualisations.
Graphics context not yet initialized. Skipping visualisations.
Graphics context not yet initialized. Skipping visualisations.
Graphics context not yet initialized. Skipping visualisations.
Graphics context not yet initialized. Skipping visualisations.
Graphics context not yet initialized. Skipping visualisations.
Graphics context not yet initialized. Skipping visualisations.
Graphics context not yet initialized. Skipping visualisations.
Graphics context not yet initialized. Skipping visualisations.
Graphics context not yet initialized. Skipping visualisations.
Graphics context not yet initialized. Skipping visualisations.
Graphics context not yet initialized. Skipping visualisations.
Graphics context not yet initialized. Skipping visualisations.
Graphics context not yet initialized. Skipping visualisations.
Graphics context not yet initialized. Skipping visualisations.
Graphics context not yet initialized. Skipping visualisations.
Graphics context not yet initialized. Skipping visualisations.
Graphics context not yet initialized. Skipping visualisations.
Graphics context not yet initialized. Skipping visualisations.
Graphics context not yet initialized. Skipping visualisations.
Graphics context not yet initialized. Skipping visualisations.
Graphics context not yet initialized. Skipping visualisations.
Graphics context not yet initialized. Skipping visualisations.
Graphics context not yet initialized. Skipping visualisations.
Graphics context not yet initialized. Skipping visualisations.
Graphics context not yet initialized. Skipping visualisations.
Graphics context not yet initialized. Skipping visualisations.
Graphics context not yet initialized. Skipping visualisations.
Graphics context not yet initialized. Skipping visualisations.
Graphics context not yet initialized. Skipping visualisations.
Graphics context not yet initialized. Skipping visualisations.
Graphics context not yet initialized. Skipping visualisations.
Graphics context not yet initialized. Skipping visualisations.
Graphics context not yet initialized. Skipping visualisations.
Graphics context not yet initialized. Skipping visualisations.
Graphics context not yet initialized. Skipping visualisations.
Graphics context not yet initialized. Skipping visualisations.
Graphics context not yet initialized. Skipping visualisations.
Graphics context not yet initialized. Skipping visualisations.
Graphics context not yet initialized. Skipping visualisations.
Graphics context not yet initialized. Skipping visualisations.
Graphics context not yet initialized. Skipping visualisations.
Graphics context not yet initialized. Skipping visualisations.
Graphics context not yet initialized. Skipping visualisations.
Graphics context not yet initialized. Skipping visualisations.
Graphics context not yet initialized. Skipping visualisations.
Graphics context not yet initialized. Skipping visualisations.
Graphics context not yet initialized. Skipping visualisations.
Graphics context not yet initialized. Skipping visualisations.
Graphics context not yet initialized. Skipping visualisations.
Graphics context not yet initialized. Skipping visualisations.
Graphics context not yet initialized. Skipping visualisations.
Graphics context not yet initialized. Skipping visualisations.
Graphics context not yet initialized. Skipping visualisations.
Graphics context not yet initialized. Skipping visualisations.
Graphics context not yet initialized. Skipping visualisations.
Graphics context not yet initialized. Skipping visualisations.
Graphics context not yet initialized. Skipping visualisations.
Graphics context not yet initialized. Skipping visualisations.
Graphics context not yet initialized. Skipping visualisations.
Graphics context not yet initialized. Skipping visualisations.
Graphics context not yet initialized. Skipping visualisations.
Graphics context not yet initialized. Skipping visualisations.
Graphics context not yet initialized. Skipping visualisations.
Graphics context not yet initialized. Skipping visualisations.
Graphics context not yet initialized. Skipping visualisations.
Graphics context not yet initialized. Skipping visualisations.
Graphics context not yet initialized. Skipping visualisations.
Graphics context not yet initialized. Skipping visualisations.
Graphics context not yet initialized. Skipping visualisations.
Graphics context not yet initialized. Skipping visualisations.
Graphics context not yet initialized. Skipping visualisations.
Graphics context not yet initialized. Skipping visualisations.
Graphics context not yet initialized. Skipping visualisations.
Graphics context not yet initialized. Skipping visualisations.
Graphics context not yet initialized. Skipping visualisations.
Graphics context not yet initialized. Skipping visualisations.
Graphics context not yet initialized. Skipping visualisations.
Graphics context not yet initialized. Skipping visualisations.
Graphics context not yet initialized. Skipping visualisations.
Graphics context not yet initialized. Skipping visualisations.
Graphics context not yet initialized. Skipping visualisations.
Graphics context not yet initialized. Skipping visualisations.
Graphics context not yet initialized. Skipping visualisations.
Graphics context not yet initialized. Skipping visualisations.
Graphics context not yet initialized. Skipping visualisations.
Graphics context not yet initialized. Skipping visualisations.
Graphics context not yet initialized. Skipping visualisations.
Graphics context not yet initialized. Skipping visualisations.
Graphics context not yet initialized. Skipping visualisations.
Graphics context not yet initialized. Skipping visualisations.
Graphics context not yet initialized. Skipping visualisations.
Graphics context not yet initialized. Skipping visualisations.
Graphics context not yet initialized. Skipping visualisations.
Graphics context not yet initialized. Skipping visualisations.
Graphics context not yet initialized. Skipping visualisations.
Graphics context not yet initialized. Skipping visualisations.
Graphics context not yet initialized. Skipping visualisations.
Graphics context not yet initialized. Skipping visualisations.
Graphics context not yet initialized. Skipping visualisations.
Graphics context not yet initialized. Skipping visualisations.
Graphics context not yet initialized. Skipping visualisations.
Graphics context not yet initialized. Skipping visualisations.
Graphics context not yet initialized. Skipping visualisations.
Graphics context not yet initialized. Skipping visualisations.
Graphics context not yet initialized. Skipping visualisations.
Graphics context not yet initialized. Skipping visualisations.
Graphics context not yet initialized. Skipping visualisations.
Graphics context not yet initialized. Skipping visualisations.
Graphics context not yet initialized. Skipping visualisations.
Graphics context not yet initialized. Skipping visualisations.
Graphics context not yet initialized. Skipping visualisations.
Graphics context not yet initialized. Skipping visualisations.
Graphics context not yet initialized. Skipping visualisations.
Graphics context not yet initialized. Skipping visualisations.
Graphics context not yet initialized. Skipping visualisations.
Graphics context not yet initialized. Skipping visualisations.
Graphics context not yet initialized. Skipping visualisations.
Graphics context not yet initialized. Skipping visualisations.
Graphics context not yet initialized. Skipping visualisations.
Graphics context not yet initialized. Skipping visualisations.
Graphics context not yet initialized. Skipping visualisations.
Graphics context not yet initialized. Skipping visualisations.
Graphics context not yet initialized. Skipping visualisations.
Graphics context not yet initialized. Skipping visualisations.
Graphics context not yet initialized. Skipping visualisations.
Graphics context not yet initialized. Skipping visualisations.
Graphics context not yet initialized. Skipping visualisations.
Graphics context not yet initialized. Skipping visualisations.
Graphics context not yet initialized. Skipping visualisations.
Graphics context not yet initialized. Skipping visualisations.
Graphics context not yet initialized. Skipping visualisations.
Graphics context not yet initialized. Skipping visualisations.
Graphics context not yet initialized. Skipping visualisations.
Graphics context not yet initialized. Skipping visualisations.
Graphics context not yet initialized. Skipping visualisations.
Graphics context not yet initialized. Skipping visualisations.
Graphics context not yet initialized. Skipping visualisations.
Graphics context not yet initialized. Skipping visualisations.
Graphics context not yet initialized. Skipping visualisations.
Graphics context not yet initialized. Skipping visualisations.
Graphics context not yet initialized. Skipping visualisations.
Graphics context not yet initialized. Skipping visualisations.
Graphics context not yet initialized. Skipping visualisations.
Graphics context not yet initialized. Skipping visualisations.
Graphics context not yet initialized. Skipping visualisations.
Graphics context not yet initialized. Skipping visualisations.
Graphics context not yet initialized. Skipping visualisations.
Graphics context not yet initialized. Skipping visualisations.
Graphics context not yet initialized. Skipping visualisations.
Graphics context not yet initialized. Skipping visualisations.
Graphics context not yet initialized. Skipping visualisations.
Graphics context not yet initialized. Skipping visualisations.
Graphics context not yet initialized. Skipping visualisations.
Graphics context not yet initialized. Skipping visualisations.
Graphics context not yet initialized. Skipping visualisations.
Graphics context not yet initialized. Skipping visualisations.
Graphics context not yet initialized. Skipping visualisations.
Graphics context not yet initialized. Skipping visualisations.
Graphics context not yet initialized. Skipping visualisations.
Graphics context not yet initialized. Skipping visualisations.
Graphics context not yet initialized. Skipping visualisations.
Graphics context not yet initialized. Skipping visualisations.
Graphics context not yet initialized. Skipping visualisations.
Graphics context not yet initialized. Skipping visualisations.
Graphics context not yet initialized. Skipping visualisations.
Graphics context not yet initialized. Skipping visualisations.
Graphics context not yet initialized. Skipping visualisations.
Graphics context not yet initialized. Skipping visualisations.
Graphics context not yet initialized. Skipping visualisations.
Graphics context not yet initialized. Skipping visualisations.
Graphics context not yet initialized. Skipping visualisations.
Graphics context not yet initialized. Skipping visualisations.
Graphics context not yet initialized. Skipping visualisations.
Graphics context not yet initialized. Skipping visualisations.
Graphics context not yet initialized. Skipping visualisations.
Graphics context not yet initialized. Skipping visualisations.
Graphics context not yet initialized. Skipping visualisations.
Graphics context not yet initialized. Skipping visualisations.
Graphics context not yet initialized. Skipping visualisations.
Graphics context not yet initialized. Skipping visualisations.
Graphics context not yet initialized. Skipping visualisations.
Graphics context not yet initialized. Skipping visualisations.
Graphics context not yet initialized. Skipping visualisations.
Graphics context not yet initialized. Skipping visualisations.
Graphics context not yet initialized. Skipping visualisations.
Graphics context not yet initialized. Skipping visualisations.
Graphics context not yet initialized. Skipping visualisations.
Graphics context not yet initialized. Skipping visualisations.
Graphics context not yet initialized. Skipping visualisations.
Graphics context not yet initialized. Skipping visualisations.
Graphics context not yet initialized. Skipping visualisations.
Graphics context not yet initialized. Skipping visualisations.
Graphics context not yet initialized. Skipping visualisations.
Graphics context not yet initialized. Skipping visualisations.
Graphics context not yet initialized. Skipping visualisations.
Graphics context not yet initialized. Skipping visualisations.
Graphics context not yet initialized. Skipping visualisations.
Graphics context not yet initialized. Skipping visualisations.
Graphics context not yet initialized. Skipping visualisations.
Graphics context not yet initialized. Skipping visualisations.
Graphics context not yet initialized. Skipping visualisations.
Graphics context not yet initialized. Skipping visualisations.
Graphics context not yet initialized. Skipping visualisations.
Graphics context not yet initialized. Skipping visualisations.
Graphics context not yet initialized. Skipping visualisations.
Graphics context not yet initialized. Skipping visualisations.
Graphics context not yet initialized. Skipping visualisations.
Graphics context not yet initialized. Skipping visualisations.
Graphics context not yet initialized. Skipping visualisations.
Graphics context not yet initialized. Skipping visualisations.
Graphics context not yet initialized. Skipping visualisations.
Graphics context not yet initialized. Skipping visualisations.
Graphics context not yet initialized. Skipping visualisations.
Graphics context not yet initialized. Skipping visualisations.
Graphics context not yet initialized. Skipping visualisations.
Graphics context not yet initialized. Skipping visualisations.
Graphics context not yet initialized. Skipping visualisations.
Graphics context not yet initialized. Skipping visualisations.
Graphics context not yet initialized. Skipping visualisations.
Graphics context not yet initialized. Skipping visualisations.
Graphics context not yet initialized. Skipping visualisations.
Graphics context not yet initialized. Skipping visualisations.
Graphics context not yet initialized. Skipping visualisations.
Graphics context not yet initialized. Skipping visualisations.
Graphics context not yet initialized. Skipping visualisations.
Graphics context not yet initialized. Skipping visualisations.
Graphics context not yet initialized. Skipping visualisations.
Graphics context not yet initialized. Skipping visualisations.
Graphics context not yet initialized. Skipping visualisations.
Graphics context not yet initialized. Skipping visualisations.
Graphics context not yet initialized. Skipping visualisations.
Graphics context not yet initialized. Skipping visualisations.
Graphics context not yet initialized. Skipping visualisations.
Graphics context not yet initialized. Skipping visualisations.
Graphics context not yet initialized. Skipping visualisations.
Graphics context not yet initialized. Skipping visualisations.
Graphics context not yet initialized. Skipping visualisations.
Graphics context not yet initialized. Skipping visualisations.
Graphics context not yet initialized. Skipping visualisations.
Graphics context not yet initialized. Skipping visualisations.
Graphics context not yet initialized. Skipping visualisations.
Graphics context not yet initialized. Skipping visualisations.
Graphics context not yet initialized. Skipping visualisations.
Graphics context not yet initialized. Skipping visualisations.
Graphics context not yet initialized. Skipping visualisations.
Graphics context not yet initialized. Skipping visualisations.
Graphics context not yet initialized. Skipping visualisations.
Graphics context not yet initialized. Skipping visualisations.
Graphics context not yet initialized. Skipping visualisations.
Graphics context not yet initialized. Skipping visualisations.
Graphics context not yet initialized. Skipping visualisations.
Graphics context not yet initialized. Skipping visualisations.
Graphics context not yet initialized. Skipping visualisations.
Graphics context not yet initialized. Skipping visualisations.
Graphics context not yet initialized. Skipping visualisations.
Graphics context not yet initialized. Skipping visualisations.
Graphics context not yet initialized. Skipping visualisations.
Graphics context not yet initialized. Skipping visualisations.
Graphics context not yet initialized. Skipping visualisations.
Graphics context not yet initialized. Skipping visualisations.
Graphics context not yet initialized. Skipping visualisations.
Graphics context not yet initialized. Skipping visualisations.
Graphics context not yet initialized. Skipping visualisations.
Graphics context not yet initialized. Skipping visualisations.
Graphics context not yet initialized. Skipping visualisations.
Graphics context not yet initialized. Skipping visualisations.
Graphics context not yet initialized. Skipping visualisations.
Graphics context not yet initialized. Skipping visualisations.
Graphics context not yet initialized. Skipping visualisations.
Graphics context not yet initialized. Skipping visualisations.
Graphics context not yet initialized. Skipping visualisations.
Graphics context not yet initialized. Skipping visualisations.
Graphics context not yet initialized. Skipping visualisations.
Graphics context not yet initialized. Skipping visualisations.
Graphics context not yet initialized. Skipping visualisations.
Graphics context not yet initialized. Skipping visualisations.
Graphics context not yet initialized. Skipping visualisations.
Graphics context not yet initialized. Skipping visualisations.
Graphics context not yet initialized. Skipping visualisations.
Graphics context not yet initialized. Skipping visualisations.
Graphics context not yet initialized. Skipping visualisations.
Graphics context not yet initialized. Skipping visualisations.
Graphics context not yet initialized. Skipping visualisations.
Graphics context not yet initialized. Skipping visualisations.
Graphics context not yet initialized. Skipping visualisations.
Graphics context not yet initialized. Skipping visualisations.
Graphics context not yet initialized. Skipping visualisations.
Graphics context not yet initialized. Skipping visualisations.
Graphics context not yet initialized. Skipping visualisations.
Graphics context not yet initialized. Skipping visualisations.
Graphics context not yet initialized. Skipping visualisations.
Graphics context not yet initialized. Skipping visualisations.
Graphics context not yet initialized. Skipping visualisations.
Graphics context not yet initialized. Skipping visualisations.
Graphics context not yet initialized. Skipping visualisations.
Graphics context not yet initialized. Skipping visualisations.
Graphics context not yet initialized. Skipping visualisations.
Graphics context not yet initialized. Skipping visualisations.
Graphics context not yet initialized. Skipping visualisations.
Graphics context not yet initialized. Skipping visualisations.
Graphics context not yet initialized. Skipping visualisations.
Graphics context not yet initialized. Skipping visualisations.
Graphics context not yet initialized. Skipping visualisations.
Graphics context not yet initialized. Skipping visualisations.
Graphics context not yet initialized. Skipping visualisations.
Graphics context not yet initialized. Skipping visualisations.
Graphics context not yet initialized. Skipping visualisations.
Graphics context not yet initialized. Skipping visualisations.
Graphics context not yet initialized. Skipping visualisations.
Graphics context not yet initialized. Skipping visualisations.
Graphics context not yet initialized. Skipping visualisations.
Graphics context not yet initialized. Skipping visualisations.
Graphics context not yet initialized. Skipping visualisations.
Graphics context not yet initialized. Skipping visualisations.
Graphics context not yet initialized. Skipping visualisations.
Graphics context not yet initialized. Skipping visualisations.
Graphics context not yet initialized. Skipping visualisations.
Graphics context not yet initialized. Skipping visualisations.
Graphics context not yet initialized. Skipping visualisations.
Graphics context not yet initialized. Skipping visualisations.
Graphics context not yet initialized. Skipping visualisations.
Graphics context not yet initialized. Skipping visualisations.
Graphics context not yet initialized. Skipping visualisations.
Graphics context not yet initialized. Skipping visualisations.
Graphics context not yet initialized. Skipping visualisations.
Graphics context not yet initialized. Skipping visualisations.
Graphics context not yet initialized. Skipping visualisations.
Graphics context not yet initialized. Skipping visualisations.
Graphics context not yet initialized. Skipping visualisations.
Graphics context not yet initialized. Skipping visualisations.
Graphics context not yet initialized. Skipping visualisations.
Graphics context not yet initialized. Skipping visualisations.
Graphics context not yet initialized. Skipping visualisations.
Graphics context not yet initialized. Skipping visualisations.
Graphics context not yet initialized. Skipping visualisations.
Graphics context not yet initialized. Skipping visualisations.
Graphics context not yet initialized. Skipping visualisations.
Graphics context not yet initialized. Skipping visualisations.
Graphics context not yet initialized. Skipping visualisations.
Graphics context not yet initialized. Skipping visualisations.
Graphics context not yet initialized. Skipping visualisations.
Graphics context not yet initialized. Skipping visualisations.
Graphics context not yet initialized. Skipping visualisations.
Graphics context not yet initialized. Skipping visualisations.
Graphics context not yet initialized. Skipping visualisations.
Graphics context not yet initialized. Skipping visualisations.
Graphics context not yet initialized. Skipping visualisations.
Graphics context not yet initialized. Skipping visualisations.
Graphics context not yet initialized. Skipping visualisations.
Graphics context not yet initialized. Skipping visualisations.
Graphics context not yet initialized. Skipping visualisations.
Graphics context not yet initialized. Skipping visualisations.
Graphics context not yet initialized. Skipping visualisations.
Graphics context not yet initialized. Skipping visualisations.
Graphics context not yet initialized. Skipping visualisations.
Graphics context not yet initialized. Skipping visualisations.
Graphics context not yet initialized. Skipping visualisations.
Graphics context not yet initialized. Skipping visualisations.
Graphics context not yet initialized. Skipping visualisations.
Graphics context not yet initialized. Skipping visualisations.
Graphics context not yet initialized. Skipping visualisations.
Graphics context not yet initialized. Skipping visualisations.
Graphics context not yet initialized. Skipping visualisations.
Graphics context not yet initialized. Skipping visualisations.
Graphics context not yet initialized. Skipping visualisations.
Graphics context not yet initialized. Skipping visualisations.
Graphics context not yet initialized. Skipping visualisations.
Graphics context not yet initialized. Skipping visualisations.
Graphics context not yet initialized. Skipping visualisations.
Graphics context not yet initialized. Skipping visualisations.
Graphics context not yet initialized. Skipping visualisations.
Graphics context not yet initialized. Skipping visualisations.
Graphics context not yet initialized. Skipping visualisations.
Graphics context not yet initialized. Skipping visualisations.
Graphics context not yet initialized. Skipping visualisations.
Graphics context not yet initialized. Skipping visualisations.
Graphics context not yet initialized. Skipping visualisations.
Graphics context not yet initialized. Skipping visualisations.
Graphics context not yet initialized. Skipping visualisations.
Graphics context not yet initialized. Skipping visualisations.
Graphics context not yet initialized. Skipping visualisations.
Graphics context not yet initialized. Skipping visualisations.
Graphics context not yet initialized. Skipping visualisations.
Graphics context not yet initialized. Skipping visualisations.
Graphics context not yet initialized. Skipping visualisations.
Graphics context not yet initialized. Skipping visualisations.
Graphics context not yet initialized. Skipping visualisations.
Graphics context not yet initialized. Skipping visualisations.
Graphics context not yet initialized. Skipping visualisations.
Graphics context not yet initialized. Skipping visualisations.
Graphics context not yet initialized. Skipping visualisations.
Graphics context not yet initialized. Skipping visualisations.
Graphics context not yet initialized. Skipping visualisations.
Graphics context not yet initialized. Skipping visualisations.
Graphics context not yet initialized. Skipping visualisations.
Graphics context not yet initialized. Skipping visualisations.
Graphics context not yet initialized. Skipping visualisations.
Graphics context not yet initialized. Skipping visualisations.
Graphics context not yet initialized. Skipping visualisations.
Graphics context not yet initialized. Skipping visualisations.
Graphics context not yet initialized. Skipping visualisations.
Graphics context not yet initialized. Skipping visualisations.
Graphics context not yet initialized. Skipping visualisations.
Graphics context not yet initialized. Skipping visualisations.
Graphics context not yet initialized. Skipping visualisations.
Graphics context not yet initialized. Skipping visualisations.
Graphics context not yet initialized. Skipping visualisations.
Graphics context not yet initialized. Skipping visualisations.
Graphics context not yet initialized. Skipping visualisations.
Graphics context not yet initialized. Skipping visualisations.
Graphics context not yet initialized. Skipping visualisations.
Graphics context not yet initialized. Skipping visualisations.
Graphics context not yet initialized. Skipping visualisations.
Graphics context not yet initialized. Skipping visualisations.
Graphics context not yet initialized. Skipping visualisations.
Graphics context not yet initialized. Skipping visualisations.
Graphics context not yet initialized. Skipping visualisations.
Graphics context not yet initialized. Skipping visualisations.
Graphics context not yet initialized. Skipping visualisations.
Graphics context not yet initialized. Skipping visualisations.
Graphics context not yet initialized. Skipping visualisations.
Graphics context not yet initialized. Skipping visualisations.
Graphics context not yet initialized. Skipping visualisations.
Graphics context not yet initialized. Skipping visualisations.
Graphics context not yet initialized. Skipping visualisations.
Graphics context not yet initialized. Skipping visualisations.
Graphics context not yet initialized. Skipping visualisations.
Graphics context not yet initialized. Skipping visualisations.
Graphics context not yet initialized. Skipping visualisations.
Graphics context not yet initialized. Skipping visualisations.
Graphics context not yet initialized. Skipping visualisations.
Graphics context not yet initialized. Skipping visualisations.
Graphics context not yet initialized. Skipping visualisations.
Graphics context not yet initialized. Skipping visualisations.
Graphics context not yet initialized. Skipping visualisations.
Graphics context not yet initialized. Skipping visualisations.
Graphics context not yet initialized. Skipping visualisations.
Graphics context not yet initialized. Skipping visualisations.
Graphics context not yet initialized. Skipping visualisations.
Graphics context not yet initialized. Skipping visualisations.
Graphics context not yet initialized. Skipping visualisations.
Graphics context not yet initialized. Skipping visualisations.
Graphics context not yet initialized. Skipping visualisations.
Graphics context not yet initialized. Skipping visualisations.
Graphics context not yet initialized. Skipping visualisations.
Graphics context not yet initialized. Skipping visualisations.
Graphics context not yet initialized. Skipping visualisations.
Graphics context not yet initialized. Skipping visualisations.
Graphics context not yet initialized. Skipping visualisations.
Graphics context not yet initialized. Skipping visualisations.
Graphics context not yet initialized. Skipping visualisations.
Graphics context not yet initialized. Skipping visualisations.
Graphics context not yet initialized. Skipping visualisations.
Graphics context not yet initialized. Skipping visualisations.
Graphics context not yet initialized. Skipping visualisations.
Graphics context not yet initialized. Skipping visualisations.
Graphics context not yet initialized. Skipping visualisations.
Graphics context not yet initialized. Skipping visualisations.
Graphics context not yet initialized. Skipping visualisations.
Graphics context not yet initialized. Skipping visualisations.
Graphics context not yet initialized. Skipping visualisations.
Graphics context not yet initialized. Skipping visualisations.
Graphics context not yet initialized. Skipping visualisations.
Graphics context not yet initialized. Skipping visualisations.
Graphics context not yet initialized. Skipping visualisations.
Graphics context not yet initialized. Skipping visualisations.
Graphics context not yet initialized. Skipping visualisations.
Graphics context not yet initialized. Skipping visualisations.
Graphics context not yet initialized. Skipping visualisations.
Graphics context not yet initialized. Skipping visualisations.
Graphics context not yet initialized. Skipping visualisations.
Graphics context not yet initialized. Skipping visualisations.
Graphics context not yet initialized. Skipping visualisations.
Graphics context not yet initialized. Skipping visualisations.
Graphics context not yet initialized. Skipping visualisations.
Graphics context not yet initialized. Skipping visualisations.
Graphics context not yet initialized. Skipping visualisations.
Graphics context not yet initialized. Skipping visualisations.
Graphics context not yet initialized. Skipping visualisations.
Graphics context not yet initialized. Skipping visualisations.
Graphics context not yet initialized. Skipping visualisations.
Graphics context not yet initialized. Skipping visualisations.
Graphics context not yet initialized. Skipping visualisations.
Graphics context not yet initialized. Skipping visualisations.
Graphics context not yet initialized. Skipping visualisations.
Graphics context not yet initialized. Skipping visualisations.
Graphics context not yet initialized. Skipping visualisations.
Graphics context not yet initialized. Skipping visualisations.
Graphics context not yet initialized. Skipping visualisations.
Graphics context not yet initialized. Skipping visualisations.
Graphics context not yet initialized. Skipping visualisations.
Graphics context not yet initialized. Skipping visualisations.
Graphics context not yet initialized. Skipping visualisations.
Graphics context not yet initialized. Skipping visualisations.
Graphics context not yet initialized. Skipping visualisations.
Graphics context not yet initialized. Skipping visualisations.
Graphics context not yet initialized. Skipping visualisations.
Graphics context not yet initialized. Skipping visualisations.
Graphics context not yet initialized. Skipping visualisations.
Graphics context not yet initialized. Skipping visualisations.
Graphics context not yet initialized. Skipping visualisations.
Graphics context not yet initialized. Skipping visualisations.
Graphics context not yet initialized. Skipping visualisations.
Graphics context not yet initialized. Skipping visualisations.
Graphics context not yet initialized. Skipping visualisations.
Graphics context not yet initialized. Skipping visualisations.
Graphics context not yet initialized. Skipping visualisations.
Graphics context not yet initialized. Skipping visualisations.
Graphics context not yet initialized. Skipping visualisations.
Graphics context not yet initialized. Skipping visualisations.
Graphics context not yet initialized. Skipping visualisations.
Graphics context not yet initialized. Skipping visualisations.
Graphics context not yet initialized. Skipping visualisations.
Graphics context not yet initialized. Skipping visualisations.
Graphics context not yet initialized. Skipping visualisations.
Graphics context not yet initialized. Skipping visualisations.
Graphics context not yet initialized. Skipping visualisations.
Graphics context not yet initialized. Skipping visualisations.
Graphics context not yet initialized. Skipping visualisations.
Graphics context not yet initialized. Skipping visualisations.
Graphics context not yet initialized. Skipping visualisations.
Graphics context not yet initialized. Skipping visualisations.
Graphics context not yet initialized. Skipping visualisations.
Graphics context not yet initialized. Skipping visualisations.
Graphics context not yet initialized. Skipping visualisations.
Graphics context not yet initialized. Skipping visualisations.
Graphics context not yet initialized. Skipping visualisations.
Graphics context not yet initialized. Skipping visualisations.
Graphics context not yet initialized. Skipping visualisations.
Graphics context not yet initialized. Skipping visualisations.
Graphics context not yet initialized. Skipping visualisations.
Graphics context not yet initialized. Skipping visualisations.
Graphics context not yet initialized. Skipping visualisations.
Graphics context not yet initialized. Skipping visualisations.
Graphics context not yet initialized. Skipping visualisations.
Graphics context not yet initialized. Skipping visualisations.
Graphics context not yet initialized. Skipping visualisations.
Graphics context not yet initialized. Skipping visualisations.
Graphics context not yet initialized. Skipping visualisations.
Graphics context not yet initialized. Skipping visualisations.
Graphics context not yet initialized. Skipping visualisations.
Graphics context not yet initialized. Skipping visualisations.
Graphics context not yet initialized. Skipping visualisations.
Graphics context not yet initialized. Skipping visualisations.
Graphics context not yet initialized. Skipping visualisations.
Graphics context not yet initialized. Skipping visualisations.
Graphics context not yet initialized. Skipping visualisations.
Graphics context not yet initialized. Skipping visualisations.
Graphics context not yet initialized. Skipping visualisations.
Graphics context not yet initialized. Skipping visualisations.
Graphics context not yet initialized. Skipping visualisations.
Graphics context not yet initialized. Skipping visualisations.
Graphics context not yet initialized. Skipping visualisations.
Graphics context not yet initialized. Skipping visualisations.
Graphics context not yet initialized. Skipping visualisations.
Graphics context not yet initialized. Skipping visualisations.
Graphics context not yet initialized. Skipping visualisations.
Graphics context not yet initialized. Skipping visualisations.
Graphics context not yet initialized. Skipping visualisations.
Graphics context not yet initialized. Skipping visualisations.
Graphics context not yet initialized. Skipping visualisations.
Graphics context not yet initialized. Skipping visualisations.
Graphics context not yet initialized. Skipping visualisations.
Graphics context not yet initialized. Skipping visualisations.
Graphics context not yet initialized. Skipping visualisations.
Graphics context not yet initialized. Skipping visualisations.
Graphics context not yet initialized. Skipping visualisations.
Graphics context not yet initialized. Skipping visualisations.
Graphics context not yet initialized. Skipping visualisations.
Graphics context not yet initialized. Skipping visualisations.
Graphics context not yet initialized. Skipping visualisations.
Graphics context not yet initialized. Skipping visualisations.
Graphics context not yet initialized. Skipping visualisations.
Graphics context not yet initialized. Skipping visualisations.
Graphics context not yet initialized. Skipping visualisations.
Graphics context not yet initialized. Skipping visualisations.
Graphics context not yet initialized. Skipping visualisations.
Graphics context not yet initialized. Skipping visualisations.
Graphics context not yet initialized. Skipping visualisations.
Graphics context not yet initialized. Skipping visualisations.
Graphics context not yet initialized. Skipping visualisations.
Graphics context not yet initialized. Skipping visualisations.
Graphics context not yet initialized. Skipping visualisations.
Graphics context not yet initialized. Skipping visualisations.
Graphics context not yet initialized. Skipping visualisations.
Graphics context not yet initialized. Skipping visualisations.
Graphics context not yet initialized. Skipping visualisations.
Graphics context not yet initialized. Skipping visualisations.
Graphics context not yet initialized. Skipping visualisations.
Graphics context not yet initialized. Skipping visualisations.
Graphics context not yet initialized. Skipping visualisations.
Graphics context not yet initialized. Skipping visualisations.
Graphics context not yet initialized. Skipping visualisations.
Graphics context not yet initialized. Skipping visualisations.
Graphics context not yet initialized. Skipping visualisations.
Graphics context not yet initialized. Skipping visualisations.
Graphics context not yet initialized. Skipping visualisations.
Graphics context not yet initialized. Skipping visualisations.
Graphics context not yet initialized. Skipping visualisations.
Graphics context not yet initialized. Skipping visualisations.
Graphics context not yet initialized. Skipping visualisations.
Graphics context not yet initialized. Skipping visualisations.
Graphics context not yet initialized. Skipping visualisations.
Graphics context not yet initialized. Skipping visualisations.
Graphics context not yet initialized. Skipping visualisations.
Graphics context not yet initialized. Skipping visualisations.
Graphics context not yet initialized. Skipping visualisations.
Graphics context not yet initialized. Skipping visualisations.
Graphics context not yet initialized. Skipping visualisations.
Graphics context not yet initialized. Skipping visualisations.
Graphics context not yet initialized. Skipping visualisations.
Graphics context not yet initialized. Skipping visualisations.
Graphics context not yet initialized. Skipping visualisations.
Graphics context not yet initialized. Skipping visualisations.
Graphics context not yet initialized. Skipping visualisations.
Graphics context not yet initialized. Skipping visualisations.
Graphics context not yet initialized. Skipping visualisations.
Graphics context not yet initialized. Skipping visualisations.
Graphics context not yet initialized. Skipping visualisations.
Graphics context not yet initialized. Skipping visualisations.
Graphics context not yet initialized. Skipping visualisations.
Graphics context not yet initialized. Skipping visualisations.
Graphics context not yet initialized. Skipping visualisations.
Graphics context not yet initialized. Skipping visualisations.
Graphics context not yet initialized. Skipping visualisations.
Graphics context not yet initialized. Skipping visualisations.
Graphics context not yet initialized. Skipping visualisations.
Graphics context not yet initialized. Skipping visualisations.
Graphics context not yet initialized. Skipping visualisations.
Graphics context not yet initialized. Skipping visualisations.
Graphics context not yet initialized. Skipping visualisations.
Graphics context not yet initialized. Skipping visualisations.
Graphics context not yet initialized. Skipping visualisations.
Graphics context not yet initialized. Skipping visualisations.
Graphics context not yet initialized. Skipping visualisations.
Graphics context not yet initialized. Skipping visualisations.
Graphics context not yet initialized. Skipping visualisations.
Graphics context not yet initialized. Skipping visualisations.
Graphics context not yet initialized. Skipping visualisations.
Graphics context not yet initialized. Skipping visualisations.
Graphics context not yet initialized. Skipping visualisations.
Graphics context not yet initialized. Skipping visualisations.
Graphics context not yet initialized. Skipping visualisations.
Graphics context not yet initialized. Skipping visualisations.
Graphics context not yet initialized. Skipping visualisations.
Graphics context not yet initialized. Skipping visualisations.
Graphics context not yet initialized. Skipping visualisations.
Graphics context not yet initialized. Skipping visualisations.
Graphics context not yet initialized. Skipping visualisations.
Graphics context not yet initialized. Skipping visualisations.
Graphics context not yet initialized. Skipping visualisations.
Graphics context not yet initialized. Skipping visualisations.
Graphics context not yet initialized. Skipping visualisations.
Graphics context not yet initialized. Skipping visualisations.
Graphics context not yet initialized. Skipping visualisations.
Graphics context not yet initialized. Skipping visualisations.
Graphics context not yet initialized. Skipping visualisations.
Graphics context not yet initialized. Skipping visualisations.
Graphics context not yet initialized. Skipping visualisations.
Graphics context not yet initialized. Skipping visualisations.
Graphics context not yet initialized. Skipping visualisations.
Graphics context not yet initialized. Skipping visualisations.
Graphics context not yet initialized. Skipping visualisations.
Graphics context not yet initialized. Skipping visualisations.
Graphics context not yet initialized. Skipping visualisations.
Graphics context not yet initialized. Skipping visualisations.
Graphics context not yet initialized. Skipping visualisations.
Graphics context not yet initialized. Skipping visualisations.
Graphics context not yet initialized. Skipping visualisations.
Graphics context not yet initialized. Skipping visualisations.
Graphics context not yet initialized. Skipping visualisations.
Graphics context not yet initialized. Skipping visualisations.
Graphics context not yet initialized. Skipping visualisations.
Graphics context not yet initialized. Skipping visualisations.
Graphics context not yet initialized. Skipping visualisations.
Graphics context not yet initialized. Skipping visualisations.
Graphics context not yet initialized. Skipping visualisations.
Graphics context not yet initialized. Skipping visualisations.
Graphics context not yet initialized. Skipping visualisations.
Graphics context not yet initialized. Skipping visualisations.
Graphics context not yet initialized. Skipping visualisations.
Graphics context not yet initialized. Skipping visualisations.
Graphics context not yet initialized. Skipping visualisations.
Graphics context not yet initialized. Skipping visualisations.
Graphics context not yet initialized. Skipping visualisations.
Graphics context not yet initialized. Skipping visualisations.
Graphics context not yet initialized. Skipping visualisations.
Graphics context not yet initialized. Skipping visualisations.
Graphics context not yet initialized. Skipping visualisations.
Graphics context not yet initialized. Skipping visualisations.
Graphics context not yet initialized. Skipping visualisations.
Graphics context not yet initialized. Skipping visualisations.
Graphics context not yet initialized. Skipping visualisations.
Graphics context not yet initialized. Skipping visualisations.
Graphics context not yet initialized. Skipping visualisations.
Graphics context not yet initialized. Skipping visualisations.
Graphics context not yet initialized. Skipping visualisations.
Graphics context not yet initialized. Skipping visualisations.
Graphics context not yet initialized. Skipping visualisations.
Graphics context not yet initialized. Skipping visualisations.
Graphics context not yet initialized. Skipping visualisations.
Graphics context not yet initialized. Skipping visualisations.
Graphics context not yet initialized. Skipping visualisations.
Graphics context not yet initialized. Skipping visualisations.
Graphics context not yet initialized. Skipping visualisations.
Graphics context not yet initialized. Skipping visualisations.
Graphics context not yet initialized. Skipping visualisations.
Graphics context not yet initialized. Skipping visualisations.
Graphics context not yet initialized. Skipping visualisations.
Graphics context not yet initialized. Skipping visualisations.
Graphics context not yet initialized. Skipping visualisations.
Graphics context not yet initialized. Skipping visualisations.
Graphics context not yet initialized. Skipping visualisations.
Graphics context not yet initialized. Skipping visualisations.
Graphics context not yet initialized. Skipping visualisations.
Graphics context not yet initialized. Skipping visualisations.
Graphics context not yet initialized. Skipping visualisations.
Graphics context not yet initialized. Skipping visualisations.
Graphics context not yet initialized. Skipping visualisations.
Graphics context not yet initialized. Skipping visualisations.
Graphics context not yet initialized. Skipping visualisations.
Graphics context not yet initialized. Skipping visualisations.
Graphics context not yet initialized. Skipping visualisations.
Graphics context not yet initialized. Skipping visualisations.
Graphics context not yet initialized. Skipping visualisations.
Graphics context not yet initialized. Skipping visualisations.
Graphics context not yet initialized. Skipping visualisations.
Graphics context not yet initialized. Skipping visualisations.
Graphics context not yet initialized. Skipping visualisations.
Graphics context not yet initialized. Skipping visualisations.
Graphics context not yet initialized. Skipping visualisations.
Graphics context not yet initialized. Skipping visualisations.
Graphics context not yet initialized. Skipping visualisations.
Graphics context not yet initialized. Skipping visualisations.
Graphics context not yet initialized. Skipping visualisations.
Graphics context not yet initialized. Skipping visualisations.
Graphics context not yet initialized. Skipping visualisations.
Graphics context not yet initialized. Skipping visualisations.
Graphics context not yet initialized. Skipping visualisations.
Graphics context not yet initialized. Skipping visualisations.
Graphics context not yet initialized. Skipping visualisations.
Graphics context not yet initialized. Skipping visualisations.
Graphics context not yet initialized. Skipping visualisations.
Graphics context not yet initialized. Skipping visualisations.
Graphics context not yet initialized. Skipping visualisations.
Graphics context not yet initialized. Skipping visualisations.
Graphics context not yet initialized. Skipping visualisations.
Graphics context not yet initialized. Skipping visualisations.
Graphics context not yet initialized. Skipping visualisations.
Graphics context not yet initialized. Skipping visualisations.
Graphics context not yet initialized. Skipping visualisations.
Graphics context not yet initialized. Skipping visualisations.
Graphics context not yet initialized. Skipping visualisations.
Graphics context not yet initialized. Skipping visualisations.
Graphics context not yet initialized. Skipping visualisations.
Graphics context not yet initialized. Skipping visualisations.
Graphics context not yet initialized. Skipping visualisations.
Graphics context not yet initialized. Skipping visualisations.
Graphics context not yet initialized. Skipping visualisations.
Graphics context not yet initialized. Skipping visualisations.
Graphics context not yet initialized. Skipping visualisations.
Graphics context not yet initialized. Skipping visualisations.
Graphics context not yet initialized. Skipping visualisations.
Graphics context not yet initialized. Skipping visualisations.
Graphics context not yet initialized. Skipping visualisations.
Graphics context not yet initialized. Skipping visualisations.
Graphics context not yet initialized. Skipping visualisations.
Graphics context not yet initialized. Skipping visualisations.
Graphics context not yet initialized. Skipping visualisations.
Graphics context not yet initialized. Skipping visualisations.
Graphics context not yet initialized. Skipping visualisations.
Graphics context not yet initialized. Skipping visualisations.
Graphics context not yet initialized. Skipping visualisations.
Graphics context not yet initialized. Skipping visualisations.
Graphics context not yet initialized. Skipping visualisations.
Graphics context not yet initialized. Skipping visualisations.
Graphics context not yet initialized. Skipping visualisations.
Graphics context not yet initialized. Skipping visualisations.
Graphics context not yet initialized. Skipping visualisations.
Graphics context not yet initialized. Skipping visualisations.
Graphics context not yet initialized. Skipping visualisations.
Graphics context not yet initialized. Skipping visualisations.
Graphics context not yet initialized. Skipping visualisations.
Graphics context not yet initialized. Skipping visualisations.
Graphics context not yet initialized. Skipping visualisations.
Graphics context not yet initialized. Skipping visualisations.
Graphics context not yet initialized. Skipping visualisations.
Graphics context not yet initialized. Skipping visualisations.
Graphics context not yet initialized. Skipping visualisations.
Graphics context not yet initialized. Skipping visualisations.
Graphics context not yet initialized. Skipping visualisations.
Graphics context not yet initialized. Skipping visualisations.
Graphics context not yet initialized. Skipping visualisations.
Graphics context not yet initialized. Skipping visualisations.
Graphics context not yet initialized. Skipping visualisations.
Graphics context not yet initialized. Skipping visualisations.
Graphics context not yet initialized. Skipping visualisations.
Graphics context not yet initialized. Skipping visualisations.
Graphics context not yet initialized. Skipping visualisations.
Graphics context not yet initialized. Skipping visualisations.
Graphics context not yet initialized. Skipping visualisations.
Graphics context not yet initialized. Skipping visualisations.
Graphics context not yet initialized. Skipping visualisations.
Graphics context not yet initialized. Skipping visualisations.
Graphics context not yet initialized. Skipping visualisations.
Graphics context not yet initialized. Skipping visualisations.
Graphics context not yet initialized. Skipping visualisations.
Graphics context not yet initialized. Skipping visualisations.
Graphics context not yet initialized. Skipping visualisations.
Graphics context not yet initialized. Skipping visualisations.
Graphics context not yet initialized. Skipping visualisations.
Graphics context not yet initialized. Skipping visualisations.
Graphics context not yet initialized. Skipping visualisations.
Graphics context not yet initialized. Skipping visualisations.
Graphics context not yet initialized. Skipping visualisations.
Graphics context not yet initialized. Skipping visualisations.
Graphics context not yet initialized. Skipping visualisations.
Graphics context not yet initialized. Skipping visualisations.
Graphics context not yet initialized. Skipping visualisations.
Graphics context not yet initialized. Skipping visualisations.
Graphics context not yet initialized. Skipping visualisations.
Graphics context not yet initialized. Skipping visualisations.
Graphics context not yet initialized. Skipping visualisations.
Graphics context not yet initialized. Skipping visualisations.
Graphics context not yet initialized. Skipping visualisations.
Graphics context not yet initialized. Skipping visualisations.
Graphics context not yet initialized. Skipping visualisations.
Graphics context not yet initialized. Skipping visualisations.
Graphics context not yet initialized. Skipping visualisations.
Graphics context not yet initialized. Skipping visualisations.
Graphics context not yet initialized. Skipping visualisations.
Graphics context not yet initialized. Skipping visualisations.
Graphics context not yet initialized. Skipping visualisations.
Graphics context not yet initialized. Skipping visualisations.
Graphics context not yet initialized. Skipping visualisations.
Graphics context not yet initialized. Skipping visualisations.
Graphics context not yet initialized. Skipping visualisations.
Graphics context not yet initialized. Skipping visualisations.
Graphics context not yet initialized. Skipping visualisations.
Graphics context not yet initialized. Skipping visualisations.
Graphics context not yet initialized. Skipping visualisations.
Graphics context not yet initialized. Skipping visualisations.
Graphics context not yet initialized. Skipping visualisations.
Graphics context not yet initialized. Skipping visualisations.
Graphics context not yet initialized. Skipping visualisations.
Graphics context not yet initialized. Skipping visualisations.
Graphics context not yet initialized. Skipping visualisations.
Graphics context not yet initialized. Skipping visualisations.
Graphics context not yet initialized. Skipping visualisations.
Graphics context not yet initialized. Skipping visualisations.
Graphics context not yet initialized. Skipping visualisations.
Graphics context not yet initialized. Skipping visualisations.
Graphics context not yet initialized. Skipping visualisations.
Graphics context not yet initialized. Skipping visualisations.
Graphics context not yet initialized. Skipping visualisations.
Graphics context not yet initialized. Skipping visualisations.
Graphics context not yet initialized. Skipping visualisations.
Graphics context not yet initialized. Skipping visualisations.
Graphics context not yet initialized. Skipping visualisations.
Graphics context not yet initialized. Skipping visualisations.
Graphics context not yet initialized. Skipping visualisations.
Graphics context not yet initialized. Skipping visualisations.
Graphics context not yet initialized. Skipping visualisations.
Graphics context not yet initialized. Skipping visualisations.
Graphics context not yet initialized. Skipping visualisations.
Graphics context not yet initialized. Skipping visualisations.
Graphics context not yet initialized. Skipping visualisations.
Graphics context not yet initialized. Skipping visualisations.
Graphics context not yet initialized. Skipping visualisations.
Graphics context not yet initialized. Skipping visualisations.
Graphics context not yet initialized. Skipping visualisations.
Graphics context not yet initialized. Skipping visualisations.
Graphics context not yet initialized. Skipping visualisations.
Graphics context not yet initialized. Skipping visualisations.
Graphics context not yet initialized. Skipping visualisations.
Graphics context not yet initialized. Skipping visualisations.
Graphics context not yet initialized. Skipping visualisations.
Graphics context not yet initialized. Skipping visualisations.
Graphics context not yet initialized. Skipping visualisations.
Graphics context not yet initialized. Skipping visualisations.
Graphics context not yet initialized. Skipping visualisations.
Graphics context not yet initialized. Skipping visualisations.
Graphics context not yet initialized. Skipping visualisations.
Graphics context not yet initialized. Skipping visualisations.
Graphics context not yet initialized. Skipping visualisations.
Graphics context not yet initialized. Skipping visualisations.
Graphics context not yet initialized. Skipping visualisations.
Graphics context not yet initialized. Skipping visualisations.
Graphics context not yet initialized. Skipping visualisations.
Graphics context not yet initialized. Skipping visualisations.
Graphics context not yet initialized. Skipping visualisations.
Graphics context not yet initialized. Skipping visualisations.
Graphics context not yet initialized. Skipping visualisations.
Graphics context not yet initialized. Skipping visualisations.
Graphics context not yet initialized. Skipping visualisations.
Graphics context not yet initialized. Skipping visualisations.
Graphics context not yet initialized. Skipping visualisations.
Graphics context not yet initialized. Skipping visualisations.
Graphics context not yet initialized. Skipping visualisations.
Graphics context not yet initialized. Skipping visualisations.
Graphics context not yet initialized. Skipping visualisations.
Graphics context not yet initialized. Skipping visualisations.
Graphics context not yet initialized. Skipping visualisations.
Graphics context not yet initialized. Skipping visualisations.
Graphics context not yet initialized. Skipping visualisations.
Graphics context not yet initialized. Skipping visualisations.
Graphics context not yet initialized. Skipping visualisations.
Graphics context not yet initialized. Skipping visualisations.
Graphics context not yet initialized. Skipping visualisations.
Graphics context not yet initialized. Skipping visualisations.
Graphics context not yet initialized. Skipping visualisations.
Graphics context not yet initialized. Skipping visualisations.
Graphics context not yet initialized. Skipping visualisations.
Graphics context not yet initialized. Skipping visualisations.
Graphics context not yet initialized. Skipping visualisations.
Graphics context not yet initialized. Skipping visualisations.
Graphics context not yet initialized. Skipping visualisations.
Graphics context not yet initialized. Skipping visualisations.
Graphics context not yet initialized. Skipping visualisations.
Graphics context not yet initialized. Skipping visualisations.
Graphics context not yet initialized. Skipping visualisations.
Graphics context not yet initialized. Skipping visualisations.
Graphics context not yet initialized. Skipping visualisations.
Graphics context not yet initialized. Skipping visualisations.
Graphics context not yet initialized. Skipping visualisations.
Graphics context not yet initialized. Skipping visualisations.
Graphics context not yet initialized. Skipping visualisations.
Graphics context not yet initialized. Skipping visualisations.
Graphics context not yet initialized. Skipping visualisations.
Graphics context not yet initialized. Skipping visualisations.
Graphics context not yet initialized. Skipping visualisations.
Graphics context not yet initialized. Skipping visualisations.
Graphics context not yet initialized. Skipping visualisations.
Graphics context not yet initialized. Skipping visualisations.
Graphics context not yet initialized. Skipping visualisations.
Graphics context not yet initialized. Skipping visualisations.
Graphics context not yet initialized. Skipping visualisations.
Graphics context not yet initialized. Skipping visualisations.
Graphics context not yet initialized. Skipping visualisations.
Graphics context not yet initialized. Skipping visualisations.
Graphics context not yet initialized. Skipping visualisations.
Graphics context not yet initialized. Skipping visualisations.
Graphics context not yet initialized. Skipping visualisations.
Graphics context not yet initialized. Skipping visualisations.
Graphics context not yet initialized. Skipping visualisations.
Graphics context not yet initialized. Skipping visualisations.
Graphics context not yet initialized. Skipping visualisations.
Graphics context not yet initialized. Skipping visualisations.
Graphics context not yet initialized. Skipping visualisations.
Graphics context not yet initialized. Skipping visualisations.
Graphics context not yet initialized. Skipping visualisations.
Graphics context not yet initialized. Skipping visualisations.
Graphics context not yet initialized. Skipping visualisations.
Graphics context not yet initialized. Skipping visualisations.
Graphics context not yet initialized. Skipping visualisations.
Graphics context not yet initialized. Skipping visualisations.
Graphics context not yet initialized. Skipping visualisations.
Graphics context not yet initialized. Skipping visualisations.
Graphics context not yet initialized. Skipping visualisations.
Graphics context not yet initialized. Skipping visualisations.
Graphics context not yet initialized. Skipping visualisations.
Graphics context not yet initialized. Skipping visualisations.
Graphics context not yet initialized. Skipping visualisations.
Graphics context not yet initialized. Skipping visualisations.
Graphics context not yet initialized. Skipping visualisations.
Graphics context not yet initialized. Skipping visualisations.
Graphics context not yet initialized. Skipping visualisations.
Graphics context not yet initialized. Skipping visualisations.
Graphics context not yet initialized. Skipping visualisations.
Graphics context not yet initialized. Skipping visualisations.
Graphics context not yet initialized. Skipping visualisations.
Graphics context not yet initialized. Skipping visualisations.
Graphics context not yet initialized. Skipping visualisations.
Graphics context not yet initialized. Skipping visualisations.
Graphics context not yet initialized. Skipping visualisations.
Graphics context not yet initialized. Skipping visualisations.
Graphics context not yet initialized. Skipping visualisations.
Graphics context not yet initialized. Skipping visualisations.
Graphics context not yet initialized. Skipping visualisations.
Graphics context not yet initialized. Skipping visualisations.
Graphics context not yet initialized. Skipping visualisations.
Graphics context not yet initialized. Skipping visualisations.
Graphics context not yet initialized. Skipping visualisations.
Graphics context not yet initialized. Skipping visualisations.
Graphics context not yet initialized. Skipping visualisations.
Graphics context not yet initialized. Skipping visualisations.
Graphics context not yet initialized. Skipping visualisations.
Graphics context not yet initialized. Skipping visualisations.
Graphics context not yet initialized. Skipping visualisations.
Graphics context not yet initialized. Skipping visualisations.
Graphics context not yet initialized. Skipping visualisations.
Graphics context not yet initialized. Skipping visualisations.
Graphics context not yet initialized. Skipping visualisations.
Graphics context not yet initialized. Skipping visualisations.
Graphics context not yet initialized. Skipping visualisations.
Graphics context not yet initialized. Skipping visualisations.
Graphics context not yet initialized. Skipping visualisations.
Graphics context not yet initialized. Skipping visualisations.
Graphics context not yet initialized. Skipping visualisations.
Graphics context not yet initialized. Skipping visualisations.
Graphics context not yet initialized. Skipping visualisations.
Graphics context not yet initialized. Skipping visualisations.
Graphics context not yet initialized. Skipping visualisations.
Graphics context not yet initialized. Skipping visualisations.
Graphics context not yet initialized. Skipping visualisations.
Graphics context not yet initialized. Skipping visualisations.
Graphics context not yet initialized. Skipping visualisations.
Graphics context not yet initialized. Skipping visualisations.
Graphics context not yet initialized. Skipping visualisations.
Graphics context not yet initialized. Skipping visualisations.
Graphics context not yet initialized. Skipping visualisations.
Graphics context not yet initialized. Skipping visualisations.
Graphics context not yet initialized. Skipping visualisations.
Graphics context not yet initialized. Skipping visualisations.
Graphics context not yet initialized. Skipping visualisations.
Graphics context not yet initialized. Skipping visualisations.
Graphics context not yet initialized. Skipping visualisations.
Graphics context not yet initialized. Skipping visualisations.
Graphics context not yet initialized. Skipping visualisations.
Graphics context not yet initialized. Skipping visualisations.
Graphics context not yet initialized. Skipping visualisations.
Graphics context not yet initialized. Skipping visualisations.
Graphics context not yet initialized. Skipping visualisations.
Graphics context not yet initialized. Skipping visualisations.
Graphics context not yet initialized. Skipping visualisations.
Graphics context not yet initialized. Skipping visualisations.
Graphics context not yet initialized. Skipping visualisations.
Graphics context not yet initialized. Skipping visualisations.
Graphics context not yet initialized. Skipping visualisations.
Graphics context not yet initialized. Skipping visualisations.
Graphics context not yet initialized. Skipping visualisations.
Graphics context not yet initialized. Skipping visualisations.
Graphics context not yet initialized. Skipping visualisations.
Graphics context not yet initialized. Skipping visualisations.
Graphics context not yet initialized. Skipping visualisations.
Graphics context not yet initialized. Skipping visualisations.
Graphics context not yet initialized. Skipping visualisations.
Graphics context not yet initialized. Skipping visualisations.
Graphics context not yet initialized. Skipping visualisations.
Graphics context not yet initialized. Skipping visualisations.
Graphics context not yet initialized. Skipping visualisations.
Graphics context not yet initialized. Skipping visualisations.
Graphics context not yet initialized. Skipping visualisations.
Graphics context not yet initialized. Skipping visualisations.
Graphics context not yet initialized. Skipping visualisations.
Graphics context not yet initialized. Skipping visualisations.
Graphics context not yet initialized. Skipping visualisations.
Graphics context not yet initialized. Skipping visualisations.
Graphics context not yet initialized. Skipping visualisations.
Graphics context not yet initialized. Skipping visualisations.
Graphics context not yet initialized. Skipping visualisations.
Graphics context not yet initialized. Skipping visualisations.
Graphics context not yet initialized. Skipping visualisations.
Graphics context not yet initialized. Skipping visualisations.
Graphics context not yet initialized. Skipping visualisations.
Graphics context not yet initialized. Skipping visualisations.
Graphics context not yet initialized. Skipping visualisations.
Graphics context not yet initialized. Skipping visualisations.
Graphics context not yet initialized. Skipping visualisations.
Graphics context not yet initialized. Skipping visualisations.
Graphics context not yet initialized. Skipping visualisations.
Graphics context not yet initialized. Skipping visualisations.
Graphics context not yet initialized. Skipping visualisations.
Graphics context not yet initialized. Skipping visualisations.
Graphics context not yet initialized. Skipping visualisations.
Graphics context not yet initialized. Skipping visualisations.
Graphics context not yet initialized. Skipping visualisations.
Graphics context not yet initialized. Skipping visualisations.
Graphics context not yet initialized. Skipping visualisations.
Graphics context not yet initialized. Skipping visualisations.
Graphics context not yet initialized. Skipping visualisations.
Graphics context not yet initialized. Skipping visualisations.
Graphics context not yet initialized. Skipping visualisations.
Graphics context not yet initialized. Skipping visualisations.
Graphics context not yet initialized. Skipping visualisations.
Graphics context not yet initialized. Skipping visualisations.
Graphics context not yet initialized. Skipping visualisations.
Graphics context not yet initialized. Skipping visualisations.
Graphics context not yet initialized. Skipping visualisations.
Graphics context not yet initialized. Skipping visualisations.
Graphics context not yet initialized. Skipping visualisations.
Graphics context not yet initialized. Skipping visualisations.
Graphics context not yet initialized. Skipping visualisations.
Graphics context not yet initialized. Skipping visualisations.
Graphics context not yet initialized. Skipping visualisations.
Graphics context not yet initialized. Skipping visualisations.
Graphics context not yet initialized. Skipping visualisations.
Graphics context not yet initialized. Skipping visualisations.
Graphics context not yet initialized. Skipping visualisations.
Graphics context not yet initialized. Skipping visualisations.
Graphics context not yet initialized. Skipping visualisations.
Graphics context not yet initialized. Skipping visualisations.
Graphics context not yet initialized. Skipping visualisations.
Graphics context not yet initialized. Skipping visualisations.
Graphics context not yet initialized. Skipping visualisations.
Graphics context not yet initialized. Skipping visualisations.
Graphics context not yet initialized. Skipping visualisations.
Graphics context not yet initialized. Skipping visualisations.
Graphics context not yet initialized. Skipping visualisations.
Graphics context not yet initialized. Skipping visualisations.
Graphics context not yet initialized. Skipping visualisations.
Graphics context not yet initialized. Skipping visualisations.
Graphics context not yet initialized. Skipping visualisations.
Graphics context not yet initialized. Skipping visualisations.
Graphics context not yet initialized. Skipping visualisations.
Graphics context not yet initialized. Skipping visualisations.
Graphics context not yet initialized. Skipping visualisations.
Graphics context not yet initialized. Skipping visualisations.
Graphics context not yet initialized. Skipping visualisations.
Graphics context not yet initialized. Skipping visualisations.
Graphics context not yet initialized. Skipping visualisations.
Graphics context not yet initialized. Skipping visualisations.
Graphics context not yet initialized. Skipping visualisations.
Graphics context not yet initialized. Skipping visualisations.
Graphics context not yet initialized. Skipping visualisations.
Graphics context not yet initialized. Skipping visualisations.
Graphics context not yet initialized. Skipping visualisations.
Graphics context not yet initialized. Skipping visualisations.
Graphics context not yet initialized. Skipping visualisations.
Graphics context not yet initialized. Skipping visualisations.
Graphics context not yet initialized. Skipping visualisations.
Graphics context not yet initialized. Skipping visualisations.
Graphics context not yet initialized. Skipping visualisations.
Graphics context not yet initialized. Skipping visualisations.
Graphics context not yet initialized. Skipping visualisations.
Graphics context not yet initialized. Skipping visualisations.
Graphics context not yet initialized. Skipping visualisations.
Graphics context not yet initialized. Skipping visualisations.
Graphics context not yet initialized. Skipping visualisations.
Graphics context not yet initialized. Skipping visualisations.
Graphics context not yet initialized. Skipping visualisations.
Graphics context not yet initialized. Skipping visualisations.
Graphics context not yet initialized. Skipping visualisations.
Graphics context not yet initialized. Skipping visualisations.
Graphics context not yet initialized. Skipping visualisations.
Graphics context not yet initialized. Skipping visualisations.
Graphics context not yet initialized. Skipping visualisations.
Graphics context not yet initialized. Skipping visualisations.
Graphics context not yet initialized. Skipping visualisations.
Graphics context not yet initialized. Skipping visualisations.
Graphics context not yet initialized. Skipping visualisations.
Graphics context not yet initialized. Skipping visualisations.
Graphics context not yet initialized. Skipping visualisations.
Graphics context not yet initialized. Skipping visualisations.
Graphics context not yet initialized. Skipping visualisations.
Graphics context not yet initialized. Skipping visualisations.
Graphics context not yet initialized. Skipping visualisations.
Graphics context not yet initialized. Skipping visualisations.
Graphics context not yet initialized. Skipping visualisations.
Graphics context not yet initialized. Skipping visualisations.
Graphics context not yet initialized. Skipping visualisations.
Graphics context not yet initialized. Skipping visualisations.
Graphics context not yet initialized. Skipping visualisations.
Graphics context not yet initialized. Skipping visualisations.
Graphics context not yet initialized. Skipping visualisations.
Graphics context not yet initialized. Skipping visualisations.
Graphics context not yet initialized. Skipping visualisations.
Graphics context not yet initialized. Skipping visualisations.
Graphics context not yet initialized. Skipping visualisations.
Graphics context not yet initialized. Skipping visualisations.
Graphics context not yet initialized. Skipping visualisations.
Graphics context not yet initialized. Skipping visualisations.
Graphics context not yet initialized. Skipping visualisations.
Graphics context not yet initialized. Skipping visualisations.
Graphics context not yet initialized. Skipping visualisations.
Graphics context not yet initialized. Skipping visualisations.
Graphics context not yet initialized. Skipping visualisations.
Graphics context not yet initialized. Skipping visualisations.
Graphics context not yet initialized. Skipping visualisations.
Graphics context not yet initialized. Skipping visualisations.
Graphics context not yet initialized. Skipping visualisations.
Graphics context not yet initialized. Skipping visualisations.
Graphics context not yet initialized. Skipping visualisations.
Graphics context not yet initialized. Skipping visualisations.
Graphics context not yet initialized. Skipping visualisations.
Graphics context not yet initialized. Skipping visualisations.
Graphics context not yet initialized. Skipping visualisations.
Graphics context not yet initialized. Skipping visualisations.
Graphics context not yet initialized. Skipping visualisations.
Graphics context not yet initialized. Skipping visualisations.
Graphics context not yet initialized. Skipping visualisations.
Graphics context not yet initialized. Skipping visualisations.
Graphics context not yet initialized. Skipping visualisations.
Graphics context not yet initialized. Skipping visualisations.
Graphics context not yet initialized. Skipping visualisations.
Graphics context not yet initialized. Skipping visualisations.
Graphics context not yet initialized. Skipping visualisations.
Graphics context not yet initialized. Skipping visualisations.
Graphics context not yet initialized. Skipping visualisations.
Graphics context not yet initialized. Skipping visualisations.
Graphics context not yet initialized. Skipping visualisations.
Graphics context not yet initialized. Skipping visualisations.
Graphics context not yet initialized. Skipping visualisations.
Graphics context not yet initialized. Skipping visualisations.
Graphics context not yet initialized. Skipping visualisations.
Graphics context not yet initialized. Skipping visualisations.
Graphics context not yet initialized. Skipping visualisations.
Graphics context not yet initialized. Skipping visualisations.
Graphics context not yet initialized. Skipping visualisations.
Graphics context not yet initialized. Skipping visualisations.
Graphics context not yet initialized. Skipping visualisations.
Graphics context not yet initialized. Skipping visualisations.
Graphics context not yet initialized. Skipping visualisations.
Graphics context not yet initialized. Skipping visualisations.
Graphics context not yet initialized. Skipping visualisations.
Graphics context not yet initialized. Skipping visualisations.
Graphics context not yet initialized. Skipping visualisations.
Graphics context not yet initialized. Skipping visualisations.
Graphics context not yet initialized. Skipping visualisations.
Graphics context not yet initialized. Skipping visualisations.
Graphics context not yet initialized. Skipping visualisations.
Graphics context not yet initialized. Skipping visualisations.
Graphics context not yet initialized. Skipping visualisations.
Graphics context not yet initialized. Skipping visualisations.
Graphics context not yet initialized. Skipping visualisations.
Graphics context not yet initialized. Skipping visualisations.
Graphics context not yet initialized. Skipping visualisations.
Graphics context not yet initialized. Skipping visualisations.
Graphics context not yet initialized. Skipping visualisations.
Graphics context not yet initialized. Skipping visualisations.
Graphics context not yet initialized. Skipping visualisations.
Graphics context not yet initialized. Skipping visualisations.
Graphics context not yet initialized. Skipping visualisations.
Graphics context not yet initialized. Skipping visualisations.
Graphics context not yet initialized. Skipping visualisations.
Graphics context not yet initialized. Skipping visualisations.
Graphics context not yet initialized. Skipping visualisations.
Graphics context not yet initialized. Skipping visualisations.
Graphics context not yet initialized. Skipping visualisations.
Graphics context not yet initialized. Skipping visualisations.
Graphics context not yet initialized. Skipping visualisations.
Graphics context not yet initialized. Skipping visualisations.
Graphics context not yet initialized. Skipping visualisations.
Graphics context not yet initialized. Skipping visualisations.
Graphics context not yet initialized. Skipping visualisations.
Graphics context not yet initialized. Skipping visualisations.
Graphics context not yet initialized. Skipping visualisations.
Graphics context not yet initialized. Skipping visualisations.
Graphics context not yet initialized. Skipping visualisations.
Graphics context not yet initialized. Skipping visualisations.
Graphics context not yet initialized. Skipping visualisations.
Graphics context not yet initialized. Skipping visualisations.
Graphics context not yet initialized. Skipping visualisations.
Graphics context not yet initialized. Skipping visualisations.
Graphics context not yet initialized. Skipping visualisations.
Graphics context not yet initialized. Skipping visualisations.
Graphics context not yet initialized. Skipping visualisations.
Graphics context not yet initialized. Skipping visualisations.
Graphics context not yet initialized. Skipping visualisations.
Graphics context not yet initialized. Skipping visualisations.
Graphics context not yet initialized. Skipping visualisations.
Graphics context not yet initialized. Skipping visualisations.
Graphics context not yet initialized. Skipping visualisations.
Graphics context not yet initialized. Skipping visualisations.
Graphics context not yet initialized. Skipping visualisations.
Graphics context not yet initialized. Skipping visualisations.
Graphics context not yet initialized. Skipping visualisations.
Graphics context not yet initialized. Skipping visualisations.
Graphics context not yet initialized. Skipping visualisations.
Graphics context not yet initialized. Skipping visualisations.
Graphics context not yet initialized. Skipping visualisations.
Graphics context not yet initialized. Skipping visualisations.
Graphics context not yet initialized. Skipping visualisations.
Graphics context not yet initialized. Skipping visualisations.
Graphics context not yet initialized. Skipping visualisations.
Graphics context not yet initialized. Skipping visualisations.
Graphics context not yet initialized. Skipping visualisations.
Graphics context not yet initialized. Skipping visualisations.
Graphics context not yet initialized. Skipping visualisations.
Graphics context not yet initialized. Skipping visualisations.
Graphics context not yet initialized. Skipping visualisations.
Graphics context not yet initialized. Skipping visualisations.
Graphics context not yet initialized. Skipping visualisations.
Graphics context not yet initialized. Skipping visualisations.
Graphics context not yet initialized. Skipping visualisations.
Graphics context not yet initialized. Skipping visualisations.
Graphics context not yet initialized. Skipping visualisations.
Graphics context not yet initialized. Skipping visualisations.
Graphics context not yet initialized. Skipping visualisations.
Graphics context not yet initialized. Skipping visualisations.
Graphics context not yet initialized. Skipping visualisations.
Graphics context not yet initialized. Skipping visualisations.
Graphics context not yet initialized. Skipping visualisations.
Graphics context not yet initialized. Skipping visualisations.
Graphics context not yet initialized. Skipping visualisations.
Graphics context not yet initialized. Skipping visualisations.
Graphics context not yet initialized. Skipping visualisations.
Graphics context not yet initialized. Skipping visualisations.
Graphics context not yet initialized. Skipping visualisations.
Graphics context not yet initialized. Skipping visualisations.
Graphics context not yet initialized. Skipping visualisations.
Graphics context not yet initialized. Skipping visualisations.
Graphics context not yet initialized. Skipping visualisations.
Graphics context not yet initialized. Skipping visualisations.
Graphics context not yet initialized. Skipping visualisations.
Graphics context not yet initialized. Skipping visualisations.
Graphics context not yet initialized. Skipping visualisations.
Graphics context not yet initialized. Skipping visualisations.
Graphics context not yet initialized. Skipping visualisations.
Graphics context not yet initialized. Skipping visualisations.
Graphics context not yet initialized. Skipping visualisations.
Graphics context not yet initialized. Skipping visualisations.
Graphics context not yet initialized. Skipping visualisations.
Graphics context not yet initialized. Skipping visualisations.
Graphics context not yet initialized. Skipping visualisations.
Graphics context not yet initialized. Skipping visualisations.
Graphics context not yet initialized. Skipping visualisations.
Graphics context not yet initialized. Skipping visualisations.
Graphics context not yet initialized. Skipping visualisations.
Graphics context not yet initialized. Skipping visualisations.
Graphics context not yet initialized. Skipping visualisations.
Graphics context not yet initialized. Skipping visualisations.
Graphics context not yet initialized. Skipping visualisations.
Graphics context not yet initialized. Skipping visualisations.
Graphics context not yet initialized. Skipping visualisations.
Graphics context not yet initialized. Skipping visualisations.
Graphics context not yet initialized. Skipping visualisations.
Graphics context not yet initialized. Skipping visualisations.
Graphics context not yet initialized. Skipping visualisations.
Graphics context not yet initialized. Skipping visualisations.
Graphics context not yet initialized. Skipping visualisations.
Graphics context not yet initialized. Skipping visualisations.
Graphics context not yet initialized. Skipping visualisations.
Graphics context not yet initialized. Skipping visualisations.
Graphics context not yet initialized. Skipping visualisations.
Graphics context not yet initialized. Skipping visualisations.
Graphics context not yet initialized. Skipping visualisations.
Graphics context not yet initialized. Skipping visualisations.
Graphics context not yet initialized. Skipping visualisations.
Graphics context not yet initialized. Skipping visualisations.
Graphics context not yet initialized. Skipping visualisations.
Graphics context not yet initialized. Skipping visualisations.
Graphics context not yet initialized. Skipping visualisations.
Graphics context not yet initialized. Skipping visualisations.
Graphics context not yet initialized. Skipping visualisations.
Graphics context not yet initialized. Skipping visualisations.
Graphics context not yet initialized. Skipping visualisations.
Graphics context not yet initialized. Skipping visualisations.
Graphics context not yet initialized. Skipping visualisations.
Graphics context not yet initialized. Skipping visualisations.
Graphics context not yet initialized. Skipping visualisations.
Graphics context not yet initialized. Skipping visualisations.
Graphics context not yet initialized. Skipping visualisations.
Graphics context not yet initialized. Skipping visualisations.
Graphics context not yet initialized. Skipping visualisations.
Graphics context not yet initialized. Skipping visualisations.
Graphics context not yet initialized. Skipping visualisations.
Graphics context not yet initialized. Skipping visualisations.
Graphics context not yet initialized. Skipping visualisations.
Graphics context not yet initialized. Skipping visualisations.
Graphics context not yet initialized. Skipping visualisations.
Graphics context not yet initialized. Skipping visualisations.
Graphics context not yet initialized. Skipping visualisations.
Graphics context not yet initialized. Skipping visualisations.
Graphics context not yet initialized. Skipping visualisations.
Graphics context not yet initialized. Skipping visualisations.
Graphics context not yet initialized. Skipping visualisations.
Graphics context not yet initialized. Skipping visualisations.
Graphics context not yet initialized. Skipping visualisations.
Graphics context not yet initialized. Skipping visualisations.
Graphics context not yet initialized. Skipping visualisations.
Graphics context not yet initialized. Skipping visualisations.
Graphics context not yet initialized. Skipping visualisations.
Graphics context not yet initialized. Skipping visualisations.
Graphics context not yet initialized. Skipping visualisations.
Graphics context not yet initialized. Skipping visualisations.
Graphics context not yet initialized. Skipping visualisations.
Graphics context not yet initialized. Skipping visualisations.
Graphics context not yet initialized. Skipping visualisations.
Graphics context not yet initialized. Skipping visualisations.
Graphics context not yet initialized. Skipping visualisations.
Graphics context not yet initialized. Skipping visualisations.
Graphics context not yet initialized. Skipping visualisations.
Graphics context not yet initialized. Skipping visualisations.
Graphics context not yet initialized. Skipping visualisations.
Graphics context not yet initialized. Skipping visualisations.
Graphics context not yet initialized. Skipping visualisations.
Graphics context not yet initialized. Skipping visualisations.
Graphics context not yet initialized. Skipping visualisations.
Graphics context not yet initialized. Skipping visualisations.
Graphics context not yet initialized. Skipping visualisations.
Graphics context not yet initialized. Skipping visualisations.
Graphics context not yet initialized. Skipping visualisations.
Graphics context not yet initialized. Skipping visualisations.
Graphics context not yet initialized. Skipping visualisations.
Graphics context not yet initialized. Skipping visualisations.
Graphics context not yet initialized. Skipping visualisations.
Graphics context not yet initialized. Skipping visualisations.
Graphics context not yet initialized. Skipping visualisations.
Graphics context not yet initialized. Skipping visualisations.
Graphics context not yet initialized. Skipping visualisations.
Graphics context not yet initialized. Skipping visualisations.
Graphics context not yet initialized. Skipping visualisations.
Graphics context not yet initialized. Skipping visualisations.
Graphics context not yet initialized. Skipping visualisations.
Graphics context not yet initialized. Skipping visualisations.
Graphics context not yet initialized. Skipping visualisations.
Graphics context not yet initialized. Skipping visualisations.
Graphics context not yet initialized. Skipping visualisations.
Graphics context not yet initialized. Skipping visualisations.
Graphics context not yet initialized. Skipping visualisations.
Graphics context not yet initialized. Skipping visualisations.
Graphics context not yet initialized. Skipping visualisations.
Graphics context not yet initialized. Skipping visualisations.
Graphics context not yet initialized. Skipping visualisations.
Graphics context not yet initialized. Skipping visualisations.
Graphics context not yet initialized. Skipping visualisations.
Graphics context not yet initialized. Skipping visualisations.
Graphics context not yet initialized. Skipping visualisations.
Graphics context not yet initialized. Skipping visualisations.
Graphics context not yet initialized. Skipping visualisations.
Graphics context not yet initialized. Skipping visualisations.
Graphics context not yet initialized. Skipping visualisations.
Graphics context not yet initialized. Skipping visualisations.
Graphics context not yet initialized. Skipping visualisations.
Graphics context not yet initialized. Skipping visualisations.
Graphics context not yet initialized. Skipping visualisations.
Graphics context not yet initialized. Skipping visualisations.
Graphics context not yet initialized. Skipping visualisations.
Graphics context not yet initialized. Skipping visualisations.
Graphics context not yet initialized. Skipping visualisations.
Graphics context not yet initialized. Skipping visualisations.
Graphics context not yet initialized. Skipping visualisations.
Graphics context not yet initialized. Skipping visualisations.
Graphics context not yet initialized. Skipping visualisations.
Graphics context not yet initialized. Skipping visualisations.
Graphics context not yet initialized. Skipping visualisations.
Graphics context not yet initialized. Skipping visualisations.
Graphics context not yet initialized. Skipping visualisations.
Graphics context not yet initialized. Skipping visualisations.
Graphics context not yet initialized. Skipping visualisations.
Graphics context not yet initialized. Skipping visualisations.
Graphics context not yet initialized. Skipping visualisations.
Graphics context not yet initialized. Skipping visualisations.
Graphics context not yet initialized. Skipping visualisations.
Graphics context not yet initialized. Skipping visualisations.
Graphics context not yet initialized. Skipping visualisations.
Graphics context not yet initialized. Skipping visualisations.
Graphics context not yet initialized. Skipping visualisations.
Graphics context not yet initialized. Skipping visualisations.
Graphics context not yet initialized. Skipping visualisations.
Graphics context not yet initialized. Skipping visualisations.
Graphics context not yet initialized. Skipping visualisations.
Graphics context not yet initialized. Skipping visualisations.
Graphics context not yet initialized. Skipping visualisations.
Graphics context not yet initialized. Skipping visualisations.
Graphics context not yet initialized. Skipping visualisations.
Graphics context not yet initialized. Skipping visualisations.
Graphics context not yet initialized. Skipping visualisations.
Graphics context not yet initialized. Skipping visualisations.
Graphics context not yet initialized. Skipping visualisations.
Graphics context not yet initialized. Skipping visualisations.
Graphics context not yet initialized. Skipping visualisations.
Graphics context not yet initialized. Skipping visualisations.
Graphics context not yet initialized. Skipping visualisations.
Graphics context not yet initialized. Skipping visualisations.
Graphics context not yet initialized. Skipping visualisations.
Graphics context not yet initialized. Skipping visualisations.
Graphics context not yet initialized. Skipping visualisations.
Graphics context not yet initialized. Skipping visualisations.
Graphics context not yet initialized. Skipping visualisations.
Graphics context not yet initialized. Skipping visualisations.
Graphics context not yet initialized. Skipping visualisations.
Graphics context not yet initialized. Skipping visualisations.
Graphics context not yet initialized. Skipping visualisations.
Graphics context not yet initialized. Skipping visualisations.
Graphics context not yet initialized. Skipping visualisations.
Graphics context not yet initialized. Skipping visualisations.
Graphics context not yet initialized. Skipping visualisations.
Graphics context not yet initialized. Skipping visualisations.
Graphics context not yet initialized. Skipping visualisations.
Graphics context not yet initialized. Skipping visualisations.
Graphics context not yet initialized. Skipping visualisations.
Graphics context not yet initialized. Skipping visualisations.
Graphics context not yet initialized. Skipping visualisations.
Graphics context not yet initialized. Skipping visualisations.
Graphics context not yet initialized. Skipping visualisations.
Graphics context not yet initialized. Skipping visualisations.
Graphics context not yet initialized. Skipping visualisations.
Graphics context not yet initialized. Skipping visualisations.
Graphics context not yet initialized. Skipping visualisations.
Graphics context not yet initialized. Skipping visualisations.
Graphics context not yet initialized. Skipping visualisations.
Graphics context not yet initialized. Skipping visualisations.
Graphics context not yet initialized. Skipping visualisations.
Graphics context not yet initialized. Skipping visualisations.
Graphics context not yet initialized. Skipping visualisations.
Graphics context not yet initialized. Skipping visualisations.
Graphics context not yet initialized. Skipping visualisations.
Graphics context not yet initialized. Skipping visualisations.
Graphics context not yet initialized. Skipping visualisations.
Graphics context not yet initialized. Skipping visualisations.
Graphics context not yet initialized. Skipping visualisations.
Graphics context not yet initialized. Skipping visualisations.
Graphics context not yet initialized. Skipping visualisations.
Graphics context not yet initialized. Skipping visualisations.
Graphics context not yet initialized. Skipping visualisations.
Graphics context not yet initialized. Skipping visualisations.
Graphics context not yet initialized. Skipping visualisations.
Graphics context not yet initialized. Skipping visualisations.
Graphics context not yet initialized. Skipping visualisations.
Graphics context not yet initialized. Skipping visualisations.
Graphics context not yet initialized. Skipping visualisations.
Graphics context not yet initialized. Skipping visualisations.
Graphics context not yet initialized. Skipping visualisations.
Graphics context not yet initialized. Skipping visualisations.
Graphics context not yet initialized. Skipping visualisations.
Graphics context not yet initialized. Skipping visualisations.
Graphics context not yet initialized. Skipping visualisations.
Graphics context not yet initialized. Skipping visualisations.
Graphics context not yet initialized. Skipping visualisations.
Graphics context not yet initialized. Skipping visualisations.
Graphics context not yet initialized. Skipping visualisations.
Graphics context not yet initialized. Skipping visualisations.
Graphics context not yet initialized. Skipping visualisations.
Graphics context not yet initialized. Skipping visualisations.
Graphics context not yet initialized. Skipping visualisations.
Graphics context not yet initialized. Skipping visualisations.
Graphics context not yet initialized. Skipping visualisations.
Graphics context not yet initialized. Skipping visualisations.
Graphics context not yet initialized. Skipping visualisations.
Graphics context not yet initialized. Skipping visualisations.
Graphics context not yet initialized. Skipping visualisations.
Graphics context not yet initialized. Skipping visualisations.
Graphics context not yet initialized. Skipping visualisations.
Graphics context not yet initialized. Skipping visualisations.
Graphics context not yet initialized. Skipping visualisations.
Graphics context not yet initialized. Skipping visualisations.
Graphics context not yet initialized. Skipping visualisations.
Graphics context not yet initialized. Skipping visualisations.
Graphics context not yet initialized. Skipping visualisations.
Graphics context not yet initialized. Skipping visualisations.
Graphics context not yet initialized. Skipping visualisations.
Graphics context not yet initialized. Skipping visualisations.
Graphics context not yet initialized. Skipping visualisations.
Graphics context not yet initialized. Skipping visualisations.
Graphics context not yet initialized. Skipping visualisations.
Graphics context not yet initialized. Skipping visualisations.
Graphics context not yet initialized. Skipping visualisations.
Graphics context not yet initialized. Skipping visualisations.
Graphics context not yet initialized. Skipping visualisations.
Graphics context not yet initialized. Skipping visualisations.
Graphics context not yet initialized. Skipping visualisations.
Graphics context not yet initialized. Skipping visualisations.
Graphics context not yet initialized. Skipping visualisations.
Graphics context not yet initialized. Skipping visualisations.
Graphics context not yet initialized. Skipping visualisations.
Graphics context not yet initialized. Skipping visualisations.
Graphics context not yet initialized. Skipping visualisations.
Graphics context not yet initialized. Skipping visualisations.
Graphics context not yet initialized. Skipping visualisations.
Graphics context not yet initialized. Skipping visualisations.
Graphics context not yet initialized. Skipping visualisations.
Graphics context not yet initialized. Skipping visualisations.
Graphics context not yet initialized. Skipping visualisations.
Graphics context not yet initialized. Skipping visualisations.
Graphics context not yet initialized. Skipping visualisations.
Graphics context not yet initialized. Skipping visualisations.
Graphics context not yet initialized. Skipping visualisations.
Graphics context not yet initialized. Skipping visualisations.
Graphics context not yet initialized. Skipping visualisations.
Graphics context not yet initialized. Skipping visualisations.
Graphics context not yet initialized. Skipping visualisations.
Graphics context not yet initialized. Skipping visualisations.
Graphics context not yet initialized. Skipping visualisations.
Graphics context not yet initialized. Skipping visualisations.
Graphics context not yet initialized. Skipping visualisations.
Graphics context not yet initialized. Skipping visualisations.
Graphics context not yet initialized. Skipping visualisations.
Graphics context not yet initialized. Skipping visualisations.
Graphics context not yet initialized. Skipping visualisations.
Graphics context not yet initialized. Skipping visualisations.
Graphics context not yet initialized. Skipping visualisations.
Graphics context not yet initialized. Skipping visualisations.
Graphics context not yet initialized. Skipping visualisations.
Graphics context not yet initialized. Skipping visualisations.
Graphics context not yet initialized. Skipping visualisations.
Graphics context not yet initialized. Skipping visualisations.
Graphics context not yet initialized. Skipping visualisations.
Graphics context not yet initialized. Skipping visualisations.
Graphics context not yet initialized. Skipping visualisations.
Graphics context not yet initialized. Skipping visualisations.
Graphics context not yet initialized. Skipping visualisations.
Graphics context not yet initialized. Skipping visualisations.
Graphics context not yet initialized. Skipping visualisations.
Graphics context not yet initialized. Skipping visualisations.
Graphics context not yet initialized. Skipping visualisations.
Graphics context not yet initialized. Skipping visualisations.
Graphics context not yet initialized. Skipping visualisations.
Graphics context not yet initialized. Skipping visualisations.
Graphics context not yet initialized. Skipping visualisations.
Graphics context not yet initialized. Skipping visualisations.
Graphics context not yet initialized. Skipping visualisations.
Graphics context not yet initialized. Skipping visualisations.
Graphics context not yet initialized. Skipping visualisations.
Graphics context not yet initialized. Skipping visualisations.
Graphics context not yet initialized. Skipping visualisations.
Graphics context not yet initialized. Skipping visualisations.
Graphics context not yet initialized. Skipping visualisations.
Graphics context not yet initialized. Skipping visualisations.
Graphics context not yet initialized. Skipping visualisations.
Graphics context not yet initialized. Skipping visualisations.
Graphics context not yet initialized. Skipping visualisations.
Graphics context not yet initialized. Skipping visualisations.
Graphics context not yet initialized. Skipping visualisations.
Graphics context not yet initialized. Skipping visualisations.
Graphics context not yet initialized. Skipping visualisations.
Graphics context not yet initialized. Skipping visualisations.
Graphics context not yet initialized. Skipping visualisations.
Graphics context not yet initialized. Skipping visualisations.
Graphics context not yet initialized. Skipping visualisations.
Graphics context not yet initialized. Skipping visualisations.
Graphics context not yet initialized. Skipping visualisations.
Graphics context not yet initialized. Skipping visualisations.
Graphics context not yet initialized. Skipping visualisations.
Graphics context not yet initialized. Skipping visualisations.
Graphics context not yet initialized. Skipping visualisations.
Graphics context not yet initialized. Skipping visualisations.
Graphics context not yet initialized. Skipping visualisations.
Graphics context not yet initialized. Skipping visualisations.
Graphics context not yet initialized. Skipping visualisations.
Graphics context not yet initialized. Skipping visualisations.
Graphics context not yet initialized. Skipping visualisations.
Graphics context not yet initialized. Skipping visualisations.
Graphics context not yet initialized. Skipping visualisations.
Graphics context not yet initialized. Skipping visualisations.
Graphics context not yet initialized. Skipping visualisations.
Graphics context not yet initialized. Skipping visualisations.
Graphics context not yet initialized. Skipping visualisations.
Graphics context not yet initialized. Skipping visualisations.
Graphics context not yet initialized. Skipping visualisations.
Graphics context not yet initialized. Skipping visualisations.
Graphics context not yet initialized. Skipping visualisations.
Graphics context not yet initialized. Skipping visualisations.
Graphics context not yet initialized. Skipping visualisations.
Graphics context not yet initialized. Skipping visualisations.
Graphics context not yet initialized. Skipping visualisations.
Graphics context not yet initialized. Skipping visualisations.
Graphics context not yet initialized. Skipping visualisations.
Graphics context not yet initialized. Skipping visualisations.
Graphics context not yet initialized. Skipping visualisations.
Graphics context not yet initialized. Skipping visualisations.
Graphics context not yet initialized. Skipping visualisations.
Graphics context not yet initialized. Skipping visualisations.
Graphics context not yet initialized. Skipping visualisations.
Graphics context not yet initialized. Skipping visualisations.
Graphics context not yet initialized. Skipping visualisations.
Graphics context not yet initialized. Skipping visualisations.
Graphics context not yet initialized. Skipping visualisations.
Graphics context not yet initialized. Skipping visualisations.
Graphics context not yet initialized. Skipping visualisations.
Graphics context not yet initialized. Skipping visualisations.
Graphics context not yet initialized. Skipping visualisations.
Graphics context not yet initialized. Skipping visualisations.
Graphics context not yet initialized. Skipping visualisations.
Graphics context not yet initialized. Skipping visualisations.
Graphics context not yet initialized. Skipping visualisations.
Graphics context not yet initialized. Skipping visualisations.
Graphics context not yet initialized. Skipping visualisations.
Graphics context not yet initialized. Skipping visualisations.
Graphics context not yet initialized. Skipping visualisations.
Graphics context not yet initialized. Skipping visualisations.
Graphics context not yet initialized. Skipping visualisations.
Graphics context not yet initialized. Skipping visualisations.
Graphics context not yet initialized. Skipping visualisations.
Graphics context not yet initialized. Skipping visualisations.
Graphics context not yet initialized. Skipping visualisations.
Graphics context not yet initialized. Skipping visualisations.
Graphics context not yet initialized. Skipping visualisations.
Graphics context not yet initialized. Skipping visualisations.
Graphics context not yet initialized. Skipping visualisations.
Graphics context not yet initialized. Skipping visualisations.
Graphics context not yet initialized. Skipping visualisations.
Graphics context not yet initialized. Skipping visualisations.
Graphics context not yet initialized. Skipping visualisations.
Graphics context not yet initialized. Skipping visualisations.
Graphics context not yet initialized. Skipping visualisations.
Graphics context not yet initialized. Skipping visualisations.
Graphics context not yet initialized. Skipping visualisations.
Graphics context not yet initialized. Skipping visualisations.
Graphics context not yet initialized. Skipping visualisations.
Graphics context not yet initialized. Skipping visualisations.
Graphics context not yet initialized. Skipping visualisations.
Graphics context not yet initialized. Skipping visualisations.
Graphics context not yet initialized. Skipping visualisations.
Graphics context not yet initialized. Skipping visualisations.
Graphics context not yet initialized. Skipping visualisations.
Graphics context not yet initialized. Skipping visualisations.
Graphics context not yet initialized. Skipping visualisations.
Graphics context not yet initialized. Skipping visualisations.
Graphics context not yet initialized. Skipping visualisations.
Graphics context not yet initialized. Skipping visualisations.
Graphics context not yet initialized. Skipping visualisations.
Graphics context not yet initialized. Skipping visualisations.
Graphics context not yet initialized. Skipping visualisations.
Graphics context not yet initialized. Skipping visualisations.
Graphics context not yet initialized. Skipping visualisations.
Graphics context not yet initialized. Skipping visualisations.
Graphics context not yet initialized. Skipping visualisations.
Graphics context not yet initialized. Skipping visualisations.
Graphics context not yet initialized. Skipping visualisations.
Graphics context not yet initialized. Skipping visualisations.
Graphics context not yet initialized. Skipping visualisations.
Graphics context not yet initialized. Skipping visualisations.
Graphics context not yet initialized. Skipping visualisations.
Graphics context not yet initialized. Skipping visualisations.
Graphics context not yet initialized. Skipping visualisations.
Graphics context not yet initialized. Skipping visualisations.
Graphics context not yet initialized. Skipping visualisations.
Graphics context not yet initialized. Skipping visualisations.
Graphics context not yet initialized. Skipping visualisations.
Graphics context not yet initialized. Skipping visualisations.
Graphics context not yet initialized. Skipping visualisations.
Graphics context not yet initialized. Skipping visualisations.
Graphics context not yet initialized. Skipping visualisations.
Graphics context not yet initialized. Skipping visualisations.
Graphics context not yet initialized. Skipping visualisations.
Graphics context not yet initialized. Skipping visualisations.
Graphics context not yet initialized. Skipping visualisations.
Graphics context not yet initialized. Skipping visualisations.
Graphics context not yet initialized. Skipping visualisations.
Graphics context not yet initialized. Skipping visualisations.
Graphics context not yet initialized. Skipping visualisations.
Graphics context not yet initialized. Skipping visualisations.
Graphics context not yet initialized. Skipping visualisations.
Graphics context not yet initialized. Skipping visualisations.
Graphics context not yet initialized. Skipping visualisations.
Graphics context not yet initialized. Skipping visualisations.
Graphics context not yet initialized. Skipping visualisations.
Graphics context not yet initialized. Skipping visualisations.
Graphics context not yet initialized. Skipping visualisations.
Graphics context not yet initialized. Skipping visualisations.
Graphics context not yet initialized. Skipping visualisations.
Graphics context not yet initialized. Skipping visualisations.
Graphics context not yet initialized. Skipping visualisations.
Graphics context not yet initialized. Skipping visualisations.
Graphics context not yet initialized. Skipping visualisations.
Graphics context not yet initialized. Skipping visualisations.
Graphics context not yet initialized. Skipping visualisations.
Graphics context not yet initialized. Skipping visualisations.
Graphics context not yet initialized. Skipping visualisations.
Graphics context not yet initialized. Skipping visualisations.
Graphics context not yet initialized. Skipping visualisations.
Graphics context not yet initialized. Skipping visualisations.
Graphics context not yet initialized. Skipping visualisations.
Graphics context not yet initialized. Skipping visualisations.
Graphics context not yet initialized. Skipping visualisations.
Graphics context not yet initialized. Skipping visualisations.
Graphics context not yet initialized. Skipping visualisations.
Graphics context not yet initialized. Skipping visualisations.
Graphics context not yet initialized. Skipping visualisations.
Graphics context not yet initialized. Skipping visualisations.
Graphics context not yet initialized. Skipping visualisations.
Graphics context not yet initialized. Skipping visualisations.
Graphics context not yet initialized. Skipping visualisations.
Graphics context not yet initialized. Skipping visualisations.
Graphics context not yet initialized. Skipping visualisations.
Graphics context not yet initialized. Skipping visualisations.
Graphics context not yet initialized. Skipping visualisations.
Graphics context not yet initialized. Skipping visualisations.
Graphics context not yet initialized. Skipping visualisations.
Graphics context not yet initialized. Skipping visualisations.
Graphics context not yet initialized. Skipping visualisations.
Graphics context not yet initialized. Skipping visualisations.
Graphics context not yet initialized. Skipping visualisations.
Graphics context not yet initialized. Skipping visualisations.
Graphics context not yet initialized. Skipping visualisations.
Graphics context not yet initialized. Skipping visualisations.
Graphics context not yet initialized. Skipping visualisations.
Graphics context not yet initialized. Skipping visualisations.
Graphics context not yet initialized. Skipping visualisations.
Graphics context not yet initialized. Skipping visualisations.
Graphics context not yet initialized. Skipping visualisations.
Graphics context not yet initialized. Skipping visualisations.
Graphics context not yet initialized. Skipping visualisations.
Graphics context not yet initialized. Skipping visualisations.
Graphics context not yet initialized. Skipping visualisations.
Graphics context not yet initialized. Skipping visualisations.
Graphics context not yet initialized. Skipping visualisations.
Graphics context not yet initialized. Skipping visualisations.
Graphics context not yet initialized. Skipping visualisations.
Graphics context not yet initialized. Skipping visualisations.
Graphics context not yet initialized. Skipping visualisations.
Graphics context not yet initialized. Skipping visualisations.
Graphics context not yet initialized. Skipping visualisations.
Graphics context not yet initialized. Skipping visualisations.
Graphics context not yet initialized. Skipping visualisations.
Graphics context not yet initialized. Skipping visualisations.
Graphics context not yet initialized. Skipping visualisations.
Graphics context not yet initialized. Skipping visualisations.
Graphics context not yet initialized. Skipping visualisations.
Graphics context not yet initialized. Skipping visualisations.
Graphics context not yet initialized. Skipping visualisations.
Graphics context not yet initialized. Skipping visualisations.
Graphics context not yet initialized. Skipping visualisations.
Graphics context not yet initialized. Skipping visualisations.
Graphics context not yet initialized. Skipping visualisations.
Graphics context not yet initialized. Skipping visualisations.
Graphics context not yet initialized. Skipping visualisations.
Graphics context not yet initialized. Skipping visualisations.
Graphics context not yet initialized. Skipping visualisations.
Graphics context not yet initialized. Skipping visualisations.
Graphics context not yet initialized. Skipping visualisations.
Graphics context not yet initialized. Skipping visualisations.
Graphics context not yet initialized. Skipping visualisations.
Graphics context not yet initialized. Skipping visualisations.
Graphics context not yet initialized. Skipping visualisations.
Graphics context not yet initialized. Skipping visualisations.
Graphics context not yet initialized. Skipping visualisations.
Graphics context not yet initialized. Skipping visualisations.
Graphics context not yet initialized. Skipping visualisations.
Graphics context not yet initialized. Skipping visualisations.
Graphics context not yet initialized. Skipping visualisations.
Graphics context not yet initialized. Skipping visualisations.
Graphics context not yet initialized. Skipping visualisations.
Graphics context not yet initialized. Skipping visualisations.
Graphics context not yet initialized. Skipping visualisations.
Graphics context not yet initialized. Skipping visualisations.
Graphics context not yet initialized. Skipping visualisations.
Graphics context not yet initialized. Skipping visualisations.
Graphics context not yet initialized. Skipping visualisations.
Graphics context not yet initialized. Skipping visualisations.
Graphics context not yet initialized. Skipping visualisations.
Graphics context not yet initialized. Skipping visualisations.
Graphics context not yet initialized. Skipping visualisations.
Graphics context not yet initialized. Skipping visualisations.
Graphics context not yet initialized. Skipping visualisations.
Graphics context not yet initialized. Skipping visualisations.
Graphics context not yet initialized. Skipping visualisations.
Graphics context not yet initialized. Skipping visualisations.
Graphics context not yet initialized. Skipping visualisations.
Graphics context not yet initialized. Skipping visualisations.
Graphics context not yet initialized. Skipping visualisations.
Graphics context not yet initialized. Skipping visualisations.
Graphics context not yet initialized. Skipping visualisations.
Graphics context not yet initialized. Skipping visualisations.
Graphics context not yet initialized. Skipping visualisations.
Graphics context not yet initialized. Skipping visualisations.
Graphics context not yet initialized. Skipping visualisations.
Graphics context not yet initialized. Skipping visualisations.
Graphics context not yet initialized. Skipping visualisations.
Graphics context not yet initialized. Skipping visualisations.
Graphics context not yet initialized. Skipping visualisations.
Graphics context not yet initialized. Skipping visualisations.
Graphics context not yet initialized. Skipping visualisations.
Graphics context not yet initialized. Skipping visualisations.
Graphics context not yet initialized. Skipping visualisations.
Graphics context not yet initialized. Skipping visualisations.
Graphics context not yet initialized. Skipping visualisations.
Graphics context not yet initialized. Skipping visualisations.
Graphics context not yet initialized. Skipping visualisations.
Graphics context not yet initialized. Skipping visualisations.
Graphics context not yet initialized. Skipping visualisations.
Graphics context not yet initialized. Skipping visualisations.
Graphics context not yet initialized. Skipping visualisations.
Graphics context not yet initialized. Skipping visualisations.
Graphics context not yet initialized. Skipping visualisations.
Graphics context not yet initialized. Skipping visualisations.
Graphics context not yet initialized. Skipping visualisations.
Graphics context not yet initialized. Skipping visualisations.
Graphics context not yet initialized. Skipping visualisations.
Graphics context not yet initialized. Skipping visualisations.
Graphics context not yet initialized. Skipping visualisations.
Graphics context not yet initialized. Skipping visualisations.
Graphics context not yet initialized. Skipping visualisations.
Graphics context not yet initialized. Skipping visualisations.
Graphics context not yet initialized. Skipping visualisations.
Graphics context not yet initialized. Skipping visualisations.
Graphics context not yet initialized. Skipping visualisations.
Graphics context not yet initialized. Skipping visualisations.
Graphics context not yet initialized. Skipping visualisations.
Graphics context not yet initialized. Skipping visualisations.
Graphics context not yet initialized. Skipping visualisations.
Graphics context not yet initialized. Skipping visualisations.
Graphics context not yet initialized. Skipping visualisations.
Graphics context not yet initialized. Skipping visualisations.
Graphics context not yet initialized. Skipping visualisations.
Graphics context not yet initialized. Skipping visualisations.
Graphics context not yet initialized. Skipping visualisations.
Graphics context not yet initialized. Skipping visualisations.
Graphics context not yet initialized. Skipping visualisations.
Graphics context not yet initialized. Skipping visualisations.
Graphics context not yet initialized. Skipping visualisations.
Graphics context not yet initialized. Skipping visualisations.
Graphics context not yet initialized. Skipping visualisations.
Graphics context not yet initialized. Skipping visualisations.
Graphics context not yet initialized. Skipping visualisations.
Graphics context not yet initialized. Skipping visualisations.
Graphics context not yet initialized. Skipping visualisations.
Graphics context not yet initialized. Skipping visualisations.
Graphics context not yet initialized. Skipping visualisations.
Graphics context not yet initialized. Skipping visualisations.
Graphics context not yet initialized. Skipping visualisations.
Graphics context not yet initialized. Skipping visualisations.
Graphics context not yet initialized. Skipping visualisations.
Graphics context not yet initialized. Skipping visualisations.
Graphics context not yet initialized. Skipping visualisations.
Graphics context not yet initialized. Skipping visualisations.
Graphics context not yet initialized. Skipping visualisations.
Graphics context not yet initialized. Skipping visualisations.
Graphics context not yet initialized. Skipping visualisations.
Graphics context not yet initialized. Skipping visualisations.
Graphics context not yet initialized. Skipping visualisations.
Graphics context not yet initialized. Skipping visualisations.
Graphics context not yet initialized. Skipping visualisations.
Graphics context not yet initialized. Skipping visualisations.
Graphics context not yet initialized. Skipping visualisations.
Graphics context not yet initialized. Skipping visualisations.
Graphics context not yet initialized. Skipping visualisations.
Graphics context not yet initialized. Skipping visualisations.
Graphics context not yet initialized. Skipping visualisations.
Graphics context not yet initialized. Skipping visualisations.
Graphics context not yet initialized. Skipping visualisations.
Graphics context not yet initialized. Skipping visualisations.
Graphics context not yet initialized. Skipping visualisations.
Graphics context not yet initialized. Skipping visualisations.
Graphics context not yet initialized. Skipping visualisations.
Graphics context not yet initialized. Skipping visualisations.
Graphics context not yet initialized. Skipping visualisations.
Graphics context not yet initialized. Skipping visualisations.
Graphics context not yet initialized. Skipping visualisations.
Graphics context not yet initialized. Skipping visualisations.
Graphics context not yet initialized. Skipping visualisations.
Graphics context not yet initialized. Skipping visualisations.
Graphics context not yet initialized. Skipping visualisations.
Graphics context not yet initialized. Skipping visualisations.
Graphics context not yet initialized. Skipping visualisations.
Graphics context not yet initialized. Skipping visualisations.
Graphics context not yet initialized. Skipping visualisations.
Graphics context not yet initialized. Skipping visualisations.
Graphics context not yet initialized. Skipping visualisations.
Graphics context not yet initialized. Skipping visualisations.
Graphics context not yet initialized. Skipping visualisations.
Graphics context not yet initialized. Skipping visualisations.
Graphics context not yet initialized. Skipping visualisations.
Graphics context not yet initialized. Skipping visualisations.
Graphics context not yet initialized. Skipping visualisations.
Graphics context not yet initialized. Skipping visualisations.
Graphics context not yet initialized. Skipping visualisations.
Graphics context not yet initialized. Skipping visualisations.
Graphics context not yet initialized. Skipping visualisations.
Graphics context not yet initialized. Skipping visualisations.
Graphics context not yet initialized. Skipping visualisations.
Graphics context not yet initialized. Skipping visualisations.
Graphics context not yet initialized. Skipping visualisations.
Graphics context not yet initialized. Skipping visualisations.
Graphics context not yet initialized. Skipping visualisations.
Graphics context not yet initialized. Skipping visualisations.
Graphics context not yet initialized. Skipping visualisations.
Graphics context not yet initialized. Skipping visualisations.
Graphics context not yet initialized. Skipping visualisations.
Graphics context not yet initialized. Skipping visualisations.
Graphics context not yet initialized. Skipping visualisations.
Graphics context not yet initialized. Skipping visualisations.
Graphics context not yet initialized. Skipping visualisations.
Graphics context not yet initialized. Skipping visualisations.
Graphics context not yet initialized. Skipping visualisations.
Graphics context not yet initialized. Skipping visualisations.
Graphics context not yet initialized. Skipping visualisations.
Graphics context not yet initialized. Skipping visualisations.
Graphics context not yet initialized. Skipping visualisations.
Graphics context not yet initialized. Skipping visualisations.
Graphics context not yet initialized. Skipping visualisations.
Graphics context not yet initialized. Skipping visualisations.
Graphics context not yet initialized. Skipping visualisations.
Graphics context not yet initialized. Skipping visualisations.
Graphics context not yet initialized. Skipping visualisations.
Graphics context not yet initialized. Skipping visualisations.
Graphics context not yet initialized. Skipping visualisations.
Graphics context not yet initialized. Skipping visualisations.
Graphics context not yet initialized. Skipping visualisations.
Graphics context not yet initialized. Skipping visualisations.
Graphics context not yet initialized. Skipping visualisations.
Graphics context not yet initialized. Skipping visualisations.
Graphics context not yet initialized. Skipping visualisations.
Graphics context not yet initialized. Skipping visualisations.
Graphics context not yet initialized. Skipping visualisations.
Graphics context not yet initialized. Skipping visualisations.
Graphics context not yet initialized. Skipping visualisations.
Graphics context not yet initialized. Skipping visualisations.
Graphics context not yet initialized. Skipping visualisations.
Graphics context not yet initialized. Skipping visualisations.
Graphics context not yet initialized. Skipping visualisations.
Graphics context not yet initialized. Skipping visualisations.
Graphics context not yet initialized. Skipping visualisations.
Graphics context not yet initialized. Skipping visualisations.
Graphics context not yet initialized. Skipping visualisations.
Graphics context not yet initialized. Skipping visualisations.
Graphics context not yet initialized. Skipping visualisations.
Graphics context not yet initialized. Skipping visualisations.
Graphics context not yet initialized. Skipping visualisations.
Graphics context not yet initialized. Skipping visualisations.
Graphics context not yet initialized. Skipping visualisations.
Graphics context not yet initialized. Skipping visualisations.
Graphics context not yet initialized. Skipping visualisations.
Graphics context not yet initialized. Skipping visualisations.
Graphics context not yet initialized. Skipping visualisations.
Graphics context not yet initialized. Skipping visualisations.
Graphics context not yet initialized. Skipping visualisations.
Graphics context not yet initialized. Skipping visualisations.
Graphics context not yet initialized. Skipping visualisations.
Graphics context not yet initialized. Skipping visualisations.
Graphics context not yet initialized. Skipping visualisations.
Graphics context not yet initialized. Skipping visualisations.
Graphics context not yet initialized. Skipping visualisations.
Graphics context not yet initialized. Skipping visualisations.
Graphics context not yet initialized. Skipping visualisations.
Graphics context not yet initialized. Skipping visualisations.
Graphics context not yet initialized. Skipping visualisations.
Graphics context not yet initialized. Skipping visualisations.
Graphics context not yet initialized. Skipping visualisations.
Graphics context not yet initialized. Skipping visualisations.
Graphics context not yet initialized. Skipping visualisations.
Graphics context not yet initialized. Skipping visualisations.
Graphics context not yet initialized. Skipping visualisations.
Graphics context not yet initialized. Skipping visualisations.
Graphics context not yet initialized. Skipping visualisations.
Graphics context not yet initialized. Skipping visualisations.
Graphics context not yet initialized. Skipping visualisations.
Graphics context not yet initialized. Skipping visualisations.
Graphics context not yet initialized. Skipping visualisations.
Graphics context not yet initialized. Skipping visualisations.
Graphics context not yet initialized. Skipping visualisations.
Graphics context not yet initialized. Skipping visualisations.
Graphics context not yet initialized. Skipping visualisations.
Graphics context not yet initialized. Skipping visualisations.
Graphics context not yet initialized. Skipping visualisations.
Graphics context not yet initialized. Skipping visualisations.
Graphics context not yet initialized. Skipping visualisations.
Graphics context not yet initialized. Skipping visualisations.
Graphics context not yet initialized. Skipping visualisations.
Graphics context not yet initialized. Skipping visualisations.
Graphics context not yet initialized. Skipping visualisations.
Graphics context not yet initialized. Skipping visualisations.
Graphics context not yet initialized. Skipping visualisations.
Graphics context not yet initialized. Skipping visualisations.
Graphics context not yet initialized. Skipping visualisations.
Graphics context not yet initialized. Skipping visualisations.
Graphics context not yet initialized. Skipping visualisations.
Graphics context not yet initialized. Skipping visualisations.
Graphics context not yet initialized. Skipping visualisations.
Graphics context not yet initialized. Skipping visualisations.
Graphics context not yet initialized. Skipping visualisations.
Graphics context not yet initialized. Skipping visualisations.
Graphics context not yet initialized. Skipping visualisations.
Graphics context not yet initialized. Skipping visualisations.
Graphics context not yet initialized. Skipping visualisations.
Graphics context not yet initialized. Skipping visualisations.
Graphics context not yet initialized. Skipping visualisations.
Graphics context not yet initialized. Skipping visualisations.
Graphics context not yet initialized. Skipping visualisations.
Graphics context not yet initialized. Skipping visualisations.
Graphics context not yet initialized. Skipping visualisations.
Graphics context not yet initialized. Skipping visualisations.
Graphics context not yet initialized. Skipping visualisations.
Graphics context not yet initialized. Skipping visualisations.
Graphics context not yet initialized. Skipping visualisations.
Graphics context not yet initialized. Skipping visualisations.
Graphics context not yet initialized. Skipping visualisations.
Graphics context not yet initialized. Skipping visualisations.
Graphics context not yet initialized. Skipping visualisations.
Graphics context not yet initialized. Skipping visualisations.
Graphics context not yet initialized. Skipping visualisations.
Graphics context not yet initialized. Skipping visualisations.
Graphics context not yet initialized. Skipping visualisations.
Graphics context not yet initialized. Skipping visualisations.
Graphics context not yet initialized. Skipping visualisations.
Graphics context not yet initialized. Skipping visualisations.
Graphics context not yet initialized. Skipping visualisations.
Graphics context not yet initialized. Skipping visualisations.
Graphics context not yet initialized. Skipping visualisations.
Graphics context not yet initialized. Skipping visualisations.
Graphics context not yet initialized. Skipping visualisations.
Graphics context not yet initialized. Skipping visualisations.
Graphics context not yet initialized. Skipping visualisations.
Graphics context not yet initialized. Skipping visualisations.
Graphics context not yet initialized. Skipping visualisations.
Graphics context not yet initialized. Skipping visualisations.
Graphics context not yet initialized. Skipping visualisations.
Graphics context not yet initialized. Skipping visualisations.
Graphics context not yet initialized. Skipping visualisations.
Graphics context not yet initialized. Skipping visualisations.
Graphics context not yet initialized. Skipping visualisations.
Graphics context not yet initialized. Skipping visualisations.
Graphics context not yet initialized. Skipping visualisations.
Graphics context not yet initialized. Skipping visualisations.
Graphics context not yet initialized. Skipping visualisations.
Graphics context not yet initialized. Skipping visualisations.
Graphics context not yet initialized. Skipping visualisations.
Graphics context not yet initialized. Skipping visualisations.
Graphics context not yet initialized. Skipping visualisations.
Graphics context not yet initialized. Skipping visualisations.
Graphics context not yet initialized. Skipping visualisations.
Graphics context not yet initialized. Skipping visualisations.
Graphics context not yet initialized. Skipping visualisations.
Graphics context not yet initialized. Skipping visualisations.
Graphics context not yet initialized. Skipping visualisations.
Graphics context not yet initialized. Skipping visualisations.
Graphics context not yet initialized. Skipping visualisations.
Graphics context not yet initialized. Skipping visualisations.
Graphics context not yet initialized. Skipping visualisations.
Graphics context not yet initialized. Skipping visualisations.
Graphics context not yet initialized. Skipping visualisations.
Graphics context not yet initialized. Skipping visualisations.
Graphics context not yet initialized. Skipping visualisations.
Graphics context not yet initialized. Skipping visualisations.
Graphics context not yet initialized. Skipping visualisations.
Graphics context not yet initialized. Skipping visualisations.
Graphics context not yet initialized. Skipping visualisations.
Graphics context not yet initialized. Skipping visualisations.
Graphics context not yet initialized. Skipping visualisations.
Graphics context not yet initialized. Skipping visualisations.
Graphics context not yet initialized. Skipping visualisations.
Graphics context not yet initialized. Skipping visualisations.
Graphics context not yet initialized. Skipping visualisations.
Graphics context not yet initialized. Skipping visualisations.
Graphics context not yet initialized. Skipping visualisations.
Graphics context not yet initialized. Skipping visualisations.
Graphics context not yet initialized. Skipping visualisations.
Graphics context not yet initialized. Skipping visualisations.
Graphics context not yet initialized. Skipping visualisations.
Graphics context not yet initialized. Skipping visualisations.
Graphics context not yet initialized. Skipping visualisations.
Graphics context not yet initialized. Skipping visualisations.
Graphics context not yet initialized. Skipping visualisations.
Graphics context not yet initialized. Skipping visualisations.
Graphics context not yet initialized. Skipping visualisations.
Graphics context not yet initialized. Skipping visualisations.
Graphics context not yet initialized. Skipping visualisations.
Graphics context not yet initialized. Skipping visualisations.
Graphics context not yet initialized. Skipping visualisations.
Graphics context not yet initialized. Skipping visualisations.
Graphics context not yet initialized. Skipping visualisations.
Graphics context not yet initialized. Skipping visualisations.
Graphics context not yet initialized. Skipping visualisations.
Graphics context not yet initialized. Skipping visualisations.
Graphics context not yet initialized. Skipping visualisations.
Graphics context not yet initialized. Skipping visualisations.
Graphics context not yet initialized. Skipping visualisations.
Graphics context not yet initialized. Skipping visualisations.
Graphics context not yet initialized. Skipping visualisations.
Graphics context not yet initialized. Skipping visualisations.
Graphics context not yet initialized. Skipping visualisations.
Graphics context not yet initialized. Skipping visualisations.
Graphics context not yet initialized. Skipping visualisations.
Graphics context not yet initialized. Skipping visualisations.
Graphics context not yet initialized. Skipping visualisations.
Graphics context not yet initialized. Skipping visualisations.
Graphics context not yet initialized. Skipping visualisations.
Graphics context not yet initialized. Skipping visualisations.
Graphics context not yet initialized. Skipping visualisations.
Graphics context not yet initialized. Skipping visualisations.
Graphics context not yet initialized. Skipping visualisations.
Graphics context not yet initialized. Skipping visualisations.
Graphics context not yet initialized. Skipping visualisations.
Graphics context not yet initialized. Skipping visualisations.
Graphics context not yet initialized. Skipping visualisations.
Graphics context not yet initialized. Skipping visualisations.
Graphics context not yet initialized. Skipping visualisations.
Graphics context not yet initialized. Skipping visualisations.
Graphics context not yet initialized. Skipping visualisations.
Graphics context not yet initialized. Skipping visualisations.
Graphics context not yet initialized. Skipping visualisations.
Graphics context not yet initialized. Skipping visualisations.
Graphics context not yet initialized. Skipping visualisations.
Graphics context not yet initialized. Skipping visualisations.
Graphics context not yet initialized. Skipping visualisations.
Graphics context not yet initialized. Skipping visualisations.
Graphics context not yet initialized. Skipping visualisations.
Graphics context not yet initialized. Skipping visualisations.
Graphics context not yet initialized. Skipping visualisations.
Graphics context not yet initialized. Skipping visualisations.
Graphics context not yet initialized. Skipping visualisations.
Graphics context not yet initialized. Skipping visualisations.
Graphics context not yet initialized. Skipping visualisations.
Graphics context not yet initialized. Skipping visualisations.
Graphics context not yet initialized. Skipping visualisations.
Graphics context not yet initialized. Skipping visualisations.
Graphics context not yet initialized. Skipping visualisations.
Graphics context not yet initialized. Skipping visualisations.
Graphics context not yet initialized. Skipping visualisations.
Graphics context not yet initialized. Skipping visualisations.
Graphics context not yet initialized. Skipping visualisations.
Graphics context not yet initialized. Skipping visualisations.
Graphics context not yet initialized. Skipping visualisations.
Graphics context not yet initialized. Skipping visualisations.
Graphics context not yet initialized. Skipping visualisations.
Graphics context not yet initialized. Skipping visualisations.
Graphics context not yet initialized. Skipping visualisations.
Graphics context not yet initialized. Skipping visualisations.
Graphics context not yet initialized. Skipping visualisations.
Graphics context not yet initialized. Skipping visualisations.
Graphics context not yet initialized. Skipping visualisations.
Graphics context not yet initialized. Skipping visualisations.
Graphics context not yet initialized. Skipping visualisations.
Graphics context not yet initialized. Skipping visualisations.
Graphics context not yet initialized. Skipping visualisations.
Graphics context not yet initialized. Skipping visualisations.
Graphics context not yet initialized. Skipping visualisations.
Graphics context not yet initialized. Skipping visualisations.
Graphics context not yet initialized. Skipping visualisations.
Graphics context not yet initialized. Skipping visualisations.
Graphics context not yet initialized. Skipping visualisations.
Graphics context not yet initialized. Skipping visualisations.
Graphics context not yet initialized. Skipping visualisations.
Graphics context not yet initialized. Skipping visualisations.
Graphics context not yet initialized. Skipping visualisations.
Graphics context not yet initialized. Skipping visualisations.
Graphics context not yet initialized. Skipping visualisations.
Graphics context not yet initialized. Skipping visualisations.
Graphics context not yet initialized. Skipping visualisations.
Graphics context not yet initialized. Skipping visualisations.
Graphics context not yet initialized. Skipping visualisations.
Graphics context not yet initialized. Skipping visualisations.
Graphics context not yet initialized. Skipping visualisations.
Graphics context not yet initialized. Skipping visualisations.
Graphics context not yet initialized. Skipping visualisations.
Graphics context not yet initialized. Skipping visualisations.
Graphics context not yet initialized. Skipping visualisations.
Graphics context not yet initialized. Skipping visualisations.
Graphics context not yet initialized. Skipping visualisations.
Graphics context not yet initialized. Skipping visualisations.
Graphics context not yet initialized. Skipping visualisations.
Graphics context not yet initialized. Skipping visualisations.
Graphics context not yet initialized. Skipping visualisations.
Graphics context not yet initialized. Skipping visualisations.
Graphics context not yet initialized. Skipping visualisations.
Graphics context not yet initialized. Skipping visualisations.
Graphics context not yet initialized. Skipping visualisations.
Graphics context not yet initialized. Skipping visualisations.
Graphics context not yet initialized. Skipping visualisations.
Graphics context not yet initialized. Skipping visualisations.
Graphics context not yet initialized. Skipping visualisations.
Graphics context not yet initialized. Skipping visualisations.
Graphics context not yet initialized. Skipping visualisations.
Graphics context not yet initialized. Skipping visualisations.
Graphics context not yet initialized. Skipping visualisations.
Graphics context not yet initialized. Skipping visualisations.
Graphics context not yet initialized. Skipping visualisations.
Graphics context not yet initialized. Skipping visualisations.
Graphics context not yet initialized. Skipping visualisations.
Graphics context not yet initialized. Skipping visualisations.
Graphics context not yet initialized. Skipping visualisations.
Graphics context not yet initialized. Skipping visualisations.
Graphics context not yet initialized. Skipping visualisations.
Graphics context not yet initialized. Skipping visualisations.
Graphics context not yet initialized. Skipping visualisations.
Graphics context not yet initialized. Skipping visualisations.
Graphics context not yet initialized. Skipping visualisations.
Graphics context not yet initialized. Skipping visualisations.
Graphics context not yet initialized. Skipping visualisations.
Graphics context not yet initialized. Skipping visualisations.
Graphics context not yet initialized. Skipping visualisations.
Graphics context not yet initialized. Skipping visualisations.
Graphics context not yet initialized. Skipping visualisations.
Graphics context not yet initialized. Skipping visualisations.
Graphics context not yet initialized. Skipping visualisations.
Graphics context not yet initialized. Skipping visualisations.
Graphics context not yet initialized. Skipping visualisations.
Graphics context not yet initialized. Skipping visualisations.
Graphics context not yet initialized. Skipping visualisations.
Graphics context not yet initialized. Skipping visualisations.
Graphics context not yet initialized. Skipping visualisations.
Graphics context not yet initialized. Skipping visualisations.
Graphics context not yet initialized. Skipping visualisations.
Graphics context not yet initialized. Skipping visualisations.
Graphics context not yet initialized. Skipping visualisations.
Graphics context not yet initialized. Skipping visualisations.
Graphics context not yet initialized. Skipping visualisations.
Graphics context not yet initialized. Skipping visualisations.
Graphics context not yet initialized. Skipping visualisations.
Graphics context not yet initialized. Skipping visualisations.
Graphics context not yet initialized. Skipping visualisations.
Graphics context not yet initialized. Skipping visualisations.
Graphics context not yet initialized. Skipping visualisations.
Graphics context not yet initialized. Skipping visualisations.
Graphics context not yet initialized. Skipping visualisations.
Graphics context not yet initialized. Skipping visualisations.
Graphics context not yet initialized. Skipping visualisations.
Graphics context not yet initialized. Skipping visualisations.
Graphics context not yet initialized. Skipping visualisations.
Graphics context not yet initialized. Skipping visualisations.
Graphics context not yet initialized. Skipping visualisations.
Graphics context not yet initialized. Skipping visualisations.
Graphics context not yet initialized. Skipping visualisations.
Graphics context not yet initialized. Skipping visualisations.
Graphics context not yet initialized. Skipping visualisations.
Graphics context not yet initialized. Skipping visualisations.
Graphics context not yet initialized. Skipping visualisations.
Graphics context not yet initialized. Skipping visualisations.
Graphics context not yet initialized. Skipping visualisations.
Graphics context not yet initialized. Skipping visualisations.
Graphics context not yet initialized. Skipping visualisations.
Graphics context not yet initialized. Skipping visualisations.
Graphics context not yet initialized. Skipping visualisations.
Graphics context not yet initialized. Skipping visualisations.
Graphics context not yet initialized. Skipping visualisations.
Graphics context not yet initialized. Skipping visualisations.
Graphics context not yet initialized. Skipping visualisations.
Graphics context not yet initialized. Skipping visualisations.
Graphics context not yet initialized. Skipping visualisations.
Graphics context not yet initialized. Skipping visualisations.
Graphics context not yet initialized. Skipping visualisations.
Graphics context not yet initialized. Skipping visualisations.
Graphics context not yet initialized. Skipping visualisations.
Graphics context not yet initialized. Skipping visualisations.
Graphics context not yet initialized. Skipping visualisations.
Graphics context not yet initialized. Skipping visualisations.
Graphics context not yet initialized. Skipping visualisations.
Graphics context not yet initialized. Skipping visualisations.
Graphics context not yet initialized. Skipping visualisations.
Graphics context not yet initialized. Skipping visualisations.
Graphics context not yet initialized. Skipping visualisations.
Graphics context not yet initialized. Skipping visualisations.
Graphics context not yet initialized. Skipping visualisations.
Graphics context not yet initialized. Skipping visualisations.
Graphics context not yet initialized. Skipping visualisations.
Graphics context not yet initialized. Skipping visualisations.
Graphics context not yet initialized. Skipping visualisations.
Graphics context not yet initialized. Skipping visualisations.
Graphics context not yet initialized. Skipping visualisations.
Graphics context not yet initialized. Skipping visualisations.
Graphics context not yet initialized. Skipping visualisations.
Graphics context not yet initialized. Skipping visualisations.
Graphics context not yet initialized. Skipping visualisations.
Graphics context not yet initialized. Skipping visualisations.
Graphics context not yet initialized. Skipping visualisations.
Graphics context not yet initialized. Skipping visualisations.
Graphics context not yet initialized. Skipping visualisations.
Graphics context not yet initialized. Skipping visualisations.
Graphics context not yet initialized. Skipping visualisations.
Graphics context not yet initialized. Skipping visualisations.
Graphics context not yet initialized. Skipping visualisations.
Graphics context not yet initialized. Skipping visualisations.
Graphics context not yet initialized. Skipping visualisations.
Graphics context not yet initialized. Skipping visualisations.
Graphics context not yet initialized. Skipping visualisations.
Graphics context not yet initialized. Skipping visualisations.
Graphics context not yet initialized. Skipping visualisations.
Graphics context not yet initialized. Skipping visualisations.
Graphics context not yet initialized. Skipping visualisations.
Graphics context not yet initialized. Skipping visualisations.
Graphics context not yet initialized. Skipping visualisations.
Graphics context not yet initialized. Skipping visualisations.
Graphics context not yet initialized. Skipping visualisations.
Graphics context not yet initialized. Skipping visualisations.
Graphics context not yet initialized. Skipping visualisations.
Graphics context not yet initialized. Skipping visualisations.
Graphics context not yet initialized. Skipping visualisations.
Graphics context not yet initialized. Skipping visualisations.
Graphics context not yet initialized. Skipping visualisations.
Graphics context not yet initialized. Skipping visualisations.
Graphics context not yet initialized. Skipping visualisations.
Graphics context not yet initialized. Skipping visualisations.
Graphics context not yet initialized. Skipping visualisations.
Graphics context not yet initialized. Skipping visualisations.
Graphics context not yet initialized. Skipping visualisations.
Graphics context not yet initialized. Skipping visualisations.
Graphics context not yet initialized. Skipping visualisations.
Graphics context not yet initialized. Skipping visualisations.
Graphics context not yet initialized. Skipping visualisations.
Graphics context not yet initialized. Skipping visualisations.
Graphics context not yet initialized. Skipping visualisations.
Graphics context not yet initialized. Skipping visualisations.
Graphics context not yet initialized. Skipping visualisations.
Graphics context not yet initialized. Skipping visualisations.
Graphics context not yet initialized. Skipping visualisations.
Graphics context not yet initialized. Skipping visualisations.
Graphics context not yet initialized. Skipping visualisations.
Graphics context not yet initialized. Skipping visualisations.
Graphics context not yet initialized. Skipping visualisations.
Graphics context not yet initialized. Skipping visualisations.
Graphics context not yet initialized. Skipping visualisations.
Graphics context not yet initialized. Skipping visualisations.
Graphics context not yet initialized. Skipping visualisations.
Graphics context not yet initialized. Skipping visualisations.
Graphics context not yet initialized. Skipping visualisations.
Graphics context not yet initialized. Skipping visualisations.
Graphics context not yet initialized. Skipping visualisations.
Graphics context not yet initialized. Skipping visualisations.
Graphics context not yet initialized. Skipping visualisations.
Graphics context not yet initialized. Skipping visualisations.
Graphics context not yet initialized. Skipping visualisations.
Graphics context not yet initialized. Skipping visualisations.
Graphics context not yet initialized. Skipping visualisations.
Graphics context not yet initialized. Skipping visualisations.
Graphics context not yet initialized. Skipping visualisations.
Graphics context not yet initialized. Skipping visualisations.
Graphics context not yet initialized. Skipping visualisations.
Graphics context not yet initialized. Skipping visualisations.
Graphics context not yet initialized. Skipping visualisations.
Graphics context not yet initialized. Skipping visualisations.
Graphics context not yet initialized. Skipping visualisations.
Graphics context not yet initialized. Skipping visualisations.
Graphics context not yet initialized. Skipping visualisations.
Graphics context not yet initialized. Skipping visualisations.
Graphics context not yet initialized. Skipping visualisations.
Graphics context not yet initialized. Skipping visualisations.
Graphics context not yet initialized. Skipping visualisations.
Graphics context not yet initialized. Skipping visualisations.
Graphics context not yet initialized. Skipping visualisations.
Graphics context not yet initialized. Skipping visualisations.
Graphics context not yet initialized. Skipping visualisations.
Graphics context not yet initialized. Skipping visualisations.
Graphics context not yet initialized. Skipping visualisations.
Graphics context not yet initialized. Skipping visualisations.
Graphics context not yet initialized. Skipping visualisations.
Graphics context not yet initialized. Skipping visualisations.
Graphics context not yet initialized. Skipping visualisations.
Graphics context not yet initialized. Skipping visualisations.
Graphics context not yet initialized. Skipping visualisations.
Graphics context not yet initialized. Skipping visualisations.
Graphics context not yet initialized. Skipping visualisations.
Graphics context not yet initialized. Skipping visualisations.
Graphics context not yet initialized. Skipping visualisations.
Graphics context not yet initialized. Skipping visualisations.
Graphics context not yet initialized. Skipping visualisations.
Graphics context not yet initialized. Skipping visualisations.
Graphics context not yet initialized. Skipping visualisations.
Graphics context not yet initialized. Skipping visualisations.
Graphics context not yet initialized. Skipping visualisations.
Graphics context not yet initialized. Skipping visualisations.
Graphics context not yet initialized. Skipping visualisations.
Graphics context not yet initialized. Skipping visualisations.
Graphics context not yet initialized. Skipping visualisations.
Graphics context not yet initialized. Skipping visualisations.
Graphics context not yet initialized. Skipping visualisations.
Graphics context not yet initialized. Skipping visualisations.
Graphics context not yet initialized. Skipping visualisations.
Graphics context not yet initialized. Skipping visualisations.
Graphics context not yet initialized. Skipping visualisations.
Graphics context not yet initialized. Skipping visualisations.
Graphics context not yet initialized. Skipping visualisations.
Graphics context not yet initialized. Skipping visualisations.
Graphics context not yet initialized. Skipping visualisations.
Graphics context not yet initialized. Skipping visualisations.
Graphics context not yet initialized. Skipping visualisations.
Graphics context not yet initialized. Skipping visualisations.
Graphics context not yet initialized. Skipping visualisations.
Graphics context not yet initialized. Skipping visualisations.
Graphics context not yet initialized. Skipping visualisations.
Graphics context not yet initialized. Skipping visualisations.
Graphics context not yet initialized. Skipping visualisations.
Graphics context not yet initialized. Skipping visualisations.
Graphics context not yet initialized. Skipping visualisations.
Graphics context not yet initialized. Skipping visualisations.
Graphics context not yet initialized. Skipping visualisations.
Graphics context not yet initialized. Skipping visualisations.
Graphics context not yet initialized. Skipping visualisations.
Graphics context not yet initialized. Skipping visualisations.
Graphics context not yet initialized. Skipping visualisations.
Graphics context not yet initialized. Skipping visualisations.
Graphics context not yet initialized. Skipping visualisations.
Graphics context not yet initialized. Skipping visualisations.
Graphics context not yet initialized. Skipping visualisations.
Graphics context not yet initialized. Skipping visualisations.
Graphics context not yet initialized. Skipping visualisations.
Graphics context not yet initialized. Skipping visualisations.
Graphics context not yet initialized. Skipping visualisations.
Graphics context not yet initialized. Skipping visualisations.
Graphics context not yet initialized. Skipping visualisations.
Graphics context not yet initialized. Skipping visualisations.
Graphics context not yet initialized. Skipping visualisations.
Graphics context not yet initialized. Skipping visualisations.
Graphics context not yet initialized. Skipping visualisations.
Graphics context not yet initialized. Skipping visualisations.
Graphics context not yet initialized. Skipping visualisations.
Graphics context not yet initialized. Skipping visualisations.
Graphics context not yet initialized. Skipping visualisations.
Graphics context not yet initialized. Skipping visualisations.
Graphics context not yet initialized. Skipping visualisations.
Graphics context not yet initialized. Skipping visualisations.
Graphics context not yet initialized. Skipping visualisations.
Graphics context not yet initialized. Skipping visualisations.
Graphics context not yet initialized. Skipping visualisations.
Graphics context not yet initialized. Skipping visualisations.
Graphics context not yet initialized. Skipping visualisations.
Graphics context not yet initialized. Skipping visualisations.
Graphics context not yet initialized. Skipping visualisations.
Graphics context not yet initialized. Skipping visualisations.
Graphics context not yet initialized. Skipping visualisations.
Graphics context not yet initialized. Skipping visualisations.
Graphics context not yet initialized. Skipping visualisations.
Graphics context not yet initialized. Skipping visualisations.
Graphics context not yet initialized. Skipping visualisations.
Graphics context not yet initialized. Skipping visualisations.
Graphics context not yet initialized. Skipping visualisations.
Graphics context not yet initialized. Skipping visualisations.
Graphics context not yet initialized. Skipping visualisations.
Graphics context not yet initialized. Skipping visualisations.
Graphics context not yet initialized. Skipping visualisations.
Graphics context not yet initialized. Skipping visualisations.
Graphics context not yet initialized. Skipping visualisations.
Graphics context not yet initialized. Skipping visualisations.
Graphics context not yet initialized. Skipping visualisations.
Graphics context not yet initialized. Skipping visualisations.
Graphics context not yet initialized. Skipping visualisations.
Graphics context not yet initialized. Skipping visualisations.
Graphics context not yet initialized. Skipping visualisations.
Graphics context not yet initialized. Skipping visualisations.
Graphics context not yet initialized. Skipping visualisations.
Graphics context not yet initialized. Skipping visualisations.
Graphics context not yet initialized. Skipping visualisations.
Graphics context not yet initialized. Skipping visualisations.
Graphics context not yet initialized. Skipping visualisations.
Graphics context not yet initialized. Skipping visualisations.
Graphics context not yet initialized. Skipping visualisations.
Graphics context not yet initialized. Skipping visualisations.
Graphics context not yet initialized. Skipping visualisations.
Graphics context not yet initialized. Skipping visualisations.
Graphics context not yet initialized. Skipping visualisations.
Graphics context not yet initialized. Skipping visualisations.
Graphics context not yet initialized. Skipping visualisations.
Graphics context not yet initialized. Skipping visualisations.
Graphics context not yet initialized. Skipping visualisations.
Graphics context not yet initialized. Skipping visualisations.
Graphics context not yet initialized. Skipping visualisations.
Graphics context not yet initialized. Skipping visualisations.
Graphics context not yet initialized. Skipping visualisations.
Graphics context not yet initialized. Skipping visualisations.
Graphics context not yet initialized. Skipping visualisations.
Graphics context not yet initialized. Skipping visualisations.
Graphics context not yet initialized. Skipping visualisations.
Graphics context not yet initialized. Skipping visualisations.
Graphics context not yet initialized. Skipping visualisations.
Graphics context not yet initialized. Skipping visualisations.
Graphics context not yet initialized. Skipping visualisations.
Graphics context not yet initialized. Skipping visualisations.
Graphics context not yet initialized. Skipping visualisations.
Graphics context not yet initialized. Skipping visualisations.
Graphics context not yet initialized. Skipping visualisations.
Graphics context not yet initialized. Skipping visualisations.
Graphics context not yet initialized. Skipping visualisations.
Graphics context not yet initialized. Skipping visualisations.
Graphics context not yet initialized. Skipping visualisations.
Graphics context not yet initialized. Skipping visualisations.
Graphics context not yet initialized. Skipping visualisations.
Graphics context not yet initialized. Skipping visualisations.
Graphics context not yet initialized. Skipping visualisations.
Graphics context not yet initialized. Skipping visualisations.
Graphics context not yet initialized. Skipping visualisations.
Graphics context not yet initialized. Skipping visualisations.
Graphics context not yet initialized. Skipping visualisations.
Graphics context not yet initialized. Skipping visualisations.
Graphics context not yet initialized. Skipping visualisations.
Graphics context not yet initialized. Skipping visualisations.
Graphics context not yet initialized. Skipping visualisations.
Graphics context not yet initialized. Skipping visualisations.
Graphics context not yet initialized. Skipping visualisations.
Graphics context not yet initialized. Skipping visualisations.
Graphics context not yet initialized. Skipping visualisations.
Graphics context not yet initialized. Skipping visualisations.
Graphics context not yet initialized. Skipping visualisations.
Graphics context not yet initialized. Skipping visualisations.
Graphics context not yet initialized. Skipping visualisations.
Graphics context not yet initialized. Skipping visualisations.
Graphics context not yet initialized. Skipping visualisations.
Graphics context not yet initialized. Skipping visualisations.
Graphics context not yet initialized. Skipping visualisations.
Graphics context not yet initialized. Skipping visualisations.
Graphics context not yet initialized. Skipping visualisations.
Graphics context not yet initialized. Skipping visualisations.
Graphics context not yet initialized. Skipping visualisations.
Graphics context not yet initialized. Skipping visualisations.
Graphics context not yet initialized. Skipping visualisations.
Graphics context not yet initialized. Skipping visualisations.
Graphics context not yet initialized. Skipping visualisations.
Graphics context not yet initialized. Skipping visualisations.
Graphics context not yet initialized. Skipping visualisations.
Graphics context not yet initialized. Skipping visualisations.
Graphics context not yet initialized. Skipping visualisations.
Graphics context not yet initialized. Skipping visualisations.
Graphics context not yet initialized. Skipping visualisations.
Graphics context not yet initialized. Skipping visualisations.
Graphics context not yet initialized. Skipping visualisations.
Graphics context not yet initialized. Skipping visualisations.
Graphics context not yet initialized. Skipping visualisations.
Graphics context not yet initialized. Skipping visualisations.
Graphics context not yet initialized. Skipping visualisations.
Graphics context not yet initialized. Skipping visualisations.
Graphics context not yet initialized. Skipping visualisations.
Graphics context not yet initialized. Skipping visualisations.
Graphics context not yet initialized. Skipping visualisations.
Graphics context not yet initialized. Skipping visualisations.
Graphics context not yet initialized. Skipping visualisations.
Graphics context not yet initialized. Skipping visualisations.
Graphics context not yet initialized. Skipping visualisations.
Graphics context not yet initialized. Skipping visualisations.
Graphics context not yet initialized. Skipping visualisations.
Graphics context not yet initialized. Skipping visualisations.
Graphics context not yet initialized. Skipping visualisations.
Graphics context not yet initialized. Skipping visualisations.
Graphics context not yet initialized. Skipping visualisations.
Graphics context not yet initialized. Skipping visualisations.
Graphics context not yet initialized. Skipping visualisations.
Graphics context not yet initialized. Skipping visualisations.
Graphics context not yet initialized. Skipping visualisations.
Graphics context not yet initialized. Skipping visualisations.
Graphics context not yet initialized. Skipping visualisations.
Graphics context not yet initialized. Skipping visualisations.
Graphics context not yet initialized. Skipping visualisations.
Graphics context not yet initialized. Skipping visualisations.
Graphics context not yet initialized. Skipping visualisations.
Graphics context not yet initialized. Skipping visualisations.
Graphics context not yet initialized. Skipping visualisations.
Graphics context not yet initialized. Skipping visualisations.
Graphics context not yet initialized. Skipping visualisations.
Graphics context not yet initialized. Skipping visualisations.
Graphics context not yet initialized. Skipping visualisations.
Graphics context not yet initialized. Skipping visualisations.
Graphics context not yet initialized. Skipping visualisations.
Graphics context not yet initialized. Skipping visualisations.
Graphics context not yet initialized. Skipping visualisations.
Graphics context not yet initialized. Skipping visualisations.
Graphics context not yet initialized. Skipping visualisations.
Graphics context not yet initialized. Skipping visualisations.
Graphics context not yet initialized. Skipping visualisations.
Graphics context not yet initialized. Skipping visualisations.
Graphics context not yet initialized. Skipping visualisations.
Graphics context not yet initialized. Skipping visualisations.
Graphics context not yet initialized. Skipping visualisations.
Graphics context not yet initialized. Skipping visualisations.
Graphics context not yet initialized. Skipping visualisations.
Graphics context not yet initialized. Skipping visualisations.
Graphics context not yet initialized. Skipping visualisations.
Graphics context not yet initialized. Skipping visualisations.
Graphics context not yet initialized. Skipping visualisations.
Graphics context not yet initialized. Skipping visualisations.
Graphics context not yet initialized. Skipping visualisations.
Graphics context not yet initialized. Skipping visualisations.
Graphics context not yet initialized. Skipping visualisations.
Graphics context not yet initialized. Skipping visualisations.
Graphics context not yet initialized. Skipping visualisations.
Graphics context not yet initialized. Skipping visualisations.
Graphics context not yet initialized. Skipping visualisations.
Graphics context not yet initialized. Skipping visualisations.
Graphics context not yet initialized. Skipping visualisations.
Graphics context not yet initialized. Skipping visualisations.
Graphics context not yet initialized. Skipping visualisations.
Graphics context not yet initialized. Skipping visualisations.
Graphics context not yet initialized. Skipping visualisations.
Graphics context not yet initialized. Skipping visualisations.
Graphics context not yet initialized. Skipping visualisations.
Graphics context not yet initialized. Skipping visualisations.
Graphics context not yet initialized. Skipping visualisations.
Graphics context not yet initialized. Skipping visualisations.
Graphics context not yet initialized. Skipping visualisations.
Graphics context not yet initialized. Skipping visualisations.
Graphics context not yet initialized. Skipping visualisations.
Graphics context not yet initialized. Skipping visualisations.
Graphics context not yet initialized. Skipping visualisations.
Graphics context not yet initialized. Skipping visualisations.
Graphics context not yet initialized. Skipping visualisations.
Graphics context not yet initialized. Skipping visualisations.
Graphics context not yet initialized. Skipping visualisations.
Graphics context not yet initialized. Skipping visualisations.
Graphics context not yet initialized. Skipping visualisations.
Graphics context not yet initialized. Skipping visualisations.
Graphics context not yet initialized. Skipping visualisations.
Graphics context not yet initialized. Skipping visualisations.
Graphics context not yet initialized. Skipping visualisations.
Graphics context not yet initialized. Skipping visualisations.
Graphics context not yet initialized. Skipping visualisations.
Graphics context not yet initialized. Skipping visualisations.
Graphics context not yet initialized. Skipping visualisations.
Graphics context not yet initialized. Skipping visualisations.
Graphics context not yet initialized. Skipping visualisations.
Graphics context not yet initialized. Skipping visualisations.
Graphics context not yet initialized. Skipping visualisations.
Graphics context not yet initialized. Skipping visualisations.
Graphics context not yet initialized. Skipping visualisations.
Graphics context not yet initialized. Skipping visualisations.
Graphics context not yet initialized. Skipping visualisations.
Graphics context not yet initialized. Skipping visualisations.
Graphics context not yet initialized. Skipping visualisations.
Graphics context not yet initialized. Skipping visualisations.
Graphics context not yet initialized. Skipping visualisations.
Graphics context not yet initialized. Skipping visualisations.
Graphics context not yet initialized. Skipping visualisations.
Graphics context not yet initialized. Skipping visualisations.
Graphics context not yet initialized. Skipping visualisations.
Graphics context not yet initialized. Skipping visualisations.
Graphics context not yet initialized. Skipping visualisations.
Graphics context not yet initialized. Skipping visualisations.
Graphics context not yet initialized. Skipping visualisations.
Graphics context not yet initialized. Skipping visualisations.
Graphics context not yet initialized. Skipping visualisations.
Graphics context not yet initialized. Skipping visualisations.
Graphics context not yet initialized. Skipping visualisations.
Graphics context not yet initialized. Skipping visualisations.
Graphics context not yet initialized. Skipping visualisations.
Graphics context not yet initialized. Skipping visualisations.
Graphics context not yet initialized. Skipping visualisations.
Graphics context not yet initialized. Skipping visualisations.
Graphics context not yet initialized. Skipping visualisations.
Graphics context not yet initialized. Skipping visualisations.
Graphics context not yet initialized. Skipping visualisations.
Graphics context not yet initialized. Skipping visualisations.
Graphics context not yet initialized. Skipping visualisations.
Graphics context not yet initialized. Skipping visualisations.
Graphics context not yet initialized. Skipping visualisations.
Graphics context not yet initialized. Skipping visualisations.
Graphics context not yet initialized. Skipping visualisations.
Graphics context not yet initialized. Skipping visualisations.
Graphics context not yet initialized. Skipping visualisations.
Graphics context not yet initialized. Skipping visualisations.
Graphics context not yet initialized. Skipping visualisations.
Graphics context not yet initialized. Skipping visualisations.
Graphics context not yet initialized. Skipping visualisations.
Graphics context not yet initialized. Skipping visualisations.
Graphics context not yet initialized. Skipping visualisations.
Graphics context not yet initialized. Skipping visualisations.
Graphics context not yet initialized. Skipping visualisations.
Graphics context not yet initialized. Skipping visualisations.
Graphics context not yet initialized. Skipping visualisations.
Graphics context not yet initialized. Skipping visualisations.
Graphics context not yet initialized. Skipping visualisations.
Graphics context not yet initialized. Skipping visualisations.
Graphics context not yet initialized. Skipping visualisations.
Graphics context not yet initialized. Skipping visualisations.
Graphics context not yet initialized. Skipping visualisations.
Graphics context not yet initialized. Skipping visualisations.
Graphics context not yet initialized. Skipping visualisations.
Graphics context not yet initialized. Skipping visualisations.
Graphics context not yet initialized. Skipping visualisations.
Graphics context not yet initialized. Skipping visualisations.
Graphics context not yet initialized. Skipping visualisations.
Graphics context not yet initialized. Skipping visualisations.
Graphics context not yet initialized. Skipping visualisations.
Graphics context not yet initialized. Skipping visualisations.
Graphics context not yet initialized. Skipping visualisations.
Graphics context not yet initialized. Skipping visualisations.
Graphics context not yet initialized. Skipping visualisations.
Graphics context not yet initialized. Skipping visualisations.
Graphics context not yet initialized. Skipping visualisations.
Graphics context not yet initialized. Skipping visualisations.
Graphics context not yet initialized. Skipping visualisations.
Graphics context not yet initialized. Skipping visualisations.
Graphics context not yet initialized. Skipping visualisations.
Graphics context not yet initialized. Skipping visualisations.
Graphics context not yet initialized. Skipping visualisations.
Graphics context not yet initialized. Skipping visualisations.
Graphics context not yet initialized. Skipping visualisations.
Graphics context not yet initialized. Skipping visualisations.
Graphics context not yet initialized. Skipping visualisations.
Graphics context not yet initialized. Skipping visualisations.
Graphics context not yet initialized. Skipping visualisations.
Graphics context not yet initialized. Skipping visualisations.
Graphics context not yet initialized. Skipping visualisations.
Graphics context not yet initialized. Skipping visualisations.
Graphics context not yet initialized. Skipping visualisations.
Graphics context not yet initialized. Skipping visualisations.
Graphics context not yet initialized. Skipping visualisations.
Graphics context not yet initialized. Skipping visualisations.
Graphics context not yet initialized. Skipping visualisations.
Graphics context not yet initialized. Skipping visualisations.
Graphics context not yet initialized. Skipping visualisations.
Graphics context not yet initialized. Skipping visualisations.
Graphics context not yet initialized. Skipping visualisations.
Graphics context not yet initialized. Skipping visualisations.
Graphics context not yet initialized. Skipping visualisations.
Graphics context not yet initialized. Skipping visualisations.
Graphics context not yet initialized. Skipping visualisations.
Graphics context not yet initialized. Skipping visualisations.
Graphics context not yet initialized. Skipping visualisations.
Graphics context not yet initialized. Skipping visualisations.
Graphics context not yet initialized. Skipping visualisations.
Graphics context not yet initialized. Skipping visualisations.
Graphics context not yet initialized. Skipping visualisations.
Graphics context not yet initialized. Skipping visualisations.
Graphics context not yet initialized. Skipping visualisations.
Graphics context not yet initialized. Skipping visualisations.
Graphics context not yet initialized. Skipping visualisations.
Graphics context not yet initialized. Skipping visualisations.
Graphics context not yet initialized. Skipping visualisations.
Graphics context not yet initialized. Skipping visualisations.
Graphics context not yet initialized. Skipping visualisations.
Graphics context not yet initialized. Skipping visualisations.
Graphics context not yet initialized. Skipping visualisations.
Graphics context not yet initialized. Skipping visualisations.
Graphics context not yet initialized. Skipping visualisations.
Graphics context not yet initialized. Skipping visualisations.
Graphics context not yet initialized. Skipping visualisations.
Graphics context not yet initialized. Skipping visualisations.
Graphics context not yet initialized. Skipping visualisations.
Graphics context not yet initialized. Skipping visualisations.
Graphics context not yet initialized. Skipping visualisations.
Graphics context not yet initialized. Skipping visualisations.
Graphics context not yet initialized. Skipping visualisations.
Graphics context not yet initialized. Skipping visualisations.
Graphics context not yet initialized. Skipping visualisations.
Graphics context not yet initialized. Skipping visualisations.
Graphics context not yet initialized. Skipping visualisations.
Graphics context not yet initialized. Skipping visualisations.
Graphics context not yet initialized. Skipping visualisations.
Graphics context not yet initialized. Skipping visualisations.
Graphics context not yet initialized. Skipping visualisations.
Graphics context not yet initialized. Skipping visualisations.
Graphics context not yet initialized. Skipping visualisations.
Graphics context not yet initialized. Skipping visualisations.
Graphics context not yet initialized. Skipping visualisations.
Graphics context not yet initialized. Skipping visualisations.
Graphics context not yet initialized. Skipping visualisations.
Graphics context not yet initialized. Skipping visualisations.
Graphics context not yet initialized. Skipping visualisations.
Graphics context not yet initialized. Skipping visualisations.
Graphics context not yet initialized. Skipping visualisations.
Graphics context not yet initialized. Skipping visualisations.
Graphics context not yet initialized. Skipping visualisations.
Graphics context not yet initialized. Skipping visualisations.
Graphics context not yet initialized. Skipping visualisations.
Graphics context not yet initialized. Skipping visualisations.
Graphics context not yet initialized. Skipping visualisations.
Graphics context not yet initialized. Skipping visualisations.
Graphics context not yet initialized. Skipping visualisations.
Graphics context not yet initialized. Skipping visualisations.
Graphics context not yet initialized. Skipping visualisations.
Graphics context not yet initialized. Skipping visualisations.
Graphics context not yet initialized. Skipping visualisations.
Graphics context not yet initialized. Skipping visualisations.
Graphics context not yet initialized. Skipping visualisations.
Graphics context not yet initialized. Skipping visualisations.
Graphics context not yet initialized. Skipping visualisations.
Graphics context not yet initialized. Skipping visualisations.
Graphics context not yet initialized. Skipping visualisations.
Graphics context not yet initialized. Skipping visualisations.
Graphics context not yet initialized. Skipping visualisations.
Graphics context not yet initialized. Skipping visualisations.
Graphics context not yet initialized. Skipping visualisations.
Graphics context not yet initialized. Skipping visualisations.
Graphics context not yet initialized. Skipping visualisations.
Graphics context not yet initialized. Skipping visualisations.
Graphics context not yet initialized. Skipping visualisations.
Graphics context not yet initialized. Skipping visualisations.
Graphics context not yet initialized. Skipping visualisations.
Graphics context not yet initialized. Skipping visualisations.
Graphics context not yet initialized. Skipping visualisations.
Graphics context not yet initialized. Skipping visualisations.
Graphics context not yet initialized. Skipping visualisations.
Graphics context not yet initialized. Skipping visualisations.
Graphics context not yet initialized. Skipping visualisations.
Graphics context not yet initialized. Skipping visualisations.
Graphics context not yet initialized. Skipping visualisations.
Graphics context not yet initialized. Skipping visualisations.
Graphics context not yet initialized. Skipping visualisations.
Graphics context not yet initialized. Skipping visualisations.
Graphics context not yet initialized. Skipping visualisations.
Graphics context not yet initialized. Skipping visualisations.
Graphics context not yet initialized. Skipping visualisations.
Graphics context not yet initialized. Skipping visualisations.
Graphics context not yet initialized. Skipping visualisations.
Graphics context not yet initialized. Skipping visualisations.
Graphics context not yet initialized. Skipping visualisations.
Graphics context not yet initialized. Skipping visualisations.
Graphics context not yet initialized. Skipping visualisations.
Graphics context not yet initialized. Skipping visualisations.
Graphics context not yet initialized. Skipping visualisations.
Graphics context not yet initialized. Skipping visualisations.
Graphics context not yet initialized. Skipping visualisations.
Graphics context not yet initialized. Skipping visualisations.
Graphics context not yet initialized. Skipping visualisations.
Graphics context not yet initialized. Skipping visualisations.
Graphics context not yet initialized. Skipping visualisations.
Graphics context not yet initialized. Skipping visualisations.
Graphics context not yet initialized. Skipping visualisations.
Graphics context not yet initialized. Skipping visualisations.
Graphics context not yet initialized. Skipping visualisations.
Graphics context not yet initialized. Skipping visualisations.
Graphics context not yet initialized. Skipping visualisations.
Graphics context not yet initialized. Skipping visualisations.
Graphics context not yet initialized. Skipping visualisations.
Graphics context not yet initialized. Skipping visualisations.
Graphics context not yet initialized. Skipping visualisations.
Graphics context not yet initialized. Skipping visualisations.
Graphics context not yet initialized. Skipping visualisations.
Graphics context not yet initialized. Skipping visualisations.
Graphics context not yet initialized. Skipping visualisations.
Graphics context not yet initialized. Skipping visualisations.
Graphics context not yet initialized. Skipping visualisations.
Graphics context not yet initialized. Skipping visualisations.
Graphics context not yet initialized. Skipping visualisations.
Graphics context not yet initialized. Skipping visualisations.
Graphics context not yet initialized. Skipping visualisations.
Graphics context not yet initialized. Skipping visualisations.
Graphics context not yet initialized. Skipping visualisations.
Graphics context not yet initialized. Skipping visualisations.
Graphics context not yet initialized. Skipping visualisations.
Graphics context not yet initialized. Skipping visualisations.
Graphics context not yet initialized. Skipping visualisations.
Graphics context not yet initialized. Skipping visualisations.
Graphics context not yet initialized. Skipping visualisations.
Graphics context not yet initialized. Skipping visualisations.
Graphics context not yet initialized. Skipping visualisations.
Graphics context not yet initialized. Skipping visualisations.
Graphics context not yet initialized. Skipping visualisations.
Graphics context not yet initialized. Skipping visualisations.
Graphics context not yet initialized. Skipping visualisations.
Graphics context not yet initialized. Skipping visualisations.
Graphics context not yet initialized. Skipping visualisations.
Graphics context not yet initialized. Skipping visualisations.
Graphics context not yet initialized. Skipping visualisations.
Graphics context not yet initialized. Skipping visualisations.
Graphics context not yet initialized. Skipping visualisations.
Graphics context not yet initialized. Skipping visualisations.
Graphics context not yet initialized. Skipping visualisations.
Graphics context not yet initialized. Skipping visualisations.
Graphics context not yet initialized. Skipping visualisations.
Graphics context not yet initialized. Skipping visualisations.
Graphics context not yet initialized. Skipping visualisations.
Graphics context not yet initialized. Skipping visualisations.
Graphics context not yet initialized. Skipping visualisations.
Graphics context not yet initialized. Skipping visualisations.
Graphics context not yet initialized. Skipping visualisations.
Graphics context not yet initialized. Skipping visualisations.
Graphics context not yet initialized. Skipping visualisations.
Graphics context not yet initialized. Skipping visualisations.
Graphics context not yet initialized. Skipping visualisations.
Graphics context not yet initialized. Skipping visualisations.
Graphics context not yet initialized. Skipping visualisations.
Graphics context not yet initialized. Skipping visualisations.
Graphics context not yet initialized. Skipping visualisations.
Graphics context not yet initialized. Skipping visualisations.
Graphics context not yet initialized. Skipping visualisations.
Graphics context not yet initialized. Skipping visualisations.
Graphics context not yet initialized. Skipping visualisations.
Graphics context not yet initialized. Skipping visualisations.
Graphics context not yet initialized. Skipping visualisations.
Graphics context not yet initialized. Skipping visualisations.
Graphics context not yet initialized. Skipping visualisations.
Graphics context not yet initialized. Skipping visualisations.
Graphics context not yet initialized. Skipping visualisations.
Graphics context not yet initialized. Skipping visualisations.
Graphics context not yet initialized. Skipping visualisations.
Graphics context not yet initialized. Skipping visualisations.
Graphics context not yet initialized. Skipping visualisations.
Graphics context not yet initialized. Skipping visualisations.
Graphics context not yet initialized. Skipping visualisations.
Graphics context not yet initialized. Skipping visualisations.
Graphics context not yet initialized. Skipping visualisations.
Graphics context not yet initialized. Skipping visualisations.
Graphics context not yet initialized. Skipping visualisations.
Graphics context not yet initialized. Skipping visualisations.
Graphics context not yet initialized. Skipping visualisations.
Graphics context not yet initialized. Skipping visualisations.
Graphics context not yet initialized. Skipping visualisations.
Graphics context not yet initialized. Skipping visualisations.
Graphics context not yet initialized. Skipping visualisations.
Graphics context not yet initialized. Skipping visualisations.
Graphics context not yet initialized. Skipping visualisations.
Graphics context not yet initialized. Skipping visualisations.
Graphics context not yet initialized. Skipping visualisations.
Graphics context not yet initialized. Skipping visualisations.
Graphics context not yet initialized. Skipping visualisations.
Graphics context not yet initialized. Skipping visualisations.
Graphics context not yet initialized. Skipping visualisations.
Graphics context not yet initialized. Skipping visualisations.
Graphics context not yet initialized. Skipping visualisations.
Graphics context not yet initialized. Skipping visualisations.
Graphics context not yet initialized. Skipping visualisations.
Graphics context not yet initialized. Skipping visualisations.
Graphics context not yet initialized. Skipping visualisations.
Graphics context not yet initialized. Skipping visualisations.
Graphics context not yet initialized. Skipping visualisations.
Graphics context not yet initialized. Skipping visualisations.
Graphics context not yet initialized. Skipping visualisations.
Graphics context not yet initialized. Skipping visualisations.
Graphics context not yet initialized. Skipping visualisations.
Graphics context not yet initialized. Skipping visualisations.
Graphics context not yet initialized. Skipping visualisations.
Graphics context not yet initialized. Skipping visualisations.
Graphics context not yet initialized. Skipping visualisations.
Graphics context not yet initialized. Skipping visualisations.
Graphics context not yet initialized. Skipping visualisations.
Graphics context not yet initialized. Skipping visualisations.
Graphics context not yet initialized. Skipping visualisations.
Graphics context not yet initialized. Skipping visualisations.
Graphics context not yet initialized. Skipping visualisations.
Graphics context not yet initialized. Skipping visualisations.
Graphics context not yet initialized. Skipping visualisations.
Graphics context not yet initialized. Skipping visualisations.
Graphics context not yet initialized. Skipping visualisations.
Graphics context not yet initialized. Skipping visualisations.
Graphics context not yet initialized. Skipping visualisations.
Graphics context not yet initialized. Skipping visualisations.
Graphics context not yet initialized. Skipping visualisations.
Graphics context not yet initialized. Skipping visualisations.
Graphics context not yet initialized. Skipping visualisations.
Graphics context not yet initialized. Skipping visualisations.
Graphics context not yet initialized. Skipping visualisations.
Graphics context not yet initialized. Skipping visualisations.
Graphics context not yet initialized. Skipping visualisations.
Graphics context not yet initialized. Skipping visualisations.
Graphics context not yet initialized. Skipping visualisations.
Graphics context not yet initialized. Skipping visualisations.
Graphics context not yet initialized. Skipping visualisations.
Graphics context not yet initialized. Skipping visualisations.
Graphics context not yet initialized. Skipping visualisations.
Graphics context not yet initialized. Skipping visualisations.
Graphics context not yet initialized. Skipping visualisations.
Graphics context not yet initialized. Skipping visualisations.
Graphics context not yet initialized. Skipping visualisations.
Graphics context not yet initialized. Skipping visualisations.
Graphics context not yet initialized. Skipping visualisations.
Graphics context not yet initialized. Skipping visualisations.
Graphics context not yet initialized. Skipping visualisations.
Graphics context not yet initialized. Skipping visualisations.
Graphics context not yet initialized. Skipping visualisations.
Graphics context not yet initialized. Skipping visualisations.
Graphics context not yet initialized. Skipping visualisations.
Graphics context not yet initialized. Skipping visualisations.
Graphics context not yet initialized. Skipping visualisations.
Graphics context not yet initialized. Skipping visualisations.
Graphics context not yet initialized. Skipping visualisations.
Graphics context not yet initialized. Skipping visualisations.
Graphics context not yet initialized. Skipping visualisations.
Graphics context not yet initialized. Skipping visualisations.
Graphics context not yet initialized. Skipping visualisations.
Graphics context not yet initialized. Skipping visualisations.
Graphics context not yet initialized. Skipping visualisations.
Graphics context not yet initialized. Skipping visualisations.
Graphics context not yet initialized. Skipping visualisations.
Graphics context not yet initialized. Skipping visualisations.
Graphics context not yet initialized. Skipping visualisations.
Graphics context not yet initialized. Skipping visualisations.
Graphics context not yet initialized. Skipping visualisations.
Graphics context not yet initialized. Skipping visualisations.
Graphics context not yet initialized. Skipping visualisations.
Graphics context not yet initialized. Skipping visualisations.
Graphics context not yet initialized. Skipping visualisations.
Graphics context not yet initialized. Skipping visualisations.
Graphics context not yet initialized. Skipping visualisations.
Graphics context not yet initialized. Skipping visualisations.
Graphics context not yet initialized. Skipping visualisations.
Graphics context not yet initialized. Skipping visualisations.
Graphics context not yet initialized. Skipping visualisations.
Graphics context not yet initialized. Skipping visualisations.
Graphics context not yet initialized. Skipping visualisations.
Graphics context not yet initialized. Skipping visualisations.
Graphics context not yet initialized. Skipping visualisations.
Graphics context not yet initialized. Skipping visualisations.
Graphics context not yet initialized. Skipping visualisations.
Graphics context not yet initialized. Skipping visualisations.
Graphics context not yet initialized. Skipping visualisations.
Graphics context not yet initialized. Skipping visualisations.
Graphics context not yet initialized. Skipping visualisations.
Graphics context not yet initialized. Skipping visualisations.
Graphics context not yet initialized. Skipping visualisations.
Graphics context not yet initialized. Skipping visualisations.
Graphics context not yet initialized. Skipping visualisations.
Graphics context not yet initialized. Skipping visualisations.
Graphics context not yet initialized. Skipping visualisations.
Graphics context not yet initialized. Skipping visualisations.
Graphics context not yet initialized. Skipping visualisations.
Graphics context not yet initialized. Skipping visualisations.
Graphics context not yet initialized. Skipping visualisations.
Graphics context not yet initialized. Skipping visualisations.
Graphics context not yet initialized. Skipping visualisations.
Graphics context not yet initialized. Skipping visualisations.
Graphics context not yet initialized. Skipping visualisations.
Graphics context not yet initialized. Skipping visualisations.
Graphics context not yet initialized. Skipping visualisations.
Graphics context not yet initialized. Skipping visualisations.
Graphics context not yet initialized. Skipping visualisations.
Graphics context not yet initialized. Skipping visualisations.
Graphics context not yet initialized. Skipping visualisations.
Graphics context not yet initialized. Skipping visualisations.
Graphics context not yet initialized. Skipping visualisations.
Graphics context not yet initialized. Skipping visualisations.
Graphics context not yet initialized. Skipping visualisations.
Graphics context not yet initialized. Skipping visualisations.
Graphics context not yet initialized. Skipping visualisations.
Graphics context not yet initialized. Skipping visualisations.
Graphics context not yet initialized. Skipping visualisations.
Graphics context not yet initialized. Skipping visualisations.
Graphics context not yet initialized. Skipping visualisations.
Graphics context not yet initialized. Skipping visualisations.
Graphics context not yet initialized. Skipping visualisations.
Graphics context not yet initialized. Skipping visualisations.
Graphics context not yet initialized. Skipping visualisations.
Graphics context not yet initialized. Skipping visualisations.
Graphics context not yet initialized. Skipping visualisations.
Graphics context not yet initialized. Skipping visualisations.
Graphics context not yet initialized. Skipping visualisations.
Graphics context not yet initialized. Skipping visualisations.
Graphics context not yet initialized. Skipping visualisations.
Graphics context not yet initialized. Skipping visualisations.
Graphics context not yet initialized. Skipping visualisations.
Graphics context not yet initialized. Skipping visualisations.
Graphics context not yet initialized. Skipping visualisations.
Graphics context not yet initialized. Skipping visualisations.
Graphics context not yet initialized. Skipping visualisations.
Graphics context not yet initialized. Skipping visualisations.
Graphics context not yet initialized. Skipping visualisations.
Graphics context not yet initialized. Skipping visualisations.
Graphics context not yet initialized. Skipping visualisations.
Graphics context not yet initialized. Skipping visualisations.
Graphics context not yet initialized. Skipping visualisations.
Graphics context not yet initialized. Skipping visualisations.
Graphics context not yet initialized. Skipping visualisations.
Graphics context not yet initialized. Skipping visualisations.
Graphics context not yet initialized. Skipping visualisations.
Graphics context not yet initialized. Skipping visualisations.
Graphics context not yet initialized. Skipping visualisations.
Graphics context not yet initialized. Skipping visualisations.
Graphics context not yet initialized. Skipping visualisations.
Graphics context not yet initialized. Skipping visualisations.
Graphics context not yet initialized. Skipping visualisations.
Graphics context not yet initialized. Skipping visualisations.
Graphics context not yet initialized. Skipping visualisations.
Graphics context not yet initialized. Skipping visualisations.
Graphics context not yet initialized. Skipping visualisations.
Graphics context not yet initialized. Skipping visualisations.
Graphics context not yet initialized. Skipping visualisations.
Graphics context not yet initialized. Skipping visualisations.
Graphics context not yet initialized. Skipping visualisations.
Graphics context not yet initialized. Skipping visualisations.
Graphics context not yet initialized. Skipping visualisations.
Graphics context not yet initialized. Skipping visualisations.
Graphics context not yet initialized. Skipping visualisations.
Graphics context not yet initialized. Skipping visualisations.
Graphics context not yet initialized. Skipping visualisations.
Graphics context not yet initialized. Skipping visualisations.
Graphics context not yet initialized. Skipping visualisations.
Graphics context not yet initialized. Skipping visualisations.
Graphics context not yet initialized. Skipping visualisations.
Graphics context not yet initialized. Skipping visualisations.
Graphics context not yet initialized. Skipping visualisations.
Graphics context not yet initialized. Skipping visualisations.
Graphics context not yet initialized. Skipping visualisations.
Graphics context not yet initialized. Skipping visualisations.
Graphics context not yet initialized. Skipping visualisations.
Graphics context not yet initialized. Skipping visualisations.
Graphics context not yet initialized. Skipping visualisations.
Graphics context not yet initialized. Skipping visualisations.
Graphics context not yet initialized. Skipping visualisations.
Graphics context not yet initialized. Skipping visualisations.
Graphics context not yet initialized. Skipping visualisations.
Graphics context not yet initialized. Skipping visualisations.
Graphics context not yet initialized. Skipping visualisations.
Graphics context not yet initialized. Skipping visualisations.
Graphics context not yet initialized. Skipping visualisations.
Graphics context not yet initialized. Skipping visualisations.
Graphics context not yet initialized. Skipping visualisations.
Graphics context not yet initialized. Skipping visualisations.
Graphics context not yet initialized. Skipping visualisations.
Graphics context not yet initialized. Skipping visualisations.
Graphics context not yet initialized. Skipping visualisations.
Graphics context not yet initialized. Skipping visualisations.
Graphics context not yet initialized. Skipping visualisations.
Graphics context not yet initialized. Skipping visualisations.
Graphics context not yet initialized. Skipping visualisations.
Graphics context not yet initialized. Skipping visualisations.
Graphics context not yet initialized. Skipping visualisations.
Graphics context not yet initialized. Skipping visualisations.
Graphics context not yet initialized. Skipping visualisations.
Graphics context not yet initialized. Skipping visualisations.
Graphics context not yet initialized. Skipping visualisations.
Graphics context not yet initialized. Skipping visualisations.
Graphics context not yet initialized. Skipping visualisations.
Graphics context not yet initialized. Skipping visualisations.
Graphics context not yet initialized. Skipping visualisations.
Graphics context not yet initialized. Skipping visualisations.
Graphics context not yet initialized. Skipping visualisations.
Graphics context not yet initialized. Skipping visualisations.
Graphics context not yet initialized. Skipping visualisations.
Graphics context not yet initialized. Skipping visualisations.
Graphics context not yet initialized. Skipping visualisations.
Graphics context not yet initialized. Skipping visualisations.
Graphics context not yet initialized. Skipping visualisations.
Graphics context not yet initialized. Skipping visualisations.
Graphics context not yet initialized. Skipping visualisations.
Graphics context not yet initialized. Skipping visualisations.
Graphics context not yet initialized. Skipping visualisations.
Graphics context not yet initialized. Skipping visualisations.
Graphics context not yet initialized. Skipping visualisations.
Graphics context not yet initialized. Skipping visualisations.
Graphics context not yet initialized. Skipping visualisations.
Graphics context not yet initialized. Skipping visualisations.
Graphics context not yet initialized. Skipping visualisations.
Graphics context not yet initialized. Skipping visualisations.
Graphics context not yet initialized. Skipping visualisations.
Graphics context not yet initialized. Skipping visualisations.
Graphics context not yet initialized. Skipping visualisations.
Graphics context not yet initialized. Skipping visualisations.
Graphics context not yet initialized. Skipping visualisations.
Graphics context not yet initialized. Skipping visualisations.
Graphics context not yet initialized. Skipping visualisations.
Graphics context not yet initialized. Skipping visualisations.
Graphics context not yet initialized. Skipping visualisations.
Graphics context not yet initialized. Skipping visualisations.
Graphics context not yet initialized. Skipping visualisations.
Graphics context not yet initialized. Skipping visualisations.
Graphics context not yet initialized. Skipping visualisations.
Graphics context not yet initialized. Skipping visualisations.
Graphics context not yet initialized. Skipping visualisations.
Graphics context not yet initialized. Skipping visualisations.
Graphics context not yet initialized. Skipping visualisations.
Graphics context not yet initialized. Skipping visualisations.
Graphics context not yet initialized. Skipping visualisations.
Graphics context not yet initialized. Skipping visualisations.
Graphics context not yet initialized. Skipping visualisations.
Graphics context not yet initialized. Skipping visualisations.
Graphics context not yet initialized. Skipping visualisations.
Graphics context not yet initialized. Skipping visualisations.
Graphics context not yet initialized. Skipping visualisations.
Graphics context not yet initialized. Skipping visualisations.
Graphics context not yet initialized. Skipping visualisations.
Graphics context not yet initialized. Skipping visualisations.
Graphics context not yet initialized. Skipping visualisations.
Graphics context not yet initialized. Skipping visualisations.
Graphics context not yet initialized. Skipping visualisations.
Graphics context not yet initialized. Skipping visualisations.
Graphics context not yet initialized. Skipping visualisations.
Graphics context not yet initialized. Skipping visualisations.
Graphics context not yet initialized. Skipping visualisations.
Graphics context not yet initialized. Skipping visualisations.
Graphics context not yet initialized. Skipping visualisations.
Graphics context not yet initialized. Skipping visualisations.
Graphics context not yet initialized. Skipping visualisations.
Graphics context not yet initialized. Skipping visualisations.
Graphics context not yet initialized. Skipping visualisations.
Graphics context not yet initialized. Skipping visualisations.
Graphics context not yet initialized. Skipping visualisations.
Graphics context not yet initialized. Skipping visualisations.
Graphics context not yet initialized. Skipping visualisations.
Graphics context not yet initialized. Skipping visualisations.
Graphics context not yet initialized. Skipping visualisations.
Graphics context not yet initialized. Skipping visualisations.
Graphics context not yet initialized. Skipping visualisations.
Graphics context not yet initialized. Skipping visualisations.
Graphics context not yet initialized. Skipping visualisations.
Graphics context not yet initialized. Skipping visualisations.
Graphics context not yet initialized. Skipping visualisations.
Graphics context not yet initialized. Skipping visualisations.
Graphics context not yet initialized. Skipping visualisations.
Graphics context not yet initialized. Skipping visualisations.
Graphics context not yet initialized. Skipping visualisations.
Graphics context not yet initialized. Skipping visualisations.
Graphics context not yet initialized. Skipping visualisations.
Graphics context not yet initialized. Skipping visualisations.
Graphics context not yet initialized. Skipping visualisations.
Graphics context not yet initialized. Skipping visualisations.
Graphics context not yet initialized. Skipping visualisations.
Graphics context not yet initialized. Skipping visualisations.
Graphics context not yet initialized. Skipping visualisations.
Graphics context not yet initialized. Skipping visualisations.
Graphics context not yet initialized. Skipping visualisations.
Graphics context not yet initialized. Skipping visualisations.
Graphics context not yet initialized. Skipping visualisations.
Graphics context not yet initialized. Skipping visualisations.
Graphics context not yet initialized. Skipping visualisations.
Graphics context not yet initialized. Skipping visualisations.
Graphics context not yet initialized. Skipping visualisations.
Graphics context not yet initialized. Skipping visualisations.
Graphics context not yet initialized. Skipping visualisations.
Graphics context not yet initialized. Skipping visualisations.
Graphics context not yet initialized. Skipping visualisations.
Graphics context not yet initialized. Skipping visualisations.
Graphics context not yet initialized. Skipping visualisations.
Graphics context not yet initialized. Skipping visualisations.
Graphics context not yet initialized. Skipping visualisations.
Graphics context not yet initialized. Skipping visualisations.
Graphics context not yet initialized. Skipping visualisations.
Graphics context not yet initialized. Skipping visualisations.
Graphics context not yet initialized. Skipping visualisations.
Graphics context not yet initialized. Skipping visualisations.
Graphics context not yet initialized. Skipping visualisations.
Graphics context not yet initialized. Skipping visualisations.
Graphics context not yet initialized. Skipping visualisations.
Graphics context not yet initialized. Skipping visualisations.
Graphics context not yet initialized. Skipping visualisations.
Graphics context not yet initialized. Skipping visualisations.
Graphics context not yet initialized. Skipping visualisations.
Graphics context not yet initialized. Skipping visualisations.
Graphics context not yet initialized. Skipping visualisations.
Graphics context not yet initialized. Skipping visualisations.
Graphics context not yet initialized. Skipping visualisations.
Graphics context not yet initialized. Skipping visualisations.
Graphics context not yet initialized. Skipping visualisations.
Graphics context not yet initialized. Skipping visualisations.
Graphics context not yet initialized. Skipping visualisations.
Graphics context not yet initialized. Skipping visualisations.
Graphics context not yet initialized. Skipping visualisations.
Graphics context not yet initialized. Skipping visualisations.
Graphics context not yet initialized. Skipping visualisations.
Graphics context not yet initialized. Skipping visualisations.
Graphics context not yet initialized. Skipping visualisations.
Graphics context not yet initialized. Skipping visualisations.
Graphics context not yet initialized. Skipping visualisations.
Graphics context not yet initialized. Skipping visualisations.
Graphics context not yet initialized. Skipping visualisations.
Graphics context not yet initialized. Skipping visualisations.
Graphics context not yet initialized. Skipping visualisations.
Graphics context not yet initialized. Skipping visualisations.
Graphics context not yet initialized. Skipping visualisations.
Graphics context not yet initialized. Skipping visualisations.
Graphics context not yet initialized. Skipping visualisations.
Graphics context not yet initialized. Skipping visualisations.
Graphics context not yet initialized. Skipping visualisations.
Graphics context not yet initialized. Skipping visualisations.
Graphics context not yet initialized. Skipping visualisations.
Graphics context not yet initialized. Skipping visualisations.
Graphics context not yet initialized. Skipping visualisations.
Graphics context not yet initialized. Skipping visualisations.
Graphics context not yet initialized. Skipping visualisations.
Graphics context not yet initialized. Skipping visualisations.
Graphics context not yet initialized. Skipping visualisations.
Graphics context not yet initialized. Skipping visualisations.
Graphics context not yet initialized. Skipping visualisations.
Graphics context not yet initialized. Skipping visualisations.
Graphics context not yet initialized. Skipping visualisations.
Graphics context not yet initialized. Skipping visualisations.
Graphics context not yet initialized. Skipping visualisations.
Graphics context not yet initialized. Skipping visualisations.
Graphics context not yet initialized. Skipping visualisations.
Graphics context not yet initialized. Skipping visualisations.
Graphics context not yet initialized. Skipping visualisations.
Graphics context not yet initialized. Skipping visualisations.
Graphics context not yet initialized. Skipping visualisations.
Graphics context not yet initialized. Skipping visualisations.
Graphics context not yet initialized. Skipping visualisations.
Graphics context not yet initialized. Skipping visualisations.
Graphics context not yet initialized. Skipping visualisations.
Graphics context not yet initialized. Skipping visualisations.
Graphics context not yet initialized. Skipping visualisations.
Graphics context not yet initialized. Skipping visualisations.
Graphics context not yet initialized. Skipping visualisations.
Graphics context not yet initialized. Skipping visualisations.
Graphics context not yet initialized. Skipping visualisations.
Graphics context not yet initialized. Skipping visualisations.
Graphics context not yet initialized. Skipping visualisations.
Graphics context not yet initialized. Skipping visualisations.
Graphics context not yet initialized. Skipping visualisations.
Graphics context not yet initialized. Skipping visualisations.
Graphics context not yet initialized. Skipping visualisations.
Graphics context not yet initialized. Skipping visualisations.
Graphics context not yet initialized. Skipping visualisations.
Graphics context not yet initialized. Skipping visualisations.
Graphics context not yet initialized. Skipping visualisations.
Graphics context not yet initialized. Skipping visualisations.
Graphics context not yet initialized. Skipping visualisations.
Graphics context not yet initialized. Skipping visualisations.
Graphics context not yet initialized. Skipping visualisations.
Graphics context not yet initialized. Skipping visualisations.
Graphics context not yet initialized. Skipping visualisations.
Graphics context not yet initialized. Skipping visualisations.
Graphics context not yet initialized. Skipping visualisations.
Graphics context not yet initialized. Skipping visualisations.
Graphics context not yet initialized. Skipping visualisations.
Graphics context not yet initialized. Skipping visualisations.
Graphics context not yet initialized. Skipping visualisations.
Graphics context not yet initialized. Skipping visualisations.
Graphics context not yet initialized. Skipping visualisations.
Graphics context not yet initialized. Skipping visualisations.
Graphics context not yet initialized. Skipping visualisations.
Graphics context not yet initialized. Skipping visualisations.
Graphics context not yet initialized. Skipping visualisations.
Graphics context not yet initialized. Skipping visualisations.
Graphics context not yet initialized. Skipping visualisations.
Graphics context not yet initialized. Skipping visualisations.
Graphics context not yet initialized. Skipping visualisations.
Graphics context not yet initialized. Skipping visualisations.
Graphics context not yet initialized. Skipping visualisations.
Graphics context not yet initialized. Skipping visualisations.
Graphics context not yet initialized. Skipping visualisations.
Graphics context not yet initialized. Skipping visualisations.
Graphics context not yet initialized. Skipping visualisations.
Graphics context not yet initialized. Skipping visualisations.
Graphics context not yet initialized. Skipping visualisations.
Graphics context not yet initialized. Skipping visualisations.
Graphics context not yet initialized. Skipping visualisations.
Graphics context not yet initialized. Skipping visualisations.
Graphics context not yet initialized. Skipping visualisations.
Graphics context not yet initialized. Skipping visualisations.
Graphics context not yet initialized. Skipping visualisations.
Graphics context not yet initialized. Skipping visualisations.
Graphics context not yet initialized. Skipping visualisations.
Graphics context not yet initialized. Skipping visualisations.
Graphics context not yet initialized. Skipping visualisations.
Graphics context not yet initialized. Skipping visualisations.
Graphics context not yet initialized. Skipping visualisations.
Graphics context not yet initialized. Skipping visualisations.
Graphics context not yet initialized. Skipping visualisations.
Graphics context not yet initialized. Skipping visualisations.
Graphics context not yet initialized. Skipping visualisations.
Graphics context not yet initialized. Skipping visualisations.
Graphics context not yet initialized. Skipping visualisations.
Graphics context not yet initialized. Skipping visualisations.
Graphics context not yet initialized. Skipping visualisations.
Graphics context not yet initialized. Skipping visualisations.
Graphics context not yet initialized. Skipping visualisations.
Graphics context not yet initialized. Skipping visualisations.
Graphics context not yet initialized. Skipping visualisations.
Graphics context not yet initialized. Skipping visualisations.
Graphics context not yet initialized. Skipping visualisations.
Graphics context not yet initialized. Skipping visualisations.
Graphics context not yet initialized. Skipping visualisations.
Graphics context not yet initialized. Skipping visualisations.
Graphics context not yet initialized. Skipping visualisations.
Graphics context not yet initialized. Skipping visualisations.
Graphics context not yet initialized. Skipping visualisations.
Graphics context not yet initialized. Skipping visualisations.
Graphics context not yet initialized. Skipping visualisations.
Graphics context not yet initialized. Skipping visualisations.
Graphics context not yet initialized. Skipping visualisations.
Graphics context not yet initialized. Skipping visualisations.
Graphics context not yet initialized. Skipping visualisations.
Graphics context not yet initialized. Skipping visualisations.
Graphics context not yet initialized. Skipping visualisations.
Graphics context not yet initialized. Skipping visualisations.
Graphics context not yet initialized. Skipping visualisations.
Graphics context not yet initialized. Skipping visualisations.
Graphics context not yet initialized. Skipping visualisations.
Graphics context not yet initialized. Skipping visualisations.
Graphics context not yet initialized. Skipping visualisations.
Graphics context not yet initialized. Skipping visualisations.
Graphics context not yet initialized. Skipping visualisations.
Graphics context not yet initialized. Skipping visualisations.
Graphics context not yet initialized. Skipping visualisations.
Graphics context not yet initialized. Skipping visualisations.
Graphics context not yet initialized. Skipping visualisations.
Graphics context not yet initialized. Skipping visualisations.
Graphics context not yet initialized. Skipping visualisations.
Graphics context not yet initialized. Skipping visualisations.
Graphics context not yet initialized. Skipping visualisations.
Graphics context not yet initialized. Skipping visualisations.
Graphics context not yet initialized. Skipping visualisations.
Graphics context not yet initialized. Skipping visualisations.
Graphics context not yet initialized. Skipping visualisations.
Graphics context not yet initialized. Skipping visualisations.
Graphics context not yet initialized. Skipping visualisations.
Graphics context not yet initialized. Skipping visualisations.
Graphics context not yet initialized. Skipping visualisations.
Graphics context not yet initialized. Skipping visualisations.
Graphics context not yet initialized. Skipping visualisations.
Graphics context not yet initialized. Skipping visualisations.
Graphics context not yet initialized. Skipping visualisations.
Graphics context not yet initialized. Skipping visualisations.
Graphics context not yet initialized. Skipping visualisations.
Graphics context not yet initialized. Skipping visualisations.
Graphics context not yet initialized. Skipping visualisations.
Graphics context not yet initialized. Skipping visualisations.
Graphics context not yet initialized. Skipping visualisations.
Graphics context not yet initialized. Skipping visualisations.
Graphics context not yet initialized. Skipping visualisations.
Graphics context not yet initialized. Skipping visualisations.
Graphics context not yet initialized. Skipping visualisations.
Graphics context not yet initialized. Skipping visualisations.
Graphics context not yet initialized. Skipping visualisations.
Graphics context not yet initialized. Skipping visualisations.
Graphics context not yet initialized. Skipping visualisations.
Graphics context not yet initialized. Skipping visualisations.
Graphics context not yet initialized. Skipping visualisations.
Graphics context not yet initialized. Skipping visualisations.
Graphics context not yet initialized. Skipping visualisations.
Graphics context not yet initialized. Skipping visualisations.
Graphics context not yet initialized. Skipping visualisations.
Graphics context not yet initialized. Skipping visualisations.
Graphics context not yet initialized. Skipping visualisations.
Graphics context not yet initialized. Skipping visualisations.
Graphics context not yet initialized. Skipping visualisations.
Graphics context not yet initialized. Skipping visualisations.
Graphics context not yet initialized. Skipping visualisations.
Graphics context not yet initialized. Skipping visualisations.
Graphics context not yet initialized. Skipping visualisations.
Graphics context not yet initialized. Skipping visualisations.
Graphics context not yet initialized. Skipping visualisations.
Graphics context not yet initialized. Skipping visualisations.
Graphics context not yet initialized. Skipping visualisations.
Graphics context not yet initialized. Skipping visualisations.
Graphics context not yet initialized. Skipping visualisations.
Graphics context not yet initialized. Skipping visualisations.
Graphics context not yet initialized. Skipping visualisations.
Graphics context not yet initialized. Skipping visualisations.
Graphics context not yet initialized. Skipping visualisations.
Graphics context not yet initialized. Skipping visualisations.
Graphics context not yet initialized. Skipping visualisations.
Graphics context not yet initialized. Skipping visualisations.
Graphics context not yet initialized. Skipping visualisations.
Graphics context not yet initialized. Skipping visualisations.
Graphics context not yet initialized. Skipping visualisations.
Graphics context not yet initialized. Skipping visualisations.
Graphics context not yet initialized. Skipping visualisations.
Graphics context not yet initialized. Skipping visualisations.
Graphics context not yet initialized. Skipping visualisations.
Graphics context not yet initialized. Skipping visualisations.
Graphics context not yet initialized. Skipping visualisations.
Graphics context not yet initialized. Skipping visualisations.
Graphics context not yet initialized. Skipping visualisations.
Graphics context not yet initialized. Skipping visualisations.
Graphics context not yet initialized. Skipping visualisations.
Graphics context not yet initialized. Skipping visualisations.
Graphics context not yet initialized. Skipping visualisations.
Graphics context not yet initialized. Skipping visualisations.
Graphics context not yet initialized. Skipping visualisations.
Graphics context not yet initialized. Skipping visualisations.
Graphics context not yet initialized. Skipping visualisations.
Graphics context not yet initialized. Skipping visualisations.
Graphics context not yet initialized. Skipping visualisations.
Graphics context not yet initialized. Skipping visualisations.
Graphics context not yet initialized. Skipping visualisations.
Graphics context not yet initialized. Skipping visualisations.
Graphics context not yet initialized. Skipping visualisations.
Graphics context not yet initialized. Skipping visualisations.
Graphics context not yet initialized. Skipping visualisations.
Graphics context not yet initialized. Skipping visualisations.
Graphics context not yet initialized. Skipping visualisations.
Graphics context not yet initialized. Skipping visualisations.
Graphics context not yet initialized. Skipping visualisations.
Graphics context not yet initialized. Skipping visualisations.
Graphics context not yet initialized. Skipping visualisations.
Graphics context not yet initialized. Skipping visualisations.
Graphics context not yet initialized. Skipping visualisations.
Graphics context not yet initialized. Skipping visualisations.
Graphics context not yet initialized. Skipping visualisations.
Graphics context not yet initialized. Skipping visualisations.
Graphics context not yet initialized. Skipping visualisations.
Graphics context not yet initialized. Skipping visualisations.
Graphics context not yet initialized. Skipping visualisations.
Graphics context not yet initialized. Skipping visualisations.
Graphics context not yet initialized. Skipping visualisations.
Graphics context not yet initialized. Skipping visualisations.
Graphics context not yet initialized. Skipping visualisations.
Graphics context not yet initialized. Skipping visualisations.
Graphics context not yet initialized. Skipping visualisations.
Graphics context not yet initialized. Skipping visualisations.
Graphics context not yet initialized. Skipping visualisations.
Graphics context not yet initialized. Skipping visualisations.
Graphics context not yet initialized. Skipping visualisations.
Graphics context not yet initialized. Skipping visualisations.
Graphics context not yet initialized. Skipping visualisations.
Graphics context not yet initialized. Skipping visualisations.
Graphics context not yet initialized. Skipping visualisations.
Graphics context not yet initialized. Skipping visualisations.
Graphics context not yet initialized. Skipping visualisations.
Graphics context not yet initialized. Skipping visualisations.
Graphics context not yet initialized. Skipping visualisations.
Graphics context not yet initialized. Skipping visualisations.
Graphics context not yet initialized. Skipping visualisations.
Graphics context not yet initialized. Skipping visualisations.
Graphics context not yet initialized. Skipping visualisations.
Graphics context not yet initialized. Skipping visualisations.
Graphics context not yet initialized. Skipping visualisations.
Graphics context not yet initialized. Skipping visualisations.
Graphics context not yet initialized. Skipping visualisations.
Graphics context not yet initialized. Skipping visualisations.
Graphics context not yet initialized. Skipping visualisations.
Graphics context not yet initialized. Skipping visualisations.
Graphics context not yet initialized. Skipping visualisations.
Graphics context not yet initialized. Skipping visualisations.
Graphics context not yet initialized. Skipping visualisations.
Graphics context not yet initialized. Skipping visualisations.
Graphics context not yet initialized. Skipping visualisations.
Graphics context not yet initialized. Skipping visualisations.
Graphics context not yet initialized. Skipping visualisations.
Graphics context not yet initialized. Skipping visualisations.
Graphics context not yet initialized. Skipping visualisations.
Graphics context not yet initialized. Skipping visualisations.
Graphics context not yet initialized. Skipping visualisations.
Graphics context not yet initialized. Skipping visualisations.
Graphics context not yet initialized. Skipping visualisations.
Graphics context not yet initialized. Skipping visualisations.
Graphics context not yet initialized. Skipping visualisations.
Graphics context not yet initialized. Skipping visualisations.
Graphics context not yet initialized. Skipping visualisations.
Graphics context not yet initialized. Skipping visualisations.
Graphics context not yet initialized. Skipping visualisations.
Graphics context not yet initialized. Skipping visualisations.
Graphics context not yet initialized. Skipping visualisations.
Graphics context not yet initialized. Skipping visualisations.
Graphics context not yet initialized. Skipping visualisations.
Graphics context not yet initialized. Skipping visualisations.
Graphics context not yet initialized. Skipping visualisations.
Graphics context not yet initialized. Skipping visualisations.
Graphics context not yet initialized. Skipping visualisations.
Graphics context not yet initialized. Skipping visualisations.
Graphics context not yet initialized. Skipping visualisations.
Graphics context not yet initialized. Skipping visualisations.
Graphics context not yet initialized. Skipping visualisations.
Graphics context not yet initialized. Skipping visualisations.
Graphics context not yet initialized. Skipping visualisations.
Graphics context not yet initialized. Skipping visualisations.
Graphics context not yet initialized. Skipping visualisations.
Graphics context not yet initialized. Skipping visualisations.
Graphics context not yet initialized. Skipping visualisations.
Graphics context not yet initialized. Skipping visualisations.
Graphics context not yet initialized. Skipping visualisations.
Graphics context not yet initialized. Skipping visualisations.
Graphics context not yet initialized. Skipping visualisations.
Graphics context not yet initialized. Skipping visualisations.
Graphics context not yet initialized. Skipping visualisations.
Graphics context not yet initialized. Skipping visualisations.
Graphics context not yet initialized. Skipping visualisations.
Graphics context not yet initialized. Skipping visualisations.
Graphics context not yet initialized. Skipping visualisations.
Graphics context not yet initialized. Skipping visualisations.
Graphics context not yet initialized. Skipping visualisations.
Graphics context not yet initialized. Skipping visualisations.
Graphics context not yet initialized. Skipping visualisations.
Graphics context not yet initialized. Skipping visualisations.
Graphics context not yet initialized. Skipping visualisations.
Graphics context not yet initialized. Skipping visualisations.
Graphics context not yet initialized. Skipping visualisations.
Graphics context not yet initialized. Skipping visualisations.
Graphics context not yet initialized. Skipping visualisations.
Graphics context not yet initialized. Skipping visualisations.
Graphics context not yet initialized. Skipping visualisations.
Graphics context not yet initialized. Skipping visualisations.
Graphics context not yet initialized. Skipping visualisations.
Graphics context not yet initialized. Skipping visualisations.
Graphics context not yet initialized. Skipping visualisations.
Graphics context not yet initialized. Skipping visualisations.
Graphics context not yet initialized. Skipping visualisations.
Graphics context not yet initialized. Skipping visualisations.
Graphics context not yet initialized. Skipping visualisations.
Graphics context not yet initialized. Skipping visualisations.
Graphics context not yet initialized. Skipping visualisations.
Graphics context not yet initialized. Skipping visualisations.
Graphics context not yet initialized. Skipping visualisations.
Graphics context not yet initialized. Skipping visualisations.
Graphics context not yet initialized. Skipping visualisations.
Graphics context not yet initialized. Skipping visualisations.
Graphics context not yet initialized. Skipping visualisations.
Graphics context not yet initialized. Skipping visualisations.
Graphics context not yet initialized. Skipping visualisations.
Graphics context not yet initialized. Skipping visualisations.
Graphics context not yet initialized. Skipping visualisations.
Graphics context not yet initialized. Skipping visualisations.
Graphics context not yet initialized. Skipping visualisations.
Graphics context not yet initialized. Skipping visualisations.
Graphics context not yet initialized. Skipping visualisations.
Graphics context not yet initialized. Skipping visualisations.
Graphics context not yet initialized. Skipping visualisations.
Graphics context not yet initialized. Skipping visualisations.
Graphics context not yet initialized. Skipping visualisations.
Graphics context not yet initialized. Skipping visualisations.
Graphics context not yet initialized. Skipping visualisations.
Graphics context not yet initialized. Skipping visualisations.
Graphics context not yet initialized. Skipping visualisations.
Graphics context not yet initialized. Skipping visualisations.
Graphics context not yet initialized. Skipping visualisations.
Graphics context not yet initialized. Skipping visualisations.
Graphics context not yet initialized. Skipping visualisations.
Graphics context not yet initialized. Skipping visualisations.
Graphics context not yet initialized. Skipping visualisations.
Graphics context not yet initialized. Skipping visualisations.
Graphics context not yet initialized. Skipping visualisations.
Graphics context not yet initialized. Skipping visualisations.
Graphics context not yet initialized. Skipping visualisations.
Graphics context not yet initialized. Skipping visualisations.
Graphics context not yet initialized. Skipping visualisations.
Graphics context not yet initialized. Skipping visualisations.
Graphics context not yet initialized. Skipping visualisations.
Graphics context not yet initialized. Skipping visualisations.
Graphics context not yet initialized. Skipping visualisations.
Graphics context not yet initialized. Skipping visualisations.
Graphics context not yet initialized. Skipping visualisations.
Graphics context not yet initialized. Skipping visualisations.
Graphics context not yet initialized. Skipping visualisations.
Graphics context not yet initialized. Skipping visualisations.
Graphics context not yet initialized. Skipping visualisations.
Graphics context not yet initialized. Skipping visualisations.
Graphics context not yet initialized. Skipping visualisations.
Graphics context not yet initialized. Skipping visualisations.
Graphics context not yet initialized. Skipping visualisations.
Graphics context not yet initialized. Skipping visualisations.
Graphics context not yet initialized. Skipping visualisations.
Graphics context not yet initialized. Skipping visualisations.
Graphics context not yet initialized. Skipping visualisations.
Graphics context not yet initialized. Skipping visualisations.
Graphics context not yet initialized. Skipping visualisations.
Graphics context not yet initialized. Skipping visualisations.
Graphics context not yet initialized. Skipping visualisations.
Graphics context not yet initialized. Skipping visualisations.
Graphics context not yet initialized. Skipping visualisations.
Graphics context not yet initialized. Skipping visualisations.
Graphics context not yet initialized. Skipping visualisations.
Graphics context not yet initialized. Skipping visualisations.
Graphics context not yet initialized. Skipping visualisations.
Graphics context not yet initialized. Skipping visualisations.
Graphics context not yet initialized. Skipping visualisations.
Graphics context not yet initialized. Skipping visualisations.
Graphics context not yet initialized. Skipping visualisations.
Graphics context not yet initialized. Skipping visualisations.
Graphics context not yet initialized. Skipping visualisations.
Graphics context not yet initialized. Skipping visualisations.
Graphics context not yet initialized. Skipping visualisations.
Graphics context not yet initialized. Skipping visualisations.
Graphics context not yet initialized. Skipping visualisations.
Graphics context not yet initialized. Skipping visualisations.
Graphics context not yet initialized. Skipping visualisations.
Graphics context not yet initialized. Skipping visualisations.
Graphics context not yet initialized. Skipping visualisations.
Graphics context not yet initialized. Skipping visualisations.
Graphics context not yet initialized. Skipping visualisations.
Graphics context not yet initialized. Skipping visualisations.
Graphics context not yet initialized. Skipping visualisations.
Graphics context not yet initialized. Skipping visualisations.
Graphics context not yet initialized. Skipping visualisations.
Graphics context not yet initialized. Skipping visualisations.
Graphics context not yet initialized. Skipping visualisations.
Graphics context not yet initialized. Skipping visualisations.
Graphics context not yet initialized. Skipping visualisations.
Graphics context not yet initialized. Skipping visualisations.
Graphics context not yet initialized. Skipping visualisations.
Graphics context not yet initialized. Skipping visualisations.
Graphics context not yet initialized. Skipping visualisations.
Graphics context not yet initialized. Skipping visualisations.
Graphics context not yet initialized. Skipping visualisations.
Graphics context not yet initialized. Skipping visualisations.
Graphics context not yet initialized. Skipping visualisations.
Graphics context not yet initialized. Skipping visualisations.
Graphics context not yet initialized. Skipping visualisations.
Graphics context not yet initialized. Skipping visualisations.
Graphics context not yet initialized. Skipping visualisations.
Graphics context not yet initialized. Skipping visualisations.
Graphics context not yet initialized. Skipping visualisations.
Graphics context not yet initialized. Skipping visualisations.
Graphics context not yet initialized. Skipping visualisations.
Graphics context not yet initialized. Skipping visualisations.
Graphics context not yet initialized. Skipping visualisations.
Graphics context not yet initialized. Skipping visualisations.
Graphics context not yet initialized. Skipping visualisations.
Graphics context not yet initialized. Skipping visualisations.
Graphics context not yet initialized. Skipping visualisations.
Graphics context not yet initialized. Skipping visualisations.
Graphics context not yet initialized. Skipping visualisations.
Graphics context not yet initialized. Skipping visualisations.
Graphics context not yet initialized. Skipping visualisations.
Graphics context not yet initialized. Skipping visualisations.
Graphics context not yet initialized. Skipping visualisations.
Graphics context not yet initialized. Skipping visualisations.
Graphics context not yet initialized. Skipping visualisations.
Graphics context not yet initialized. Skipping visualisations.
Graphics context not yet initialized. Skipping visualisations.
Graphics context not yet initialized. Skipping visualisations.
Graphics context not yet initialized. Skipping visualisations.
Graphics context not yet initialized. Skipping visualisations.
Graphics context not yet initialized. Skipping visualisations.
Graphics context not yet initialized. Skipping visualisations.
Graphics context not yet initialized. Skipping visualisations.
Graphics context not yet initialized. Skipping visualisations.
Graphics context not yet initialized. Skipping visualisations.
Graphics context not yet initialized. Skipping visualisations.
Graphics context not yet initialized. Skipping visualisations.
Graphics context not yet initialized. Skipping visualisations.
Graphics context not yet initialized. Skipping visualisations.
Graphics context not yet initialized. Skipping visualisations.
Graphics context not yet initialized. Skipping visualisations.
Graphics context not yet initialized. Skipping visualisations.
Graphics context not yet initialized. Skipping visualisations.
Graphics context not yet initialized. Skipping visualisations.
Graphics context not yet initialized. Skipping visualisations.
Graphics context not yet initialized. Skipping visualisations.
Graphics context not yet initialized. Skipping visualisations.
Graphics context not yet initialized. Skipping visualisations.
Graphics context not yet initialized. Skipping visualisations.
Graphics context not yet initialized. Skipping visualisations.
Graphics context not yet initialized. Skipping visualisations.
Graphics context not yet initialized. Skipping visualisations.
Graphics context not yet initialized. Skipping visualisations.
Graphics context not yet initialized. Skipping visualisations.
Graphics context not yet initialized. Skipping visualisations.
Graphics context not yet initialized. Skipping visualisations.
Graphics context not yet initialized. Skipping visualisations.
Graphics context not yet initialized. Skipping visualisations.
Graphics context not yet initialized. Skipping visualisations.
Graphics context not yet initialized. Skipping visualisations.
Graphics context not yet initialized. Skipping visualisations.
Graphics context not yet initialized. Skipping visualisations.
Graphics context not yet initialized. Skipping visualisations.
Graphics context not yet initialized. Skipping visualisations.
Graphics context not yet initialized. Skipping visualisations.
Graphics context not yet initialized. Skipping visualisations.
Graphics context not yet initialized. Skipping visualisations.
Graphics context not yet initialized. Skipping visualisations.
Graphics context not yet initialized. Skipping visualisations.
Graphics context not yet initialized. Skipping visualisations.
Graphics context not yet initialized. Skipping visualisations.
Graphics context not yet initialized. Skipping visualisations.
Graphics context not yet initialized. Skipping visualisations.
Graphics context not yet initialized. Skipping visualisations.
Graphics context not yet initialized. Skipping visualisations.
Graphics context not yet initialized. Skipping visualisations.
Graphics context not yet initialized. Skipping visualisations.
Graphics context not yet initialized. Skipping visualisations.
Graphics context not yet initialized. Skipping visualisations.
Graphics context not yet initialized. Skipping visualisations.
Graphics context not yet initialized. Skipping visualisations.
Graphics context not yet initialized. Skipping visualisations.
Graphics context not yet initialized. Skipping visualisations.
Graphics context not yet initialized. Skipping visualisations.
Graphics context not yet initialized. Skipping visualisations.
Graphics context not yet initialized. Skipping visualisations.
Graphics context not yet initialized. Skipping visualisations.
Graphics context not yet initialized. Skipping visualisations.
Graphics context not yet initialized. Skipping visualisations.
Graphics context not yet initialized. Skipping visualisations.
Graphics context not yet initialized. Skipping visualisations.
Graphics context not yet initialized. Skipping visualisations.
Graphics context not yet initialized. Skipping visualisations.
Graphics context not yet initialized. Skipping visualisations.
Graphics context not yet initialized. Skipping visualisations.
Graphics context not yet initialized. Skipping visualisations.
Graphics context not yet initialized. Skipping visualisations.
Graphics context not yet initialized. Skipping visualisations.
Graphics context not yet initialized. Skipping visualisations.
Graphics context not yet initialized. Skipping visualisations.
Graphics context not yet initialized. Skipping visualisations.
Graphics context not yet initialized. Skipping visualisations.
Graphics context not yet initialized. Skipping visualisations.
Graphics context not yet initialized. Skipping visualisations.
Graphics context not yet initialized. Skipping visualisations.
Graphics context not yet initialized. Skipping visualisations.
Graphics context not yet initialized. Skipping visualisations.
Graphics context not yet initialized. Skipping visualisations.
Graphics context not yet initialized. Skipping visualisations.
Graphics context not yet initialized. Skipping visualisations.
Graphics context not yet initialized. Skipping visualisations.
Graphics context not yet initialized. Skipping visualisations.
Graphics context not yet initialized. Skipping visualisations.
Graphics context not yet initialized. Skipping visualisations.
Graphics context not yet initialized. Skipping visualisations.
Graphics context not yet initialized. Skipping visualisations.
Graphics context not yet initialized. Skipping visualisations.
Graphics context not yet initialized. Skipping visualisations.
Graphics context not yet initialized. Skipping visualisations.
Graphics context not yet initialized. Skipping visualisations.
Graphics context not yet initialized. Skipping visualisations.
Graphics context not yet initialized. Skipping visualisations.
Graphics context not yet initialized. Skipping visualisations.
Graphics context not yet initialized. Skipping visualisations.
Graphics context not yet initialized. Skipping visualisations.
Graphics context not yet initialized. Skipping visualisations.
Graphics context not yet initialized. Skipping visualisations.
Graphics context not yet initialized. Skipping visualisations.
Graphics context not yet initialized. Skipping visualisations.
Graphics context not yet initialized. Skipping visualisations.
Graphics context not yet initialized. Skipping visualisations.
Graphics context not yet initialized. Skipping visualisations.
Graphics context not yet initialized. Skipping visualisations.
Graphics context not yet initialized. Skipping visualisations.
Graphics context not yet initialized. Skipping visualisations.
Graphics context not yet initialized. Skipping visualisations.
Graphics context not yet initialized. Skipping visualisations.
Graphics context not yet initialized. Skipping visualisations.
Graphics context not yet initialized. Skipping visualisations.
Graphics context not yet initialized. Skipping visualisations.
Graphics context not yet initialized. Skipping visualisations.
Graphics context not yet initialized. Skipping visualisations.
Graphics context not yet initialized. Skipping visualisations.
Graphics context not yet initialized. Skipping visualisations.
Graphics context not yet initialized. Skipping visualisations.
Graphics context not yet initialized. Skipping visualisations.
Graphics context not yet initialized. Skipping visualisations.
Graphics context not yet initialized. Skipping visualisations.
Graphics context not yet initialized. Skipping visualisations.
Graphics context not yet initialized. Skipping visualisations.
Graphics context not yet initialized. Skipping visualisations.
Graphics context not yet initialized. Skipping visualisations.
Graphics context not yet initialized. Skipping visualisations.
Graphics context not yet initialized. Skipping visualisations.
Graphics context not yet initialized. Skipping visualisations.
Graphics context not yet initialized. Skipping visualisations.
Graphics context not yet initialized. Skipping visualisations.
Graphics context not yet initialized. Skipping visualisations.
Graphics context not yet initialized. Skipping visualisations.
Graphics context not yet initialized. Skipping visualisations.
Graphics context not yet initialized. Skipping visualisations.
Graphics context not yet initialized. Skipping visualisations.
Graphics context not yet initialized. Skipping visualisations.
Graphics context not yet initialized. Skipping visualisations.
Graphics context not yet initialized. Skipping visualisations.
Graphics context not yet initialized. Skipping visualisations.
Graphics context not yet initialized. Skipping visualisations.
Graphics context not yet initialized. Skipping visualisations.
Graphics context not yet initialized. Skipping visualisations.
Graphics context not yet initialized. Skipping visualisations.
Graphics context not yet initialized. Skipping visualisations.
Graphics context not yet initialized. Skipping visualisations.
Graphics context not yet initialized. Skipping visualisations.
Graphics context not yet initialized. Skipping visualisations.
Graphics context not yet initialized. Skipping visualisations.
Graphics context not yet initialized. Skipping visualisations.
Graphics context not yet initialized. Skipping visualisations.
Graphics context not yet initialized. Skipping visualisations.
Graphics context not yet initialized. Skipping visualisations.
Graphics context not yet initialized. Skipping visualisations.
Graphics context not yet initialized. Skipping visualisations.
Graphics context not yet initialized. Skipping visualisations.
Graphics context not yet initialized. Skipping visualisations.
Graphics context not yet initialized. Skipping visualisations.
Graphics context not yet initialized. Skipping visualisations.
Graphics context not yet initialized. Skipping visualisations.
Graphics context not yet initialized. Skipping visualisations.
Graphics context not yet initialized. Skipping visualisations.
Graphics context not yet initialized. Skipping visualisations.
Graphics context not yet initialized. Skipping visualisations.
Graphics context not yet initialized. Skipping visualisations.
Graphics context not yet initialized. Skipping visualisations.
Graphics context not yet initialized. Skipping visualisations.
Graphics context not yet initialized. Skipping visualisations.
Graphics context not yet initialized. Skipping visualisations.
Graphics context not yet initialized. Skipping visualisations.
Graphics context not yet initialized. Skipping visualisations.
Graphics context not yet initialized. Skipping visualisations.
Graphics context not yet initialized. Skipping visualisations.
Graphics context not yet initialized. Skipping visualisations.
Graphics context not yet initialized. Skipping visualisations.
Graphics context not yet initialized. Skipping visualisations.
Graphics context not yet initialized. Skipping visualisations.
Graphics context not yet initialized. Skipping visualisations.
Graphics context not yet initialized. Skipping visualisations.
Graphics context not yet initialized. Skipping visualisations.
Graphics context not yet initialized. Skipping visualisations.
Graphics context not yet initialized. Skipping visualisations.
Graphics context not yet initialized. Skipping visualisations.
Graphics context not yet initialized. Skipping visualisations.
Graphics context not yet initialized. Skipping visualisations.
Graphics context not yet initialized. Skipping visualisations.
Graphics context not yet initialized. Skipping visualisations.
Graphics context not yet initialized. Skipping visualisations.
Graphics context not yet initialized. Skipping visualisations.
Graphics context not yet initialized. Skipping visualisations.
Graphics context not yet initialized. Skipping visualisations.
Graphics context not yet initialized. Skipping visualisations.
Graphics context not yet initialized. Skipping visualisations.
Graphics context not yet initialized. Skipping visualisations.
Graphics context not yet initialized. Skipping visualisations.
Graphics context not yet initialized. Skipping visualisations.
Graphics context not yet initialized. Skipping visualisations.
Graphics context not yet initialized. Skipping visualisations.
Graphics context not yet initialized. Skipping visualisations.
Graphics context not yet initialized. Skipping visualisations.
Graphics context not yet initialized. Skipping visualisations.
Graphics context not yet initialized. Skipping visualisations.
Graphics context not yet initialized. Skipping visualisations.
Graphics context not yet initialized. Skipping visualisations.
Graphics context not yet initialized. Skipping visualisations.
Graphics context not yet initialized. Skipping visualisations.
Graphics context not yet initialized. Skipping visualisations.
Graphics context not yet initialized. Skipping visualisations.
Graphics context not yet initialized. Skipping visualisations.
Graphics context not yet initialized. Skipping visualisations.
Graphics context not yet initialized. Skipping visualisations.
Graphics context not yet initialized. Skipping visualisations.
Graphics context not yet initialized. Skipping visualisations.
Graphics context not yet initialized. Skipping visualisations.
Graphics context not yet initialized. Skipping visualisations.
Graphics context not yet initialized. Skipping visualisations.
Graphics context not yet initialized. Skipping visualisations.
Graphics context not yet initialized. Skipping visualisations.
Graphics context not yet initialized. Skipping visualisations.
Graphics context not yet initialized. Skipping visualisations.
Graphics context not yet initialized. Skipping visualisations.
Graphics context not yet initialized. Skipping visualisations.
Graphics context not yet initialized. Skipping visualisations.
Graphics context not yet initialized. Skipping visualisations.
Graphics context not yet initialized. Skipping visualisations.
Graphics context not yet initialized. Skipping visualisations.
Graphics context not yet initialized. Skipping visualisations.
Graphics context not yet initialized. Skipping visualisations.
Graphics context not yet initialized. Skipping visualisations.
Graphics context not yet initialized. Skipping visualisations.
Graphics context not yet initialized. Skipping visualisations.
Graphics context not yet initialized. Skipping visualisations.
Graphics context not yet initialized. Skipping visualisations.
Graphics context not yet initialized. Skipping visualisations.
Graphics context not yet initialized. Skipping visualisations.
Graphics context not yet initialized. Skipping visualisations.
Graphics context not yet initialized. Skipping visualisations.
Graphics context not yet initialized. Skipping visualisations.
Graphics context not yet initialized. Skipping visualisations.
Graphics context not yet initialized. Skipping visualisations.
Graphics context not yet initialized. Skipping visualisations.
Graphics context not yet initialized. Skipping visualisations.
Graphics context not yet initialized. Skipping visualisations.
Graphics context not yet initialized. Skipping visualisations.
Graphics context not yet initialized. Skipping visualisations.
Graphics context not yet initialized. Skipping visualisations.
Graphics context not yet initialized. Skipping visualisations.
Graphics context not yet initialized. Skipping visualisations.
Graphics context not yet initialized. Skipping visualisations.
Graphics context not yet initialized. Skipping visualisations.
Graphics context not yet initialized. Skipping visualisations.
Graphics context not yet initialized. Skipping visualisations.
Graphics context not yet initialized. Skipping visualisations.
Graphics context not yet initialized. Skipping visualisations.
Graphics context not yet initialized. Skipping visualisations.
Graphics context not yet initialized. Skipping visualisations.
Graphics context not yet initialized. Skipping visualisations.
Graphics context not yet initialized. Skipping visualisations.
Graphics context not yet initialized. Skipping visualisations.
Graphics context not yet initialized. Skipping visualisations.
Graphics context not yet initialized. Skipping visualisations.
Graphics context not yet initialized. Skipping visualisations.
Graphics context not yet initialized. Skipping visualisations.
Graphics context not yet initialized. Skipping visualisations.
Graphics context not yet initialized. Skipping visualisations.
Graphics context not yet initialized. Skipping visualisations.
Graphics context not yet initialized. Skipping visualisations.
Graphics context not yet initialized. Skipping visualisations.
Graphics context not yet initialized. Skipping visualisations.
Graphics context not yet initialized. Skipping visualisations.
Graphics context not yet initialized. Skipping visualisations.
Graphics context not yet initialized. Skipping visualisations.
Graphics context not yet initialized. Skipping visualisations.
Graphics context not yet initialized. Skipping visualisations.
Graphics context not yet initialized. Skipping visualisations.
Graphics context not yet initialized. Skipping visualisations.
Graphics context not yet initialized. Skipping visualisations.
Graphics context not yet initialized. Skipping visualisations.
Graphics context not yet initialized. Skipping visualisations.
Graphics context not yet initialized. Skipping visualisations.
Graphics context not yet initialized. Skipping visualisations.
Graphics context not yet initialized. Skipping visualisations.
Graphics context not yet initialized. Skipping visualisations.
Graphics context not yet initialized. Skipping visualisations.
Graphics context not yet initialized. Skipping visualisations.
Graphics context not yet initialized. Skipping visualisations.
Graphics context not yet initialized. Skipping visualisations.
Graphics context not yet initialized. Skipping visualisations.
Graphics context not yet initialized. Skipping visualisations.
Graphics context not yet initialized. Skipping visualisations.
Graphics context not yet initialized. Skipping visualisations.
Graphics context not yet initialized. Skipping visualisations.
Graphics context not yet initialized. Skipping visualisations.
Graphics context not yet initialized. Skipping visualisations.
Graphics context not yet initialized. Skipping visualisations.
Graphics context not yet initialized. Skipping visualisations.
Graphics context not yet initialized. Skipping visualisations.
Graphics context not yet initialized. Skipping visualisations.
Graphics context not yet initialized. Skipping visualisations.
Graphics context not yet initialized. Skipping visualisations.
Graphics context not yet initialized. Skipping visualisations.
Graphics context not yet initialized. Skipping visualisations.
Graphics context not yet initialized. Skipping visualisations.
Graphics context not yet initialized. Skipping visualisations.
Graphics context not yet initialized. Skipping visualisations.
Graphics context not yet initialized. Skipping visualisations.
Graphics context not yet initialized. Skipping visualisations.
Graphics context not yet initialized. Skipping visualisations.
Graphics context not yet initialized. Skipping visualisations.
Graphics context not yet initialized. Skipping visualisations.
Graphics context not yet initialized. Skipping visualisations.
Graphics context not yet initialized. Skipping visualisations.
Graphics context not yet initialized. Skipping visualisations.
Graphics context not yet initialized. Skipping visualisations.
Graphics context not yet initialized. Skipping visualisations.
Graphics context not yet initialized. Skipping visualisations.
Graphics context not yet initialized. Skipping visualisations.
Graphics context not yet initialized. Skipping visualisations.
Graphics context not yet initialized. Skipping visualisations.
Graphics context not yet initialized. Skipping visualisations.
Graphics context not yet initialized. Skipping visualisations.
Graphics context not yet initialized. Skipping visualisations.
Graphics context not yet initialized. Skipping visualisations.
Graphics context not yet initialized. Skipping visualisations.
Graphics context not yet initialized. Skipping visualisations.
Graphics context not yet initialized. Skipping visualisations.
Graphics context not yet initialized. Skipping visualisations.
Graphics context not yet initialized. Skipping visualisations.
Graphics context not yet initialized. Skipping visualisations.
Graphics context not yet initialized. Skipping visualisations.
Graphics context not yet initialized. Skipping visualisations.
Graphics context not yet initialized. Skipping visualisations.
Graphics context not yet initialized. Skipping visualisations.
Graphics context not yet initialized. Skipping visualisations.
Graphics context not yet initialized. Skipping visualisations.
Graphics context not yet initialized. Skipping visualisations.
Graphics context not yet initialized. Skipping visualisations.
Graphics context not yet initialized. Skipping visualisations.
Graphics context not yet initialized. Skipping visualisations.
Graphics context not yet initialized. Skipping visualisations.
Graphics context not yet initialized. Skipping visualisations.
Graphics context not yet initialized. Skipping visualisations.
Graphics context not yet initialized. Skipping visualisations.
Graphics context not yet initialized. Skipping visualisations.
Graphics context not yet initialized. Skipping visualisations.
Graphics context not yet initialized. Skipping visualisations.
Graphics context not yet initialized. Skipping visualisations.
Graphics context not yet initialized. Skipping visualisations.
Graphics context not yet initialized. Skipping visualisations.
Graphics context not yet initialized. Skipping visualisations.
Graphics context not yet initialized. Skipping visualisations.
Graphics context not yet initialized. Skipping visualisations.
Graphics context not yet initialized. Skipping visualisations.
Graphics context not yet initialized. Skipping visualisations.
Graphics context not yet initialized. Skipping visualisations.
Graphics context not yet initialized. Skipping visualisations.
Graphics context not yet initialized. Skipping visualisations.
Graphics context not yet initialized. Skipping visualisations.
Graphics context not yet initialized. Skipping visualisations.
Graphics context not yet initialized. Skipping visualisations.
Graphics context not yet initialized. Skipping visualisations.
Graphics context not yet initialized. Skipping visualisations.
Graphics context not yet initialized. Skipping visualisations.
Graphics context not yet initialized. Skipping visualisations.
Graphics context not yet initialized. Skipping visualisations.
Graphics context not yet initialized. Skipping visualisations.
Graphics context not yet initialized. Skipping visualisations.
Graphics context not yet initialized. Skipping visualisations.
Graphics context not yet initialized. Skipping visualisations.
Graphics context not yet initialized. Skipping visualisations.
Graphics context not yet initialized. Skipping visualisations.
Graphics context not yet initialized. Skipping visualisations.
Graphics context not yet initialized. Skipping visualisations.
Graphics context not yet initialized. Skipping visualisations.
Graphics context not yet initialized. Skipping visualisations.
Graphics context not yet initialized. Skipping visualisations.
Graphics context not yet initialized. Skipping visualisations.
Graphics context not yet initialized. Skipping visualisations.
Graphics context not yet initialized. Skipping visualisations.
Graphics context not yet initialized. Skipping visualisations.
Graphics context not yet initialized. Skipping visualisations.
Graphics context not yet initialized. Skipping visualisations.
Graphics context not yet initialized. Skipping visualisations.
Graphics context not yet initialized. Skipping visualisations.
Graphics context not yet initialized. Skipping visualisations.
Graphics context not yet initialized. Skipping visualisations.
Graphics context not yet initialized. Skipping visualisations.
Graphics context not yet initialized. Skipping visualisations.
Graphics context not yet initialized. Skipping visualisations.
Graphics context not yet initialized. Skipping visualisations.
Graphics context not yet initialized. Skipping visualisations.
Graphics context not yet initialized. Skipping visualisations.
Graphics context not yet initialized. Skipping visualisations.
Graphics context not yet initialized. Skipping visualisations.
Graphics context not yet initialized. Skipping visualisations.
Graphics context not yet initialized. Skipping visualisations.
Graphics context not yet initialized. Skipping visualisations.
Graphics context not yet initialized. Skipping visualisations.
Graphics context not yet initialized. Skipping visualisations.
Graphics context not yet initialized. Skipping visualisations.
Graphics context not yet initialized. Skipping visualisations.
Graphics context not yet initialized. Skipping visualisations.
Graphics context not yet initialized. Skipping visualisations.
Graphics context not yet initialized. Skipping visualisations.
Graphics context not yet initialized. Skipping visualisations.
Graphics context not yet initialized. Skipping visualisations.
Graphics context not yet initialized. Skipping visualisations.
Graphics context not yet initialized. Skipping visualisations.
Graphics context not yet initialized. Skipping visualisations.
Graphics context not yet initialized. Skipping visualisations.
Graphics context not yet initialized. Skipping visualisations.
Graphics context not yet initialized. Skipping visualisations.
Graphics context not yet initialized. Skipping visualisations.
Graphics context not yet initialized. Skipping visualisations.
Graphics context not yet initialized. Skipping visualisations.
Graphics context not yet initialized. Skipping visualisations.
Graphics context not yet initialized. Skipping visualisations.
Graphics context not yet initialized. Skipping visualisations.
Graphics context not yet initialized. Skipping visualisations.
Graphics context not yet initialized. Skipping visualisations.
Graphics context not yet initialized. Skipping visualisations.
Graphics context not yet initialized. Skipping visualisations.
Graphics context not yet initialized. Skipping visualisations.
Graphics context not yet initialized. Skipping visualisations.
Graphics context not yet initialized. Skipping visualisations.
Graphics context not yet initialized. Skipping visualisations.
Graphics context not yet initialized. Skipping visualisations.
Graphics context not yet initialized. Skipping visualisations.
Graphics context not yet initialized. Skipping visualisations.
Graphics context not yet initialized. Skipping visualisations.
Graphics context not yet initialized. Skipping visualisations.
Graphics context not yet initialized. Skipping visualisations.
Graphics context not yet initialized. Skipping visualisations.
Graphics context not yet initialized. Skipping visualisations.
Graphics context not yet initialized. Skipping visualisations.
Graphics context not yet initialized. Skipping visualisations.
Graphics context not yet initialized. Skipping visualisations.
Graphics context not yet initialized. Skipping visualisations.
Graphics context not yet initialized. Skipping visualisations.
Graphics context not yet initialized. Skipping visualisations.
Graphics context not yet initialized. Skipping visualisations.
Graphics context not yet initialized. Skipping visualisations.
Graphics context not yet initialized. Skipping visualisations.
Graphics context not yet initialized. Skipping visualisations.
Graphics context not yet initialized. Skipping visualisations.
Graphics context not yet initialized. Skipping visualisations.
Graphics context not yet initialized. Skipping visualisations.
Graphics context not yet initialized. Skipping visualisations.
Graphics context not yet initialized. Skipping visualisations.
Graphics context not yet initialized. Skipping visualisations.
Graphics context not yet initialized. Skipping visualisations.
Graphics context not yet initialized. Skipping visualisations.
Graphics context not yet initialized. Skipping visualisations.
Graphics context not yet initialized. Skipping visualisations.
Graphics context not yet initialized. Skipping visualisations.
Graphics context not yet initialized. Skipping visualisations.
Graphics context not yet initialized. Skipping visualisations.
Graphics context not yet initialized. Skipping visualisations.
Graphics context not yet initialized. Skipping visualisations.
Graphics context not yet initialized. Skipping visualisations.
Graphics context not yet initialized. Skipping visualisations.
Graphics context not yet initialized. Skipping visualisations.
Graphics context not yet initialized. Skipping visualisations.
Graphics context not yet initialized. Skipping visualisations.
Graphics context not yet initialized. Skipping visualisations.
Graphics context not yet initialized. Skipping visualisations.
Graphics context not yet initialized. Skipping visualisations.
Graphics context not yet initialized. Skipping visualisations.
Graphics context not yet initialized. Skipping visualisations.
Graphics context not yet initialized. Skipping visualisations.
Graphics context not yet initialized. Skipping visualisations.
Graphics context not yet initialized. Skipping visualisations.
Graphics context not yet initialized. Skipping visualisations.
Graphics context not yet initialized. Skipping visualisations.
Graphics context not yet initialized. Skipping visualisations.
Graphics context not yet initialized. Skipping visualisations.
Graphics context not yet initialized. Skipping visualisations.
Graphics context not yet initialized. Skipping visualisations.
Graphics context not yet initialized. Skipping visualisations.
Graphics context not yet initialized. Skipping visualisations.
Graphics context not yet initialized. Skipping visualisations.
Graphics context not yet initialized. Skipping visualisations.
Graphics context not yet initialized. Skipping visualisations.
Graphics context not yet initialized. Skipping visualisations.
Graphics context not yet initialized. Skipping visualisations.
Graphics context not yet initialized. Skipping visualisations.
Graphics context not yet initialized. Skipping visualisations.
Graphics context not yet initialized. Skipping visualisations.
Graphics context not yet initialized. Skipping visualisations.
Graphics context not yet initialized. Skipping visualisations.
Graphics context not yet initialized. Skipping visualisations.
Graphics context not yet initialized. Skipping visualisations.
Graphics context not yet initialized. Skipping visualisations.
Graphics context not yet initialized. Skipping visualisations.
Graphics context not yet initialized. Skipping visualisations.
Graphics context not yet initialized. Skipping visualisations.
Graphics context not yet initialized. Skipping visualisations.
Graphics context not yet initialized. Skipping visualisations.
Graphics context not yet initialized. Skipping visualisations.
Graphics context not yet initialized. Skipping visualisations.
Graphics context not yet initialized. Skipping visualisations.
Graphics context not yet initialized. Skipping visualisations.
Graphics context not yet initialized. Skipping visualisations.
Graphics context not yet initialized. Skipping visualisations.
Graphics context not yet initialized. Skipping visualisations.
Graphics context not yet initialized. Skipping visualisations.
Graphics context not yet initialized. Skipping visualisations.
Graphics context not yet initialized. Skipping visualisations.
Graphics context not yet initialized. Skipping visualisations.
Graphics context not yet initialized. Skipping visualisations.
Graphics context not yet initialized. Skipping visualisations.
Graphics context not yet initialized. Skipping visualisations.
Graphics context not yet initialized. Skipping visualisations.
Graphics context not yet initialized. Skipping visualisations.
Graphics context not yet initialized. Skipping visualisations.
Graphics context not yet initialized. Skipping visualisations.
Graphics context not yet initialized. Skipping visualisations.
Graphics context not yet initialized. Skipping visualisations.
Graphics context not yet initialized. Skipping visualisations.
Graphics context not yet initialized. Skipping visualisations.
Graphics context not yet initialized. Skipping visualisations.
Graphics context not yet initialized. Skipping visualisations.
Graphics context not yet initialized. Skipping visualisations.
Graphics context not yet initialized. Skipping visualisations.
Graphics context not yet initialized. Skipping visualisations.
Graphics context not yet initialized. Skipping visualisations.
Graphics context not yet initialized. Skipping visualisations.
Graphics context not yet initialized. Skipping visualisations.
Graphics context not yet initialized. Skipping visualisations.
Graphics context not yet initialized. Skipping visualisations.
Graphics context not yet initialized. Skipping visualisations.
Graphics context not yet initialized. Skipping visualisations.
Graphics context not yet initialized. Skipping visualisations.
Graphics context not yet initialized. Skipping visualisations.
Graphics context not yet initialized. Skipping visualisations.
Graphics context not yet initialized. Skipping visualisations.
Graphics context not yet initialized. Skipping visualisations.
Graphics context not yet initialized. Skipping visualisations.
Graphics context not yet initialized. Skipping visualisations.
Graphics context not yet initialized. Skipping visualisations.
Graphics context not yet initialized. Skipping visualisations.
Graphics context not yet initialized. Skipping visualisations.
Graphics context not yet initialized. Skipping visualisations.
Graphics context not yet initialized. Skipping visualisations.
Graphics context not yet initialized. Skipping visualisations.
Graphics context not yet initialized. Skipping visualisations.
Graphics context not yet initialized. Skipping visualisations.
Graphics context not yet initialized. Skipping visualisations.
Graphics context not yet initialized. Skipping visualisations.
Graphics context not yet initialized. Skipping visualisations.
Graphics context not yet initialized. Skipping visualisations.
Graphics context not yet initialized. Skipping visualisations.
Graphics context not yet initialized. Skipping visualisations.
Graphics context not yet initialized. Skipping visualisations.
Graphics context not yet initialized. Skipping visualisations.
Graphics context not yet initialized. Skipping visualisations.
Graphics context not yet initialized. Skipping visualisations.
Graphics context not yet initialized. Skipping visualisations.
Graphics context not yet initialized. Skipping visualisations.
Graphics context not yet initialized. Skipping visualisations.
Graphics context not yet initialized. Skipping visualisations.
Graphics context not yet initialized. Skipping visualisations.
Graphics context not yet initialized. Skipping visualisations.
Graphics context not yet initialized. Skipping visualisations.
Graphics context not yet initialized. Skipping visualisations.
Graphics context not yet initialized. Skipping visualisations.
Graphics context not yet initialized. Skipping visualisations.
Graphics context not yet initialized. Skipping visualisations.
Graphics context not yet initialized. Skipping visualisations.
Graphics context not yet initialized. Skipping visualisations.
Graphics context not yet initialized. Skipping visualisations.
Graphics context not yet initialized. Skipping visualisations.
Graphics context not yet initialized. Skipping visualisations.
Graphics context not yet initialized. Skipping visualisations.
Graphics context not yet initialized. Skipping visualisations.
Graphics context not yet initialized. Skipping visualisations.
Graphics context not yet initialized. Skipping visualisations.
Graphics context not yet initialized. Skipping visualisations.
Graphics context not yet initialized. Skipping visualisations.
Graphics context not yet initialized. Skipping visualisations.
Graphics context not yet initialized. Skipping visualisations.
Graphics context not yet initialized. Skipping visualisations.
Graphics context not yet initialized. Skipping visualisations.
Graphics context not yet initialized. Skipping visualisations.
Graphics context not yet initialized. Skipping visualisations.
Graphics context not yet initialized. Skipping visualisations.
Graphics context not yet initialized. Skipping visualisations.
Graphics context not yet initialized. Skipping visualisations.
Graphics context not yet initialized. Skipping visualisations.
Graphics context not yet initialized. Skipping visualisations.
Graphics context not yet initialized. Skipping visualisations.
Graphics context not yet initialized. Skipping visualisations.
Graphics context not yet initialized. Skipping visualisations.
Graphics context not yet initialized. Skipping visualisations.
Graphics context not yet initialized. Skipping visualisations.
Graphics context not yet initialized. Skipping visualisations.
Graphics context not yet initialized. Skipping visualisations.
Graphics context not yet initialized. Skipping visualisations.
Graphics context not yet initialized. Skipping visualisations.
Graphics context not yet initialized. Skipping visualisations.
Graphics context not yet initialized. Skipping visualisations.
Graphics context not yet initialized. Skipping visualisations.
Graphics context not yet initialized. Skipping visualisations.
Graphics context not yet initialized. Skipping visualisations.
Graphics context not yet initialized. Skipping visualisations.
Graphics context not yet initialized. Skipping visualisations.
Graphics context not yet initialized. Skipping visualisations.
Graphics context not yet initialized. Skipping visualisations.
Graphics context not yet initialized. Skipping visualisations.
Graphics context not yet initialized. Skipping visualisations.
Graphics context not yet initialized. Skipping visualisations.
Graphics context not yet initialized. Skipping visualisations.
Graphics context not yet initialized. Skipping visualisations.
Graphics context not yet initialized. Skipping visualisations.
Graphics context not yet initialized. Skipping visualisations.
Graphics context not yet initialized. Skipping visualisations.
Graphics context not yet initialized. Skipping visualisations.
Graphics context not yet initialized. Skipping visualisations.
Graphics context not yet initialized. Skipping visualisations.
Graphics context not yet initialized. Skipping visualisations.
Graphics context not yet initialized. Skipping visualisations.
Graphics context not yet initialized. Skipping visualisations.
Graphics context not yet initialized. Skipping visualisations.
Graphics context not yet initialized. Skipping visualisations.
Graphics context not yet initialized. Skipping visualisations.
Graphics context not yet initialized. Skipping visualisations.
Graphics context not yet initialized. Skipping visualisations.
Graphics context not yet initialized. Skipping visualisations.
Graphics context not yet initialized. Skipping visualisations.
Graphics context not yet initialized. Skipping visualisations.
Graphics context not yet initialized. Skipping visualisations.
Graphics context not yet initialized. Skipping visualisations.
Graphics context not yet initialized. Skipping visualisations.
Graphics context not yet initialized. Skipping visualisations.
Graphics context not yet initialized. Skipping visualisations.
Graphics context not yet initialized. Skipping visualisations.
Graphics context not yet initialized. Skipping visualisations.
Graphics context not yet initialized. Skipping visualisations.
Graphics context not yet initialized. Skipping visualisations.
Graphics context not yet initialized. Skipping visualisations.
Graphics context not yet initialized. Skipping visualisations.
Graphics context not yet initialized. Skipping visualisations.
Graphics context not yet initialized. Skipping visualisations.
Graphics context not yet initialized. Skipping visualisations.
Graphics context not yet initialized. Skipping visualisations.
Graphics context not yet initialized. Skipping visualisations.
Graphics context not yet initialized. Skipping visualisations.
Graphics context not yet initialized. Skipping visualisations.
Graphics context not yet initialized. Skipping visualisations.
Graphics context not yet initialized. Skipping visualisations.
Graphics context not yet initialized. Skipping visualisations.
Graphics context not yet initialized. Skipping visualisations.
Graphics context not yet initialized. Skipping visualisations.
Graphics context not yet initialized. Skipping visualisations.
Graphics context not yet initialized. Skipping visualisations.
Graphics context not yet initialized. Skipping visualisations.
Graphics context not yet initialized. Skipping visualisations.
Graphics context not yet initialized. Skipping visualisations.
Graphics context not yet initialized. Skipping visualisations.
Graphics context not yet initialized. Skipping visualisations.
Graphics context not yet initialized. Skipping visualisations.
Graphics context not yet initialized. Skipping visualisations.
Graphics context not yet initialized. Skipping visualisations.
Graphics context not yet initialized. Skipping visualisations.
Graphics context not yet initialized. Skipping visualisations.
Graphics context not yet initialized. Skipping visualisations.
Graphics context not yet initialized. Skipping visualisations.
Graphics context not yet initialized. Skipping visualisations.
Graphics context not yet initialized. Skipping visualisations.
Graphics context not yet initialized. Skipping visualisations.
Graphics context not yet initialized. Skipping visualisations.
Graphics context not yet initialized. Skipping visualisations.
Graphics context not yet initialized. Skipping visualisations.
Graphics context not yet initialized. Skipping visualisations.
Graphics context not yet initialized. Skipping visualisations.
Graphics context not yet initialized. Skipping visualisations.
Graphics context not yet initialized. Skipping visualisations.
Graphics context not yet initialized. Skipping visualisations.
Graphics context not yet initialized. Skipping visualisations.
Graphics context not yet initialized. Skipping visualisations.
Graphics context not yet initialized. Skipping visualisations.
Graphics context not yet initialized. Skipping visualisations.
Graphics context not yet initialized. Skipping visualisations.
Graphics context not yet initialized. Skipping visualisations.
Graphics context not yet initialized. Skipping visualisations.
Graphics context not yet initialized. Skipping visualisations.
Graphics context not yet initialized. Skipping visualisations.
Graphics context not yet initialized. Skipping visualisations.
Graphics context not yet initialized. Skipping visualisations.
Graphics context not yet initialized. Skipping visualisations.
Graphics context not yet initialized. Skipping visualisations.
Graphics context not yet initialized. Skipping visualisations.
Graphics context not yet initialized. Skipping visualisations.
Graphics context not yet initialized. Skipping visualisations.
Graphics context not yet initialized. Skipping visualisations.
Graphics context not yet initialized. Skipping visualisations.
Graphics context not yet initialized. Skipping visualisations.
Graphics context not yet initialized. Skipping visualisations.
Graphics context not yet initialized. Skipping visualisations.
Graphics context not yet initialized. Skipping visualisations.
Graphics context not yet initialized. Skipping visualisations.
Graphics context not yet initialized. Skipping visualisations.
Graphics context not yet initialized. Skipping visualisations.
Graphics context not yet initialized. Skipping visualisations.
Graphics context not yet initialized. Skipping visualisations.
Graphics context not yet initialized. Skipping visualisations.
Graphics context not yet initialized. Skipping visualisations.
Graphics context not yet initialized. Skipping visualisations.
Graphics context not yet initialized. Skipping visualisations.
Graphics context not yet initialized. Skipping visualisations.
Graphics context not yet initialized. Skipping visualisations.
Graphics context not yet initialized. Skipping visualisations.
Graphics context not yet initialized. Skipping visualisations.
Graphics context not yet initialized. Skipping visualisations.
Graphics context not yet initialized. Skipping visualisations.
Graphics context not yet initialized. Skipping visualisations.
Graphics context not yet initialized. Skipping visualisations.
Graphics context not yet initialized. Skipping visualisations.
Graphics context not yet initialized. Skipping visualisations.
Graphics context not yet initialized. Skipping visualisations.
Graphics context not yet initialized. Skipping visualisations.
Graphics context not yet initialized. Skipping visualisations.
Graphics context not yet initialized. Skipping visualisations.
Graphics context not yet initialized. Skipping visualisations.
Graphics context not yet initialized. Skipping visualisations.
Graphics context not yet initialized. Skipping visualisations.
Graphics context not yet initialized. Skipping visualisations.
Graphics context not yet initialized. Skipping visualisations.
Graphics context not yet initialized. Skipping visualisations.
Graphics context not yet initialized. Skipping visualisations.
Graphics context not yet initialized. Skipping visualisations.
Graphics context not yet initialized. Skipping visualisations.
Graphics context not yet initialized. Skipping visualisations.
Graphics context not yet initialized. Skipping visualisations.
Graphics context not yet initialized. Skipping visualisations.
Graphics context not yet initialized. Skipping visualisations.
Graphics context not yet initialized. Skipping visualisations.
Graphics context not yet initialized. Skipping visualisations.
Graphics context not yet initialized. Skipping visualisations.
Graphics context not yet initialized. Skipping visualisations.
Graphics context not yet initialized. Skipping visualisations.
Graphics context not yet initialized. Skipping visualisations.
Graphics context not yet initialized. Skipping visualisations.
Graphics context not yet initialized. Skipping visualisations.
Graphics context not yet initialized. Skipping visualisations.
Graphics context not yet initialized. Skipping visualisations.
Graphics context not yet initialized. Skipping visualisations.
Graphics context not yet initialized. Skipping visualisations.
Graphics context not yet initialized. Skipping visualisations.
Graphics context not yet initialized. Skipping visualisations.
Graphics context not yet initialized. Skipping visualisations.
Graphics context not yet initialized. Skipping visualisations.
Graphics context not yet initialized. Skipping visualisations.
Graphics context not yet initialized. Skipping visualisations.
Graphics context not yet initialized. Skipping visualisations.
Graphics context not yet initialized. Skipping visualisations.
Graphics context not yet initialized. Skipping visualisations.
Graphics context not yet initialized. Skipping visualisations.
Graphics context not yet initialized. Skipping visualisations.
Graphics context not yet initialized. Skipping visualisations.
Graphics context not yet initialized. Skipping visualisations.
Graphics context not yet initialized. Skipping visualisations.
Graphics context not yet initialized. Skipping visualisations.
Graphics context not yet initialized. Skipping visualisations.
Graphics context not yet initialized. Skipping visualisations.
Graphics context not yet initialized. Skipping visualisations.
Graphics context not yet initialized. Skipping visualisations.
Graphics context not yet initialized. Skipping visualisations.
Graphics context not yet initialized. Skipping visualisations.
Graphics context not yet initialized. Skipping visualisations.
Graphics context not yet initialized. Skipping visualisations.
Graphics context not yet initialized. Skipping visualisations.
Graphics context not yet initialized. Skipping visualisations.
Graphics context not yet initialized. Skipping visualisations.
Graphics context not yet initialized. Skipping visualisations.
Graphics context not yet initialized. Skipping visualisations.
Graphics context not yet initialized. Skipping visualisations.
Graphics context not yet initialized. Skipping visualisations.
Graphics context not yet initialized. Skipping visualisations.
Graphics context not yet initialized. Skipping visualisations.
Graphics context not yet initialized. Skipping visualisations.
Graphics context not yet initialized. Skipping visualisations.
Graphics context not yet initialized. Skipping visualisations.
Graphics context not yet initialized. Skipping visualisations.
Graphics context not yet initialized. Skipping visualisations.
Graphics context not yet initialized. Skipping visualisations.
Graphics context not yet initialized. Skipping visualisations.
Graphics context not yet initialized. Skipping visualisations.
Graphics context not yet initialized. Skipping visualisations.
Graphics context not yet initialized. Skipping visualisations.
Graphics context not yet initialized. Skipping visualisations.
Graphics context not yet initialized. Skipping visualisations.
Graphics context not yet initialized. Skipping visualisations.
Graphics context not yet initialized. Skipping visualisations.
Graphics context not yet initialized. Skipping visualisations.
Graphics context not yet initialized. Skipping visualisations.
Graphics context not yet initialized. Skipping visualisations.
Graphics context not yet initialized. Skipping visualisations.
Graphics context not yet initialized. Skipping visualisations.
Graphics context not yet initialized. Skipping visualisations.
Graphics context not yet initialized. Skipping visualisations.
Graphics context not yet initialized. Skipping visualisations.
Graphics context not yet initialized. Skipping visualisations.
Graphics context not yet initialized. Skipping visualisations.
Graphics context not yet initialized. Skipping visualisations.
Graphics context not yet initialized. Skipping visualisations.
Graphics context not yet initialized. Skipping visualisations.
Graphics context not yet initialized. Skipping visualisations.
Graphics context not yet initialized. Skipping visualisations.
Graphics context not yet initialized. Skipping visualisations.
Graphics context not yet initialized. Skipping visualisations.
Graphics context not yet initialized. Skipping visualisations.
Graphics context not yet initialized. Skipping visualisations.
Graphics context not yet initialized. Skipping visualisations.
Graphics context not yet initialized. Skipping visualisations.
Graphics context not yet initialized. Skipping visualisations.
Graphics context not yet initialized. Skipping visualisations.
Graphics context not yet initialized. Skipping visualisations.
Graphics context not yet initialized. Skipping visualisations.
Graphics context not yet initialized. Skipping visualisations.
Graphics context not yet initialized. Skipping visualisations.
Graphics context not yet initialized. Skipping visualisations.
Graphics context not yet initialized. Skipping visualisations.
Graphics context not yet initialized. Skipping visualisations.
Graphics context not yet initialized. Skipping visualisations.
Graphics context not yet initialized. Skipping visualisations.
Graphics context not yet initialized. Skipping visualisations.
Graphics context not yet initialized. Skipping visualisations.
Graphics context not yet initialized. Skipping visualisations.
Graphics context not yet initialized. Skipping visualisations.
Graphics context not yet initialized. Skipping visualisations.
Graphics context not yet initialized. Skipping visualisations.
Graphics context not yet initialized. Skipping visualisations.
Graphics context not yet initialized. Skipping visualisations.
Graphics context not yet initialized. Skipping visualisations.
Graphics context not yet initialized. Skipping visualisations.
Graphics context not yet initialized. Skipping visualisations.
Graphics context not yet initialized. Skipping visualisations.
Graphics context not yet initialized. Skipping visualisations.
Graphics context not yet initialized. Skipping visualisations.
Graphics context not yet initialized. Skipping visualisations.
Graphics context not yet initialized. Skipping visualisations.
Graphics context not yet initialized. Skipping visualisations.
Graphics context not yet initialized. Skipping visualisations.
Graphics context not yet initialized. Skipping visualisations.
Graphics context not yet initialized. Skipping visualisations.
Graphics context not yet initialized. Skipping visualisations.
Graphics context not yet initialized. Skipping visualisations.
Graphics context not yet initialized. Skipping visualisations.
Graphics context not yet initialized. Skipping visualisations.
Graphics context not yet initialized. Skipping visualisations.
Graphics context not yet initialized. Skipping visualisations.
Graphics context not yet initialized. Skipping visualisations.
Graphics context not yet initialized. Skipping visualisations.
Graphics context not yet initialized. Skipping visualisations.
Graphics context not yet initialized. Skipping visualisations.
Graphics context not yet initialized. Skipping visualisations.
Graphics context not yet initialized. Skipping visualisations.
Graphics context not yet initialized. Skipping visualisations.
Graphics context not yet initialized. Skipping visualisations.
Graphics context not yet initialized. Skipping visualisations.
Graphics context not yet initialized. Skipping visualisations.
Graphics context not yet initialized. Skipping visualisations.
Graphics context not yet initialized. Skipping visualisations.
Graphics context not yet initialized. Skipping visualisations.
Graphics context not yet initialized. Skipping visualisations.
Graphics context not yet initialized. Skipping visualisations.
Graphics context not yet initialized. Skipping visualisations.
Graphics context not yet initialized. Skipping visualisations.
Graphics context not yet initialized. Skipping visualisations.
Graphics context not yet initialized. Skipping visualisations.
Graphics context not yet initialized. Skipping visualisations.
Graphics context not yet initialized. Skipping visualisations.
Graphics context not yet initialized. Skipping visualisations.
Graphics context not yet initialized. Skipping visualisations.
Graphics context not yet initialized. Skipping visualisations.
Graphics context not yet initialized. Skipping visualisations.
Graphics context not yet initialized. Skipping visualisations.
Graphics context not yet initialized. Skipping visualisations.
Graphics context not yet initialized. Skipping visualisations.
Graphics context not yet initialized. Skipping visualisations.
Graphics context not yet initialized. Skipping visualisations.
Graphics context not yet initialized. Skipping visualisations.
Graphics context not yet initialized. Skipping visualisations.
Graphics context not yet initialized. Skipping visualisations.
Graphics context not yet initialized. Skipping visualisations.
Graphics context not yet initialized. Skipping visualisations.
Graphics context not yet initialized. Skipping visualisations.
Graphics context not yet initialized. Skipping visualisations.
Graphics context not yet initialized. Skipping visualisations.
Graphics context not yet initialized. Skipping visualisations.
Graphics context not yet initialized. Skipping visualisations.
Graphics context not yet initialized. Skipping visualisations.
Graphics context not yet initialized. Skipping visualisations.
Graphics context not yet initialized. Skipping visualisations.
Graphics context not yet initialized. Skipping visualisations.
Graphics context not yet initialized. Skipping visualisations.
Graphics context not yet initialized. Skipping visualisations.
Graphics context not yet initialized. Skipping visualisations.
Graphics context not yet initialized. Skipping visualisations.
Graphics context not yet initialized. Skipping visualisations.
Graphics context not yet initialized. Skipping visualisations.
Graphics context not yet initialized. Skipping visualisations.
Graphics context not yet initialized. Skipping visualisations.
Graphics context not yet initialized. Skipping visualisations.
Graphics context not yet initialized. Skipping visualisations.
Graphics context not yet initialized. Skipping visualisations.
Graphics context not yet initialized. Skipping visualisations.
Graphics context not yet initialized. Skipping visualisations.
Graphics context not yet initialized. Skipping visualisations.
Graphics context not yet initialized. Skipping visualisations.
Graphics context not yet initialized. Skipping visualisations.
Graphics context not yet initialized. Skipping visualisations.
Graphics context not yet initialized. Skipping visualisations.
Graphics context not yet initialized. Skipping visualisations.
Graphics context not yet initialized. Skipping visualisations.
Graphics context not yet initialized. Skipping visualisations.
Graphics context not yet initialized. Skipping visualisations.
Graphics context not yet initialized. Skipping visualisations.
Graphics context not yet initialized. Skipping visualisations.
Graphics context not yet initialized. Skipping visualisations.
Graphics context not yet initialized. Skipping visualisations.
Graphics context not yet initialized. Skipping visualisations.
Graphics context not yet initialized. Skipping visualisations.
Graphics context not yet initialized. Skipping visualisations.
Graphics context not yet initialized. Skipping visualisations.
Graphics context not yet initialized. Skipping visualisations.
Graphics context not yet initialized. Skipping visualisations.
Graphics context not yet initialized. Skipping visualisations.
Graphics context not yet initialized. Skipping visualisations.
Graphics context not yet initialized. Skipping visualisations.
Graphics context not yet initialized. Skipping visualisations.
Graphics context not yet initialized. Skipping visualisations.
Graphics context not yet initialized. Skipping visualisations.
Graphics context not yet initialized. Skipping visualisations.
Graphics context not yet initialized. Skipping visualisations.
Graphics context not yet initialized. Skipping visualisations.
Graphics context not yet initialized. Skipping visualisations.
Graphics context not yet initialized. Skipping visualisations.
Graphics context not yet initialized. Skipping visualisations.
Graphics context not yet initialized. Skipping visualisations.
Graphics context not yet initialized. Skipping visualisations.
Graphics context not yet initialized. Skipping visualisations.
Graphics context not yet initialized. Skipping visualisations.
Graphics context not yet initialized. Skipping visualisations.
Graphics context not yet initialized. Skipping visualisations.
Graphics context not yet initialized. Skipping visualisations.
Graphics context not yet initialized. Skipping visualisations.
Graphics context not yet initialized. Skipping visualisations.
Graphics context not yet initialized. Skipping visualisations.
Graphics context not yet initialized. Skipping visualisations.
Graphics context not yet initialized. Skipping visualisations.
Graphics context not yet initialized. Skipping visualisations.
Graphics context not yet initialized. Skipping visualisations.
Graphics context not yet initialized. Skipping visualisations.
Graphics context not yet initialized. Skipping visualisations.
Graphics context not yet initialized. Skipping visualisations.
Graphics context not yet initialized. Skipping visualisations.
Graphics context not yet initialized. Skipping visualisations.
Graphics context not yet initialized. Skipping visualisations.
Graphics context not yet initialized. Skipping visualisations.
Graphics context not yet initialized. Skipping visualisations.
Graphics context not yet initialized. Skipping visualisations.
Graphics context not yet initialized. Skipping visualisations.
Graphics context not yet initialized. Skipping visualisations.
Graphics context not yet initialized. Skipping visualisations.
Graphics context not yet initialized. Skipping visualisations.
Graphics context not yet initialized. Skipping visualisations.
Graphics context not yet initialized. Skipping visualisations.
Graphics context not yet initialized. Skipping visualisations.
Graphics context not yet initialized. Skipping visualisations.
Graphics context not yet initialized. Skipping visualisations.
Graphics context not yet initialized. Skipping visualisations.
Graphics context not yet initialized. Skipping visualisations.
Graphics context not yet initialized. Skipping visualisations.
Graphics context not yet initialized. Skipping visualisations.
Graphics context not yet initialized. Skipping visualisations.
Graphics context not yet initialized. Skipping visualisations.
Graphics context not yet initialized. Skipping visualisations.
Graphics context not yet initialized. Skipping visualisations.
Graphics context not yet initialized. Skipping visualisations.
Graphics context not yet initialized. Skipping visualisations.
Graphics context not yet initialized. Skipping visualisations.
Graphics context not yet initialized. Skipping visualisations.
Graphics context not yet initialized. Skipping visualisations.
Graphics context not yet initialized. Skipping visualisations.
Graphics context not yet initialized. Skipping visualisations.
Graphics context not yet initialized. Skipping visualisations.
Graphics context not yet initialized. Skipping visualisations.
Graphics context not yet initialized. Skipping visualisations.
Graphics context not yet initialized. Skipping visualisations.
Graphics context not yet initialized. Skipping visualisations.
Graphics context not yet initialized. Skipping visualisations.
Graphics context not yet initialized. Skipping visualisations.
Graphics context not yet initialized. Skipping visualisations.
Graphics context not yet initialized. Skipping visualisations.
Graphics context not yet initialized. Skipping visualisations.
Graphics context not yet initialized. Skipping visualisations.
Graphics context not yet initialized. Skipping visualisations.
Graphics context not yet initialized. Skipping visualisations.
Graphics context not yet initialized. Skipping visualisations.
Graphics context not yet initialized. Skipping visualisations.
Graphics context not yet initialized. Skipping visualisations.
Graphics context not yet initialized. Skipping visualisations.
Graphics context not yet initialized. Skipping visualisations.
Graphics context not yet initialized. Skipping visualisations.
Graphics context not yet initialized. Skipping visualisations.
Graphics context not yet initialized. Skipping visualisations.
Graphics context not yet initialized. Skipping visualisations.
Graphics context not yet initialized. Skipping visualisations.
Graphics context not yet initialized. Skipping visualisations.
Graphics context not yet initialized. Skipping visualisations.
Graphics context not yet initialized. Skipping visualisations.
Graphics context not yet initialized. Skipping visualisations.
Graphics context not yet initialized. Skipping visualisations.
Graphics context not yet initialized. Skipping visualisations.
Graphics context not yet initialized. Skipping visualisations.
Graphics context not yet initialized. Skipping visualisations.
Graphics context not yet initialized. Skipping visualisations.
Graphics context not yet initialized. Skipping visualisations.
Graphics context not yet initialized. Skipping visualisations.
Graphics context not yet initialized. Skipping visualisations.
Graphics context not yet initialized. Skipping visualisations.
Graphics context not yet initialized. Skipping visualisations.
Graphics context not yet initialized. Skipping visualisations.
Graphics context not yet initialized. Skipping visualisations.
Graphics context not yet initialized. Skipping visualisations.
Graphics context not yet initialized. Skipping visualisations.
Graphics context not yet initialized. Skipping visualisations.
Graphics context not yet initialized. Skipping visualisations.
Graphics context not yet initialized. Skipping visualisations.
Graphics context not yet initialized. Skipping visualisations.
Graphics context not yet initialized. Skipping visualisations.
Graphics context not yet initialized. Skipping visualisations.
Graphics context not yet initialized. Skipping visualisations.
Graphics context not yet initialized. Skipping visualisations.
Graphics context not yet initialized. Skipping visualisations.
Graphics context not yet initialized. Skipping visualisations.
Graphics context not yet initialized. Skipping visualisations.
Graphics context not yet initialized. Skipping visualisations.
Graphics context not yet initialized. Skipping visualisations.
Graphics context not yet initialized. Skipping visualisations.
Graphics context not yet initialized. Skipping visualisations.
Graphics context not yet initialized. Skipping visualisations.
Graphics context not yet initialized. Skipping visualisations.
Graphics context not yet initialized. Skipping visualisations.
Graphics context not yet initialized. Skipping visualisations.
Graphics context not yet initialized. Skipping visualisations.
Graphics context not yet initialized. Skipping visualisations.
Graphics context not yet initialized. Skipping visualisations.
Graphics context not yet initialized. Skipping visualisations.
Graphics context not yet initialized. Skipping visualisations.
Graphics context not yet initialized. Skipping visualisations.
Graphics context not yet initialized. Skipping visualisations.
Graphics context not yet initialized. Skipping visualisations.
Graphics context not yet initialized. Skipping visualisations.
Graphics context not yet initialized. Skipping visualisations.
Graphics context not yet initialized. Skipping visualisations.
Graphics context not yet initialized. Skipping visualisations.
Graphics context not yet initialized. Skipping visualisations.
Graphics context not yet initialized. Skipping visualisations.
Graphics context not yet initialized. Skipping visualisations.
Graphics context not yet initialized. Skipping visualisations.
Graphics context not yet initialized. Skipping visualisations.
Graphics context not yet initialized. Skipping visualisations.
Graphics context not yet initialized. Skipping visualisations.
Graphics context not yet initialized. Skipping visualisations.
Graphics context not yet initialized. Skipping visualisations.
Graphics context not yet initialized. Skipping visualisations.
Graphics context not yet initialized. Skipping visualisations.
Graphics context not yet initialized. Skipping visualisations.
Graphics context not yet initialized. Skipping visualisations.
Graphics context not yet initialized. Skipping visualisations.
Graphics context not yet initialized. Skipping visualisations.
Graphics context not yet initialized. Skipping visualisations.
Graphics context not yet initialized. Skipping visualisations.
Graphics context not yet initialized. Skipping visualisations.
Graphics context not yet initialized. Skipping visualisations.
Graphics context not yet initialized. Skipping visualisations.
Graphics context not yet initialized. Skipping visualisations.
Graphics context not yet initialized. Skipping visualisations.
Graphics context not yet initialized. Skipping visualisations.
Graphics context not yet initialized. Skipping visualisations.
Graphics context not yet initialized. Skipping visualisations.
Graphics context not yet initialized. Skipping visualisations.
Graphics context not yet initialized. Skipping visualisations.
Graphics context not yet initialized. Skipping visualisations.
Graphics context not yet initialized. Skipping visualisations.
Graphics context not yet initialized. Skipping visualisations.
Graphics context not yet initialized. Skipping visualisations.
Graphics context not yet initialized. Skipping visualisations.
Graphics context not yet initialized. Skipping visualisations.
Graphics context not yet initialized. Skipping visualisations.
Graphics context not yet initialized. Skipping visualisations.
Graphics context not yet initialized. Skipping visualisations.
Graphics context not yet initialized. Skipping visualisations.
Graphics context not yet initialized. Skipping visualisations.
Graphics context not yet initialized. Skipping visualisations.
Graphics context not yet initialized. Skipping visualisations.
Graphics context not yet initialized. Skipping visualisations.
Graphics context not yet initialized. Skipping visualisations.
Graphics context not yet initialized. Skipping visualisations.
Graphics context not yet initialized. Skipping visualisations.
Graphics context not yet initialized. Skipping visualisations.
Graphics context not yet initialized. Skipping visualisations.
Graphics context not yet initialized. Skipping visualisations.
Graphics context not yet initialized. Skipping visualisations.
Graphics context not yet initialized. Skipping visualisations.
Graphics context not yet initialized. Skipping visualisations.
Graphics context not yet initialized. Skipping visualisations.
Graphics context not yet initialized. Skipping visualisations.
Graphics context not yet initialized. Skipping visualisations.
Graphics context not yet initialized. Skipping visualisations.
Graphics context not yet initialized. Skipping visualisations.
Graphics context not yet initialized. Skipping visualisations.
Graphics context not yet initialized. Skipping visualisations.
Graphics context not yet initialized. Skipping visualisations.
Graphics context not yet initialized. Skipping visualisations.
Graphics context not yet initialized. Skipping visualisations.
Graphics context not yet initialized. Skipping visualisations.
Graphics context not yet initialized. Skipping visualisations.
Graphics context not yet initialized. Skipping visualisations.
Graphics context not yet initialized. Skipping visualisations.
Graphics context not yet initialized. Skipping visualisations.
Graphics context not yet initialized. Skipping visualisations.
Graphics context not yet initialized. Skipping visualisations.
Graphics context not yet initialized. Skipping visualisations.
Graphics context not yet initialized. Skipping visualisations.
Graphics context not yet initialized. Skipping visualisations.
Graphics context not yet initialized. Skipping visualisations.
Graphics context not yet initialized. Skipping visualisations.
Graphics context not yet initialized. Skipping visualisations.
Graphics context not yet initialized. Skipping visualisations.
Graphics context not yet initialized. Skipping visualisations.
Graphics context not yet initialized. Skipping visualisations.
Graphics context not yet initialized. Skipping visualisations.
Graphics context not yet initialized. Skipping visualisations.
Graphics context not yet initialized. Skipping visualisations.
Graphics context not yet initialized. Skipping visualisations.
Graphics context not yet initialized. Skipping visualisations.
Graphics context not yet initialized. Skipping visualisations.
Graphics context not yet initialized. Skipping visualisations.
Graphics context not yet initialized. Skipping visualisations.
Graphics context not yet initialized. Skipping visualisations.
Graphics context not yet initialized. Skipping visualisations.
Graphics context not yet initialized. Skipping visualisations.
Graphics context not yet initialized. Skipping visualisations.
Graphics context not yet initialized. Skipping visualisations.
Graphics context not yet initialized. Skipping visualisations.
Graphics context not yet initialized. Skipping visualisations.
Graphics context not yet initialized. Skipping visualisations.
Graphics context not yet initialized. Skipping visualisations.
Graphics context not yet initialized. Skipping visualisations.
Graphics context not yet initialized. Skipping visualisations.
Graphics context not yet initialized. Skipping visualisations.
Graphics context not yet initialized. Skipping visualisations.
Graphics context not yet initialized. Skipping visualisations.
Graphics context not yet initialized. Skipping visualisations.
Graphics context not yet initialized. Skipping visualisations.
Graphics context not yet initialized. Skipping visualisations.
Graphics context not yet initialized. Skipping visualisations.
Graphics context not yet initialized. Skipping visualisations.
Graphics context not yet initialized. Skipping visualisations.
Graphics context not yet initialized. Skipping visualisations.
Graphics context not yet initialized. Skipping visualisations.
Graphics context not yet initialized. Skipping visualisations.
Graphics context not yet initialized. Skipping visualisations.
Graphics context not yet initialized. Skipping visualisations.
Graphics context not yet initialized. Skipping visualisations.
Graphics context not yet initialized. Skipping visualisations.
Graphics context not yet initialized. Skipping visualisations.
Graphics context not yet initialized. Skipping visualisations.
Graphics context not yet initialized. Skipping visualisations.
Graphics context not yet initialized. Skipping visualisations.
Graphics context not yet initialized. Skipping visualisations.
Graphics context not yet initialized. Skipping visualisations.
Graphics context not yet initialized. Skipping visualisations.
Graphics context not yet initialized. Skipping visualisations.
Graphics context not yet initialized. Skipping visualisations.
Graphics context not yet initialized. Skipping visualisations.
Graphics context not yet initialized. Skipping visualisations.
Graphics context not yet initialized. Skipping visualisations.
Graphics context not yet initialized. Skipping visualisations.
Graphics context not yet initialized. Skipping visualisations.
Graphics context not yet initialized. Skipping visualisations.
Graphics context not yet initialized. Skipping visualisations.
Graphics context not yet initialized. Skipping visualisations.
Graphics context not yet initialized. Skipping visualisations.
Graphics context not yet initialized. Skipping visualisations.
Graphics context not yet initialized. Skipping visualisations.
Graphics context not yet initialized. Skipping visualisations.
Graphics context not yet initialized. Skipping visualisations.
Graphics context not yet initialized. Skipping visualisations.
Graphics context not yet initialized. Skipping visualisations.
Graphics context not yet initialized. Skipping visualisations.
Graphics context not yet initialized. Skipping visualisations.
Graphics context not yet initialized. Skipping visualisations.
Graphics context not yet initialized. Skipping visualisations.
Graphics context not yet initialized. Skipping visualisations.
Graphics context not yet initialized. Skipping visualisations.
Graphics context not yet initialized. Skipping visualisations.
Graphics context not yet initialized. Skipping visualisations.
Graphics context not yet initialized. Skipping visualisations.
Graphics context not yet initialized. Skipping visualisations.
Graphics context not yet initialized. Skipping visualisations.
Graphics context not yet initialized. Skipping visualisations.
Graphics context not yet initialized. Skipping visualisations.
Graphics context not yet initialized. Skipping visualisations.
Graphics context not yet initialized. Skipping visualisations.
Graphics context not yet initialized. Skipping visualisations.
Graphics context not yet initialized. Skipping visualisations.
Graphics context not yet initialized. Skipping visualisations.
Graphics context not yet initialized. Skipping visualisations.
Graphics context not yet initialized. Skipping visualisations.
Graphics context not yet initialized. Skipping visualisations.
Graphics context not yet initialized. Skipping visualisations.
Graphics context not yet initialized. Skipping visualisations.
Graphics context not yet initialized. Skipping visualisations.
Graphics context not yet initialized. Skipping visualisations.
Graphics context not yet initialized. Skipping visualisations.
Graphics context not yet initialized. Skipping visualisations.
Graphics context not yet initialized. Skipping visualisations.
Graphics context not yet initialized. Skipping visualisations.
Graphics context not yet initialized. Skipping visualisations.
Graphics context not yet initialized. Skipping visualisations.
Graphics context not yet initialized. Skipping visualisations.
Graphics context not yet initialized. Skipping visualisations.
Graphics context not yet initialized. Skipping visualisations.
Graphics context not yet initialized. Skipping visualisations.
Graphics context not yet initialized. Skipping visualisations.
Graphics context not yet initialized. Skipping visualisations.
Graphics context not yet initialized. Skipping visualisations.
Graphics context not yet initialized. Skipping visualisations.
Graphics context not yet initialized. Skipping visualisations.
Graphics context not yet initialized. Skipping visualisations.
Graphics context not yet initialized. Skipping visualisations.
Graphics context not yet initialized. Skipping visualisations.
Graphics context not yet initialized. Skipping visualisations.
Graphics context not yet initialized. Skipping visualisations.
Graphics context not yet initialized. Skipping visualisations.
Graphics context not yet initialized. Skipping visualisations.
Graphics context not yet initialized. Skipping visualisations.
Graphics context not yet initialized. Skipping visualisations.
Graphics context not yet initialized. Skipping visualisations.
Graphics context not yet initialized. Skipping visualisations.
Graphics context not yet initialized. Skipping visualisations.
Graphics context not yet initialized. Skipping visualisations.
Graphics context not yet initialized. Skipping visualisations.
Graphics context not yet initialized. Skipping visualisations.
Graphics context not yet initialized. Skipping visualisations.
Graphics context not yet initialized. Skipping visualisations.
Graphics context not yet initialized. Skipping visualisations.
Graphics context not yet initialized. Skipping visualisations.
Graphics context not yet initialized. Skipping visualisations.
Graphics context not yet initialized. Skipping visualisations.
Graphics context not yet initialized. Skipping visualisations.
Graphics context not yet initialized. Skipping visualisations.
Graphics context not yet initialized. Skipping visualisations.
Graphics context not yet initialized. Skipping visualisations.
Graphics context not yet initialized. Skipping visualisations.
Graphics context not yet initialized. Skipping visualisations.
Graphics context not yet initialized. Skipping visualisations.
Graphics context not yet initialized. Skipping visualisations.
Graphics context not yet initialized. Skipping visualisations.
Graphics context not yet initialized. Skipping visualisations.
Graphics context not yet initialized. Skipping visualisations.
Graphics context not yet initialized. Skipping visualisations.
Graphics context not yet initialized. Skipping visualisations.
Graphics context not yet initialized. Skipping visualisations.
Graphics context not yet initialized. Skipping visualisations.
Graphics context not yet initialized. Skipping visualisations.
Graphics context not yet initialized. Skipping visualisations.
Graphics context not yet initialized. Skipping visualisations.
Graphics context not yet initialized. Skipping visualisations.
Graphics context not yet initialized. Skipping visualisations.
Graphics context not yet initialized. Skipping visualisations.
Graphics context not yet initialized. Skipping visualisations.
Graphics context not yet initialized. Skipping visualisations.
Graphics context not yet initialized. Skipping visualisations.
Graphics context not yet initialized. Skipping visualisations.
Graphics context not yet initialized. Skipping visualisations.
Graphics context not yet initialized. Skipping visualisations.
Graphics context not yet initialized. Skipping visualisations.
Graphics context not yet initialized. Skipping visualisations.
Graphics context not yet initialized. Skipping visualisations.
Graphics context not yet initialized. Skipping visualisations.
Graphics context not yet initialized. Skipping visualisations.
Graphics context not yet initialized. Skipping visualisations.
Graphics context not yet initialized. Skipping visualisations.
Graphics context not yet initialized. Skipping visualisations.
Graphics context not yet initialized. Skipping visualisations.
Graphics context not yet initialized. Skipping visualisations.
Graphics context not yet initialized. Skipping visualisations.
Graphics context not yet initialized. Skipping visualisations.
Graphics context not yet initialized. Skipping visualisations.
Graphics context not yet initialized. Skipping visualisations.
Graphics context not yet initialized. Skipping visualisations.
Graphics context not yet initialized. Skipping visualisations.
Graphics context not yet initialized. Skipping visualisations.
Graphics context not yet initialized. Skipping visualisations.
Graphics context not yet initialized. Skipping visualisations.
Graphics context not yet initialized. Skipping visualisations.
Graphics context not yet initialized. Skipping visualisations.
Graphics context not yet initialized. Skipping visualisations.
Graphics context not yet initialized. Skipping visualisations.
Graphics context not yet initialized. Skipping visualisations.
Graphics context not yet initialized. Skipping visualisations.
Graphics context not yet initialized. Skipping visualisations.
Graphics context not yet initialized. Skipping visualisations.
Graphics context not yet initialized. Skipping visualisations.
Graphics context not yet initialized. Skipping visualisations.
Graphics context not yet initialized. Skipping visualisations.
Graphics context not yet initialized. Skipping visualisations.
Graphics context not yet initialized. Skipping visualisations.
Graphics context not yet initialized. Skipping visualisations.
Graphics context not yet initialized. Skipping visualisations.
Graphics context not yet initialized. Skipping visualisations.
Graphics context not yet initialized. Skipping visualisations.
Graphics context not yet initialized. Skipping visualisations.
Graphics context not yet initialized. Skipping visualisations.
Graphics context not yet initialized. Skipping visualisations.
Graphics context not yet initialized. Skipping visualisations.
Graphics context not yet initialized. Skipping visualisations.
Graphics context not yet initialized. Skipping visualisations.
Graphics context not yet initialized. Skipping visualisations.
Graphics context not yet initialized. Skipping visualisations.
Graphics context not yet initialized. Skipping visualisations.
Graphics context not yet initialized. Skipping visualisations.
Graphics context not yet initialized. Skipping visualisations.
Graphics context not yet initialized. Skipping visualisations.
Graphics context not yet initialized. Skipping visualisations.
Graphics context not yet initialized. Skipping visualisations.
Graphics context not yet initialized. Skipping visualisations.
Graphics context not yet initialized. Skipping visualisations.
Graphics context not yet initialized. Skipping visualisations.
Graphics context not yet initialized. Skipping visualisations.
Graphics context not yet initialized. Skipping visualisations.
Graphics context not yet initialized. Skipping visualisations.
Graphics context not yet initialized. Skipping visualisations.
Graphics context not yet initialized. Skipping visualisations.
Graphics context not yet initialized. Skipping visualisations.
Graphics context not yet initialized. Skipping visualisations.
Graphics context not yet initialized. Skipping visualisations.
Graphics context not yet initialized. Skipping visualisations.
Graphics context not yet initialized. Skipping visualisations.
Graphics context not yet initialized. Skipping visualisations.
Graphics context not yet initialized. Skipping visualisations.
Graphics context not yet initialized. Skipping visualisations.
Graphics context not yet initialized. Skipping visualisations.
Graphics context not yet initialized. Skipping visualisations.
Graphics context not yet initialized. Skipping visualisations.
Graphics context not yet initialized. Skipping visualisations.
Graphics context not yet initialized. Skipping visualisations.
Graphics context not yet initialized. Skipping visualisations.
Graphics context not yet initialized. Skipping visualisations.
Graphics context not yet initialized. Skipping visualisations.
Graphics context not yet initialized. Skipping visualisations.
Graphics context not yet initialized. Skipping visualisations.
Graphics context not yet initialized. Skipping visualisations.
Graphics context not yet initialized. Skipping visualisations.
Graphics context not yet initialized. Skipping visualisations.
Graphics context not yet initialized. Skipping visualisations.
Graphics context not yet initialized. Skipping visualisations.
Graphics context not yet initialized. Skipping visualisations.
Graphics context not yet initialized. Skipping visualisations.
Graphics context not yet initialized. Skipping visualisations.
Graphics context not yet initialized. Skipping visualisations.
Graphics context not yet initialized. Skipping visualisations.
Graphics context not yet initialized. Skipping visualisations.
Graphics context not yet initialized. Skipping visualisations.
Graphics context not yet initialized. Skipping visualisations.
Graphics context not yet initialized. Skipping visualisations.
Graphics context not yet initialized. Skipping visualisations.
Graphics context not yet initialized. Skipping visualisations.
Graphics context not yet initialized. Skipping visualisations.
Graphics context not yet initialized. Skipping visualisations.
Graphics context not yet initialized. Skipping visualisations.
Graphics context not yet initialized. Skipping visualisations.
Graphics context not yet initialized. Skipping visualisations.
Graphics context not yet initialized. Skipping visualisations.
Graphics context not yet initialized. Skipping visualisations.
Graphics context not yet initialized. Skipping visualisations.
Graphics context not yet initialized. Skipping visualisations.
Graphics context not yet initialized. Skipping visualisations.
Graphics context not yet initialized. Skipping visualisations.
Graphics context not yet initialized. Skipping visualisations.
Graphics context not yet initialized. Skipping visualisations.
Graphics context not yet initialized. Skipping visualisations.
Graphics context not yet initialized. Skipping visualisations.
Graphics context not yet initialized. Skipping visualisations.
Graphics context not yet initialized. Skipping visualisations.
Graphics context not yet initialized. Skipping visualisations.
Graphics context not yet initialized. Skipping visualisations.
Graphics context not yet initialized. Skipping visualisations.
Graphics context not yet initialized. Skipping visualisations.
Graphics context not yet initialized. Skipping visualisations.
Graphics context not yet initialized. Skipping visualisations.
Graphics context not yet initialized. Skipping visualisations.
Graphics context not yet initialized. Skipping visualisations.
Graphics context not yet initialized. Skipping visualisations.
Graphics context not yet initialized. Skipping visualisations.
Graphics context not yet initialized. Skipping visualisations.
Graphics context not yet initialized. Skipping visualisations.
Graphics context not yet initialized. Skipping visualisations.
Graphics context not yet initialized. Skipping visualisations.
Graphics context not yet initialized. Skipping visualisations.
Graphics context not yet initialized. Skipping visualisations.
Graphics context not yet initialized. Skipping visualisations.
Graphics context not yet initialized. Skipping visualisations.
Graphics context not yet initialized. Skipping visualisations.
Graphics context not yet initialized. Skipping visualisations.
Graphics context not yet initialized. Skipping visualisations.
Graphics context not yet initialized. Skipping visualisations.
Graphics context not yet initialized. Skipping visualisations.
Graphics context not yet initialized. Skipping visualisations.
Graphics context not yet initialized. Skipping visualisations.
Graphics context not yet initialized. Skipping visualisations.
Graphics context not yet initialized. Skipping visualisations.
Graphics context not yet initialized. Skipping visualisations.
Graphics context not yet initialized. Skipping visualisations.
Graphics context not yet initialized. Skipping visualisations.
Graphics context not yet initialized. Skipping visualisations.
Graphics context not yet initialized. Skipping visualisations.
Graphics context not yet initialized. Skipping visualisations.
Graphics context not yet initialized. Skipping visualisations.
Graphics context not yet initialized. Skipping visualisations.
Graphics context not yet initialized. Skipping visualisations.
Graphics context not yet initialized. Skipping visualisations.
Graphics context not yet initialized. Skipping visualisations.
Graphics context not yet initialized. Skipping visualisations.
Graphics context not yet initialized. Skipping visualisations.
Graphics context not yet initialized. Skipping visualisations.
Graphics context not yet initialized. Skipping visualisations.
Graphics context not yet initialized. Skipping visualisations.
Graphics context not yet initialized. Skipping visualisations.
Graphics context not yet initialized. Skipping visualisations.
Graphics context not yet initialized. Skipping visualisations.
Graphics context not yet initialized. Skipping visualisations.
Graphics context not yet initialized. Skipping visualisations.
Graphics context not yet initialized. Skipping visualisations.
Graphics context not yet initialized. Skipping visualisations.
Graphics context not yet initialized. Skipping visualisations.
Graphics context not yet initialized. Skipping visualisations.
Graphics context not yet initialized. Skipping visualisations.
Graphics context not yet initialized. Skipping visualisations.
Graphics context not yet initialized. Skipping visualisations.
Graphics context not yet initialized. Skipping visualisations.
Graphics context not yet initialized. Skipping visualisations.
Graphics context not yet initialized. Skipping visualisations.
Graphics context not yet initialized. Skipping visualisations.
Graphics context not yet initialized. Skipping visualisations.
Graphics context not yet initialized. Skipping visualisations.
Graphics context not yet initialized. Skipping visualisations.
Graphics context not yet initialized. Skipping visualisations.
Graphics context not yet initialized. Skipping visualisations.
Graphics context not yet initialized. Skipping visualisations.
Graphics context not yet initialized. Skipping visualisations.
Graphics context not yet initialized. Skipping visualisations.
Graphics context not yet initialized. Skipping visualisations.
Graphics context not yet initialized. Skipping visualisations.
Graphics context not yet initialized. Skipping visualisations.
Graphics context not yet initialized. Skipping visualisations.
Graphics context not yet initialized. Skipping visualisations.
Graphics context not yet initialized. Skipping visualisations.
Graphics context not yet initialized. Skipping visualisations.
Graphics context not yet initialized. Skipping visualisations.
Graphics context not yet initialized. Skipping visualisations.
Graphics context not yet initialized. Skipping visualisations.
Graphics context not yet initialized. Skipping visualisations.
Graphics context not yet initialized. Skipping visualisations.
Graphics context not yet initialized. Skipping visualisations.
Graphics context not yet initialized. Skipping visualisations.
Graphics context not yet initialized. Skipping visualisations.
Graphics context not yet initialized. Skipping visualisations.
Graphics context not yet initialized. Skipping visualisations.
Graphics context not yet initialized. Skipping visualisations.
Graphics context not yet initialized. Skipping visualisations.
Graphics context not yet initialized. Skipping visualisations.
Graphics context not yet initialized. Skipping visualisations.
Graphics context not yet initialized. Skipping visualisations.
Graphics context not yet initialized. Skipping visualisations.
Graphics context not yet initialized. Skipping visualisations.
Graphics context not yet initialized. Skipping visualisations.
Graphics context not yet initialized. Skipping visualisations.
Graphics context not yet initialized. Skipping visualisations.
Graphics context not yet initialized. Skipping visualisations.
Graphics context not yet initialized. Skipping visualisations.
Graphics context not yet initialized. Skipping visualisations.
Graphics context not yet initialized. Skipping visualisations.
Graphics context not yet initialized. Skipping visualisations.
Graphics context not yet initialized. Skipping visualisations.
Graphics context not yet initialized. Skipping visualisations.
Graphics context not yet initialized. Skipping visualisations.
Graphics context not yet initialized. Skipping visualisations.
Graphics context not yet initialized. Skipping visualisations.
Graphics context not yet initialized. Skipping visualisations.
Graphics context not yet initialized. Skipping visualisations.
Graphics context not yet initialized. Skipping visualisations.
Graphics context not yet initialized. Skipping visualisations.
Graphics context not yet initialized. Skipping visualisations.
Graphics context not yet initialized. Skipping visualisations.
Graphics context not yet initialized. Skipping visualisations.
Graphics context not yet initialized. Skipping visualisations.
Graphics context not yet initialized. Skipping visualisations.
Graphics context not yet initialized. Skipping visualisations.
Graphics context not yet initialized. Skipping visualisations.
Graphics context not yet initialized. Skipping visualisations.
Graphics context not yet initialized. Skipping visualisations.
Graphics context not yet initialized. Skipping visualisations.
Graphics context not yet initialized. Skipping visualisations.
Graphics context not yet initialized. Skipping visualisations.
Graphics context not yet initialized. Skipping visualisations.
Graphics context not yet initialized. Skipping visualisations.
Graphics context not yet initialized. Skipping visualisations.
Graphics context not yet initialized. Skipping visualisations.
Graphics context not yet initialized. Skipping visualisations.
Graphics context not yet initialized. Skipping visualisations.
Graphics context not yet initialized. Skipping visualisations.
Graphics context not yet initialized. Skipping visualisations.
Graphics context not yet initialized. Skipping visualisations.
Graphics context not yet initialized. Skipping visualisations.
Graphics context not yet initialized. Skipping visualisations.
Graphics context not yet initialized. Skipping visualisations.
Graphics context not yet initialized. Skipping visualisations.
Graphics context not yet initialized. Skipping visualisations.
Graphics context not yet initialized. Skipping visualisations.
Graphics context not yet initialized. Skipping visualisations.
Graphics context not yet initialized. Skipping visualisations.
Graphics context not yet initialized. Skipping visualisations.
Graphics context not yet initialized. Skipping visualisations.
Graphics context not yet initialized. Skipping visualisations.
Graphics context not yet initialized. Skipping visualisations.
Graphics context not yet initialized. Skipping visualisations.
Graphics context not yet initialized. Skipping visualisations.
Graphics context not yet initialized. Skipping visualisations.
Graphics context not yet initialized. Skipping visualisations.
Graphics context not yet initialized. Skipping visualisations.
Graphics context not yet initialized. Skipping visualisations.
Graphics context not yet initialized. Skipping visualisations.
Graphics context not yet initialized. Skipping visualisations.
Graphics context not yet initialized. Skipping visualisations.
Graphics context not yet initialized. Skipping visualisations.
Graphics context not yet initialized. Skipping visualisations.
Graphics context not yet initialized. Skipping visualisations.
Graphics context not yet initialized. Skipping visualisations.
Graphics context not yet initialized. Skipping visualisations.
Graphics context not yet initialized. Skipping visualisations.
Graphics context not yet initialized. Skipping visualisations.
Graphics context not yet initialized. Skipping visualisations.
Graphics context not yet initialized. Skipping visualisations.
Graphics context not yet initialized. Skipping visualisations.
Graphics context not yet initialized. Skipping visualisations.
Graphics context not yet initialized. Skipping visualisations.
Graphics context not yet initialized. Skipping visualisations.
Graphics context not yet initialized. Skipping visualisations.
Graphics context not yet initialized. Skipping visualisations.
Graphics context not yet initialized. Skipping visualisations.
Graphics context not yet initialized. Skipping visualisations.
Graphics context not yet initialized. Skipping visualisations.
Graphics context not yet initialized. Skipping visualisations.
Graphics context not yet initialized. Skipping visualisations.
Graphics context not yet initialized. Skipping visualisations.
Graphics context not yet initialized. Skipping visualisations.
Graphics context not yet initialized. Skipping visualisations.
Graphics context not yet initialized. Skipping visualisations.
Graphics context not yet initialized. Skipping visualisations.
Graphics context not yet initialized. Skipping visualisations.
Graphics context not yet initialized. Skipping visualisations.
Graphics context not yet initialized. Skipping visualisations.
Graphics context not yet initialized. Skipping visualisations.
Graphics context not yet initialized. Skipping visualisations.
Graphics context not yet initialized. Skipping visualisations.
Graphics context not yet initialized. Skipping visualisations.
Graphics context not yet initialized. Skipping visualisations.
Graphics context not yet initialized. Skipping visualisations.
Graphics context not yet initialized. Skipping visualisations.
Graphics context not yet initialized. Skipping visualisations.
Graphics context not yet initialized. Skipping visualisations.
Graphics context not yet initialized. Skipping visualisations.
Graphics context not yet initialized. Skipping visualisations.
Graphics context not yet initialized. Skipping visualisations.
Graphics context not yet initialized. Skipping visualisations.
Graphics context not yet initialized. Skipping visualisations.
Graphics context not yet initialized. Skipping visualisations.
Graphics context not yet initialized. Skipping visualisations.
Graphics context not yet initialized. Skipping visualisations.
Graphics context not yet initialized. Skipping visualisations.
Graphics context not yet initialized. Skipping visualisations.
Graphics context not yet initialized. Skipping visualisations.
Graphics context not yet initialized. Skipping visualisations.
Graphics context not yet initialized. Skipping visualisations.
Graphics context not yet initialized. Skipping visualisations.
Graphics context not yet initialized. Skipping visualisations.
Graphics context not yet initialized. Skipping visualisations.
Graphics context not yet initialized. Skipping visualisations.
Graphics context not yet initialized. Skipping visualisations.
Graphics context not yet initialized. Skipping visualisations.
Graphics context not yet initialized. Skipping visualisations.
Graphics context not yet initialized. Skipping visualisations.
Graphics context not yet initialized. Skipping visualisations.
Graphics context not yet initialized. Skipping visualisations.
Graphics context not yet initialized. Skipping visualisations.
Graphics context not yet initialized. Skipping visualisations.
Graphics context not yet initialized. Skipping visualisations.
Graphics context not yet initialized. Skipping visualisations.
Graphics context not yet initialized. Skipping visualisations.
Graphics context not yet initialized. Skipping visualisations.
Graphics context not yet initialized. Skipping visualisations.
Graphics context not yet initialized. Skipping visualisations.
Graphics context not yet initialized. Skipping visualisations.
Graphics context not yet initialized. Skipping visualisations.
Graphics context not yet initialized. Skipping visualisations.
Graphics context not yet initialized. Skipping visualisations.
Graphics context not yet initialized. Skipping visualisations.
Graphics context not yet initialized. Skipping visualisations.
Graphics context not yet initialized. Skipping visualisations.
Graphics context not yet initialized. Skipping visualisations.
Graphics context not yet initialized. Skipping visualisations.
Graphics context not yet initialized. Skipping visualisations.
Graphics context not yet initialized. Skipping visualisations.
Graphics context not yet initialized. Skipping visualisations.
Graphics context not yet initialized. Skipping visualisations.
Graphics context not yet initialized. Skipping visualisations.
Graphics context not yet initialized. Skipping visualisations.
Graphics context not yet initialized. Skipping visualisations.
Graphics context not yet initialized. Skipping visualisations.
Graphics context not yet initialized. Skipping visualisations.
Graphics context not yet initialized. Skipping visualisations.
Graphics context not yet initialized. Skipping visualisations.
Graphics context not yet initialized. Skipping visualisations.
Graphics context not yet initialized. Skipping visualisations.
Graphics context not yet initialized. Skipping visualisations.
Graphics context not yet initialized. Skipping visualisations.
Graphics context not yet initialized. Skipping visualisations.
Graphics context not yet initialized. Skipping visualisations.
Graphics context not yet initialized. Skipping visualisations.
Graphics context not yet initialized. Skipping visualisations.
Graphics context not yet initialized. Skipping visualisations.
Graphics context not yet initialized. Skipping visualisations.
Graphics context not yet initialized. Skipping visualisations.
Graphics context not yet initialized. Skipping visualisations.
Graphics context not yet initialized. Skipping visualisations.
Graphics context not yet initialized. Skipping visualisations.
Graphics context not yet initialized. Skipping visualisations.
Graphics context not yet initialized. Skipping visualisations.
Graphics context not yet initialized. Skipping visualisations.
Graphics context not yet initialized. Skipping visualisations.
Graphics context not yet initialized. Skipping visualisations.
Graphics context not yet initialized. Skipping visualisations.
Graphics context not yet initialized. Skipping visualisations.
Graphics context not yet initialized. Skipping visualisations.
Graphics context not yet initialized. Skipping visualisations.
Graphics context not yet initialized. Skipping visualisations.
Graphics context not yet initialized. Skipping visualisations.
Graphics context not yet initialized. Skipping visualisations.
Graphics context not yet initialized. Skipping visualisations.
Graphics context not yet initialized. Skipping visualisations.
Graphics context not yet initialized. Skipping visualisations.
Graphics context not yet initialized. Skipping visualisations.
Graphics context not yet initialized. Skipping visualisations.
Graphics context not yet initialized. Skipping visualisations.
Graphics context not yet initialized. Skipping visualisations.
Graphics context not yet initialized. Skipping visualisations.
Graphics context not yet initialized. Skipping visualisations.
Graphics context not yet initialized. Skipping visualisations.
Graphics context not yet initialized. Skipping visualisations.
Graphics context not yet initialized. Skipping visualisations.
Graphics context not yet initialized. Skipping visualisations.
Graphics context not yet initialized. Skipping visualisations.
Graphics context not yet initialized. Skipping visualisations.
Graphics context not yet initialized. Skipping visualisations.
Graphics context not yet initialized. Skipping visualisations.
Graphics context not yet initialized. Skipping visualisations.
Graphics context not yet initialized. Skipping visualisations.
Graphics context not yet initialized. Skipping visualisations.
Graphics context not yet initialized. Skipping visualisations.
Graphics context not yet initialized. Skipping visualisations.
Graphics context not yet initialized. Skipping visualisations.
Graphics context not yet initialized. Skipping visualisations.
Graphics context not yet initialized. Skipping visualisations.
Graphics context not yet initialized. Skipping visualisations.
Graphics context not yet initialized. Skipping visualisations.
Graphics context not yet initialized. Skipping visualisations.
Graphics context not yet initialized. Skipping visualisations.
Graphics context not yet initialized. Skipping visualisations.
Graphics context not yet initialized. Skipping visualisations.
Graphics context not yet initialized. Skipping visualisations.
Graphics context not yet initialized. Skipping visualisations.
Graphics context not yet initialized. Skipping visualisations.
Graphics context not yet initialized. Skipping visualisations.
Graphics context not yet initialized. Skipping visualisations.
Graphics context not yet initialized. Skipping visualisations.
Graphics context not yet initialized. Skipping visualisations.
Graphics context not yet initialized. Skipping visualisations.
Graphics context not yet initialized. Skipping visualisations.
Graphics context not yet initialized. Skipping visualisations.
Graphics context not yet initialized. Skipping visualisations.
Graphics context not yet initialized. Skipping visualisations.
Graphics context not yet initialized. Skipping visualisations.
Graphics context not yet initialized. Skipping visualisations.
Graphics context not yet initialized. Skipping visualisations.
Graphics context not yet initialized. Skipping visualisations.
Graphics context not yet initialized. Skipping visualisations.
Graphics context not yet initialized. Skipping visualisations.
Graphics context not yet initialized. Skipping visualisations.
Graphics context not yet initialized. Skipping visualisations.
Graphics context not yet initialized. Skipping visualisations.
Graphics context not yet initialized. Skipping visualisations.
Graphics context not yet initialized. Skipping visualisations.
Graphics context not yet initialized. Skipping visualisations.
Graphics context not yet initialized. Skipping visualisations.
Graphics context not yet initialized. Skipping visualisations.
Graphics context not yet initialized. Skipping visualisations.
Graphics context not yet initialized. Skipping visualisations.
Graphics context not yet initialized. Skipping visualisations.
Graphics context not yet initialized. Skipping visualisations.
Graphics context not yet initialized. Skipping visualisations.
Graphics context not yet initialized. Skipping visualisations.
Graphics context not yet initialized. Skipping visualisations.
Graphics context not yet initialized. Skipping visualisations.
Graphics context not yet initialized. Skipping visualisations.
Graphics context not yet initialized. Skipping visualisations.
Graphics context not yet initialized. Skipping visualisations.
Graphics context not yet initialized. Skipping visualisations.
Graphics context not yet initialized. Skipping visualisations.
Graphics context not yet initialized. Skipping visualisations.
Graphics context not yet initialized. Skipping visualisations.
Graphics context not yet initialized. Skipping visualisations.
Graphics context not yet initialized. Skipping visualisations.
Graphics context not yet initialized. Skipping visualisations.
Graphics context not yet initialized. Skipping visualisations.
Graphics context not yet initialized. Skipping visualisations.
Graphics context not yet initialized. Skipping visualisations.
Graphics context not yet initialized. Skipping visualisations.
Graphics context not yet initialized. Skipping visualisations.
Graphics context not yet initialized. Skipping visualisations.
Graphics context not yet initialized. Skipping visualisations.
Graphics context not yet initialized. Skipping visualisations.
Graphics context not yet initialized. Skipping visualisations.
Graphics context not yet initialized. Skipping visualisations.
Graphics context not yet initialized. Skipping visualisations.
Graphics context not yet initialized. Skipping visualisations.
Graphics context not yet initialized. Skipping visualisations.
Graphics context not yet initialized. Skipping visualisations.
Graphics context not yet initialized. Skipping visualisations.
Graphics context not yet initialized. Skipping visualisations.
Graphics context not yet initialized. Skipping visualisations.
Graphics context not yet initialized. Skipping visualisations.
Graphics context not yet initialized. Skipping visualisations.
Graphics context not yet initialized. Skipping visualisations.
Graphics context not yet initialized. Skipping visualisations.
Graphics context not yet initialized. Skipping visualisations.
Graphics context not yet initialized. Skipping visualisations.
Graphics context not yet initialized. Skipping visualisations.
Graphics context not yet initialized. Skipping visualisations.
Graphics context not yet initialized. Skipping visualisations.
Graphics context not yet initialized. Skipping visualisations.
Graphics context not yet initialized. Skipping visualisations.
Graphics context not yet initialized. Skipping visualisations.
Graphics context not yet initialized. Skipping visualisations.
Graphics context not yet initialized. Skipping visualisations.
Graphics context not yet initialized. Skipping visualisations.
Graphics context not yet initialized. Skipping visualisations.
Graphics context not yet initialized. Skipping visualisations.
Graphics context not yet initialized. Skipping visualisations.
Graphics context not yet initialized. Skipping visualisations.
Graphics context not yet initialized. Skipping visualisations.
Graphics context not yet initialized. Skipping visualisations.
Graphics context not yet initialized. Skipping visualisations.
Graphics context not yet initialized. Skipping visualisations.
Graphics context not yet initialized. Skipping visualisations.
Graphics context not yet initialized. Skipping visualisations.
Graphics context not yet initialized. Skipping visualisations.
Graphics context not yet initialized. Skipping visualisations.
Graphics context not yet initialized. Skipping visualisations.
Graphics context not yet initialized. Skipping visualisations.
Graphics context not yet initialized. Skipping visualisations.
Graphics context not yet initialized. Skipping visualisations.
Graphics context not yet initialized. Skipping visualisations.
Graphics context not yet initialized. Skipping visualisations.
Graphics context not yet initialized. Skipping visualisations.
Graphics context not yet initialized. Skipping visualisations.
Graphics context not yet initialized. Skipping visualisations.
Graphics context not yet initialized. Skipping visualisations.
Graphics context not yet initialized. Skipping visualisations.
Graphics context not yet initialized. Skipping visualisations.
Graphics context not yet initialized. Skipping visualisations.
Graphics context not yet initialized. Skipping visualisations.
Graphics context not yet initialized. Skipping visualisations.
Graphics context not yet initialized. Skipping visualisations.
Graphics context not yet initialized. Skipping visualisations.
Graphics context not yet initialized. Skipping visualisations.
Graphics context not yet initialized. Skipping visualisations.
Graphics context not yet initialized. Skipping visualisations.
Graphics context not yet initialized. Skipping visualisations.
Graphics context not yet initialized. Skipping visualisations.
Graphics context not yet initialized. Skipping visualisations.
Graphics context not yet initialized. Skipping visualisations.
Graphics context not yet initialized. Skipping visualisations.
Graphics context not yet initialized. Skipping visualisations.
Graphics context not yet initialized. Skipping visualisations.
Graphics context not yet initialized. Skipping visualisations.
Graphics context not yet initialized. Skipping visualisations.
Graphics context not yet initialized. Skipping visualisations.
Graphics context not yet initialized. Skipping visualisations.
Graphics context not yet initialized. Skipping visualisations.
Graphics context not yet initialized. Skipping visualisations.
Graphics context not yet initialized. Skipping visualisations.
Graphics context not yet initialized. Skipping visualisations.
Graphics context not yet initialized. Skipping visualisations.
Graphics context not yet initialized. Skipping visualisations.
Graphics context not yet initialized. Skipping visualisations.
Graphics context not yet initialized. Skipping visualisations.
Graphics context not yet initialized. Skipping visualisations.
Graphics context not yet initialized. Skipping visualisations.
Graphics context not yet initialized. Skipping visualisations.
Graphics context not yet initialized. Skipping visualisations.
Graphics context not yet initialized. Skipping visualisations.
Graphics context not yet initialized. Skipping visualisations.
Graphics context not yet initialized. Skipping visualisations.
Graphics context not yet initialized. Skipping visualisations.
Graphics context not yet initialized. Skipping visualisations.
Graphics context not yet initialized. Skipping visualisations.
Graphics context not yet initialized. Skipping visualisations.
Graphics context not yet initialized. Skipping visualisations.
Graphics context not yet initialized. Skipping visualisations.
Graphics context not yet initialized. Skipping visualisations.
Graphics context not yet initialized. Skipping visualisations.
Graphics context not yet initialized. Skipping visualisations.
Graphics context not yet initialized. Skipping visualisations.
Graphics context not yet initialized. Skipping visualisations.
Graphics context not yet initialized. Skipping visualisations.
Graphics context not yet initialized. Skipping visualisations.
Graphics context not yet initialized. Skipping visualisations.
Graphics context not yet initialized. Skipping visualisations.
Graphics context not yet initialized. Skipping visualisations.
Graphics context not yet initialized. Skipping visualisations.
Graphics context not yet initialized. Skipping visualisations.
Graphics context not yet initialized. Skipping visualisations.
Graphics context not yet initialized. Skipping visualisations.
Graphics context not yet initialized. Skipping visualisations.
Graphics context not yet initialized. Skipping visualisations.
Graphics context not yet initialized. Skipping visualisations.
Graphics context not yet initialized. Skipping visualisations.
Graphics context not yet initialized. Skipping visualisations.
Graphics context not yet initialized. Skipping visualisations.
Graphics context not yet initialized. Skipping visualisations.
Graphics context not yet initialized. Skipping visualisations.
Graphics context not yet initialized. Skipping visualisations.
Graphics context not yet initialized. Skipping visualisations.
Graphics context not yet initialized. Skipping visualisations.
Graphics context not yet initialized. Skipping visualisations.
Graphics context not yet initialized. Skipping visualisations.
Graphics context not yet initialized. Skipping visualisations.
Graphics context not yet initialized. Skipping visualisations.
Graphics context not yet initialized. Skipping visualisations.
Graphics context not yet initialized. Skipping visualisations.
Graphics context not yet initialized. Skipping visualisations.
Graphics context not yet initialized. Skipping visualisations.
Graphics context not yet initialized. Skipping visualisations.
Graphics context not yet initialized. Skipping visualisations.
Graphics context not yet initialized. Skipping visualisations.
Graphics context not yet initialized. Skipping visualisations.
Graphics context not yet initialized. Skipping visualisations.
Graphics context not yet initialized. Skipping visualisations.
Graphics context not yet initialized. Skipping visualisations.
Graphics context not yet initialized. Skipping visualisations.
Graphics context not yet initialized. Skipping visualisations.
Graphics context not yet initialized. Skipping visualisations.
Graphics context not yet initialized. Skipping visualisations.
Graphics context not yet initialized. Skipping visualisations.
Graphics context not yet initialized. Skipping visualisations.
Graphics context not yet initialized. Skipping visualisations.
Graphics context not yet initialized. Skipping visualisations.
Graphics context not yet initialized. Skipping visualisations.
Graphics context not yet initialized. Skipping visualisations.
Graphics context not yet initialized. Skipping visualisations.
Graphics context not yet initialized. Skipping visualisations.
Graphics context not yet initialized. Skipping visualisations.
Graphics context not yet initialized. Skipping visualisations.
Graphics context not yet initialized. Skipping visualisations.
Graphics context not yet initialized. Skipping visualisations.
Graphics context not yet initialized. Skipping visualisations.
Graphics context not yet initialized. Skipping visualisations.
Graphics context not yet initialized. Skipping visualisations.
Graphics context not yet initialized. Skipping visualisations.
Graphics context not yet initialized. Skipping visualisations.
Graphics context not yet initialized. Skipping visualisations.
Graphics context not yet initialized. Skipping visualisations.
Graphics context not yet initialized. Skipping visualisations.
Graphics context not yet initialized. Skipping visualisations.
Graphics context not yet initialized. Skipping visualisations.
Graphics context not yet initialized. Skipping visualisations.
Graphics context not yet initialized. Skipping visualisations.
Graphics context not yet initialized. Skipping visualisations.
Graphics context not yet initialized. Skipping visualisations.
Graphics context not yet initialized. Skipping visualisations.
Graphics context not yet initialized. Skipping visualisations.
Graphics context not yet initialized. Skipping visualisations.
Graphics context not yet initialized. Skipping visualisations.
Graphics context not yet initialized. Skipping visualisations.
Graphics context not yet initialized. Skipping visualisations.
Graphics context not yet initialized. Skipping visualisations.
Graphics context not yet initialized. Skipping visualisations.
Graphics context not yet initialized. Skipping visualisations.
Graphics context not yet initialized. Skipping visualisations.
Graphics context not yet initialized. Skipping visualisations.
Graphics context not yet initialized. Skipping visualisations.
Graphics context not yet initialized. Skipping visualisations.
Graphics context not yet initialized. Skipping visualisations.
Graphics context not yet initialized. Skipping visualisations.
Graphics context not yet initialized. Skipping visualisations.
Graphics context not yet initialized. Skipping visualisations.
Graphics context not yet initialized. Skipping visualisations.
Graphics context not yet initialized. Skipping visualisations.
Graphics context not yet initialized. Skipping visualisations.
Graphics context not yet initialized. Skipping visualisations.
Graphics context not yet initialized. Skipping visualisations.
Graphics context not yet initialized. Skipping visualisations.
Graphics context not yet initialized. Skipping visualisations.
Graphics context not yet initialized. Skipping visualisations.
Graphics context not yet initialized. Skipping visualisations.
Graphics context not yet initialized. Skipping visualisations.
Graphics context not yet initialized. Skipping visualisations.
Graphics context not yet initialized. Skipping visualisations.
Graphics context not yet initialized. Skipping visualisations.
Graphics context not yet initialized. Skipping visualisations.
Graphics context not yet initialized. Skipping visualisations.
Graphics context not yet initialized. Skipping visualisations.
Graphics context not yet initialized. Skipping visualisations.
Graphics context not yet initialized. Skipping visualisations.
Graphics context not yet initialized. Skipping visualisations.
Graphics context not yet initialized. Skipping visualisations.
Graphics context not yet initialized. Skipping visualisations.
Graphics context not yet initialized. Skipping visualisations.
Graphics context not yet initialized. Skipping visualisations.
Graphics context not yet initialized. Skipping visualisations.
Graphics context not yet initialized. Skipping visualisations.
Graphics context not yet initialized. Skipping visualisations.
Graphics context not yet initialized. Skipping visualisations.
Graphics context not yet initialized. Skipping visualisations.
Graphics context not yet initialized. Skipping visualisations.
Graphics context not yet initialized. Skipping visualisations.
Graphics context not yet initialized. Skipping visualisations.
Graphics context not yet initialized. Skipping visualisations.
Graphics context not yet initialized. Skipping visualisations.
Graphics context not yet initialized. Skipping visualisations.
Graphics context not yet initialized. Skipping visualisations.
Graphics context not yet initialized. Skipping visualisations.
Graphics context not yet initialized. Skipping visualisations.
Graphics context not yet initialized. Skipping visualisations.
Graphics context not yet initialized. Skipping visualisations.
Graphics context not yet initialized. Skipping visualisations.
Graphics context not yet initialized. Skipping visualisations.
Graphics context not yet initialized. Skipping visualisations.
Graphics context not yet initialized. Skipping visualisations.
Graphics context not yet initialized. Skipping visualisations.
Graphics context not yet initialized. Skipping visualisations.
Graphics context not yet initialized. Skipping visualisations.
Graphics context not yet initialized. Skipping visualisations.
Graphics context not yet initialized. Skipping visualisations.
Graphics context not yet initialized. Skipping visualisations.
Graphics context not yet initialized. Skipping visualisations.
Graphics context not yet initialized. Skipping visualisations.
Graphics context not yet initialized. Skipping visualisations.
Graphics context not yet initialized. Skipping visualisations.
Graphics context not yet initialized. Skipping visualisations.
Graphics context not yet initialized. Skipping visualisations.
Graphics context not yet initialized. Skipping visualisations.
Graphics context not yet initialized. Skipping visualisations.
Graphics context not yet initialized. Skipping visualisations.
Graphics context not yet initialized. Skipping visualisations.
Graphics context not yet initialized. Skipping visualisations.
Graphics context not yet initialized. Skipping visualisations.
Graphics context not yet initialized. Skipping visualisations.
Graphics context not yet initialized. Skipping visualisations.
Graphics context not yet initialized. Skipping visualisations.
Graphics context not yet initialized. Skipping visualisations.
Graphics context not yet initialized. Skipping visualisations.
Graphics context not yet initialized. Skipping visualisations.
Graphics context not yet initialized. Skipping visualisations.
Graphics context not yet initialized. Skipping visualisations.
Graphics context not yet initialized. Skipping visualisations.
Graphics context not yet initialized. Skipping visualisations.
Graphics context not yet initialized. Skipping visualisations.
Graphics context not yet initialized. Skipping visualisations.
Graphics context not yet initialized. Skipping visualisations.
Graphics context not yet initialized. Skipping visualisations.
Graphics context not yet initialized. Skipping visualisations.
Graphics context not yet initialized. Skipping visualisations.
Graphics context not yet initialized. Skipping visualisations.
Graphics context not yet initialized. Skipping visualisations.
Graphics context not yet initialized. Skipping visualisations.
Graphics context not yet initialized. Skipping visualisations.
Graphics context not yet initialized. Skipping visualisations.
Graphics context not yet initialized. Skipping visualisations.
Graphics context not yet initialized. Skipping visualisations.
Graphics context not yet initialized. Skipping visualisations.
Graphics context not yet initialized. Skipping visualisations.
Graphics context not yet initialized. Skipping visualisations.
Graphics context not yet initialized. Skipping visualisations.
Graphics context not yet initialized. Skipping visualisations.
Graphics context not yet initialized. Skipping visualisations.
Graphics context not yet initialized. Skipping visualisations.
Graphics context not yet initialized. Skipping visualisations.
Graphics context not yet initialized. Skipping visualisations.
Graphics context not yet initialized. Skipping visualisations.
Graphics context not yet initialized. Skipping visualisations.
Graphics context not yet initialized. Skipping visualisations.
Graphics context not yet initialized. Skipping visualisations.
Graphics context not yet initialized. Skipping visualisations.
Graphics context not yet initialized. Skipping visualisations.
Graphics context not yet initialized. Skipping visualisations.
Graphics context not yet initialized. Skipping visualisations.
Graphics context not yet initialized. Skipping visualisations.
Graphics context not yet initialized. Skipping visualisations.
Graphics context not yet initialized. Skipping visualisations.
Graphics context not yet initialized. Skipping visualisations.
Graphics context not yet initialized. Skipping visualisations.
Graphics context not yet initialized. Skipping visualisations.
Graphics context not yet initialized. Skipping visualisations.
Graphics context not yet initialized. Skipping visualisations.
Graphics context not yet initialized. Skipping visualisations.
Graphics context not yet initialized. Skipping visualisations.
Graphics context not yet initialized. Skipping visualisations.
Graphics context not yet initialized. Skipping visualisations.
Graphics context not yet initialized. Skipping visualisations.
Graphics context not yet initialized. Skipping visualisations.
Graphics context not yet initialized. Skipping visualisations.
Graphics context not yet initialized. Skipping visualisations.
Graphics context not yet initialized. Skipping visualisations.
Graphics context not yet initialized. Skipping visualisations.
Graphics context not yet initialized. Skipping visualisations.
Graphics context not yet initialized. Skipping visualisations.
Graphics context not yet initialized. Skipping visualisations.
Graphics context not yet initialized. Skipping visualisations.
Graphics context not yet initialized. Skipping visualisations.
Graphics context not yet initialized. Skipping visualisations.
Graphics context not yet initialized. Skipping visualisations.
Graphics context not yet initialized. Skipping visualisations.
Graphics context not yet initialized. Skipping visualisations.
Graphics context not yet initialized. Skipping visualisations.
Graphics context not yet initialized. Skipping visualisations.
Graphics context not yet initialized. Skipping visualisations.
Graphics context not yet initialized. Skipping visualisations.
Graphics context not yet initialized. Skipping visualisations.
Graphics context not yet initialized. Skipping visualisations.
Graphics context not yet initialized. Skipping visualisations.
Graphics context not yet initialized. Skipping visualisations.
Graphics context not yet initialized. Skipping visualisations.
Graphics context not yet initialized. Skipping visualisations.
Graphics context not yet initialized. Skipping visualisations.
Graphics context not yet initialized. Skipping visualisations.
Graphics context not yet initialized. Skipping visualisations.
Graphics context not yet initialized. Skipping visualisations.
Graphics context not yet initialized. Skipping visualisations.
Graphics context not yet initialized. Skipping visualisations.
Graphics context not yet initialized. Skipping visualisations.
Graphics context not yet initialized. Skipping visualisations.
Graphics context not yet initialized. Skipping visualisations.
Graphics context not yet initialized. Skipping visualisations.
Graphics context not yet initialized. Skipping visualisations.
Graphics context not yet initialized. Skipping visualisations.
Graphics context not yet initialized. Skipping visualisations.
Graphics context not yet initialized. Skipping visualisations.
Graphics context not yet initialized. Skipping visualisations.
Graphics context not yet initialized. Skipping visualisations.
Graphics context not yet initialized. Skipping visualisations.
Graphics context not yet initialized. Skipping visualisations.
Graphics context not yet initialized. Skipping visualisations.
Graphics context not yet initialized. Skipping visualisations.
Graphics context not yet initialized. Skipping visualisations.
Graphics context not yet initialized. Skipping visualisations.
Graphics context not yet initialized. Skipping visualisations.
Graphics context not yet initialized. Skipping visualisations.
Graphics context not yet initialized. Skipping visualisations.
Graphics context not yet initialized. Skipping visualisations.
Graphics context not yet initialized. Skipping visualisations.
Graphics context not yet initialized. Skipping visualisations.
Graphics context not yet initialized. Skipping visualisations.
Graphics context not yet initialized. Skipping visualisations.
Graphics context not yet initialized. Skipping visualisations.
Graphics context not yet initialized. Skipping visualisations.
Graphics context not yet initialized. Skipping visualisations.
Graphics context not yet initialized. Skipping visualisations.
Graphics context not yet initialized. Skipping visualisations.
Graphics context not yet initialized. Skipping visualisations.
Graphics context not yet initialized. Skipping visualisations.
Graphics context not yet initialized. Skipping visualisations.
Graphics context not yet initialized. Skipping visualisations.
Graphics context not yet initialized. Skipping visualisations.
Graphics context not yet initialized. Skipping visualisations.
Graphics context not yet initialized. Skipping visualisations.
Graphics context not yet initialized. Skipping visualisations.
Graphics context not yet initialized. Skipping visualisations.
Graphics context not yet initialized. Skipping visualisations.
Graphics context not yet initialized. Skipping visualisations.
Graphics context not yet initialized. Skipping visualisations.
Graphics context not yet initialized. Skipping visualisations.
Graphics context not yet initialized. Skipping visualisations.
Graphics context not yet initialized. Skipping visualisations.
Graphics context not yet initialized. Skipping visualisations.
Graphics context not yet initialized. Skipping visualisations.
Graphics context not yet initialized. Skipping visualisations.
Graphics context not yet initialized. Skipping visualisations.
Graphics context not yet initialized. Skipping visualisations.
Graphics context not yet initialized. Skipping visualisations.
Graphics context not yet initialized. Skipping visualisations.
Graphics context not yet initialized. Skipping visualisations.
Graphics context not yet initialized. Skipping visualisations.
Graphics context not yet initialized. Skipping visualisations.
Graphics context not yet initialized. Skipping visualisations.
Graphics context not yet initialized. Skipping visualisations.
Graphics context not yet initialized. Skipping visualisations.
Graphics context not yet initialized. Skipping visualisations.
Graphics context not yet initialized. Skipping visualisations.
Graphics context not yet initialized. Skipping visualisations.
Graphics context not yet initialized. Skipping visualisations.
Graphics context not yet initialized. Skipping visualisations.
Graphics context not yet initialized. Skipping visualisations.
Graphics context not yet initialized. Skipping visualisations.
Graphics context not yet initialized. Skipping visualisations.
Graphics context not yet initialized. Skipping visualisations.
Graphics context not yet initialized. Skipping visualisations.
Graphics context not yet initialized. Skipping visualisations.
Graphics context not yet initialized. Skipping visualisations.
Graphics context not yet initialized. Skipping visualisations.
Graphics context not yet initialized. Skipping visualisations.
Graphics context not yet initialized. Skipping visualisations.
Graphics context not yet initialized. Skipping visualisations.
Graphics context not yet initialized. Skipping visualisations.
Graphics context not yet initialized. Skipping visualisations.
Graphics context not yet initialized. Skipping visualisations.
Graphics context not yet initialized. Skipping visualisations.
Graphics context not yet initialized. Skipping visualisations.
Graphics context not yet initialized. Skipping visualisations.
Graphics context not yet initialized. Skipping visualisations.
Graphics context not yet initialized. Skipping visualisations.
Graphics context not yet initialized. Skipping visualisations.
Graphics context not yet initialized. Skipping visualisations.
Graphics context not yet initialized. Skipping visualisations.
Graphics context not yet initialized. Skipping visualisations.
Graphics context not yet initialized. Skipping visualisations.
Graphics context not yet initialized. Skipping visualisations.
Graphics context not yet initialized. Skipping visualisations.
Graphics context not yet initialized. Skipping visualisations.
Graphics context not yet initialized. Skipping visualisations.
Graphics context not yet initialized. Skipping visualisations.
Graphics context not yet initialized. Skipping visualisations.
Graphics context not yet initialized. Skipping visualisations.
Graphics context not yet initialized. Skipping visualisations.
Graphics context not yet initialized. Skipping visualisations.
Graphics context not yet initialized. Skipping visualisations.
Graphics context not yet initialized. Skipping visualisations.
Graphics context not yet initialized. Skipping visualisations.
Graphics context not yet initialized. Skipping visualisations.
Graphics context not yet initialized. Skipping visualisations.
Graphics context not yet initialized. Skipping visualisations.
Graphics context not yet initialized. Skipping visualisations.
Graphics context not yet initialized. Skipping visualisations.
Graphics context not yet initialized. Skipping visualisations.
Graphics context not yet initialized. Skipping visualisations.
Graphics context not yet initialized. Skipping visualisations.
Graphics context not yet initialized. Skipping visualisations.
Graphics context not yet initialized. Skipping visualisations.
Graphics context not yet initialized. Skipping visualisations.
Graphics context not yet initialized. Skipping visualisations.
Graphics context not yet initialized. Skipping visualisations.
Graphics context not yet initialized. Skipping visualisations.
Graphics context not yet initialized. Skipping visualisations.
Graphics context not yet initialized. Skipping visualisations.
Graphics context not yet initialized. Skipping visualisations.
Graphics context not yet initialized. Skipping visualisations.
Graphics context not yet initialized. Skipping visualisations.
Graphics context not yet initialized. Skipping visualisations.
Graphics context not yet initialized. Skipping visualisations.
Graphics context not yet initialized. Skipping visualisations.
Graphics context not yet initialized. Skipping visualisations.
Graphics context not yet initialized. Skipping visualisations.
Graphics context not yet initialized. Skipping visualisations.
Graphics context not yet initialized. Skipping visualisations.
Graphics context not yet initialized. Skipping visualisations.
Graphics context not yet initialized. Skipping visualisations.
Graphics context not yet initialized. Skipping visualisations.
Graphics context not yet initialized. Skipping visualisations.
Graphics context not yet initialized. Skipping visualisations.
Graphics context not yet initialized. Skipping visualisations.
Graphics context not yet initialized. Skipping visualisations.
Graphics context not yet initialized. Skipping visualisations.
Graphics context not yet initialized. Skipping visualisations.
Graphics context not yet initialized. Skipping visualisations.
Graphics context not yet initialized. Skipping visualisations.
Graphics context not yet initialized. Skipping visualisations.
Graphics context not yet initialized. Skipping visualisations.
Graphics context not yet initialized. Skipping visualisations.
Graphics context not yet initialized. Skipping visualisations.
Graphics context not yet initialized. Skipping visualisations.
Graphics context not yet initialized. Skipping visualisations.
Graphics context not yet initialized. Skipping visualisations.
Graphics context not yet initialized. Skipping visualisations.
Graphics context not yet initialized. Skipping visualisations.
Graphics context not yet initialized. Skipping visualisations.
Graphics context not yet initialized. Skipping visualisations.
Graphics context not yet initialized. Skipping visualisations.
Graphics context not yet initialized. Skipping visualisations.
Graphics context not yet initialized. Skipping visualisations.
Graphics context not yet initialized. Skipping visualisations.
Graphics context not yet initialized. Skipping visualisations.
Graphics context not yet initialized. Skipping visualisations.
Graphics context not yet initialized. Skipping visualisations.
Graphics context not yet initialized. Skipping visualisations.
Graphics context not yet initialized. Skipping visualisations.
Graphics context not yet initialized. Skipping visualisations.
Graphics context not yet initialized. Skipping visualisations.
Graphics context not yet initialized. Skipping visualisations.
Graphics context not yet initialized. Skipping visualisations.
Graphics context not yet initialized. Skipping visualisations.
Graphics context not yet initialized. Skipping visualisations.
Graphics context not yet initialized. Skipping visualisations.
Graphics context not yet initialized. Skipping visualisations.
Graphics context not yet initialized. Skipping visualisations.
Graphics context not yet initialized. Skipping visualisations.
Graphics context not yet initialized. Skipping visualisations.
Graphics context not yet initialized. Skipping visualisations.
Graphics context not yet initialized. Skipping visualisations.
Graphics context not yet initialized. Skipping visualisations.
Graphics context not yet initialized. Skipping visualisations.
Graphics context not yet initialized. Skipping visualisations.
Graphics context not yet initialized. Skipping visualisations.
Graphics context not yet initialized. Skipping visualisations.
Graphics context not yet initialized. Skipping visualisations.
Graphics context not yet initialized. Skipping visualisations.
Graphics context not yet initialized. Skipping visualisations.
Graphics context not yet initialized. Skipping visualisations.
Graphics context not yet initialized. Skipping visualisations.
Graphics context not yet initialized. Skipping visualisations.
Graphics context not yet initialized. Skipping visualisations.
Graphics context not yet initialized. Skipping visualisations.
Graphics context not yet initialized. Skipping visualisations.
Graphics context not yet initialized. Skipping visualisations.
Graphics context not yet initialized. Skipping visualisations.
Graphics context not yet initialized. Skipping visualisations.
Graphics context not yet initialized. Skipping visualisations.
Graphics context not yet initialized. Skipping visualisations.
Graphics context not yet initialized. Skipping visualisations.
Graphics context not yet initialized. Skipping visualisations.
Graphics context not yet initialized. Skipping visualisations.
Graphics context not yet initialized. Skipping visualisations.
Graphics context not yet initialized. Skipping visualisations.
Graphics context not yet initialized. Skipping visualisations.
Graphics context not yet initialized. Skipping visualisations.
Graphics context not yet initialized. Skipping visualisations.
Graphics context not yet initialized. Skipping visualisations.
Graphics context not yet initialized. Skipping visualisations.
Graphics context not yet initialized. Skipping visualisations.
Graphics context not yet initialized. Skipping visualisations.
Graphics context not yet initialized. Skipping visualisations.
Graphics context not yet initialized. Skipping visualisations.
Graphics context not yet initialized. Skipping visualisations.
Graphics context not yet initialized. Skipping visualisations.
Graphics context not yet initialized. Skipping visualisations.
Graphics context not yet initialized. Skipping visualisations.
Graphics context not yet initialized. Skipping visualisations.
Graphics context not yet initialized. Skipping visualisations.
Graphics context not yet initialized. Skipping visualisations.
Graphics context not yet initialized. Skipping visualisations.
Graphics context not yet initialized. Skipping visualisations.
Graphics context not yet initialized. Skipping visualisations.
Graphics context not yet initialized. Skipping visualisations.
Graphics context not yet initialized. Skipping visualisations.
Graphics context not yet initialized. Skipping visualisations.
Graphics context not yet initialized. Skipping visualisations.
Graphics context not yet initialized. Skipping visualisations.
Graphics context not yet initialized. Skipping visualisations.
Graphics context not yet initialized. Skipping visualisations.
Graphics context not yet initialized. Skipping visualisations.
Graphics context not yet initialized. Skipping visualisations.
Graphics context not yet initialized. Skipping visualisations.
Graphics context not yet initialized. Skipping visualisations.
Graphics context not yet initialized. Skipping visualisations.
Graphics context not yet initialized. Skipping visualisations.
Graphics context not yet initialized. Skipping visualisations.
Graphics context not yet initialized. Skipping visualisations.
Graphics context not yet initialized. Skipping visualisations.
Graphics context not yet initialized. Skipping visualisations.
Graphics context not yet initialized. Skipping visualisations.
Graphics context not yet initialized. Skipping visualisations.
Graphics context not yet initialized. Skipping visualisations.
Graphics context not yet initialized. Skipping visualisations.
Graphics context not yet initialized. Skipping visualisations.
Graphics context not yet initialized. Skipping visualisations.
Graphics context not yet initialized. Skipping visualisations.
Graphics context not yet initialized. Skipping visualisations.
Graphics context not yet initialized. Skipping visualisations.
Graphics context not yet initialized. Skipping visualisations.
Graphics context not yet initialized. Skipping visualisations.
Graphics context not yet initialized. Skipping visualisations.
Graphics context not yet initialized. Skipping visualisations.
Graphics context not yet initialized. Skipping visualisations.
Graphics context not yet initialized. Skipping visualisations.
Graphics context not yet initialized. Skipping visualisations.
Graphics context not yet initialized. Skipping visualisations.
Graphics context not yet initialized. Skipping visualisations.
Graphics context not yet initialized. Skipping visualisations.
Graphics context not yet initialized. Skipping visualisations.
Graphics context not yet initialized. Skipping visualisations.
Graphics context not yet initialized. Skipping visualisations.
Graphics context not yet initialized. Skipping visualisations.
Graphics context not yet initialized. Skipping visualisations.
Graphics context not yet initialized. Skipping visualisations.
Graphics context not yet initialized. Skipping visualisations.
Graphics context not yet initialized. Skipping visualisations.
Graphics context not yet initialized. Skipping visualisations.
Graphics context not yet initialized. Skipping visualisations.
Graphics context not yet initialized. Skipping visualisations.
Graphics context not yet initialized. Skipping visualisations.
Graphics context not yet initialized. Skipping visualisations.
Graphics context not yet initialized. Skipping visualisations.
Graphics context not yet initialized. Skipping visualisations.
Graphics context not yet initialized. Skipping visualisations.
Graphics context not yet initialized. Skipping visualisations.
Graphics context not yet initialized. Skipping visualisations.
Graphics context not yet initialized. Skipping visualisations.
Graphics context not yet initialized. Skipping visualisations.
Graphics context not yet initialized. Skipping visualisations.
Graphics context not yet initialized. Skipping visualisations.
Graphics context not yet initialized. Skipping visualisations.
Graphics context not yet initialized. Skipping visualisations.
Graphics context not yet initialized. Skipping visualisations.
Graphics context not yet initialized. Skipping visualisations.
Graphics context not yet initialized. Skipping visualisations.
Graphics context not yet initialized. Skipping visualisations.
Graphics context not yet initialized. Skipping visualisations.
Graphics context not yet initialized. Skipping visualisations.
Graphics context not yet initialized. Skipping visualisations.
Graphics context not yet initialized. Skipping visualisations.
Graphics context not yet initialized. Skipping visualisations.
Graphics context not yet initialized. Skipping visualisations.
Graphics context not yet initialized. Skipping visualisations.
Graphics context not yet initialized. Skipping visualisations.
Graphics context not yet initialized. Skipping visualisations.
Graphics context not yet initialized. Skipping visualisations.
Graphics context not yet initialized. Skipping visualisations.
Graphics context not yet initialized. Skipping visualisations.
Graphics context not yet initialized. Skipping visualisations.
Graphics context not yet initialized. Skipping visualisations.
Graphics context not yet initialized. Skipping visualisations.
Graphics context not yet initialized. Skipping visualisations.
Graphics context not yet initialized. Skipping visualisations.
Graphics context not yet initialized. Skipping visualisations.
Graphics context not yet initialized. Skipping visualisations.
Graphics context not yet initialized. Skipping visualisations.
Graphics context not yet initialized. Skipping visualisations.
Graphics context not yet initialized. Skipping visualisations.
Graphics context not yet initialized. Skipping visualisations.
Graphics context not yet initialized. Skipping visualisations.
Graphics context not yet initialized. Skipping visualisations.
Graphics context not yet initialized. Skipping visualisations.
Graphics context not yet initialized. Skipping visualisations.
Graphics context not yet initialized. Skipping visualisations.
Graphics context not yet initialized. Skipping visualisations.
Graphics context not yet initialized. Skipping visualisations.
Graphics context not yet initialized. Skipping visualisations.
Graphics context not yet initialized. Skipping visualisations.
Graphics context not yet initialized. Skipping visualisations.
Graphics context not yet initialized. Skipping visualisations.
Graphics context not yet initialized. Skipping visualisations.
Graphics context not yet initialized. Skipping visualisations.
Graphics context not yet initialized. Skipping visualisations.
Graphics context not yet initialized. Skipping visualisations.
Graphics context not yet initialized. Skipping visualisations.
Graphics context not yet initialized. Skipping visualisations.
Graphics context not yet initialized. Skipping visualisations.
Graphics context not yet initialized. Skipping visualisations.
Graphics context not yet initialized. Skipping visualisations.
Graphics context not yet initialized. Skipping visualisations.
Graphics context not yet initialized. Skipping visualisations.
Graphics context not yet initialized. Skipping visualisations.
Graphics context not yet initialized. Skipping visualisations.
Graphics context not yet initialized. Skipping visualisations.
Graphics context not yet initialized. Skipping visualisations.
Graphics context not yet initialized. Skipping visualisations.
Graphics context not yet initialized. Skipping visualisations.
Graphics context not yet initialized. Skipping visualisations.
Graphics context not yet initialized. Skipping visualisations.
Graphics context not yet initialized. Skipping visualisations.
Graphics context not yet initialized. Skipping visualisations.
Graphics context not yet initialized. Skipping visualisations.
Graphics context not yet initialized. Skipping visualisations.
Graphics context not yet initialized. Skipping visualisations.
Graphics context not yet initialized. Skipping visualisations.
Graphics context not yet initialized. Skipping visualisations.
Graphics context not yet initialized. Skipping visualisations.
Graphics context not yet initialized. Skipping visualisations.
Graphics context not yet initialized. Skipping visualisations.
Graphics context not yet initialized. Skipping visualisations.
Graphics context not yet initialized. Skipping visualisations.
Graphics context not yet initialized. Skipping visualisations.
Graphics context not yet initialized. Skipping visualisations.
Graphics context not yet initialized. Skipping visualisations.
Graphics context not yet initialized. Skipping visualisations.
Graphics context not yet initialized. Skipping visualisations.
Graphics context not yet initialized. Skipping visualisations.
Graphics context not yet initialized. Skipping visualisations.
Graphics context not yet initialized. Skipping visualisations.
Graphics context not yet initialized. Skipping visualisations.
Graphics context not yet initialized. Skipping visualisations.
Graphics context not yet initialized. Skipping visualisations.
Graphics context not yet initialized. Skipping visualisations.
Graphics context not yet initialized. Skipping visualisations.
Graphics context not yet initialized. Skipping visualisations.
Graphics context not yet initialized. Skipping visualisations.
Graphics context not yet initialized. Skipping visualisations.
Graphics context not yet initialized. Skipping visualisations.
Graphics context not yet initialized. Skipping visualisations.
Graphics context not yet initialized. Skipping visualisations.
Graphics context not yet initialized. Skipping visualisations.
Graphics context not yet initialized. Skipping visualisations.
Graphics context not yet initialized. Skipping visualisations.
Graphics context not yet initialized. Skipping visualisations.
Graphics context not yet initialized. Skipping visualisations.
Graphics context not yet initialized. Skipping visualisations.
Graphics context not yet initialized. Skipping visualisations.
Graphics context not yet initialized. Skipping visualisations.
Graphics context not yet initialized. Skipping visualisations.
Graphics context not yet initialized. Skipping visualisations.
Graphics context not yet initialized. Skipping visualisations.
Graphics context not yet initialized. Skipping visualisations.
Graphics context not yet initialized. Skipping visualisations.
Graphics context not yet initialized. Skipping visualisations.
Graphics context not yet initialized. Skipping visualisations.
Graphics context not yet initialized. Skipping visualisations.
Graphics context not yet initialized. Skipping visualisations.
Graphics context not yet initialized. Skipping visualisations.
Graphics context not yet initialized. Skipping visualisations.
Graphics context not yet initialized. Skipping visualisations.
Graphics context not yet initialized. Skipping visualisations.
Graphics context not yet initialized. Skipping visualisations.
Graphics context not yet initialized. Skipping visualisations.
Graphics context not yet initialized. Skipping visualisations.
Graphics context not yet initialized. Skipping visualisations.
Graphics context not yet initialized. Skipping visualisations.
Graphics context not yet initialized. Skipping visualisations.
Graphics context not yet initialized. Skipping visualisations.
Graphics context not yet initialized. Skipping visualisations.
Graphics context not yet initialized. Skipping visualisations.
Graphics context not yet initialized. Skipping visualisations.
Graphics context not yet initialized. Skipping visualisations.
Graphics context not yet initialized. Skipping visualisations.
Graphics context not yet initialized. Skipping visualisations.
Graphics context not yet initialized. Skipping visualisations.
Graphics context not yet initialized. Skipping visualisations.
Graphics context not yet initialized. Skipping visualisations.
Graphics context not yet initialized. Skipping visualisations.
Graphics context not yet initialized. Skipping visualisations.
Graphics context not yet initialized. Skipping visualisations.
Graphics context not yet initialized. Skipping visualisations.
Graphics context not yet initialized. Skipping visualisations.
Graphics context not yet initialized. Skipping visualisations.
Graphics context not yet initialized. Skipping visualisations.
Graphics context not yet initialized. Skipping visualisations.
Graphics context not yet initialized. Skipping visualisations.
Graphics context not yet initialized. Skipping visualisations.
Graphics context not yet initialized. Skipping visualisations.
Graphics context not yet initialized. Skipping visualisations.
Graphics context not yet initialized. Skipping visualisations.
Graphics context not yet initialized. Skipping visualisations.
Graphics context not yet initialized. Skipping visualisations.
Graphics context not yet initialized. Skipping visualisations.
Graphics context not yet initialized. Skipping visualisations.
Graphics context not yet initialized. Skipping visualisations.
Graphics context not yet initialized. Skipping visualisations.
Graphics context not yet initialized. Skipping visualisations.
Graphics context not yet initialized. Skipping visualisations.
Graphics context not yet initialized. Skipping visualisations.
Graphics context not yet initialized. Skipping visualisations.
Graphics context not yet initialized. Skipping visualisations.
Graphics context not yet initialized. Skipping visualisations.
Graphics context not yet initialized. Skipping visualisations.
Graphics context not yet initialized. Skipping visualisations.
Graphics context not yet initialized. Skipping visualisations.
Graphics context not yet initialized. Skipping visualisations.
Graphics context not yet initialized. Skipping visualisations.
Graphics context not yet initialized. Skipping visualisations.
Graphics context not yet initialized. Skipping visualisations.
Graphics context not yet initialized. Skipping visualisations.
Graphics context not yet initialized. Skipping visualisations.
Graphics context not yet initialized. Skipping visualisations.
Graphics context not yet initialized. Skipping visualisations.
Graphics context not yet initialized. Skipping visualisations.
Graphics context not yet initialized. Skipping visualisations.
Graphics context not yet initialized. Skipping visualisations.
Graphics context not yet initialized. Skipping visualisations.
Graphics context not yet initialized. Skipping visualisations.
Graphics context not yet initialized. Skipping visualisations.
Graphics context not yet initialized. Skipping visualisations.
Graphics context not yet initialized. Skipping visualisations.
Graphics context not yet initialized. Skipping visualisations.
Graphics context not yet initialized. Skipping visualisations.
Graphics context not yet initialized. Skipping visualisations.
Graphics context not yet initialized. Skipping visualisations.
Graphics context not yet initialized. Skipping visualisations.
Graphics context not yet initialized. Skipping visualisations.
Graphics context not yet initialized. Skipping visualisations.
Graphics context not yet initialized. Skipping visualisations.
Graphics context not yet initialized. Skipping visualisations.
Graphics context not yet initialized. Skipping visualisations.
Graphics context not yet initialized. Skipping visualisations.
Graphics context not yet initialized. Skipping visualisations.
Graphics context not yet initialized. Skipping visualisations.
Graphics context not yet initialized. Skipping visualisations.
Graphics context not yet initialized. Skipping visualisations.
Graphics context not yet initialized. Skipping visualisations.
Graphics context not yet initialized. Skipping visualisations.
Graphics context not yet initialized. Skipping visualisations.
Graphics context not yet initialized. Skipping visualisations.
Graphics context not yet initialized. Skipping visualisations.
Graphics context not yet initialized. Skipping visualisations.
Graphics context not yet initialized. Skipping visualisations.
Graphics context not yet initialized. Skipping visualisations.
Graphics context not yet initialized. Skipping visualisations.
Graphics context not yet initialized. Skipping visualisations.
Graphics context not yet initialized. Skipping visualisations.
Graphics context not yet initialized. Skipping visualisations.
Graphics context not yet initialized. Skipping visualisations.
Graphics context not yet initialized. Skipping visualisations.
Graphics context not yet initialized. Skipping visualisations.
Graphics context not yet initialized. Skipping visualisations.
Graphics context not yet initialized. Skipping visualisations.
Graphics context not yet initialized. Skipping visualisations.
Graphics context not yet initialized. Skipping visualisations.
Graphics context not yet initialized. Skipping visualisations.
Graphics context not yet initialized. Skipping visualisations.
Graphics context not yet initialized. Skipping visualisations.
Graphics context not yet initialized. Skipping visualisations.
Graphics context not yet initialized. Skipping visualisations.
Graphics context not yet initialized. Skipping visualisations.
Graphics context not yet initialized. Skipping visualisations.
Graphics context not yet initialized. Skipping visualisations.
Graphics context not yet initialized. Skipping visualisations.
Graphics context not yet initialized. Skipping visualisations.
Graphics context not yet initialized. Skipping visualisations.
Graphics context not yet initialized. Skipping visualisations.
Graphics context not yet initialized. Skipping visualisations.
Graphics context not yet initialized. Skipping visualisations.
Graphics context not yet initialized. Skipping visualisations.
Graphics context not yet initialized. Skipping visualisations.
Graphics context not yet initialized. Skipping visualisations.
Graphics context not yet initialized. Skipping visualisations.
Graphics context not yet initialized. Skipping visualisations.
Graphics context not yet initialized. Skipping visualisations.
Graphics context not yet initialized. Skipping visualisations.
Graphics context not yet initialized. Skipping visualisations.
Graphics context not yet initialized. Skipping visualisations.
Graphics context not yet initialized. Skipping visualisations.
Graphics context not yet initialized. Skipping visualisations.
Graphics context not yet initialized. Skipping visualisations.
Graphics context not yet initialized. Skipping visualisations.
Graphics context not yet initialized. Skipping visualisations.
Graphics context not yet initialized. Skipping visualisations.
Graphics context not yet initialized. Skipping visualisations.
Graphics context not yet initialized. Skipping visualisations.
Graphics context not yet initialized. Skipping visualisations.
Graphics context not yet initialized. Skipping visualisations.
Graphics context not yet initialized. Skipping visualisations.
Graphics context not yet initialized. Skipping visualisations.
Graphics context not yet initialized. Skipping visualisations.
Graphics context not yet initialized. Skipping visualisations.
Graphics context not yet initialized. Skipping visualisations.
Graphics context not yet initialized. Skipping visualisations.
Graphics context not yet initialized. Skipping visualisations.
Graphics context not yet initialized. Skipping visualisations.
Graphics context not yet initialized. Skipping visualisations.
Graphics context not yet initialized. Skipping visualisations.
Graphics context not yet initialized. Skipping visualisations.
Graphics context not yet initialized. Skipping visualisations.
Graphics context not yet initialized. Skipping visualisations.
Graphics context not yet initialized. Skipping visualisations.
Graphics context not yet initialized. Skipping visualisations.
Graphics context not yet initialized. Skipping visualisations.
Graphics context not yet initialized. Skipping visualisations.
Graphics context not yet initialized. Skipping visualisations.
Graphics context not yet initialized. Skipping visualisations.
Graphics context not yet initialized. Skipping visualisations.
Graphics context not yet initialized. Skipping visualisations.
Graphics context not yet initialized. Skipping visualisations.
Graphics context not yet initialized. Skipping visualisations.
Graphics context not yet initialized. Skipping visualisations.
Graphics context not yet initialized. Skipping visualisations.
Graphics context not yet initialized. Skipping visualisations.
Graphics context not yet initialized. Skipping visualisations.
Graphics context not yet initialized. Skipping visualisations.
Graphics context not yet initialized. Skipping visualisations.
Graphics context not yet initialized. Skipping visualisations.
Graphics context not yet initialized. Skipping visualisations.
Graphics context not yet initialized. Skipping visualisations.
Graphics context not yet initialized. Skipping visualisations.
Graphics context not yet initialized. Skipping visualisations.
Graphics context not yet initialized. Skipping visualisations.
Graphics context not yet initialized. Skipping visualisations.
Graphics context not yet initialized. Skipping visualisations.
Graphics context not yet initialized. Skipping visualisations.
Graphics context not yet initialized. Skipping visualisations.
Graphics context not yet initialized. Skipping visualisations.
Graphics context not yet initialized. Skipping visualisations.
Graphics context not yet initialized. Skipping visualisations.
Graphics context not yet initialized. Skipping visualisations.
Graphics context not yet initialized. Skipping visualisations.
Graphics context not yet initialized. Skipping visualisations.
Graphics context not yet initialized. Skipping visualisations.
Graphics context not yet initialized. Skipping visualisations.
Graphics context not yet initialized. Skipping visualisations.
Graphics context not yet initialized. Skipping visualisations.
Graphics context not yet initialized. Skipping visualisations.
Graphics context not yet initialized. Skipping visualisations.
Graphics context not yet initialized. Skipping visualisations.
Graphics context not yet initialized. Skipping visualisations.
Graphics context not yet initialized. Skipping visualisations.
Graphics context not yet initialized. Skipping visualisations.
Graphics context not yet initialized. Skipping visualisations.
Graphics context not yet initialized. Skipping visualisations.
Graphics context not yet initialized. Skipping visualisations.
Graphics context not yet initialized. Skipping visualisations.
Graphics context not yet initialized. Skipping visualisations.
Graphics context not yet initialized. Skipping visualisations.
Graphics context not yet initialized. Skipping visualisations.
Graphics context not yet initialized. Skipping visualisations.
Graphics context not yet initialized. Skipping visualisations.
Graphics context not yet initialized. Skipping visualisations.
Graphics context not yet initialized. Skipping visualisations.
Graphics context not yet initialized. Skipping visualisations.
Graphics context not yet initialized. Skipping visualisations.
Graphics context not yet initialized. Skipping visualisations.
Graphics context not yet initialized. Skipping visualisations.
Graphics context not yet initialized. Skipping visualisations.
Graphics context not yet initialized. Skipping visualisations.
Graphics context not yet initialized. Skipping visualisations.
Graphics context not yet initialized. Skipping visualisations.
Graphics context not yet initialized. Skipping visualisations.
Graphics context not yet initialized. Skipping visualisations.
Graphics context not yet initialized. Skipping visualisations.
Graphics context not yet initialized. Skipping visualisations.
Graphics context not yet initialized. Skipping visualisations.
Graphics context not yet initialized. Skipping visualisations.
Graphics context not yet initialized. Skipping visualisations.
Graphics context not yet initialized. Skipping visualisations.
Graphics context not yet initialized. Skipping visualisations.
Graphics context not yet initialized. Skipping visualisations.
Graphics context not yet initialized. Skipping visualisations.
Graphics context not yet initialized. Skipping visualisations.
Graphics context not yet initialized. Skipping visualisations.
Graphics context not yet initialized. Skipping visualisations.
Graphics context not yet initialized. Skipping visualisations.
Graphics context not yet initialized. Skipping visualisations.
Graphics context not yet initialized. Skipping visualisations.
Graphics context not yet initialized. Skipping visualisations.
Graphics context not yet initialized. Skipping visualisations.
Graphics context not yet initialized. Skipping visualisations.
Graphics context not yet initialized. Skipping visualisations.
Graphics context not yet initialized. Skipping visualisations.
Graphics context not yet initialized. Skipping visualisations.
Graphics context not yet initialized. Skipping visualisations.
Graphics context not yet initialized. Skipping visualisations.
Graphics context not yet initialized. Skipping visualisations.
Graphics context not yet initialized. Skipping visualisations.
Graphics context not yet initialized. Skipping visualisations.
Graphics context not yet initialized. Skipping visualisations.
Graphics context not yet initialized. Skipping visualisations.
Graphics context not yet initialized. Skipping visualisations.
Graphics context not yet initialized. Skipping visualisations.
Graphics context not yet initialized. Skipping visualisations.
Graphics context not yet initialized. Skipping visualisations.
Graphics context not yet initialized. Skipping visualisations.
Graphics context not yet initialized. Skipping visualisations.
Graphics context not yet initialized. Skipping visualisations.
Graphics context not yet initialized. Skipping visualisations.
Graphics context not yet initialized. Skipping visualisations.
Graphics context not yet initialized. Skipping visualisations.
Graphics context not yet initialized. Skipping visualisations.
Graphics context not yet initialized. Skipping visualisations.
Graphics context not yet initialized. Skipping visualisations.
Graphics context not yet initialized. Skipping visualisations.
Graphics context not yet initialized. Skipping visualisations.
Graphics context not yet initialized. Skipping visualisations.
Graphics context not yet initialized. Skipping visualisations.
Graphics context not yet initialized. Skipping visualisations.
Graphics context not yet initialized. Skipping visualisations.
Graphics context not yet initialized. Skipping visualisations.
Graphics context not yet initialized. Skipping visualisations.
Graphics context not yet initialized. Skipping visualisations.
Graphics context not yet initialized. Skipping visualisations.
Graphics context not yet initialized. Skipping visualisations.
Graphics context not yet initialized. Skipping visualisations.
Graphics context not yet initialized. Skipping visualisations.
Graphics context not yet initialized. Skipping visualisations.
Graphics context not yet initialized. Skipping visualisations.
Graphics context not yet initialized. Skipping visualisations.
Graphics context not yet initialized. Skipping visualisations.
Graphics context not yet initialized. Skipping visualisations.
Graphics context not yet initialized. Skipping visualisations.
Graphics context not yet initialized. Skipping visualisations.
Graphics context not yet initialized. Skipping visualisations.
Graphics context not yet initialized. Skipping visualisations.
Graphics context not yet initialized. Skipping visualisations.
Graphics context not yet initialized. Skipping visualisations.
Graphics context not yet initialized. Skipping visualisations.
Graphics context not yet initialized. Skipping visualisations.
Graphics context not yet initialized. Skipping visualisations.
Graphics context not yet initialized. Skipping visualisations.
Graphics context not yet initialized. Skipping visualisations.
Graphics context not yet initialized. Skipping visualisations.
Graphics context not yet initialized. Skipping visualisations.
Graphics context not yet initialized. Skipping visualisations.
Graphics context not yet initialized. Skipping visualisations.
Graphics context not yet initialized. Skipping visualisations.
Graphics context not yet initialized. Skipping visualisations.
Graphics context not yet initialized. Skipping visualisations.
Graphics context not yet initialized. Skipping visualisations.
Graphics context not yet initialized. Skipping visualisations.
Graphics context not yet initialized. Skipping visualisations.
Graphics context not yet initialized. Skipping visualisations.
Graphics context not yet initialized. Skipping visualisations.
Graphics context not yet initialized. Skipping visualisations.
Graphics context not yet initialized. Skipping visualisations.
Graphics context not yet initialized. Skipping visualisations.
Graphics context not yet initialized. Skipping visualisations.
Graphics context not yet initialized. Skipping visualisations.
Graphics context not yet initialized. Skipping visualisations.
Graphics context not yet initialized. Skipping visualisations.
Graphics context not yet initialized. Skipping visualisations.
Graphics context not yet initialized. Skipping visualisations.
Graphics context not yet initialized. Skipping visualisations.
Graphics context not yet initialized. Skipping visualisations.
Graphics context not yet initialized. Skipping visualisations.
Graphics context not yet initialized. Skipping visualisations.
Graphics context not yet initialized. Skipping visualisations.
Graphics context not yet initialized. Skipping visualisations.
Graphics context not yet initialized. Skipping visualisations.
Graphics context not yet initialized. Skipping visualisations.
Graphics context not yet initialized. Skipping visualisations.
Graphics context not yet initialized. Skipping visualisations.
Graphics context not yet initialized. Skipping visualisations.
Graphics context not yet initialized. Skipping visualisations.
Graphics context not yet initialized. Skipping visualisations.
Graphics context not yet initialized. Skipping visualisations.
Graphics context not yet initialized. Skipping visualisations.
Graphics context not yet initialized. Skipping visualisations.
Graphics context not yet initialized. Skipping visualisations.
Graphics context not yet initialized. Skipping visualisations.
Graphics context not yet initialized. Skipping visualisations.
Graphics context not yet initialized. Skipping visualisations.
Graphics context not yet initialized. Skipping visualisations.
Graphics context not yet initialized. Skipping visualisations.
Graphics context not yet initialized. Skipping visualisations.
Graphics context not yet initialized. Skipping visualisations.
Graphics context not yet initialized. Skipping visualisations.
Graphics context not yet initialized. Skipping visualisations.
Graphics context not yet initialized. Skipping visualisations.
Graphics context not yet initialized. Skipping visualisations.
Graphics context not yet initialized. Skipping visualisations.
Graphics context not yet initialized. Skipping visualisations.
Graphics context not yet initialized. Skipping visualisations.
Graphics context not yet initialized. Skipping visualisations.
Graphics context not yet initialized. Skipping visualisations.
Graphics context not yet initialized. Skipping visualisations.
Graphics context not yet initialized. Skipping visualisations.
Graphics context not yet initialized. Skipping visualisations.
Graphics context not yet initialized. Skipping visualisations.
Graphics context not yet initialized. Skipping visualisations.
Graphics context not yet initialized. Skipping visualisations.
Graphics context not yet initialized. Skipping visualisations.
Graphics context not yet initialized. Skipping visualisations.
Graphics context not yet initialized. Skipping visualisations.
Graphics context not yet initialized. Skipping visualisations.
Graphics context not yet initialized. Skipping visualisations.
Graphics context not yet initialized. Skipping visualisations.
Graphics context not yet initialized. Skipping visualisations.
Graphics context not yet initialized. Skipping visualisations.
Graphics context not yet initialized. Skipping visualisations.
Graphics context not yet initialized. Skipping visualisations.
Graphics context not yet initialized. Skipping visualisations.
Graphics context not yet initialized. Skipping visualisations.
Graphics context not yet initialized. Skipping visualisations.
Graphics context not yet initialized. Skipping visualisations.
Graphics context not yet initialized. Skipping visualisations.
Graphics context not yet initialized. Skipping visualisations.
Graphics context not yet initialized. Skipping visualisations.
Graphics context not yet initialized. Skipping visualisations.
Graphics context not yet initialized. Skipping visualisations.
Graphics context not yet initialized. Skipping visualisations.
Graphics context not yet initialized. Skipping visualisations.
Graphics context not yet initialized. Skipping visualisations.
Graphics context not yet initialized. Skipping visualisations.
Graphics context not yet initialized. Skipping visualisations.
Graphics context not yet initialized. Skipping visualisations.
Graphics context not yet initialized. Skipping visualisations.
Graphics context not yet initialized. Skipping visualisations.
Graphics context not yet initialized. Skipping visualisations.
Graphics context not yet initialized. Skipping visualisations.
Graphics context not yet initialized. Skipping visualisations.
Graphics context not yet initialized. Skipping visualisations.
Graphics context not yet initialized. Skipping visualisations.
Graphics context not yet initialized. Skipping visualisations.
Graphics context not yet initialized. Skipping visualisations.
Graphics context not yet initialized. Skipping visualisations.
Graphics context not yet initialized. Skipping visualisations.
Graphics context not yet initialized. Skipping visualisations.
Graphics context not yet initialized. Skipping visualisations.
Graphics context not yet initialized. Skipping visualisations.
Graphics context not yet initialized. Skipping visualisations.
Graphics context not yet initialized. Skipping visualisations.
Graphics context not yet initialized. Skipping visualisations.
Graphics context not yet initialized. Skipping visualisations.
Graphics context not yet initialized. Skipping visualisations.
Graphics context not yet initialized. Skipping visualisations.
Graphics context not yet initialized. Skipping visualisations.
Graphics context not yet initialized. Skipping visualisations.
Graphics context not yet initialized. Skipping visualisations.
Graphics context not yet initialized. Skipping visualisations.
Graphics context not yet initialized. Skipping visualisations.
Graphics context not yet initialized. Skipping visualisations.
Graphics context not yet initialized. Skipping visualisations.
Graphics context not yet initialized. Skipping visualisations.
Graphics context not yet initialized. Skipping visualisations.
Graphics context not yet initialized. Skipping visualisations.
Graphics context not yet initialized. Skipping visualisations.
Graphics context not yet initialized. Skipping visualisations.
Graphics context not yet initialized. Skipping visualisations.
Graphics context not yet initialized. Skipping visualisations.
Graphics context not yet initialized. Skipping visualisations.
Graphics context not yet initialized. Skipping visualisations.
Graphics context not yet initialized. Skipping visualisations.
Graphics context not yet initialized. Skipping visualisations.
Graphics context not yet initialized. Skipping visualisations.
Graphics context not yet initialized. Skipping visualisations.
Graphics context not yet initialized. Skipping visualisations.
Graphics context not yet initialized. Skipping visualisations.
Graphics context not yet initialized. Skipping visualisations.
Graphics context not yet initialized. Skipping visualisations.
Graphics context not yet initialized. Skipping visualisations.
Graphics context not yet initialized. Skipping visualisations.
Graphics context not yet initialized. Skipping visualisations.
Graphics context not yet initialized. Skipping visualisations.
Graphics context not yet initialized. Skipping visualisations.
Graphics context not yet initialized. Skipping visualisations.
Graphics context not yet initialized. Skipping visualisations.
Graphics context not yet initialized. Skipping visualisations.
Graphics context not yet initialized. Skipping visualisations.
Graphics context not yet initialized. Skipping visualisations.
Graphics context not yet initialized. Skipping visualisations.
Graphics context not yet initialized. Skipping visualisations.
Graphics context not yet initialized. Skipping visualisations.
Graphics context not yet initialized. Skipping visualisations.
Graphics context not yet initialized. Skipping visualisations.
Graphics context not yet initialized. Skipping visualisations.
Graphics context not yet initialized. Skipping visualisations.
Graphics context not yet initialized. Skipping visualisations.
Graphics context not yet initialized. Skipping visualisations.
Graphics context not yet initialized. Skipping visualisations.
Graphics context not yet initialized. Skipping visualisations.
Graphics context not yet initialized. Skipping visualisations.
Graphics context not yet initialized. Skipping visualisations.
Graphics context not yet initialized. Skipping visualisations.
Graphics context not yet initialized. Skipping visualisations.
Graphics context not yet initialized. Skipping visualisations.
Graphics context not yet initialized. Skipping visualisations.
Graphics context not yet initialized. Skipping visualisations.
Graphics context not yet initialized. Skipping visualisations.
Graphics context not yet initialized. Skipping visualisations.
Graphics context not yet initialized. Skipping visualisations.
Graphics context not yet initialized. Skipping visualisations.
Graphics context not yet initialized. Skipping visualisations.
Graphics context not yet initialized. Skipping visualisations.
Graphics context not yet initialized. Skipping visualisations.
Graphics context not yet initialized. Skipping visualisations.
Graphics context not yet initialized. Skipping visualisations.
Graphics context not yet initialized. Skipping visualisations.
Graphics context not yet initialized. Skipping visualisations.
Graphics context not yet initialized. Skipping visualisations.
Graphics context not yet initialized. Skipping visualisations.
Graphics context not yet initialized. Skipping visualisations.
Graphics context not yet initialized. Skipping visualisations.
Graphics context not yet initialized. Skipping visualisations.
Graphics context not yet initialized. Skipping visualisations.
Graphics context not yet initialized. Skipping visualisations.
Graphics context not yet initialized. Skipping visualisations.
Graphics context not yet initialized. Skipping visualisations.
Graphics context not yet initialized. Skipping visualisations.
Graphics context not yet initialized. Skipping visualisations.
Graphics context not yet initialized. Skipping visualisations.
Graphics context not yet initialized. Skipping visualisations.
Graphics context not yet initialized. Skipping visualisations.
Graphics context not yet initialized. Skipping visualisations.
Graphics context not yet initialized. Skipping visualisations.
Graphics context not yet initialized. Skipping visualisations.
Graphics context not yet initialized. Skipping visualisations.
Graphics context not yet initialized. Skipping visualisations.
Graphics context not yet initialized. Skipping visualisations.
Graphics context not yet initialized. Skipping visualisations.
Graphics context not yet initialized. Skipping visualisations.
Graphics context not yet initialized. Skipping visualisations.
Graphics context not yet initialized. Skipping visualisations.
Graphics context not yet initialized. Skipping visualisations.
Graphics context not yet initialized. Skipping visualisations.
Graphics context not yet initialized. Skipping visualisations.
Graphics context not yet initialized. Skipping visualisations.
Graphics context not yet initialized. Skipping visualisations.
Graphics context not yet initialized. Skipping visualisations.
Graphics context not yet initialized. Skipping visualisations.
Graphics context not yet initialized. Skipping visualisations.
Graphics context not yet initialized. Skipping visualisations.
Graphics context not yet initialized. Skipping visualisations.
Graphics context not yet initialized. Skipping visualisations.
Graphics context not yet initialized. Skipping visualisations.
Graphics context not yet initialized. Skipping visualisations.
Graphics context not yet initialized. Skipping visualisations.
Graphics context not yet initialized. Skipping visualisations.
Graphics context not yet initialized. Skipping visualisations.
Graphics context not yet initialized. Skipping visualisations.
Graphics context not yet initialized. Skipping visualisations.
Graphics context not yet initialized. Skipping visualisations.
Graphics context not yet initialized. Skipping visualisations.
Graphics context not yet initialized. Skipping visualisations.
Graphics context not yet initialized. Skipping visualisations.
Graphics context not yet initialized. Skipping visualisations.
Graphics context not yet initialized. Skipping visualisations.
Graphics context not yet initialized. Skipping visualisations.
Graphics context not yet initialized. Skipping visualisations.
Graphics context not yet initialized. Skipping visualisations.
Graphics context not yet initialized. Skipping visualisations.
Graphics context not yet initialized. Skipping visualisations.
Graphics context not yet initialized. Skipping visualisations.
Graphics context not yet initialized. Skipping visualisations.
Graphics context not yet initialized. Skipping visualisations.
Graphics context not yet initialized. Skipping visualisations.
Graphics context not yet initialized. Skipping visualisations.
Graphics context not yet initialized. Skipping visualisations.
Graphics context not yet initialized. Skipping visualisations.
Graphics context not yet initialized. Skipping visualisations.
Graphics context not yet initialized. Skipping visualisations.
Graphics context not yet initialized. Skipping visualisations.
Graphics context not yet initialized. Skipping visualisations.
Graphics context not yet initialized. Skipping visualisations.
Graphics context not yet initialized. Skipping visualisations.
Graphics context not yet initialized. Skipping visualisations.
Graphics context not yet initialized. Skipping visualisations.
Graphics context not yet initialized. Skipping visualisations.
Graphics context not yet initialized. Skipping visualisations.
Graphics context not yet initialized. Skipping visualisations.
Graphics context not yet initialized. Skipping visualisations.
Graphics context not yet initialized. Skipping visualisations.
Graphics context not yet initialized. Skipping visualisations.
Graphics context not yet initialized. Skipping visualisations.
Graphics context not yet initialized. Skipping visualisations.
Graphics context not yet initialized. Skipping visualisations.
Graphics context not yet initialized. Skipping visualisations.
Graphics context not yet initialized. Skipping visualisations.
Graphics context not yet initialized. Skipping visualisations.
Graphics context not yet initialized. Skipping visualisations.
Graphics context not yet initialized. Skipping visualisations.
Graphics context not yet initialized. Skipping visualisations.
Graphics context not yet initialized. Skipping visualisations.
Graphics context not yet initialized. Skipping visualisations.
Graphics context not yet initialized. Skipping visualisations.
Graphics context not yet initialized. Skipping visualisations.
Graphics context not yet initialized. Skipping visualisations.
Graphics context not yet initialized. Skipping visualisations.
Graphics context not yet initialized. Skipping visualisations.
Graphics context not yet initialized. Skipping visualisations.
Graphics context not yet initialized. Skipping visualisations.
Graphics context not yet initialized. Skipping visualisations.
Graphics context not yet initialized. Skipping visualisations.
Graphics context not yet initialized. Skipping visualisations.
Graphics context not yet initialized. Skipping visualisations.
Graphics context not yet initialized. Skipping visualisations.
Graphics context not yet initialized. Skipping visualisations.
Graphics context not yet initialized. Skipping visualisations.
Graphics context not yet initialized. Skipping visualisations.
Graphics context not yet initialized. Skipping visualisations.
Graphics context not yet initialized. Skipping visualisations.
Graphics context not yet initialized. Skipping visualisations.
Graphics context not yet initialized. Skipping visualisations.
Graphics context not yet initialized. Skipping visualisations.
Graphics context not yet initialized. Skipping visualisations.
Graphics context not yet initialized. Skipping visualisations.
Graphics context not yet initialized. Skipping visualisations.
Graphics context not yet initialized. Skipping visualisations.
Graphics context not yet initialized. Skipping visualisations.
Graphics context not yet initialized. Skipping visualisations.
Graphics context not yet initialized. Skipping visualisations.
Graphics context not yet initialized. Skipping visualisations.
Graphics context not yet initialized. Skipping visualisations.
Graphics context not yet initialized. Skipping visualisations.
Graphics context not yet initialized. Skipping visualisations.
Graphics context not yet initialized. Skipping visualisations.
Graphics context not yet initialized. Skipping visualisations.
Graphics context not yet initialized. Skipping visualisations.
Graphics context not yet initialized. Skipping visualisations.
Graphics context not yet initialized. Skipping visualisations.
Graphics context not yet initialized. Skipping visualisations.
Graphics context not yet initialized. Skipping visualisations.
Graphics context not yet initialized. Skipping visualisations.
Graphics context not yet initialized. Skipping visualisations.
Graphics context not yet initialized. Skipping visualisations.
Graphics context not yet initialized. Skipping visualisations.
Graphics context not yet initialized. Skipping visualisations.
Graphics context not yet initialized. Skipping visualisations.
Graphics context not yet initialized. Skipping visualisations.
Graphics context not yet initialized. Skipping visualisations.
Graphics context not yet initialized. Skipping visualisations.
Graphics context not yet initialized. Skipping visualisations.
Graphics context not yet initialized. Skipping visualisations.
Graphics context not yet initialized. Skipping visualisations.
Graphics context not yet initialized. Skipping visualisations.
Graphics context not yet initialized. Skipping visualisations.
Graphics context not yet initialized. Skipping visualisations.
Graphics context not yet initialized. Skipping visualisations.
Graphics context not yet initialized. Skipping visualisations.
Graphics context not yet initialized. Skipping visualisations.
Graphics context not yet initialized. Skipping visualisations.
Graphics context not yet initialized. Skipping visualisations.
Graphics context not yet initialized. Skipping visualisations.
Graphics context not yet initialized. Skipping visualisations.
Graphics context not yet initialized. Skipping visualisations.
Graphics context not yet initialized. Skipping visualisations.
Graphics context not yet initialized. Skipping visualisations.
Graphics context not yet initialized. Skipping visualisations.
Graphics context not yet initialized. Skipping visualisations.
Graphics context not yet initialized. Skipping visualisations.
Graphics context not yet initialized. Skipping visualisations.
Graphics context not yet initialized. Skipping visualisations.
Graphics context not yet initialized. Skipping visualisations.
Graphics context not yet initialized. Skipping visualisations.
Graphics context not yet initialized. Skipping visualisations.
Graphics context not yet initialized. Skipping visualisations.
Graphics context not yet initialized. Skipping visualisations.
Graphics context not yet initialized. Skipping visualisations.
Graphics context not yet initialized. Skipping visualisations.
Graphics context not yet initialized. Skipping visualisations.
Graphics context not yet initialized. Skipping visualisations.
Graphics context not yet initialized. Skipping visualisations.
Graphics context not yet initialized. Skipping visualisations.
Graphics context not yet initialized. Skipping visualisations.
Graphics context not yet initialized. Skipping visualisations.
Graphics context not yet initialized. Skipping visualisations.
Graphics context not yet initialized. Skipping visualisations.
Graphics context not yet initialized. Skipping visualisations.
Graphics context not yet initialized. Skipping visualisations.
Graphics context not yet initialized. Skipping visualisations.
Graphics context not yet initialized. Skipping visualisations.
Graphics context not yet initialized. Skipping visualisations.
Graphics context not yet initialized. Skipping visualisations.
Graphics context not yet initialized. Skipping visualisations.
Graphics context not yet initialized. Skipping visualisations.
Graphics context not yet initialized. Skipping visualisations.
Graphics context not yet initialized. Skipping visualisations.
Graphics context not yet initialized. Skipping visualisations.
Graphics context not yet initialized. Skipping visualisations.
Graphics context not yet initialized. Skipping visualisations.
Graphics context not yet initialized. Skipping visualisations.
Graphics context not yet initialized. Skipping visualisations.
Graphics context not yet initialized. Skipping visualisations.
Graphics context not yet initialized. Skipping visualisations.
Graphics context not yet initialized. Skipping visualisations.
Graphics context not yet initialized. Skipping visualisations.
Graphics context not yet initialized. Skipping visualisations.
Graphics context not yet initialized. Skipping visualisations.
Graphics context not yet initialized. Skipping visualisations.
Graphics context not yet initialized. Skipping visualisations.
Graphics context not yet initialized. Skipping visualisations.
Graphics context not yet initialized. Skipping visualisations.
Graphics context not yet initialized. Skipping visualisations.
Graphics context not yet initialized. Skipping visualisations.
Graphics context not yet initialized. Skipping visualisations.
Graphics context not yet initialized. Skipping visualisations.
Graphics context not yet initialized. Skipping visualisations.
Graphics context not yet initialized. Skipping visualisations.
Graphics context not yet initialized. Skipping visualisations.
Graphics context not yet initialized. Skipping visualisations.
Graphics context not yet initialized. Skipping visualisations.
Graphics context not yet initialized. Skipping visualisations.
Graphics context not yet initialized. Skipping visualisations.
Graphics context not yet initialized. Skipping visualisations.
Graphics context not yet initialized. Skipping visualisations.
Graphics context not yet initialized. Skipping visualisations.
Graphics context not yet initialized. Skipping visualisations.
Graphics context not yet initialized. Skipping visualisations.
Graphics context not yet initialized. Skipping visualisations.
Graphics context not yet initialized. Skipping visualisations.
Graphics context not yet initialized. Skipping visualisations.
Graphics context not yet initialized. Skipping visualisations.
Graphics context not yet initialized. Skipping visualisations.
Graphics context not yet initialized. Skipping visualisations.
Graphics context not yet initialized. Skipping visualisations.
Graphics context not yet initialized. Skipping visualisations.
Graphics context not yet initialized. Skipping visualisations.
Graphics context not yet initialized. Skipping visualisations.
Graphics context not yet initialized. Skipping visualisations.
Graphics context not yet initialized. Skipping visualisations.
Graphics context not yet initialized. Skipping visualisations.
Graphics context not yet initialized. Skipping visualisations.
Graphics context not yet initialized. Skipping visualisations.
Graphics context not yet initialized. Skipping visualisations.
Graphics context not yet initialized. Skipping visualisations.
Graphics context not yet initialized. Skipping visualisations.
Graphics context not yet initialized. Skipping visualisations.
Graphics context not yet initialized. Skipping visualisations.
Graphics context not yet initialized. Skipping visualisations.
Graphics context not yet initialized. Skipping visualisations.
Graphics context not yet initialized. Skipping visualisations.
Graphics context not yet initialized. Skipping visualisations.
Graphics context not yet initialized. Skipping visualisations.
Graphics context not yet initialized. Skipping visualisations.
Graphics context not yet initialized. Skipping visualisations.
Graphics context not yet initialized. Skipping visualisations.
Graphics context not yet initialized. Skipping visualisations.
Graphics context not yet initialized. Skipping visualisations.
Graphics context not yet initialized. Skipping visualisations.
Graphics context not yet initialized. Skipping visualisations.
Graphics context not yet initialized. Skipping visualisations.
Graphics context not yet initialized. Skipping visualisations.
Graphics context not yet initialized. Skipping visualisations.
Graphics context not yet initialized. Skipping visualisations.
Graphics context not yet initialized. Skipping visualisations.
Graphics context not yet initialized. Skipping visualisations.
Graphics context not yet initialized. Skipping visualisations.
Graphics context not yet initialized. Skipping visualisations.
Graphics context not yet initialized. Skipping visualisations.
Graphics context not yet initialized. Skipping visualisations.
Graphics context not yet initialized. Skipping visualisations.
Graphics context not yet initialized. Skipping visualisations.
Graphics context not yet initialized. Skipping visualisations.
Graphics context not yet initialized. Skipping visualisations.
Graphics context not yet initialized. Skipping visualisations.
Graphics context not yet initialized. Skipping visualisations.
Graphics context not yet initialized. Skipping visualisations.
Graphics context not yet initialized. Skipping visualisations.
Graphics context not yet initialized. Skipping visualisations.
Graphics context not yet initialized. Skipping visualisations.
Graphics context not yet initialized. Skipping visualisations.
Graphics context not yet initialized. Skipping visualisations.
Graphics context not yet initialized. Skipping visualisations.
Graphics context not yet initialized. Skipping visualisations.
Graphics context not yet initialized. Skipping visualisations.
Graphics context not yet initialized. Skipping visualisations.
Graphics context not yet initialized. Skipping visualisations.
Graphics context not yet initialized. Skipping visualisations.
Graphics context not yet initialized. Skipping visualisations.
Graphics context not yet initialized. Skipping visualisations.
Graphics context not yet initialized. Skipping visualisations.
Graphics context not yet initialized. Skipping visualisations.
Graphics context not yet initialized. Skipping visualisations.
Graphics context not yet initialized. Skipping visualisations.
Graphics context not yet initialized. Skipping visualisations.
Graphics context not yet initialized. Skipping visualisations.
Graphics context not yet initialized. Skipping visualisations.
Graphics context not yet initialized. Skipping visualisations.
Graphics context not yet initialized. Skipping visualisations.
Graphics context not yet initialized. Skipping visualisations.
Graphics context not yet initialized. Skipping visualisations.
Graphics context not yet initialized. Skipping visualisations.
Graphics context not yet initialized. Skipping visualisations.
Graphics context not yet initialized. Skipping visualisations.
Graphics context not yet initialized. Skipping visualisations.
Graphics context not yet initialized. Skipping visualisations.
Graphics context not yet initialized. Skipping visualisations.
Graphics context not yet initialized. Skipping visualisations.
Graphics context not yet initialized. Skipping visualisations.
Graphics context not yet initialized. Skipping visualisations.
Graphics context not yet initialized. Skipping visualisations.
Graphics context not yet initialized. Skipping visualisations.
Graphics context not yet initialized. Skipping visualisations.
Graphics context not yet initialized. Skipping visualisations.
Graphics context not yet initialized. Skipping visualisations.
Graphics context not yet initialized. Skipping visualisations.
Graphics context not yet initialized. Skipping visualisations.
Graphics context not yet initialized. Skipping visualisations.
Graphics context not yet initialized. Skipping visualisations.
Graphics context not yet initialized. Skipping visualisations.
Graphics context not yet initialized. Skipping visualisations.
Graphics context not yet initialized. Skipping visualisations.
Graphics context not yet initialized. Skipping visualisations.
Graphics context not yet initialized. Skipping visualisations.
Graphics context not yet initialized. Skipping visualisations.
Graphics context not yet initialized. Skipping visualisations.
Graphics context not yet initialized. Skipping visualisations.
Graphics context not yet initialized. Skipping visualisations.
Graphics context not yet initialized. Skipping visualisations.
Graphics context not yet initialized. Skipping visualisations.
Graphics context not yet initialized. Skipping visualisations.
Graphics context not yet initialized. Skipping visualisations.
Graphics context not yet initialized. Skipping visualisations.
Graphics context not yet initialized. Skipping visualisations.
Graphics context not yet initialized. Skipping visualisations.
Graphics context not yet initialized. Skipping visualisations.
Graphics context not yet initialized. Skipping visualisations.
Graphics context not yet initialized. Skipping visualisations.
Graphics context not yet initialized. Skipping visualisations.
Graphics context not yet initialized. Skipping visualisations.
Graphics context not yet initialized. Skipping visualisations.
Graphics context not yet initialized. Skipping visualisations.
Graphics context not yet initialized. Skipping visualisations.
Graphics context not yet initialized. Skipping visualisations.
Graphics context not yet initialized. Skipping visualisations.
Graphics context not yet initialized. Skipping visualisations.
Graphics context not yet initialized. Skipping visualisations.
Graphics context not yet initialized. Skipping visualisations.
Graphics context not yet initialized. Skipping visualisations.
Graphics context not yet initialized. Skipping visualisations.
Graphics context not yet initialized. Skipping visualisations.
Graphics context not yet initialized. Skipping visualisations.
Graphics context not yet initialized. Skipping visualisations.
Graphics context not yet initialized. Skipping visualisations.
Graphics context not yet initialized. Skipping visualisations.
Graphics context not yet initialized. Skipping visualisations.
Graphics context not yet initialized. Skipping visualisations.
Graphics context not yet initialized. Skipping visualisations.
Graphics context not yet initialized. Skipping visualisations.
Graphics context not yet initialized. Skipping visualisations.
Graphics context not yet initialized. Skipping visualisations.
Graphics context not yet initialized. Skipping visualisations.
Graphics context not yet initialized. Skipping visualisations.
Graphics context not yet initialized. Skipping visualisations.
Graphics context not yet initialized. Skipping visualisations.
Graphics context not yet initialized. Skipping visualisations.
Graphics context not yet initialized. Skipping visualisations.
Graphics context not yet initialized. Skipping visualisations.
Graphics context not yet initialized. Skipping visualisations.
Graphics context not yet initialized. Skipping visualisations.
Graphics context not yet initialized. Skipping visualisations.
Graphics context not yet initialized. Skipping visualisations.
Graphics context not yet initialized. Skipping visualisations.
Graphics context not yet initialized. Skipping visualisations.
Graphics context not yet initialized. Skipping visualisations.
Graphics context not yet initialized. Skipping visualisations.
Graphics context not yet initialized. Skipping visualisations.
Graphics context not yet initialized. Skipping visualisations.
Graphics context not yet initialized. Skipping visualisations.
Graphics context not yet initialized. Skipping visualisations.
Graphics context not yet initialized. Skipping visualisations.
Graphics context not yet initialized. Skipping visualisations.
Graphics context not yet initialized. Skipping visualisations.
Graphics context not yet initialized. Skipping visualisations.
Graphics context not yet initialized. Skipping visualisations.
Graphics context not yet initialized. Skipping visualisations.
Graphics context not yet initialized. Skipping visualisations.
Graphics context not yet initialized. Skipping visualisations.
Graphics context not yet initialized. Skipping visualisations.
Graphics context not yet initialized. Skipping visualisations.
Graphics context not yet initialized. Skipping visualisations.
Graphics context not yet initialized. Skipping visualisations.
Graphics context not yet initialized. Skipping visualisations.
Graphics context not yet initialized. Skipping visualisations.
Graphics context not yet initialized. Skipping visualisations.
Graphics context not yet initialized. Skipping visualisations.
Graphics context not yet initialized. Skipping visualisations.
Graphics context not yet initialized. Skipping visualisations.
Graphics context not yet initialized. Skipping visualisations.
Graphics context not yet initialized. Skipping visualisations.
Graphics context not yet initialized. Skipping visualisations.
Graphics context not yet initialized. Skipping visualisations.
Graphics context not yet initialized. Skipping visualisations.
Graphics context not yet initialized. Skipping visualisations.
Graphics context not yet initialized. Skipping visualisations.
Graphics context not yet initialized. Skipping visualisations.
Graphics context not yet initialized. Skipping visualisations.
Graphics context not yet initialized. Skipping visualisations.
Graphics context not yet initialized. Skipping visualisations.
Graphics context not yet initialized. Skipping visualisations.
Graphics context not yet initialized. Skipping visualisations.
Graphics context not yet initialized. Skipping visualisations.
Graphics context not yet initialized. Skipping visualisations.
Graphics context not yet initialized. Skipping visualisations.
Graphics context not yet initialized. Skipping visualisations.
Graphics context not yet initialized. Skipping visualisations.
Graphics context not yet initialized. Skipping visualisations.
Graphics context not yet initialized. Skipping visualisations.
Graphics context not yet initialized. Skipping visualisations.
Graphics context not yet initialized. Skipping visualisations.
Graphics context not yet initialized. Skipping visualisations.
Graphics context not yet initialized. Skipping visualisations.
Graphics context not yet initialized. Skipping visualisations.
Graphics context not yet initialized. Skipping visualisations.
Graphics context not yet initialized. Skipping visualisations.
Graphics context not yet initialized. Skipping visualisations.
Graphics context not yet initialized. Skipping visualisations.
Graphics context not yet initialized. Skipping visualisations.
Graphics context not yet initialized. Skipping visualisations.
Graphics context not yet initialized. Skipping visualisations.
Graphics context not yet initialized. Skipping visualisations.
Graphics context not yet initialized. Skipping visualisations.
Graphics context not yet initialized. Skipping visualisations.
Graphics context not yet initialized. Skipping visualisations.
Graphics context not yet initialized. Skipping visualisations.
Graphics context not yet initialized. Skipping visualisations.
Graphics context not yet initialized. Skipping visualisations.
Graphics context not yet initialized. Skipping visualisations.
Graphics context not yet initialized. Skipping visualisations.
Graphics context not yet initialized. Skipping visualisations.
Graphics context not yet initialized. Skipping visualisations.
Graphics context not yet initialized. Skipping visualisations.
Graphics context not yet initialized. Skipping visualisations.
Graphics context not yet initialized. Skipping visualisations.
Graphics context not yet initialized. Skipping visualisations.
Graphics context not yet initialized. Skipping visualisations.
Graphics context not yet initialized. Skipping visualisations.
Graphics context not yet initialized. Skipping visualisations.
Graphics context not yet initialized. Skipping visualisations.
Graphics context not yet initialized. Skipping visualisations.
Graphics context not yet initialized. Skipping visualisations.
Graphics context not yet initialized. Skipping visualisations.
Graphics context not yet initialized. Skipping visualisations.
Graphics context not yet initialized. Skipping visualisations.
Graphics context not yet initialized. Skipping visualisations.
Graphics context not yet initialized. Skipping visualisations.
Graphics context not yet initialized. Skipping visualisations.
Graphics context not yet initialized. Skipping visualisations.
Graphics context not yet initialized. Skipping visualisations.
Graphics context not yet initialized. Skipping visualisations.
Graphics context not yet initialized. Skipping visualisations.
Graphics context not yet initialized. Skipping visualisations.
Graphics context not yet initialized. Skipping visualisations.
Graphics context not yet initialized. Skipping visualisations.
Graphics context not yet initialized. Skipping visualisations.
Graphics context not yet initialized. Skipping visualisations.
Graphics context not yet initialized. Skipping visualisations.
Graphics context not yet initialized. Skipping visualisations.
Graphics context not yet initialized. Skipping visualisations.
Graphics context not yet initialized. Skipping visualisations.
Graphics context not yet initialized. Skipping visualisations.
Graphics context not yet initialized. Skipping visualisations.
Graphics context not yet initialized. Skipping visualisations.
Graphics context not yet initialized. Skipping visualisations.
Graphics context not yet initialized. Skipping visualisations.
Graphics context not yet initialized. Skipping visualisations.
Graphics context not yet initialized. Skipping visualisations.
Graphics context not yet initialized. Skipping visualisations.
Graphics context not yet initialized. Skipping visualisations.
Graphics context not yet initialized. Skipping visualisations.
Graphics context not yet initialized. Skipping visualisations.
Graphics context not yet initialized. Skipping visualisations.
Graphics context not yet initialized. Skipping visualisations.
Graphics context not yet initialized. Skipping visualisations.
Graphics context not yet initialized. Skipping visualisations.
Graphics context not yet initialized. Skipping visualisations.
Graphics context not yet initialized. Skipping visualisations.
Graphics context not yet initialized. Skipping visualisations.
Graphics context not yet initialized. Skipping visualisations.
Graphics context not yet initialized. Skipping visualisations.
Graphics context not yet initialized. Skipping visualisations.
Graphics context not yet initialized. Skipping visualisations.
Graphics context not yet initialized. Skipping visualisations.
Graphics context not yet initialized. Skipping visualisations.
Graphics context not yet initialized. Skipping visualisations.
Graphics context not yet initialized. Skipping visualisations.
Graphics context not yet initialized. Skipping visualisations.
Graphics context not yet initialized. Skipping visualisations.
Graphics context not yet initialized. Skipping visualisations.
Graphics context not yet initialized. Skipping visualisations.
Graphics context not yet initialized. Skipping visualisations.
Graphics context not yet initialized. Skipping visualisations.
Graphics context not yet initialized. Skipping visualisations.
Graphics context not yet initialized. Skipping visualisations.
Graphics context not yet initialized. Skipping visualisations.
Graphics context not yet initialized. Skipping visualisations.
Graphics context not yet initialized. Skipping visualisations.
Graphics context not yet initialized. Skipping visualisations.
Graphics context not yet initialized. Skipping visualisations.
Graphics context not yet initialized. Skipping visualisations.
Graphics context not yet initialized. Skipping visualisations.
Graphics context not yet initialized. Skipping visualisations.
Graphics context not yet initialized. Skipping visualisations.
Graphics context not yet initialized. Skipping visualisations.
Graphics context not yet initialized. Skipping visualisations.
Graphics context not yet initialized. Skipping visualisations.
Graphics context not yet initialized. Skipping visualisations.
Graphics context not yet initialized. Skipping visualisations.
Graphics context not yet initialized. Skipping visualisations.
Graphics context not yet initialized. Skipping visualisations.
Graphics context not yet initialized. Skipping visualisations.
Graphics context not yet initialized. Skipping visualisations.
Graphics context not yet initialized. Skipping visualisations.
Graphics context not yet initialized. Skipping visualisations.
Graphics context not yet initialized. Skipping visualisations.
Graphics context not yet initialized. Skipping visualisations.
Graphics context not yet initialized. Skipping visualisations.
Graphics context not yet initialized. Skipping visualisations.
Graphics context not yet initialized. Skipping visualisations.
Graphics context not yet initialized. Skipping visualisations.
Graphics context not yet initialized. Skipping visualisations.
Graphics context not yet initialized. Skipping visualisations.
Graphics context not yet initialized. Skipping visualisations.
Graphics context not yet initialized. Skipping visualisations.
Graphics context not yet initialized. Skipping visualisations.
Graphics context not yet initialized. Skipping visualisations.
Graphics context not yet initialized. Skipping visualisations.
Graphics context not yet initialized. Skipping visualisations.
Graphics context not yet initialized. Skipping visualisations.
Graphics context not yet initialized. Skipping visualisations.
Graphics context not yet initialized. Skipping visualisations.
Graphics context not yet initialized. Skipping visualisations.
Graphics context not yet initialized. Skipping visualisations.
Graphics context not yet initialized. Skipping visualisations.
Graphics context not yet initialized. Skipping visualisations.
Graphics context not yet initialized. Skipping visualisations.
Graphics context not yet initialized. Skipping visualisations.
Graphics context not yet initialized. Skipping visualisations.
Graphics context not yet initialized. Skipping visualisations.
Graphics context not yet initialized. Skipping visualisations.
Graphics context not yet initialized. Skipping visualisations.
Graphics context not yet initialized. Skipping visualisations.
Graphics context not yet initialized. Skipping visualisations.
Graphics context not yet initialized. Skipping visualisations.
Graphics context not yet initialized. Skipping visualisations.
Graphics context not yet initialized. Skipping visualisations.
Graphics context not yet initialized. Skipping visualisations.
Graphics context not yet initialized. Skipping visualisations.
Graphics context not yet initialized. Skipping visualisations.
Graphics context not yet initialized. Skipping visualisations.
Graphics context not yet initialized. Skipping visualisations.
Graphics context not yet initialized. Skipping visualisations.
Graphics context not yet initialized. Skipping visualisations.
Graphics context not yet initialized. Skipping visualisations.
Graphics context not yet initialized. Skipping visualisations.
Graphics context not yet initialized. Skipping visualisations.
Graphics context not yet initialized. Skipping visualisations.
Graphics context not yet initialized. Skipping visualisations.
Graphics context not yet initialized. Skipping visualisations.
Graphics context not yet initialized. Skipping visualisations.
Graphics context not yet initialized. Skipping visualisations.
Graphics context not yet initialized. Skipping visualisations.
Graphics context not yet initialized. Skipping visualisations.
Graphics context not yet initialized. Skipping visualisations.
Graphics context not yet initialized. Skipping visualisations.
Graphics context not yet initialized. Skipping visualisations.
Graphics context not yet initialized. Skipping visualisations.
Graphics context not yet initialized. Skipping visualisations.
Graphics context not yet initialized. Skipping visualisations.
Graphics context not yet initialized. Skipping visualisations.
Graphics context not yet initialized. Skipping visualisations.
Graphics context not yet initialized. Skipping visualisations.
Graphics context not yet initialized. Skipping visualisations.
Graphics context not yet initialized. Skipping visualisations.
Graphics context not yet initialized. Skipping visualisations.
Graphics context not yet initialized. Skipping visualisations.
Graphics context not yet initialized. Skipping visualisations.
Graphics context not yet initialized. Skipping visualisations.
Graphics context not yet initialized. Skipping visualisations.
Graphics context not yet initialized. Skipping visualisations.
Graphics context not yet initialized. Skipping visualisations.
Graphics context not yet initialized. Skipping visualisations.
Graphics context not yet initialized. Skipping visualisations.
Graphics context not yet initialized. Skipping visualisations.
Graphics context not yet initialized. Skipping visualisations.
Graphics context not yet initialized. Skipping visualisations.
Graphics context not yet initialized. Skipping visualisations.
Graphics context not yet initialized. Skipping visualisations.
Graphics context not yet initialized. Skipping visualisations.
Graphics context not yet initialized. Skipping visualisations.
Graphics context not yet initialized. Skipping visualisations.
Graphics context not yet initialized. Skipping visualisations.
Graphics context not yet initialized. Skipping visualisations.
Graphics context not yet initialized. Skipping visualisations.
Graphics context not yet initialized. Skipping visualisations.
Graphics context not yet initialized. Skipping visualisations.
Graphics context not yet initialized. Skipping visualisations.
Graphics context not yet initialized. Skipping visualisations.
Graphics context not yet initialized. Skipping visualisations.
Graphics context not yet initialized. Skipping visualisations.
Graphics context not yet initialized. Skipping visualisations.
Graphics context not yet initialized. Skipping visualisations.
Graphics context not yet initialized. Skipping visualisations.
Graphics context not yet initialized. Skipping visualisations.
Graphics context not yet initialized. Skipping visualisations.
Graphics context not yet initialized. Skipping visualisations.
Graphics context not yet initialized. Skipping visualisations.
Graphics context not yet initialized. Skipping visualisations.
Graphics context not yet initialized. Skipping visualisations.
Graphics context not yet initialized. Skipping visualisations.
Graphics context not yet initialized. Skipping visualisations.
Graphics context not yet initialized. Skipping visualisations.
Graphics context not yet initialized. Skipping visualisations.
Graphics context not yet initialized. Skipping visualisations.
Graphics context not yet initialized. Skipping visualisations.
Graphics context not yet initialized. Skipping visualisations.
Graphics context not yet initialized. Skipping visualisations.
Graphics context not yet initialized. Skipping visualisations.
Graphics context not yet initialized. Skipping visualisations.
Graphics context not yet initialized. Skipping visualisations.
Graphics context not yet initialized. Skipping visualisations.
Graphics context not yet initialized. Skipping visualisations.
Graphics context not yet initialized. Skipping visualisations.
Graphics context not yet initialized. Skipping visualisations.
Graphics context not yet initialized. Skipping visualisations.
Graphics context not yet initialized. Skipping visualisations.
Graphics context not yet initialized. Skipping visualisations.
Graphics context not yet initialized. Skipping visualisations.
Graphics context not yet initialized. Skipping visualisations.
Graphics context not yet initialized. Skipping visualisations.
Graphics context not yet initialized. Skipping visualisations.
Graphics context not yet initialized. Skipping visualisations.
Graphics context not yet initialized. Skipping visualisations.
Graphics context not yet initialized. Skipping visualisations.
Graphics context not yet initialized. Skipping visualisations.
Graphics context not yet initialized. Skipping visualisations.
Graphics context not yet initialized. Skipping visualisations.
Graphics context not yet initialized. Skipping visualisations.
Graphics context not yet initialized. Skipping visualisations.
Graphics context not yet initialized. Skipping visualisations.
Graphics context not yet initialized. Skipping visualisations.
Graphics context not yet initialized. Skipping visualisations.
Graphics context not yet initialized. Skipping visualisations.
Graphics context not yet initialized. Skipping visualisations.
Graphics context not yet initialized. Skipping visualisations.
Graphics context not yet initialized. Skipping visualisations.
Graphics context not yet initialized. Skipping visualisations.
Graphics context not yet initialized. Skipping visualisations.
Graphics context not yet initialized. Skipping visualisations.
Graphics context not yet initialized. Skipping visualisations.
Graphics context not yet initialized. Skipping visualisations.
Graphics context not yet initialized. Skipping visualisations.
Graphics context not yet initialized. Skipping visualisations.
Graphics context not yet initialized. Skipping visualisations.
Graphics context not yet initialized. Skipping visualisations.
Graphics context not yet initialized. Skipping visualisations.
Graphics context not yet initialized. Skipping visualisations.
Graphics context not yet initialized. Skipping visualisations.
Graphics context not yet initialized. Skipping visualisations.
Graphics context not yet initialized. Skipping visualisations.
Graphics context not yet initialized. Skipping visualisations.
Graphics context not yet initialized. Skipping visualisations.
Graphics context not yet initialized. Skipping visualisations.
Graphics context not yet initialized. Skipping visualisations.
Graphics context not yet initialized. Skipping visualisations.
Graphics context not yet initialized. Skipping visualisations.
Graphics context not yet initialized. Skipping visualisations.
Graphics context not yet initialized. Skipping visualisations.
Graphics context not yet initialized. Skipping visualisations.
Graphics context not yet initialized. Skipping visualisations.
Graphics context not yet initialized. Skipping visualisations.
Graphics context not yet initialized. Skipping visualisations.
Graphics context not yet initialized. Skipping visualisations.
Graphics context not yet initialized. Skipping visualisations.
Graphics context not yet initialized. Skipping visualisations.
Graphics context not yet initialized. Skipping visualisations.
Graphics context not yet initialized. Skipping visualisations.
Graphics context not yet initialized. Skipping visualisations.
Graphics context not yet initialized. Skipping visualisations.
Graphics context not yet initialized. Skipping visualisations.
Graphics context not yet initialized. Skipping visualisations.
Graphics context not yet initialized. Skipping visualisations.
Graphics context not yet initialized. Skipping visualisations.
Graphics context not yet initialized. Skipping visualisations.
Graphics context not yet initialized. Skipping visualisations.
Graphics context not yet initialized. Skipping visualisations.
Graphics context not yet initialized. Skipping visualisations.
Graphics context not yet initialized. Skipping visualisations.
Graphics context not yet initialized. Skipping visualisations.
Graphics context not yet initialized. Skipping visualisations.
Graphics context not yet initialized. Skipping visualisations.
Graphics context not yet initialized. Skipping visualisations.
Graphics context not yet initialized. Skipping visualisations.
Graphics context not yet initialized. Skipping visualisations.
Graphics context not yet initialized. Skipping visualisations.
Graphics context not yet initialized. Skipping visualisations.
Graphics context not yet initialized. Skipping visualisations.
Graphics context not yet initialized. Skipping visualisations.
Graphics context not yet initialized. Skipping visualisations.
Graphics context not yet initialized. Skipping visualisations.
Graphics context not yet initialized. Skipping visualisations.
Graphics context not yet initialized. Skipping visualisations.
Graphics context not yet initialized. Skipping visualisations.
Graphics context not yet initialized. Skipping visualisations.
Graphics context not yet initialized. Skipping visualisations.
Graphics context not yet initialized. Skipping visualisations.
Graphics context not yet initialized. Skipping visualisations.
Graphics context not yet initialized. Skipping visualisations.
Graphics context not yet initialized. Skipping visualisations.
Graphics context not yet initialized. Skipping visualisations.
Graphics context not yet initialized. Skipping visualisations.
Graphics context not yet initialized. Skipping visualisations.
Graphics context not yet initialized. Skipping visualisations.
Graphics context not yet initialized. Skipping visualisations.
Graphics context not yet initialized. Skipping visualisations.
Graphics context not yet initialized. Skipping visualisations.
Graphics context not yet initialized. Skipping visualisations.
Graphics context not yet initialized. Skipping visualisations.
Graphics context not yet initialized. Skipping visualisations.
Graphics context not yet initialized. Skipping visualisations.
Graphics context not yet initialized. Skipping visualisations.
Graphics context not yet initialized. Skipping visualisations.
Graphics context not yet initialized. Skipping visualisations.
Graphics context not yet initialized. Skipping visualisations.
Graphics context not yet initialized. Skipping visualisations.
Graphics context not yet initialized. Skipping visualisations.
Graphics context not yet initialized. Skipping visualisations.
Graphics context not yet initialized. Skipping visualisations.
Graphics context not yet initialized. Skipping visualisations.
Graphics context not yet initialized. Skipping visualisations.
Graphics context not yet initialized. Skipping visualisations.
Graphics context not yet initialized. Skipping visualisations.
Graphics context not yet initialized. Skipping visualisations.
Graphics context not yet initialized. Skipping visualisations.
Graphics context not yet initialized. Skipping visualisations.
Graphics context not yet initialized. Skipping visualisations.
Graphics context not yet initialized. Skipping visualisations.
Graphics context not yet initialized. Skipping visualisations.
Graphics context not yet initialized. Skipping visualisations.
Graphics context not yet initialized. Skipping visualisations.
Graphics context not yet initialized. Skipping visualisations.
Graphics context not yet initialized. Skipping visualisations.
Graphics context not yet initialized. Skipping visualisations.
Graphics context not yet initialized. Skipping visualisations.
Graphics context not yet initialized. Skipping visualisations.
Graphics context not yet initialized. Skipping visualisations.
Graphics context not yet initialized. Skipping visualisations.
Graphics context not yet initialized. Skipping visualisations.
Graphics context not yet initialized. Skipping visualisations.
Graphics context not yet initialized. Skipping visualisations.
Graphics context not yet initialized. Skipping visualisations.
Graphics context not yet initialized. Skipping visualisations.
Graphics context not yet initialized. Skipping visualisations.
Graphics context not yet initialized. Skipping visualisations.
Graphics context not yet initialized. Skipping visualisations.
Graphics context not yet initialized. Skipping visualisations.
Graphics context not yet initialized. Skipping visualisations.
Graphics context not yet initialized. Skipping visualisations.
Graphics context not yet initialized. Skipping visualisations.
Graphics context not yet initialized. Skipping visualisations.
Graphics context not yet initialized. Skipping visualisations.
Graphics context not yet initialized. Skipping visualisations.
Graphics context not yet initialized. Skipping visualisations.
Graphics context not yet initialized. Skipping visualisations.
Graphics context not yet initialized. Skipping visualisations.
Graphics context not yet initialized. Skipping visualisations.
Graphics context not yet initialized. Skipping visualisations.
Graphics context not yet initialized. Skipping visualisations.
Graphics context not yet initialized. Skipping visualisations.
Graphics context not yet initialized. Skipping visualisations.
Graphics context not yet initialized. Skipping visualisations.
Graphics context not yet initialized. Skipping visualisations.
Graphics context not yet initialized. Skipping visualisations.
Graphics context not yet initialized. Skipping visualisations.
Graphics context not yet initialized. Skipping visualisations.
Graphics context not yet initialized. Skipping visualisations.
Graphics context not yet initialized. Skipping visualisations.
Graphics context not yet initialized. Skipping visualisations.
Graphics context not yet initialized. Skipping visualisations.
Graphics context not yet initialized. Skipping visualisations.
Graphics context not yet initialized. Skipping visualisations.
Graphics context not yet initialized. Skipping visualisations.
Graphics context not yet initialized. Skipping visualisations.
Graphics context not yet initialized. Skipping visualisations.
Graphics context not yet initialized. Skipping visualisations.
Graphics context not yet initialized. Skipping visualisations.
Graphics context not yet initialized. Skipping visualisations.
Graphics context not yet initialized. Skipping visualisations.
Graphics context not yet initialized. Skipping visualisations.
Graphics context not yet initialized. Skipping visualisations.
Graphics context not yet initialized. Skipping visualisations.
Graphics context not yet initialized. Skipping visualisations.
Graphics context not yet initialized. Skipping visualisations.
Graphics context not yet initialized. Skipping visualisations.
Graphics context not yet initialized. Skipping visualisations.
Graphics context not yet initialized. Skipping visualisations.
Graphics context not yet initialized. Skipping visualisations.
Graphics context not yet initialized. Skipping visualisations.
Graphics context not yet initialized. Skipping visualisations.
Graphics context not yet initialized. Skipping visualisations.
Graphics context not yet initialized. Skipping visualisations.
Graphics context not yet initialized. Skipping visualisations.
Graphics context not yet initialized. Skipping visualisations.
Graphics context not yet initialized. Skipping visualisations.
Graphics context not yet initialized. Skipping visualisations.
Graphics context not yet initialized. Skipping visualisations.
Graphics context not yet initialized. Skipping visualisations.
Graphics context not yet initialized. Skipping visualisations.
Graphics context not yet initialized. Skipping visualisations.
Graphics context not yet initialized. Skipping visualisations.
Graphics context not yet initialized. Skipping visualisations.
Graphics context not yet initialized. Skipping visualisations.
Graphics context not yet initialized. Skipping visualisations.
Graphics context not yet initialized. Skipping visualisations.
Graphics context not yet initialized. Skipping visualisations.
Graphics context not yet initialized. Skipping visualisations.
Graphics context not yet initialized. Skipping visualisations.
Graphics context not yet initialized. Skipping visualisations.
Graphics context not yet initialized. Skipping visualisations.
Graphics context not yet initialized. Skipping visualisations.
Graphics context not yet initialized. Skipping visualisations.
Graphics context not yet initialized. Skipping visualisations.
Graphics context not yet initialized. Skipping visualisations.
Graphics context not yet initialized. Skipping visualisations.
Graphics context not yet initialized. Skipping visualisations.
Graphics context not yet initialized. Skipping visualisations.
Graphics context not yet initialized. Skipping visualisations.
Graphics context not yet initialized. Skipping visualisations.
Graphics context not yet initialized. Skipping visualisations.
Graphics context not yet initialized. Skipping visualisations.
Graphics context not yet initialized. Skipping visualisations.
Graphics context not yet initialized. Skipping visualisations.
Graphics context not yet initialized. Skipping visualisations.
Graphics context not yet initialized. Skipping visualisations.
Graphics context not yet initialized. Skipping visualisations.
Graphics context not yet initialized. Skipping visualisations.
Graphics context not yet initialized. Skipping visualisations.
Graphics context not yet initialized. Skipping visualisations.
Graphics context not yet initialized. Skipping visualisations.
Graphics context not yet initialized. Skipping visualisations.
Graphics context not yet initialized. Skipping visualisations.
Graphics context not yet initialized. Skipping visualisations.
Graphics context not yet initialized. Skipping visualisations.
Graphics context not yet initialized. Skipping visualisations.
Graphics context not yet initialized. Skipping visualisations.
Graphics context not yet initialized. Skipping visualisations.
Graphics context not yet initialized. Skipping visualisations.
Graphics context not yet initialized. Skipping visualisations.
Graphics context not yet initialized. Skipping visualisations.
Graphics context not yet initialized. Skipping visualisations.
Graphics context not yet initialized. Skipping visualisations.
Graphics context not yet initialized. Skipping visualisations.
Graphics context not yet initialized. Skipping visualisations.
Graphics context not yet initialized. Skipping visualisations.
Graphics context not yet initialized. Skipping visualisations.
Graphics context not yet initialized. Skipping visualisations.
Graphics context not yet initialized. Skipping visualisations.
Graphics context not yet initialized. Skipping visualisations.
Graphics context not yet initialized. Skipping visualisations.
Graphics context not yet initialized. Skipping visualisations.
Graphics context not yet initialized. Skipping visualisations.
Graphics context not yet initialized. Skipping visualisations.
Graphics context not yet initialized. Skipping visualisations.
Graphics context not yet initialized. Skipping visualisations.
Graphics context not yet initialized. Skipping visualisations.
Graphics context not yet initialized. Skipping visualisations.
Graphics context not yet initialized. Skipping visualisations.
Graphics context not yet initialized. Skipping visualisations.
Graphics context not yet initialized. Skipping visualisations.
Graphics context not yet initialized. Skipping visualisations.
Graphics context not yet initialized. Skipping visualisations.
Graphics context not yet initialized. Skipping visualisations.
Graphics context not yet initialized. Skipping visualisations.
Graphics context not yet initialized. Skipping visualisations.
Graphics context not yet initialized. Skipping visualisations.
Graphics context not yet initialized. Skipping visualisations.
Graphics context not yet initialized. Skipping visualisations.
Graphics context not yet initialized. Skipping visualisations.
Graphics context not yet initialized. Skipping visualisations.
Graphics context not yet initialized. Skipping visualisations.
Graphics context not yet initialized. Skipping visualisations.
Graphics context not yet initialized. Skipping visualisations.
Graphics context not yet initialized. Skipping visualisations.
Graphics context not yet initialized. Skipping visualisations.
Graphics context not yet initialized. Skipping visualisations.
Graphics context not yet initialized. Skipping visualisations.
Graphics context not yet initialized. Skipping visualisations.
Graphics context not yet initialized. Skipping visualisations.
Graphics context not yet initialized. Skipping visualisations.
Graphics context not yet initialized. Skipping visualisations.
Graphics context not yet initialized. Skipping visualisations.
Graphics context not yet initialized. Skipping visualisations.
Graphics context not yet initialized. Skipping visualisations.
Graphics context not yet initialized. Skipping visualisations.
Graphics context not yet initialized. Skipping visualisations.
Graphics context not yet initialized. Skipping visualisations.
Graphics context not yet initialized. Skipping visualisations.
Graphics context not yet initialized. Skipping visualisations.
Graphics context not yet initialized. Skipping visualisations.
Graphics context not yet initialized. Skipping visualisations.
Graphics context not yet initialized. Skipping visualisations.
Graphics context not yet initialized. Skipping visualisations.
Graphics context not yet initialized. Skipping visualisations.
Graphics context not yet initialized. Skipping visualisations.
Graphics context not yet initialized. Skipping visualisations.
Graphics context not yet initialized. Skipping visualisations.
Graphics context not yet initialized. Skipping visualisations.
Graphics context not yet initialized. Skipping visualisations.
Graphics context not yet initialized. Skipping visualisations.
Graphics context not yet initialized. Skipping visualisations.
Graphics context not yet initialized. Skipping visualisations.
Graphics context not yet initialized. Skipping visualisations.
Graphics context not yet initialized. Skipping visualisations.
Graphics context not yet initialized. Skipping visualisations.
Graphics context not yet initialized. Skipping visualisations.
Graphics context not yet initialized. Skipping visualisations.
Graphics context not yet initialized. Skipping visualisations.
Graphics context not yet initialized. Skipping visualisations.
Graphics context not yet initialized. Skipping visualisations.
Graphics context not yet initialized. Skipping visualisations.
Graphics context not yet initialized. Skipping visualisations.
Graphics context not yet initialized. Skipping visualisations.
Graphics context not yet initialized. Skipping visualisations.
Graphics context not yet initialized. Skipping visualisations.
Graphics context not yet initialized. Skipping visualisations.
Graphics context not yet initialized. Skipping visualisations.
Graphics context not yet initialized. Skipping visualisations.
Graphics context not yet initialized. Skipping visualisations.
Graphics context not yet initialized. Skipping visualisations.
Graphics context not yet initialized. Skipping visualisations.
Graphics context not yet initialized. Skipping visualisations.
Graphics context not yet initialized. Skipping visualisations.
Graphics context not yet initialized. Skipping visualisations.
Graphics context not yet initialized. Skipping visualisations.
Graphics context not yet initialized. Skipping visualisations.
Graphics context not yet initialized. Skipping visualisations.
Graphics context not yet initialized. Skipping visualisations.
Graphics context not yet initialized. Skipping visualisations.
Graphics context not yet initialized. Skipping visualisations.
Graphics context not yet initialized. Skipping visualisations.
Graphics context not yet initialized. Skipping visualisations.
Graphics context not yet initialized. Skipping visualisations.
Graphics context not yet initialized. Skipping visualisations.
Graphics context not yet initialized. Skipping visualisations.
Graphics context not yet initialized. Skipping visualisations.
Graphics context not yet initialized. Skipping visualisations.
Graphics context not yet initialized. Skipping visualisations.
Graphics context not yet initialized. Skipping visualisations.
Graphics context not yet initialized. Skipping visualisations.
Graphics context not yet initialized. Skipping visualisations.
Graphics context not yet initialized. Skipping visualisations.
Graphics context not yet initialized. Skipping visualisations.
Graphics context not yet initialized. Skipping visualisations.
Graphics context not yet initialized. Skipping visualisations.
Graphics context not yet initialized. Skipping visualisations.
Graphics context not yet initialized. Skipping visualisations.
Graphics context not yet initialized. Skipping visualisations.
Graphics context not yet initialized. Skipping visualisations.
Graphics context not yet initialized. Skipping visualisations.
Graphics context not yet initialized. Skipping visualisations.
Graphics context not yet initialized. Skipping visualisations.
Graphics context not yet initialized. Skipping visualisations.
Graphics context not yet initialized. Skipping visualisations.
Graphics context not yet initialized. Skipping visualisations.
Graphics context not yet initialized. Skipping visualisations.
Graphics context not yet initialized. Skipping visualisations.
Graphics context not yet initialized. Skipping visualisations.
Graphics context not yet initialized. Skipping visualisations.
Graphics context not yet initialized. Skipping visualisations.
Graphics context not yet initialized. Skipping visualisations.
Graphics context not yet initialized. Skipping visualisations.
Graphics context not yet initialized. Skipping visualisations.
Graphics context not yet initialized. Skipping visualisations.
Graphics context not yet initialized. Skipping visualisations.
Graphics context not yet initialized. Skipping visualisations.
Graphics context not yet initialized. Skipping visualisations.
Graphics context not yet initialized. Skipping visualisations.
Graphics context not yet initialized. Skipping visualisations.
Graphics context not yet initialized. Skipping visualisations.
Graphics context not yet initialized. Skipping visualisations.
Graphics context not yet initialized. Skipping visualisations.
Graphics context not yet initialized. Skipping visualisations.
Graphics context not yet initialized. Skipping visualisations.
Graphics context not yet initialized. Skipping visualisations.
Graphics context not yet initialized. Skipping visualisations.
Graphics context not yet initialized. Skipping visualisations.
Graphics context not yet initialized. Skipping visualisations.
Graphics context not yet initialized. Skipping visualisations.
Graphics context not yet initialized. Skipping visualisations.
Graphics context not yet initialized. Skipping visualisations.
Graphics context not yet initialized. Skipping visualisations.
Graphics context not yet initialized. Skipping visualisations.
Graphics context not yet initialized. Skipping visualisations.
Graphics context not yet initialized. Skipping visualisations.
Graphics context not yet initialized. Skipping visualisations.
Graphics context not yet initialized. Skipping visualisations.
Graphics context not yet initialized. Skipping visualisations.
Graphics context not yet initialized. Skipping visualisations.
Graphics context not yet initialized. Skipping visualisations.
Graphics context not yet initialized. Skipping visualisations.
Graphics context not yet initialized. Skipping visualisations.
Graphics context not yet initialized. Skipping visualisations.
Graphics context not yet initialized. Skipping visualisations.
Graphics context not yet initialized. Skipping visualisations.
Graphics context not yet initialized. Skipping visualisations.
Graphics context not yet initialized. Skipping visualisations.
Graphics context not yet initialized. Skipping visualisations.
Graphics context not yet initialized. Skipping visualisations.
Graphics context not yet initialized. Skipping visualisations.
Graphics context not yet initialized. Skipping visualisations.
Graphics context not yet initialized. Skipping visualisations.
Graphics context not yet initialized. Skipping visualisations.
Graphics context not yet initialized. Skipping visualisations.
Graphics context not yet initialized. Skipping visualisations.
Graphics context not yet initialized. Skipping visualisations.
Graphics context not yet initialized. Skipping visualisations.
Graphics context not yet initialized. Skipping visualisations.
Graphics context not yet initialized. Skipping visualisations.
Graphics context not yet initialized. Skipping visualisations.
Graphics context not yet initialized. Skipping visualisations.
Graphics context not yet initialized. Skipping visualisations.
Graphics context not yet initialized. Skipping visualisations.
Graphics context not yet initialized. Skipping visualisations.
Graphics context not yet initialized. Skipping visualisations.
Graphics context not yet initialized. Skipping visualisations.
Graphics context not yet initialized. Skipping visualisations.
Graphics context not yet initialized. Skipping visualisations.
Graphics context not yet initialized. Skipping visualisations.
Graphics context not yet initialized. Skipping visualisations.
Graphics context not yet initialized. Skipping visualisations.
Graphics context not yet initialized. Skipping visualisations.
Graphics context not yet initialized. Skipping visualisations.
Graphics context not yet initialized. Skipping visualisations.
Graphics context not yet initialized. Skipping visualisations.
Graphics context not yet initialized. Skipping visualisations.
Graphics context not yet initialized. Skipping visualisations.
Graphics context not yet initialized. Skipping visualisations.
Graphics context not yet initialized. Skipping visualisations.
Graphics context not yet initialized. Skipping visualisations.
Graphics context not yet initialized. Skipping visualisations.
Graphics context not yet initialized. Skipping visualisations.
Graphics context not yet initialized. Skipping visualisations.
Graphics context not yet initialized. Skipping visualisations.
Graphics context not yet initialized. Skipping visualisations.
Graphics context not yet initialized. Skipping visualisations.
Graphics context not yet initialized. Skipping visualisations.
Graphics context not yet initialized. Skipping visualisations.
Graphics context not yet initialized. Skipping visualisations.
Graphics context not yet initialized. Skipping visualisations.
Graphics context not yet initialized. Skipping visualisations.
Graphics context not yet initialized. Skipping visualisations.
Graphics context not yet initialized. Skipping visualisations.
Graphics context not yet initialized. Skipping visualisations.
Graphics context not yet initialized. Skipping visualisations.
Graphics context not yet initialized. Skipping visualisations.
Graphics context not yet initialized. Skipping visualisations.
Graphics context not yet initialized. Skipping visualisations.
Graphics context not yet initialized. Skipping visualisations.
Graphics context not yet initialized. Skipping visualisations.
Graphics context not yet initialized. Skipping visualisations.
Graphics context not yet initialized. Skipping visualisations.
Graphics context not yet initialized. Skipping visualisations.
Graphics context not yet initialized. Skipping visualisations.
Graphics context not yet initialized. Skipping visualisations.
Graphics context not yet initialized. Skipping visualisations.
Graphics context not yet initialized. Skipping visualisations.
Graphics context not yet initialized. Skipping visualisations.
Graphics context not yet initialized. Skipping visualisations.
Graphics context not yet initialized. Skipping visualisations.
Graphics context not yet initialized. Skipping visualisations.
Graphics context not yet initialized. Skipping visualisations.
Graphics context not yet initialized. Skipping visualisations.
Graphics context not yet initialized. Skipping visualisations.
Graphics context not yet initialized. Skipping visualisations.
Graphics context not yet initialized. Skipping visualisations.
Graphics context not yet initialized. Skipping visualisations.
Graphics context not yet initialized. Skipping visualisations.
Graphics context not yet initialized. Skipping visualisations.
Graphics context not yet initialized. Skipping visualisations.
Graphics context not yet initialized. Skipping visualisations.
Graphics context not yet initialized. Skipping visualisations.
Graphics context not yet initialized. Skipping visualisations.
Graphics context not yet initialized. Skipping visualisations.
Graphics context not yet initialized. Skipping visualisations.
Graphics context not yet initialized. Skipping visualisations.
Graphics context not yet initialized. Skipping visualisations.
Graphics context not yet initialized. Skipping visualisations.
Graphics context not yet initialized. Skipping visualisations.
Graphics context not yet initialized. Skipping visualisations.
Graphics context not yet initialized. Skipping visualisations.
Graphics context not yet initialized. Skipping visualisations.
Graphics context not yet initialized. Skipping visualisations.
Graphics context not yet initialized. Skipping visualisations.
Graphics context not yet initialized. Skipping visualisations.
Graphics context not yet initialized. Skipping visualisations.
Graphics context not yet initialized. Skipping visualisations.
Graphics context not yet initialized. Skipping visualisations.
Graphics context not yet initialized. Skipping visualisations.
Graphics context not yet initialized. Skipping visualisations.
Graphics context not yet initialized. Skipping visualisations.
Graphics context not yet initialized. Skipping visualisations.
Graphics context not yet initialized. Skipping visualisations.
Graphics context not yet initialized. Skipping visualisations.
Graphics context not yet initialized. Skipping visualisations.
Graphics context not yet initialized. Skipping visualisations.
Graphics context not yet initialized. Skipping visualisations.
Graphics context not yet initialized. Skipping visualisations.
Graphics context not yet initialized. Skipping visualisations.
Graphics context not yet initialized. Skipping visualisations.
Graphics context not yet initialized. Skipping visualisations.
Graphics context not yet initialized. Skipping visualisations.
Graphics context not yet initialized. Skipping visualisations.
Graphics context not yet initialized. Skipping visualisations.
Graphics context not yet initialized. Skipping visualisations.
Graphics context not yet initialized. Skipping visualisations.
Graphics context not yet initialized. Skipping visualisations.
Graphics context not yet initialized. Skipping visualisations.
Graphics context not yet initialized. Skipping visualisations.
Graphics context not yet initialized. Skipping visualisations.
Graphics context not yet initialized. Skipping visualisations.
Graphics context not yet initialized. Skipping visualisations.
Graphics context not yet initialized. Skipping visualisations.
Graphics context not yet initialized. Skipping visualisations.
Graphics context not yet initialized. Skipping visualisations.
Graphics context not yet initialized. Skipping visualisations.
Graphics context not yet initialized. Skipping visualisations.
Graphics context not yet initialized. Skipping visualisations.
Graphics context not yet initialized. Skipping visualisations.
Graphics context not yet initialized. Skipping visualisations.
Graphics context not yet initialized. Skipping visualisations.
Graphics context not yet initialized. Skipping visualisations.
Graphics context not yet initialized. Skipping visualisations.
Graphics context not yet initialized. Skipping visualisations.
Graphics context not yet initialized. Skipping visualisations.
Graphics context not yet initialized. Skipping visualisations.
Graphics context not yet initialized. Skipping visualisations.
Graphics context not yet initialized. Skipping visualisations.
Graphics context not yet initialized. Skipping visualisations.
Graphics context not yet initialized. Skipping visualisations.
Graphics context not yet initialized. Skipping visualisations.
Graphics context not yet initialized. Skipping visualisations.
Graphics context not yet initialized. Skipping visualisations.
Graphics context not yet initialized. Skipping visualisations.
Graphics context not yet initialized. Skipping visualisations.
Graphics context not yet initialized. Skipping visualisations.
Graphics context not yet initialized. Skipping visualisations.
Graphics context not yet initialized. Skipping visualisations.
Graphics context not yet initialized. Skipping visualisations.
Graphics context not yet initialized. Skipping visualisations.
Graphics context not yet initialized. Skipping visualisations.
Graphics context not yet initialized. Skipping visualisations.
Graphics context not yet initialized. Skipping visualisations.
Graphics context not yet initialized. Skipping visualisations.
Graphics context not yet initialized. Skipping visualisations.
Graphics context not yet initialized. Skipping visualisations.
Graphics context not yet initialized. Skipping visualisations.
Graphics context not yet initialized. Skipping visualisations.
Graphics context not yet initialized. Skipping visualisations.
Graphics context not yet initialized. Skipping visualisations.
Graphics context not yet initialized. Skipping visualisations.
Graphics context not yet initialized. Skipping visualisations.
Graphics context not yet initialized. Skipping visualisations.
Graphics context not yet initialized. Skipping visualisations.
Graphics context not yet initialized. Skipping visualisations.
Graphics context not yet initialized. Skipping visualisations.
Graphics context not yet initialized. Skipping visualisations.
Graphics context not yet initialized. Skipping visualisations.
Graphics context not yet initialized. Skipping visualisations.
Graphics context not yet initialized. Skipping visualisations.
Graphics context not yet initialized. Skipping visualisations.
Graphics context not yet initialized. Skipping visualisations.
Graphics context not yet initialized. Skipping visualisations.
Graphics context not yet initialized. Skipping visualisations.
Graphics context not yet initialized. Skipping visualisations.
Graphics context not yet initialized. Skipping visualisations.
Graphics context not yet initialized. Skipping visualisations.
Graphics context not yet initialized. Skipping visualisations.
Graphics context not yet initialized. Skipping visualisations.
Graphics context not yet initialized. Skipping visualisations.
Graphics context not yet initialized. Skipping visualisations.
Graphics context not yet initialized. Skipping visualisations.
Graphics context not yet initialized. Skipping visualisations.
Graphics context not yet initialized. Skipping visualisations.
Graphics context not yet initialized. Skipping visualisations.
Graphics context not yet initialized. Skipping visualisations.
Graphics context not yet initialized. Skipping visualisations.
Graphics context not yet initialized. Skipping visualisations.
Graphics context not yet initialized. Skipping visualisations.
Graphics context not yet initialized. Skipping visualisations.
Graphics context not yet initialized. Skipping visualisations.
Graphics context not yet initialized. Skipping visualisations.
Graphics context not yet initialized. Skipping visualisations.
Graphics context not yet initialized. Skipping visualisations.
Graphics context not yet initialized. Skipping visualisations.
Graphics context not yet initialized. Skipping visualisations.
Graphics context not yet initialized. Skipping visualisations.
Graphics context not yet initialized. Skipping visualisations.
Graphics context not yet initialized. Skipping visualisations.
Graphics context not yet initialized. Skipping visualisations.
Graphics context not yet initialized. Skipping visualisations.
Graphics context not yet initialized. Skipping visualisations.
Graphics context not yet initialized. Skipping visualisations.
Graphics context not yet initialized. Skipping visualisations.
Graphics context not yet initialized. Skipping visualisations.
Graphics context not yet initialized. Skipping visualisations.
Graphics context not yet initialized. Skipping visualisations.
Graphics context not yet initialized. Skipping visualisations.
Graphics context not yet initialized. Skipping visualisations.
Graphics context not yet initialized. Skipping visualisations.
Graphics context not yet initialized. Skipping visualisations.
Graphics context not yet initialized. Skipping visualisations.
Graphics context not yet initialized. Skipping visualisations.
Graphics context not yet initialized. Skipping visualisations.
Graphics context not yet initialized. Skipping visualisations.
Graphics context not yet initialized. Skipping visualisations.
Graphics context not yet initialized. Skipping visualisations.
Graphics context not yet initialized. Skipping visualisations.
Graphics context not yet initialized. Skipping visualisations.
Graphics context not yet initialized. Skipping visualisations.
Graphics context not yet initialized. Skipping visualisations.
Graphics context not yet initialized. Skipping visualisations.
Graphics context not yet initialized. Skipping visualisations.
Graphics context not yet initialized. Skipping visualisations.
Graphics context not yet initialized. Skipping visualisations.
Graphics context not yet initialized. Skipping visualisations.
Graphics context not yet initialized. Skipping visualisations.
Graphics context not yet initialized. Skipping visualisations.
Graphics context not yet initialized. Skipping visualisations.
Graphics context not yet initialized. Skipping visualisations.
Graphics context not yet initialized. Skipping visualisations.
Graphics context not yet initialized. Skipping visualisations.
Graphics context not yet initialized. Skipping visualisations.
Graphics context not yet initialized. Skipping visualisations.
Graphics context not yet initialized. Skipping visualisations.
Graphics context not yet initialized. Skipping visualisations.
Graphics context not yet initialized. Skipping visualisations.
Graphics context not yet initialized. Skipping visualisations.
Graphics context not yet initialized. Skipping visualisations.
Graphics context not yet initialized. Skipping visualisations.
Graphics context not yet initialized. Skipping visualisations.
Graphics context not yet initialized. Skipping visualisations.
Graphics context not yet initialized. Skipping visualisations.
Graphics context not yet initialized. Skipping visualisations.
Graphics context not yet initialized. Skipping visualisations.
Graphics context not yet initialized. Skipping visualisations.
Graphics context not yet initialized. Skipping visualisations.
Graphics context not yet initialized. Skipping visualisations.
Graphics context not yet initialized. Skipping visualisations.
Graphics context not yet initialized. Skipping visualisations.
Graphics context not yet initialized. Skipping visualisations.
Graphics context not yet initialized. Skipping visualisations.
Graphics context not yet initialized. Skipping visualisations.
Graphics context not yet initialized. Skipping visualisations.
Graphics context not yet initialized. Skipping visualisations.
Graphics context not yet initialized. Skipping visualisations.
Graphics context not yet initialized. Skipping visualisations.
Graphics context not yet initialized. Skipping visualisations.
Graphics context not yet initialized. Skipping visualisations.
Graphics context not yet initialized. Skipping visualisations.
Graphics context not yet initialized. Skipping visualisations.
Graphics context not yet initialized. Skipping visualisations.
Graphics context not yet initialized. Skipping visualisations.
Graphics context not yet initialized. Skipping visualisations.
Graphics context not yet initialized. Skipping visualisations.
Graphics context not yet initialized. Skipping visualisations.
Graphics context not yet initialized. Skipping visualisations.
Graphics context not yet initialized. Skipping visualisations.
Graphics context not yet initialized. Skipping visualisations.
Graphics context not yet initialized. Skipping visualisations.
Graphics context not yet initialized. Skipping visualisations.
Graphics context not yet initialized. Skipping visualisations.
Graphics context not yet initialized. Skipping visualisations.
Graphics context not yet initialized. Skipping visualisations.
Graphics context not yet initialized. Skipping visualisations.
Graphics context not yet initialized. Skipping visualisations.
Graphics context not yet initialized. Skipping visualisations.
Graphics context not yet initialized. Skipping visualisations.
Graphics context not yet initialized. Skipping visualisations.
Graphics context not yet initialized. Skipping visualisations.
Graphics context not yet initialized. Skipping visualisations.
Graphics context not yet initialized. Skipping visualisations.
Graphics context not yet initialized. Skipping visualisations.
Graphics context not yet initialized. Skipping visualisations.
Graphics context not yet initialized. Skipping visualisations.
Graphics context not yet initialized. Skipping visualisations.
Graphics context not yet initialized. Skipping visualisations.
Graphics context not yet initialized. Skipping visualisations.
Graphics context not yet initialized. Skipping visualisations.
Graphics context not yet initialized. Skipping visualisations.
Graphics context not yet initialized. Skipping visualisations.
Graphics context not yet initialized. Skipping visualisations.
Graphics context not yet initialized. Skipping visualisations.
Graphics context not yet initialized. Skipping visualisations.
Graphics context not yet initialized. Skipping visualisations.
Graphics context not yet initialized. Skipping visualisations.
Graphics context not yet initialized. Skipping visualisations.
Graphics context not yet initialized. Skipping visualisations.
Graphics context not yet initialized. Skipping visualisations.
Graphics context not yet initialized. Skipping visualisations.
Graphics context not yet initialized. Skipping visualisations.
Graphics context not yet initialized. Skipping visualisations.
Graphics context not yet initialized. Skipping visualisations.
Graphics context not yet initialized. Skipping visualisations.
Graphics context not yet initialized. Skipping visualisations.
Graphics context not yet initialized. Skipping visualisations.
Graphics context not yet initialized. Skipping visualisations.
Graphics context not yet initialized. Skipping visualisations.
Graphics context not yet initialized. Skipping visualisations.
Graphics context not yet initialized. Skipping visualisations.
Graphics context not yet initialized. Skipping visualisations.
Graphics context not yet initialized. Skipping visualisations.
Graphics context not yet initialized. Skipping visualisations.
Graphics context not yet initialized. Skipping visualisations.
Graphics context not yet initialized. Skipping visualisations.
Graphics context not yet initialized. Skipping visualisations.
Graphics context not yet initialized. Skipping visualisations.
Graphics context not yet initialized. Skipping visualisations.
Graphics context not yet initialized. Skipping visualisations.
Graphics context not yet initialized. Skipping visualisations.
Graphics context not yet initialized. Skipping visualisations.
Graphics context not yet initialized. Skipping visualisations.
Graphics context not yet initialized. Skipping visualisations.
Graphics context not yet initialized. Skipping visualisations.
Graphics context not yet initialized. Skipping visualisations.
Graphics context not yet initialized. Skipping visualisations.
Graphics context not yet initialized. Skipping visualisations.
Graphics context not yet initialized. Skipping visualisations.
Graphics context not yet initialized. Skipping visualisations.
Graphics context not yet initialized. Skipping visualisations.
Graphics context not yet initialized. Skipping visualisations.
Graphics context not yet initialized. Skipping visualisations.
Graphics context not yet initialized. Skipping visualisations.
Graphics context not yet initialized. Skipping visualisations.
Graphics context not yet initialized. Skipping visualisations.
Graphics context not yet initialized. Skipping visualisations.
Graphics context not yet initialized. Skipping visualisations.
Graphics context not yet initialized. Skipping visualisations.
Graphics context not yet initialized. Skipping visualisations.
Graphics context not yet initialized. Skipping visualisations.
Graphics context not yet initialized. Skipping visualisations.
Graphics context not yet initialized. Skipping visualisations.
Graphics context not yet initialized. Skipping visualisations.
Graphics context not yet initialized. Skipping visualisations.
Graphics context not yet initialized. Skipping visualisations.
Graphics context not yet initialized. Skipping visualisations.
Graphics context not yet initialized. Skipping visualisations.
Graphics context not yet initialized. Skipping visualisations.
Graphics context not yet initialized. Skipping visualisations.
Graphics context not yet initialized. Skipping visualisations.
Graphics context not yet initialized. Skipping visualisations.
Graphics context not yet initialized. Skipping visualisations.
Graphics context not yet initialized. Skipping visualisations.
Graphics context not yet initialized. Skipping visualisations.
Graphics context not yet initialized. Skipping visualisations.
Graphics context not yet initialized. Skipping visualisations.
Graphics context not yet initialized. Skipping visualisations.
Graphics context not yet initialized. Skipping visualisations.
Graphics context not yet initialized. Skipping visualisations.
Graphics context not yet initialized. Skipping visualisations.
Graphics context not yet initialized. Skipping visualisations.
Graphics context not yet initialized. Skipping visualisations.
Graphics context not yet initialized. Skipping visualisations.
Graphics context not yet initialized. Skipping visualisations.
Graphics context not yet initialized. Skipping visualisations.
Graphics context not yet initialized. Skipping visualisations.
Graphics context not yet initialized. Skipping visualisations.
Graphics context not yet initialized. Skipping visualisations.
Graphics context not yet initialized. Skipping visualisations.
Graphics context not yet initialized. Skipping visualisations.
Graphics context not yet initialized. Skipping visualisations.
Graphics context not yet initialized. Skipping visualisations.
Graphics context not yet initialized. Skipping visualisations.
Graphics context not yet initialized. Skipping visualisations.
Graphics context not yet initialized. Skipping visualisations.
Graphics context not yet initialized. Skipping visualisations.
Graphics context not yet initialized. Skipping visualisations.
Graphics context not yet initialized. Skipping visualisations.
Graphics context not yet initialized. Skipping visualisations.
Graphics context not yet initialized. Skipping visualisations.
Graphics context not yet initialized. Skipping visualisations.
Graphics context not yet initialized. Skipping visualisations.
Graphics context not yet initialized. Skipping visualisations.
Graphics context not yet initialized. Skipping visualisations.
Graphics context not yet initialized. Skipping visualisations.
Graphics context not yet initialized. Skipping visualisations.
Graphics context not yet initialized. Skipping visualisations.
Graphics context not yet initialized. Skipping visualisations.
Graphics context not yet initialized. Skipping visualisations.
Graphics context not yet initialized. Skipping visualisations.
Graphics context not yet initialized. Skipping visualisations.
Graphics context not yet initialized. Skipping visualisations.
Graphics context not yet initialized. Skipping visualisations.
Graphics context not yet initialized. Skipping visualisations.
Graphics context not yet initialized. Skipping visualisations.
Graphics context not yet initialized. Skipping visualisations.
Graphics context not yet initialized. Skipping visualisations.
Graphics context not yet initialized. Skipping visualisations.
Graphics context not yet initialized. Skipping visualisations.
Graphics context not yet initialized. Skipping visualisations.
Graphics context not yet initialized. Skipping visualisations.
Graphics context not yet initialized. Skipping visualisations.
Graphics context not yet initialized. Skipping visualisations.
Graphics context not yet initialized. Skipping visualisations.
Graphics context not yet initialized. Skipping visualisations.
Graphics context not yet initialized. Skipping visualisations.
Graphics context not yet initialized. Skipping visualisations.
Graphics context not yet initialized. Skipping visualisations.
Graphics context not yet initialized. Skipping visualisations.
Graphics context not yet initialized. Skipping visualisations.
Graphics context not yet initialized. Skipping visualisations.
Graphics context not yet initialized. Skipping visualisations.
Graphics context not yet initialized. Skipping visualisations.
Graphics context not yet initialized. Skipping visualisations.
Graphics context not yet initialized. Skipping visualisations.
Graphics context not yet initialized. Skipping visualisations.
Graphics context not yet initialized. Skipping visualisations.
Graphics context not yet initialized. Skipping visualisations.
Graphics context not yet initialized. Skipping visualisations.
Graphics context not yet initialized. Skipping visualisations.
Graphics context not yet initialized. Skipping visualisations.
Graphics context not yet initialized. Skipping visualisations.
Graphics context not yet initialized. Skipping visualisations.
Graphics context not yet initialized. Skipping visualisations.
Graphics context not yet initialized. Skipping visualisations.
Graphics context not yet initialized. Skipping visualisations.
Graphics context not yet initialized. Skipping visualisations.
Graphics context not yet initialized. Skipping visualisations.
Graphics context not yet initialized. Skipping visualisations.
Graphics context not yet initialized. Skipping visualisations.
Graphics context not yet initialized. Skipping visualisations.
Graphics context not yet initialized. Skipping visualisations.
Graphics context not yet initialized. Skipping visualisations.
Graphics context not yet initialized. Skipping visualisations.
Graphics context not yet initialized. Skipping visualisations.
Graphics context not yet initialized. Skipping visualisations.
Graphics context not yet initialized. Skipping visualisations.
Graphics context not yet initialized. Skipping visualisations.
Graphics context not yet initialized. Skipping visualisations.
Graphics context not yet initialized. Skipping visualisations.
Graphics context not yet initialized. Skipping visualisations.
Graphics context not yet initialized. Skipping visualisations.
Graphics context not yet initialized. Skipping visualisations.
Graphics context not yet initialized. Skipping visualisations.
Graphics context not yet initialized. Skipping visualisations.
Graphics context not yet initialized. Skipping visualisations.
Graphics context not yet initialized. Skipping visualisations.
Graphics context not yet initialized. Skipping visualisations.
Graphics context not yet initialized. Skipping visualisations.
Graphics context not yet initialized. Skipping visualisations.
Graphics context not yet initialized. Skipping visualisations.
Graphics context not yet initialized. Skipping visualisations.
Graphics context not yet initialized. Skipping visualisations.
Graphics context not yet initialized. Skipping visualisations.
Graphics context not yet initialized. Skipping visualisations.
Graphics context not yet initialized. Skipping visualisations.
Graphics context not yet initialized. Skipping visualisations.
Graphics context not yet initialized. Skipping visualisations.
Graphics context not yet initialized. Skipping visualisations.
Graphics context not yet initialized. Skipping visualisations.
Graphics context not yet initialized. Skipping visualisations.
Graphics context not yet initialized. Skipping visualisations.
Graphics context not yet initialized. Skipping visualisations.
Graphics context not yet initialized. Skipping visualisations.
Graphics context not yet initialized. Skipping visualisations.
Graphics context not yet initialized. Skipping visualisations.
Graphics context not yet initialized. Skipping visualisations.
Graphics context not yet initialized. Skipping visualisations.
Graphics context not yet initialized. Skipping visualisations.
Graphics context not yet initialized. Skipping visualisations.
Graphics context not yet initialized. Skipping visualisations.
Graphics context not yet initialized. Skipping visualisations.
Graphics context not yet initialized. Skipping visualisations.
Graphics context not yet initialized. Skipping visualisations.
Graphics context not yet initialized. Skipping visualisations.
Graphics context not yet initialized. Skipping visualisations.
Graphics context not yet initialized. Skipping visualisations.
Graphics context not yet initialized. Skipping visualisations.
Graphics context not yet initialized. Skipping visualisations.
Graphics context not yet initialized. Skipping visualisations.
Graphics context not yet initialized. Skipping visualisations.
Graphics context not yet initialized. Skipping visualisations.
Graphics context not yet initialized. Skipping visualisations.
Graphics context not yet initialized. Skipping visualisations.
Graphics context not yet initialized. Skipping visualisations.
Graphics context not yet initialized. Skipping visualisations.
Graphics context not yet initialized. Skipping visualisations.
Graphics context not yet initialized. Skipping visualisations.
Graphics context not yet initialized. Skipping visualisations.
Graphics context not yet initialized. Skipping visualisations.
Graphics context not yet initialized. Skipping visualisations.
Graphics context not yet initialized. Skipping visualisations.
Graphics context not yet initialized. Skipping visualisations.
Graphics context not yet initialized. Skipping visualisations.
Graphics context not yet initialized. Skipping visualisations.
Graphics context not yet initialized. Skipping visualisations.
Graphics context not yet initialized. Skipping visualisations.
Graphics context not yet initialized. Skipping visualisations.
Graphics context not yet initialized. Skipping visualisations.
Graphics context not yet initialized. Skipping visualisations.
Graphics context not yet initialized. Skipping visualisations.
Graphics context not yet initialized. Skipping visualisations.
Graphics context not yet initialized. Skipping visualisations.
Graphics context not yet initialized. Skipping visualisations.
Graphics context not yet initialized. Skipping visualisations.
Graphics context not yet initialized. Skipping visualisations.
Graphics context not yet initialized. Skipping visualisations.
Graphics context not yet initialized. Skipping visualisations.
Graphics context not yet initialized. Skipping visualisations.
Graphics context not yet initialized. Skipping visualisations.
Graphics context not yet initialized. Skipping visualisations.
Graphics context not yet initialized. Skipping visualisations.
Graphics context not yet initialized. Skipping visualisations.
Graphics context not yet initialized. Skipping visualisations.
Graphics context not yet initialized. Skipping visualisations.
Graphics context not yet initialized. Skipping visualisations.
Graphics context not yet initialized. Skipping visualisations.
Graphics context not yet initialized. Skipping visualisations.
Graphics context not yet initialized. Skipping visualisations.
Graphics context not yet initialized. Skipping visualisations.
Graphics context not yet initialized. Skipping visualisations.
Graphics context not yet initialized. Skipping visualisations.
Graphics context not yet initialized. Skipping visualisations.
Graphics context not yet initialized. Skipping visualisations.
Graphics context not yet initialized. Skipping visualisations.
Graphics context not yet initialized. Skipping visualisations.
Graphics context not yet initialized. Skipping visualisations.
Graphics context not yet initialized. Skipping visualisations.
Graphics context not yet initialized. Skipping visualisations.
Graphics context not yet initialized. Skipping visualisations.
Graphics context not yet initialized. Skipping visualisations.
Graphics context not yet initialized. Skipping visualisations.
Graphics context not yet initialized. Skipping visualisations.
Graphics context not yet initialized. Skipping visualisations.
Graphics context not yet initialized. Skipping visualisations.
Graphics context not yet initialized. Skipping visualisations.
Graphics context not yet initialized. Skipping visualisations.
Graphics context not yet initialized. Skipping visualisations.
Graphics context not yet initialized. Skipping visualisations.
Graphics context not yet initialized. Skipping visualisations.
Graphics context not yet initialized. Skipping visualisations.
Graphics context not yet initialized. Skipping visualisations.
Graphics context not yet initialized. Skipping visualisations.
Graphics context not yet initialized. Skipping visualisations.
Graphics context not yet initialized. Skipping visualisations.
Graphics context not yet initialized. Skipping visualisations.
Graphics context not yet initialized. Skipping visualisations.
Graphics context not yet initialized. Skipping visualisations.
Graphics context not yet initialized. Skipping visualisations.
Graphics context not yet initialized. Skipping visualisations.
Graphics context not yet initialized. Skipping visualisations.
Graphics context not yet initialized. Skipping visualisations.
Graphics context not yet initialized. Skipping visualisations.
Graphics context not yet initialized. Skipping visualisations.
Graphics context not yet initialized. Skipping visualisations.
Graphics context not yet initialized. Skipping visualisations.
Graphics context not yet initialized. Skipping visualisations.
Graphics context not yet initialized. Skipping visualisations.
Graphics context not yet initialized. Skipping visualisations.
Graphics context not yet initialized. Skipping visualisations.
Graphics context not yet initialized. Skipping visualisations.
Graphics context not yet initialized. Skipping visualisations.
Graphics context not yet initialized. Skipping visualisations.
Graphics context not yet initialized. Skipping visualisations.
Graphics context not yet initialized. Skipping visualisations.
Graphics context not yet initialized. Skipping visualisations.
Graphics context not yet initialized. Skipping visualisations.
Graphics context not yet initialized. Skipping visualisations.
Graphics context not yet initialized. Skipping visualisations.
Graphics context not yet initialized. Skipping visualisations.
Graphics context not yet initialized. Skipping visualisations.
Graphics context not yet initialized. Skipping visualisations.
Graphics context not yet initialized. Skipping visualisations.
Graphics context not yet initialized. Skipping visualisations.
Graphics context not yet initialized. Skipping visualisations.
Graphics context not yet initialized. Skipping visualisations.
Graphics context not yet initialized. Skipping visualisations.
Graphics context not yet initialized. Skipping visualisations.
Graphics context not yet initialized. Skipping visualisations.
Graphics context not yet initialized. Skipping visualisations.
Graphics context not yet initialized. Skipping visualisations.
Graphics context not yet initialized. Skipping visualisations.
Graphics context not yet initialized. Skipping visualisations.
Graphics context not yet initialized. Skipping visualisations.
Graphics context not yet initialized. Skipping visualisations.
Graphics context not yet initialized. Skipping visualisations.
Graphics context not yet initialized. Skipping visualisations.
Graphics context not yet initialized. Skipping visualisations.
Graphics context not yet initialized. Skipping visualisations.
Graphics context not yet initialized. Skipping visualisations.
Graphics context not yet initialized. Skipping visualisations.
Graphics context not yet initialized. Skipping visualisations.
Graphics context not yet initialized. Skipping visualisations.
Graphics context not yet initialized. Skipping visualisations.
Graphics context not yet initialized. Skipping visualisations.
Graphics context not yet initialized. Skipping visualisations.
Graphics context not yet initialized. Skipping visualisations.
Graphics context not yet initialized. Skipping visualisations.
Graphics context not yet initialized. Skipping visualisations.
Graphics context not yet initialized. Skipping visualisations.
Graphics context not yet initialized. Skipping visualisations.
Graphics context not yet initialized. Skipping visualisations.
Graphics context not yet initialized. Skipping visualisations.
Graphics context not yet initialized. Skipping visualisations.
Graphics context not yet initialized. Skipping visualisations.
Graphics context not yet initialized. Skipping visualisations.
Graphics context not yet initialized. Skipping visualisations.
Graphics context not yet initialized. Skipping visualisations.
Graphics context not yet initialized. Skipping visualisations.
Graphics context not yet initialized. Skipping visualisations.
Graphics context not yet initialized. Skipping visualisations.
Graphics context not yet initialized. Skipping visualisations.
Graphics context not yet initialized. Skipping visualisations.
Graphics context not yet initialized. Skipping visualisations.
Graphics context not yet initialized. Skipping visualisations.
Graphics context not yet initialized. Skipping visualisations.
Graphics context not yet initialized. Skipping visualisations.
Graphics context not yet initialized. Skipping visualisations.
Graphics context not yet initialized. Skipping visualisations.
Graphics context not yet initialized. Skipping visualisations.
Graphics context not yet initialized. Skipping visualisations.
Graphics context not yet initialized. Skipping visualisations.
Graphics context not yet initialized. Skipping visualisations.
Graphics context not yet initialized. Skipping visualisations.
Graphics context not yet initialized. Skipping visualisations.
Graphics context not yet initialized. Skipping visualisations.
Graphics context not yet initialized. Skipping visualisations.
Graphics context not yet initialized. Skipping visualisations.
Graphics context not yet initialized. Skipping visualisations.
Graphics context not yet initialized. Skipping visualisations.
Graphics context not yet initialized. Skipping visualisations.
Graphics context not yet initialized. Skipping visualisations.
Graphics context not yet initialized. Skipping visualisations.
Graphics context not yet initialized. Skipping visualisations.
Graphics context not yet initialized. Skipping visualisations.
Graphics context not yet initialized. Skipping visualisations.
Graphics context not yet initialized. Skipping visualisations.
Graphics context not yet initialized. Skipping visualisations.
Graphics context not yet initialized. Skipping visualisations.
Graphics context not yet initialized. Skipping visualisations.
Graphics context not yet initialized. Skipping visualisations.
Graphics context not yet initialized. Skipping visualisations.
Graphics context not yet initialized. Skipping visualisations.
Graphics context not yet initialized. Skipping visualisations.
Graphics context not yet initialized. Skipping visualisations.
Graphics context not yet initialized. Skipping visualisations.
Graphics context not yet initialized. Skipping visualisations.
Graphics context not yet initialized. Skipping visualisations.
Graphics context not yet initialized. Skipping visualisations.
Graphics context not yet initialized. Skipping visualisations.
Graphics context not yet initialized. Skipping visualisations.
Graphics context not yet initialized. Skipping visualisations.
Graphics context not yet initialized. Skipping visualisations.
Graphics context not yet initialized. Skipping visualisations.
Graphics context not yet initialized. Skipping visualisations.
Graphics context not yet initialized. Skipping visualisations.
Graphics context not yet initialized. Skipping visualisations.
Graphics context not yet initialized. Skipping visualisations.
Graphics context not yet initialized. Skipping visualisations.
Graphics context not yet initialized. Skipping visualisations.
Graphics context not yet initialized. Skipping visualisations.
Graphics context not yet initialized. Skipping visualisations.
Graphics context not yet initialized. Skipping visualisations.
Graphics context not yet initialized. Skipping visualisations.
Graphics context not yet initialized. Skipping visualisations.
Graphics context not yet initialized. Skipping visualisations.
Graphics context not yet initialized. Skipping visualisations.
Graphics context not yet initialized. Skipping visualisations.
Graphics context not yet initialized. Skipping visualisations.
Graphics context not yet initialized. Skipping visualisations.
Graphics context not yet initialized. Skipping visualisations.
Graphics context not yet initialized. Skipping visualisations.
Graphics context not yet initialized. Skipping visualisations.
Graphics context not yet initialized. Skipping visualisations.
Graphics context not yet initialized. Skipping visualisations.
Graphics context not yet initialized. Skipping visualisations.
Graphics context not yet initialized. Skipping visualisations.
Graphics context not yet initialized. Skipping visualisations.
Graphics context not yet initialized. Skipping visualisations.
Graphics context not yet initialized. Skipping visualisations.
Graphics context not yet initialized. Skipping visualisations.
Graphics context not yet initialized. Skipping visualisations.
Graphics context not yet initialized. Skipping visualisations.
Graphics context not yet initialized. Skipping visualisations.
Graphics context not yet initialized. Skipping visualisations.
Graphics context not yet initialized. Skipping visualisations.
Graphics context not yet initialized. Skipping visualisations.
Graphics context not yet initialized. Skipping visualisations.
Graphics context not yet initialized. Skipping visualisations.
Graphics context not yet initialized. Skipping visualisations.
Graphics context not yet initialized. Skipping visualisations.
Graphics context not yet initialized. Skipping visualisations.
Graphics context not yet initialized. Skipping visualisations.
Graphics context not yet initialized. Skipping visualisations.
Graphics context not yet initialized. Skipping visualisations.
Graphics context not yet initialized. Skipping visualisations.
Graphics context not yet initialized. Skipping visualisations.
Graphics context not yet initialized. Skipping visualisations.
Graphics context not yet initialized. Skipping visualisations.
Graphics context not yet initialized. Skipping visualisations.
Graphics context not yet initialized. Skipping visualisations.
Graphics context not yet initialized. Skipping visualisations.
Graphics context not yet initialized. Skipping visualisations.
Graphics context not yet initialized. Skipping visualisations.
Graphics context not yet initialized. Skipping visualisations.
Graphics context not yet initialized. Skipping visualisations.
Graphics context not yet initialized. Skipping visualisations.
Graphics context not yet initialized. Skipping visualisations.
Graphics context not yet initialized. Skipping visualisations.
Graphics context not yet initialized. Skipping visualisations.
Graphics context not yet initialized. Skipping visualisations.
Graphics context not yet initialized. Skipping visualisations.
Graphics context not yet initialized. Skipping visualisations.
Graphics context not yet initialized. Skipping visualisations.
Graphics context not yet initialized. Skipping visualisations.
Graphics context not yet initialized. Skipping visualisations.
Graphics context not yet initialized. Skipping visualisations.
Graphics context not yet initialized. Skipping visualisations.
Graphics context not yet initialized. Skipping visualisations.
Graphics context not yet initialized. Skipping visualisations.
Graphics context not yet initialized. Skipping visualisations.
Graphics context not yet initialized. Skipping visualisations.
Graphics context not yet initialized. Skipping visualisations.
Graphics context not yet initialized. Skipping visualisations.
Graphics context not yet initialized. Skipping visualisations.
Graphics context not yet initialized. Skipping visualisations.
Graphics context not yet initialized. Skipping visualisations.
Graphics context not yet initialized. Skipping visualisations.
Graphics context not yet initialized. Skipping visualisations.
Graphics context not yet initialized. Skipping visualisations.
Graphics context not yet initialized. Skipping visualisations.
Graphics context not yet initialized. Skipping visualisations.
Graphics context not yet initialized. Skipping visualisations.
Graphics context not yet initialized. Skipping visualisations.
Graphics context not yet initialized. Skipping visualisations.
Graphics context not yet initialized. Skipping visualisations.
Graphics context not yet initialized. Skipping visualisations.
Graphics context not yet initialized. Skipping visualisations.
Graphics context not yet initialized. Skipping visualisations.
Graphics context not yet initialized. Skipping visualisations.
Graphics context not yet initialized. Skipping visualisations.
Graphics context not yet initialized. Skipping visualisations.
Graphics context not yet initialized. Skipping visualisations.
Graphics context not yet initialized. Skipping visualisations.
Graphics context not yet initialized. Skipping visualisations.
Graphics context not yet initialized. Skipping visualisations.
Graphics context not yet initialized. Skipping visualisations.
Graphics context not yet initialized. Skipping visualisations.
Graphics context not yet initialized. Skipping visualisations.
Graphics context not yet initialized. Skipping visualisations.
Graphics context not yet initialized. Skipping visualisations.
Graphics context not yet initialized. Skipping visualisations.
Graphics context not yet initialized. Skipping visualisations.
Graphics context not yet initialized. Skipping visualisations.
Graphics context not yet initialized. Skipping visualisations.
Graphics context not yet initialized. Skipping visualisations.
Graphics context not yet initialized. Skipping visualisations.
Graphics context not yet initialized. Skipping visualisations.
Graphics context not yet initialized. Skipping visualisations.
Graphics context not yet initialized. Skipping visualisations.
Graphics context not yet initialized. Skipping visualisations.
Graphics context not yet initialized. Skipping visualisations.
Graphics context not yet initialized. Skipping visualisations.
Graphics context not yet initialized. Skipping visualisations.
Graphics context not yet initialized. Skipping visualisations.
Graphics context not yet initialized. Skipping visualisations.
Graphics context not yet initialized. Skipping visualisations.
Graphics context not yet initialized. Skipping visualisations.
Graphics context not yet initialized. Skipping visualisations.
Graphics context not yet initialized. Skipping visualisations.
Graphics context not yet initialized. Skipping visualisations.
Graphics context not yet initialized. Skipping visualisations.
Graphics context not yet initialized. Skipping visualisations.
Graphics context not yet initialized. Skipping visualisations.
Graphics context not yet initialized. Skipping visualisations.
Graphics context not yet initialized. Skipping visualisations.
Graphics context not yet initialized. Skipping visualisations.
Graphics context not yet initialized. Skipping visualisations.
Graphics context not yet initialized. Skipping visualisations.
Graphics context not yet initialized. Skipping visualisations.
Graphics context not yet initialized. Skipping visualisations.
Graphics context not yet initialized. Skipping visualisations.
Graphics context not yet initialized. Skipping visualisations.
Graphics context not yet initialized. Skipping visualisations.
Graphics context not yet initialized. Skipping visualisations.
Graphics context not yet initialized. Skipping visualisations.
Graphics context not yet initialized. Skipping visualisations.
Graphics context not yet initialized. Skipping visualisations.
Graphics context not yet initialized. Skipping visualisations.
Graphics context not yet initialized. Skipping visualisations.
Graphics context not yet initialized. Skipping visualisations.
Graphics context not yet initialized. Skipping visualisations.
Graphics context not yet initialized. Skipping visualisations.
Graphics context not yet initialized. Skipping visualisations.
Graphics context not yet initialized. Skipping visualisations.
Graphics context not yet initialized. Skipping visualisations.
Graphics context not yet initialized. Skipping visualisations.
Graphics context not yet initialized. Skipping visualisations.
Graphics context not yet initialized. Skipping visualisations.
Graphics context not yet initialized. Skipping visualisations.
Graphics context not yet initialized. Skipping visualisations.
Graphics context not yet initialized. Skipping visualisations.
Graphics context not yet initialized. Skipping visualisations.
Graphics context not yet initialized. Skipping visualisations.
Graphics context not yet initialized. Skipping visualisations.
Graphics context not yet initialized. Skipping visualisations.
Graphics context not yet initialized. Skipping visualisations.
Graphics context not yet initialized. Skipping visualisations.
Graphics context not yet initialized. Skipping visualisations.
Graphics context not yet initialized. Skipping visualisations.
Graphics context not yet initialized. Skipping visualisations.
Graphics context not yet initialized. Skipping visualisations.
Graphics context not yet initialized. Skipping visualisations.
Graphics context not yet initialized. Skipping visualisations.
Graphics context not yet initialized. Skipping visualisations.
Graphics context not yet initialized. Skipping visualisations.
Graphics context not yet initialized. Skipping visualisations.
Graphics context not yet initialized. Skipping visualisations.
Graphics context not yet initialized. Skipping visualisations.
Graphics context not yet initialized. Skipping visualisations.
Graphics context not yet initialized. Skipping visualisations.
Graphics context not yet initialized. Skipping visualisations.
Graphics context not yet initialized. Skipping visualisations.
Graphics context not yet initialized. Skipping visualisations.
Graphics context not yet initialized. Skipping visualisations.
Graphics context not yet initialized. Skipping visualisations.
Graphics context not yet initialized. Skipping visualisations.
Graphics context not yet initialized. Skipping visualisations.
Graphics context not yet initialized. Skipping visualisations.
Graphics context not yet initialized. Skipping visualisations.
Graphics context not yet initialized. Skipping visualisations.
Graphics context not yet initialized. Skipping visualisations.
Graphics context not yet initialized. Skipping visualisations.
Graphics context not yet initialized. Skipping visualisations.
Graphics context not yet initialized. Skipping visualisations.
Graphics context not yet initialized. Skipping visualisations.
Graphics context not yet initialized. Skipping visualisations.
Graphics context not yet initialized. Skipping visualisations.
Graphics context not yet initialized. Skipping visualisations.
Graphics context not yet initialized. Skipping visualisations.
Graphics context not yet initialized. Skipping visualisations.
Graphics context not yet initialized. Skipping visualisations.
Graphics context not yet initialized. Skipping visualisations.
Graphics context not yet initialized. Skipping visualisations.
Graphics context not yet initialized. Skipping visualisations.
Graphics context not yet initialized. Skipping visualisations.
Graphics context not yet initialized. Skipping visualisations.
Graphics context not yet initialized. Skipping visualisations.
Graphics context not yet initialized. Skipping visualisations.
Graphics context not yet initialized. Skipping visualisations.
Graphics context not yet initialized. Skipping visualisations.
Graphics context not yet initialized. Skipping visualisations.
Graphics context not yet initialized. Skipping visualisations.
Graphics context not yet initialized. Skipping visualisations.
Graphics context not yet initialized. Skipping visualisations.
Graphics context not yet initialized. Skipping visualisations.
Graphics context not yet initialized. Skipping visualisations.
Graphics context not yet initialized. Skipping visualisations.
Graphics context not yet initialized. Skipping visualisations.
Graphics context not yet initialized. Skipping visualisations.
Graphics context not yet initialized. Skipping visualisations.
Graphics context not yet initialized. Skipping visualisations.
Graphics context not yet initialized. Skipping visualisations.
Graphics context not yet initialized. Skipping visualisations.
Graphics context not yet initialized. Skipping visualisations.
Graphics context not yet initialized. Skipping visualisations.
Graphics context not yet initialized. Skipping visualisations.
Graphics context not yet initialized. Skipping visualisations.
Graphics context not yet initialized. Skipping visualisations.
Graphics context not yet initialized. Skipping visualisations.
Graphics context not yet initialized. Skipping visualisations.
Graphics context not yet initialized. Skipping visualisations.
Graphics context not yet initialized. Skipping visualisations.
Graphics context not yet initialized. Skipping visualisations.
Graphics context not yet initialized. Skipping visualisations.
Graphics context not yet initialized. Skipping visualisations.
Graphics context not yet initialized. Skipping visualisations.
Graphics context not yet initialized. Skipping visualisations.
Graphics context not yet initialized. Skipping visualisations.
Graphics context not yet initialized. Skipping visualisations.
Graphics context not yet initialized. Skipping visualisations.
Graphics context not yet initialized. Skipping visualisations.
Graphics context not yet initialized. Skipping visualisations.
Graphics context not yet initialized. Skipping visualisations.
Graphics context not yet initialized. Skipping visualisations.
Graphics context not yet initialized. Skipping visualisations.
Graphics context not yet initialized. Skipping visualisations.
Graphics context not yet initialized. Skipping visualisations.
Graphics context not yet initialized. Skipping visualisations.
Graphics context not yet initialized. Skipping visualisations.
Graphics context not yet initialized. Skipping visualisations.
Graphics context not yet initialized. Skipping visualisations.
Graphics context not yet initialized. Skipping visualisations.
Graphics context not yet initialized. Skipping visualisations.
Graphics context not yet initialized. Skipping visualisations.
Graphics context not yet initialized. Skipping visualisations.
Graphics context not yet initialized. Skipping visualisations.
Graphics context not yet initialized. Skipping visualisations.
Graphics context not yet initialized. Skipping visualisations.
Graphics context not yet initialized. Skipping visualisations.
Graphics context not yet initialized. Skipping visualisations.
Graphics context not yet initialized. Skipping visualisations.
Graphics context not yet initialized. Skipping visualisations.
Graphics context not yet initialized. Skipping visualisations.
Graphics context not yet initialized. Skipping visualisations.
Graphics context not yet initialized. Skipping visualisations.
Graphics context not yet initialized. Skipping visualisations.
Graphics context not yet initialized. Skipping visualisations.
Graphics context not yet initialized. Skipping visualisations.
Graphics context not yet initialized. Skipping visualisations.
Graphics context not yet initialized. Skipping visualisations.
Graphics context not yet initialized. Skipping visualisations.
Graphics context not yet initialized. Skipping visualisations.
Graphics context not yet initialized. Skipping visualisations.
Graphics context not yet initialized. Skipping visualisations.
Graphics context not yet initialized. Skipping visualisations.
Graphics context not yet initialized. Skipping visualisations.
Graphics context not yet initialized. Skipping visualisations.
Graphics context not yet initialized. Skipping visualisations.
Graphics context not yet initialized. Skipping visualisations.
Graphics context not yet initialized. Skipping visualisations.
Graphics context not yet initialized. Skipping visualisations.
Graphics context not yet initialized. Skipping visualisations.
Graphics context not yet initialized. Skipping visualisations.
Graphics context not yet initialized. Skipping visualisations.
Graphics context not yet initialized. Skipping visualisations.
Graphics context not yet initialized. Skipping visualisations.
Graphics context not yet initialized. Skipping visualisations.
Graphics context not yet initialized. Skipping visualisations.
Graphics context not yet initialized. Skipping visualisations.
Graphics context not yet initialized. Skipping visualisations.
Graphics context not yet initialized. Skipping visualisations.
Graphics context not yet initialized. Skipping visualisations.
Graphics context not yet initialized. Skipping visualisations.
Graphics context not yet initialized. Skipping visualisations.
Graphics context not yet initialized. Skipping visualisations.
Graphics context not yet initialized. Skipping visualisations.
Graphics context not yet initialized. Skipping visualisations.
Graphics context not yet initialized. Skipping visualisations.
Graphics context not yet initialized. Skipping visualisations.
Graphics context not yet initialized. Skipping visualisations.
Graphics context not yet initialized. Skipping visualisations.
Graphics context not yet initialized. Skipping visualisations.
Graphics context not yet initialized. Skipping visualisations.
Graphics context not yet initialized. Skipping visualisations.
Graphics context not yet initialized. Skipping visualisations.
Graphics context not yet initialized. Skipping visualisations.
Graphics context not yet initialized. Skipping visualisations.
Graphics context not yet initialized. Skipping visualisations.
Graphics context not yet initialized. Skipping visualisations.
Graphics context not yet initialized. Skipping visualisations.
Graphics context not yet initialized. Skipping visualisations.
Graphics context not yet initialized. Skipping visualisations.
Graphics context not yet initialized. Skipping visualisations.
Graphics context not yet initialized. Skipping visualisations.
Graphics context not yet initialized. Skipping visualisations.
Graphics context not yet initialized. Skipping visualisations.
Graphics context not yet initialized. Skipping visualisations.
Graphics context not yet initialized. Skipping visualisations.
Graphics context not yet initialized. Skipping visualisations.
Graphics context not yet initialized. Skipping visualisations.
Graphics context not yet initialized. Skipping visualisations.
Graphics context not yet initialized. Skipping visualisations.
Graphics context not yet initialized. Skipping visualisations.
Graphics context not yet initialized. Skipping visualisations.
Graphics context not yet initialized. Skipping visualisations.
Graphics context not yet initialized. Skipping visualisations.
Graphics context not yet initialized. Skipping visualisations.
Graphics context not yet initialized. Skipping visualisations.
Graphics context not yet initialized. Skipping visualisations.
Graphics context not yet initialized. Skipping visualisations.
Graphics context not yet initialized. Skipping visualisations.
Graphics context not yet initialized. Skipping visualisations.
Graphics context not yet initialized. Skipping visualisations.
Graphics context not yet initialized. Skipping visualisations.
Graphics context not yet initialized. Skipping visualisations.
Graphics context not yet initialized. Skipping visualisations.
Graphics context not yet initialized. Skipping visualisations.
Graphics context not yet initialized. Skipping visualisations.
Graphics context not yet initialized. Skipping visualisations.
Graphics context not yet initialized. Skipping visualisations.
Graphics context not yet initialized. Skipping visualisations.
Graphics context not yet initialized. Skipping visualisations.
Graphics context not yet initialized. Skipping visualisations.
Graphics context not yet initialized. Skipping visualisations.
Graphics context not yet initialized. Skipping visualisations.
Graphics context not yet initialized. Skipping visualisations.
Graphics context not yet initialized. Skipping visualisations.
Graphics context not yet initialized. Skipping visualisations.
Graphics context not yet initialized. Skipping visualisations.
Graphics context not yet initialized. Skipping visualisations.
Graphics context not yet initialized. Skipping visualisations.
Graphics context not yet initialized. Skipping visualisations.
Graphics context not yet initialized. Skipping visualisations.
Graphics context not yet initialized. Skipping visualisations.
Graphics context not yet initialized. Skipping visualisations.
Graphics context not yet initialized. Skipping visualisations.
Graphics context not yet initialized. Skipping visualisations.
Graphics context not yet initialized. Skipping visualisations.
Graphics context not yet initialized. Skipping visualisations.
Graphics context not yet initialized. Skipping visualisations.
Graphics context not yet initialized. Skipping visualisations.
Graphics context not yet initialized. Skipping visualisations.
Graphics context not yet initialized. Skipping visualisations.
Graphics context not yet initialized. Skipping visualisations.
Graphics context not yet initialized. Skipping visualisations.
Graphics context not yet initialized. Skipping visualisations.
Graphics context not yet initialized. Skipping visualisations.
Graphics context not yet initialized. Skipping visualisations.
Graphics context not yet initialized. Skipping visualisations.
Graphics context not yet initialized. Skipping visualisations.
Graphics context not yet initialized. Skipping visualisations.
Graphics context not yet initialized. Skipping visualisations.
Graphics context not yet initialized. Skipping visualisations.
Graphics context not yet initialized. Skipping visualisations.
Graphics context not yet initialized. Skipping visualisations.
Graphics context not yet initialized. Skipping visualisations.
Graphics context not yet initialized. Skipping visualisations.
Graphics context not yet initialized. Skipping visualisations.
Graphics context not yet initialized. Skipping visualisations.
Graphics context not yet initialized. Skipping visualisations.
Graphics context not yet initialized. Skipping visualisations.
Graphics context not yet initialized. Skipping visualisations.
Graphics context not yet initialized. Skipping visualisations.
Graphics context not yet initialized. Skipping visualisations.
Graphics context not yet initialized. Skipping visualisations.
Graphics context not yet initialized. Skipping visualisations.
Graphics context not yet initialized. Skipping visualisations.
Graphics context not yet initialized. Skipping visualisations.
Graphics context not yet initialized. Skipping visualisations.
Graphics context not yet initialized. Skipping visualisations.
Graphics context not yet initialized. Skipping visualisations.
Graphics context not yet initialized. Skipping visualisations.
Graphics context not yet initialized. Skipping visualisations.
Graphics context not yet initialized. Skipping visualisations.
Graphics context not yet initialized. Skipping visualisations.
Graphics context not yet initialized. Skipping visualisations.
Graphics context not yet initialized. Skipping visualisations.
Graphics context not yet initialized. Skipping visualisations.
Graphics context not yet initialized. Skipping visualisations.
Graphics context not yet initialized. Skipping visualisations.
Graphics context not yet initialized. Skipping visualisations.
Graphics context not yet initialized. Skipping visualisations.
Graphics context not yet initialized. Skipping visualisations.
Graphics context not yet initialized. Skipping visualisations.
Graphics context not yet initialized. Skipping visualisations.
Graphics context not yet initialized. Skipping visualisations.
Graphics context not yet initialized. Skipping visualisations.
Graphics context not yet initialized. Skipping visualisations.
Graphics context not yet initialized. Skipping visualisations.
Graphics context not yet initialized. Skipping visualisations.
Graphics context not yet initialized. Skipping visualisations.
Graphics context not yet initialized. Skipping visualisations.
Graphics context not yet initialized. Skipping visualisations.
Graphics context not yet initialized. Skipping visualisations.
Graphics context not yet initialized. Skipping visualisations.
Graphics context not yet initialized. Skipping visualisations.
Graphics context not yet initialized. Skipping visualisations.
Graphics context not yet initialized. Skipping visualisations.
Graphics context not yet initialized. Skipping visualisations.
Graphics context not yet initialized. Skipping visualisations.
Graphics context not yet initialized. Skipping visualisations.
Graphics context not yet initialized. Skipping visualisations.
Graphics context not yet initialized. Skipping visualisations.
Graphics context not yet initialized. Skipping visualisations.
Graphics context not yet initialized. Skipping visualisations.
Graphics context not yet initialized. Skipping visualisations.
Graphics context not yet initialized. Skipping visualisations.
Graphics context not yet initialized. Skipping visualisations.
Graphics context not yet initialized. Skipping visualisations.
Graphics context not yet initialized. Skipping visualisations.
Graphics context not yet initialized. Skipping visualisations.
Graphics context not yet initialized. Skipping visualisations.
Graphics context not yet initialized. Skipping visualisations.
Graphics context not yet initialized. Skipping visualisations.
Graphics context not yet initialized. Skipping visualisations.
Graphics context not yet initialized. Skipping visualisations.
Graphics context not yet initialized. Skipping visualisations.
Graphics context not yet initialized. Skipping visualisations.
Graphics context not yet initialized. Skipping visualisations.
Graphics context not yet initialized. Skipping visualisations.
Graphics context not yet initialized. Skipping visualisations.
Graphics context not yet initialized. Skipping visualisations.
Graphics context not yet initialized. Skipping visualisations.
Graphics context not yet initialized. Skipping visualisations.
Graphics context not yet initialized. Skipping visualisations.
Graphics context not yet initialized. Skipping visualisations.
Graphics context not yet initialized. Skipping visualisations.
Graphics context not yet initialized. Skipping visualisations.
Graphics context not yet initialized. Skipping visualisations.
Graphics context not yet initialized. Skipping visualisations.
Graphics context not yet initialized. Skipping visualisations.
Graphics context not yet initialized. Skipping visualisations.
Graphics context not yet initialized. Skipping visualisations.
Graphics context not yet initialized. Skipping visualisations.
Graphics context not yet initialized. Skipping visualisations.
Graphics context not yet initialized. Skipping visualisations.
Graphics context not yet initialized. Skipping visualisations.
Graphics context not yet initialized. Skipping visualisations.
Graphics context not yet initialized. Skipping visualisations.
Graphics context not yet initialized. Skipping visualisations.
Graphics context not yet initialized. Skipping visualisations.
Graphics context not yet initialized. Skipping visualisations.
Graphics context not yet initialized. Skipping visualisations.
Graphics context not yet initialized. Skipping visualisations.
Graphics context not yet initialized. Skipping visualisations.
Graphics context not yet initialized. Skipping visualisations.
Graphics context not yet initialized. Skipping visualisations.
Graphics context not yet initialized. Skipping visualisations.
Graphics context not yet initialized. Skipping visualisations.
Graphics context not yet initialized. Skipping visualisations.
Graphics context not yet initialized. Skipping visualisations.
Graphics context not yet initialized. Skipping visualisations.
Graphics context not yet initialized. Skipping visualisations.
Graphics context not yet initialized. Skipping visualisations.
Graphics context not yet initialized. Skipping visualisations.
Graphics context not yet initialized. Skipping visualisations.
Graphics context not yet initialized. Skipping visualisations.
Graphics context not yet initialized. Skipping visualisations.
Graphics context not yet initialized. Skipping visualisations.
Graphics context not yet initialized. Skipping visualisations.
Graphics context not yet initialized. Skipping visualisations.
Graphics context not yet initialized. Skipping visualisations.
Graphics context not yet initialized. Skipping visualisations.
Graphics context not yet initialized. Skipping visualisations.
Graphics context not yet initialized. Skipping visualisations.
Graphics context not yet initialized. Skipping visualisations.
Graphics context not yet initialized. Skipping visualisations.
Graphics context not yet initialized. Skipping visualisations.
Graphics context not yet initialized. Skipping visualisations.
Graphics context not yet initialized. Skipping visualisations.
Graphics context not yet initialized. Skipping visualisations.
Graphics context not yet initialized. Skipping visualisations.
Graphics context not yet initialized. Skipping visualisations.
Graphics context not yet initialized. Skipping visualisations.
Graphics context not yet initialized. Skipping visualisations.
Graphics context not yet initialized. Skipping visualisations.
Graphics context not yet initialized. Skipping visualisations.
Graphics context not yet initialized. Skipping visualisations.
Graphics context not yet initialized. Skipping visualisations.
Graphics context not yet initialized. Skipping visualisations.
Graphics context not yet initialized. Skipping visualisations.
Graphics context not yet initialized. Skipping visualisations.
Graphics context not yet initialized. Skipping visualisations.
Graphics context not yet initialized. Skipping visualisations.
Graphics context not yet initialized. Skipping visualisations.
Graphics context not yet initialized. Skipping visualisations.
Graphics context not yet initialized. Skipping visualisations.
Graphics context not yet initialized. Skipping visualisations.
Graphics context not yet initialized. Skipping visualisations.
Graphics context not yet initialized. Skipping visualisations.
Graphics context not yet initialized. Skipping visualisations.
Graphics context not yet initialized. Skipping visualisations.
Graphics context not yet initialized. Skipping visualisations.
Graphics context not yet initialized. Skipping visualisations.
Graphics context not yet initialized. Skipping visualisations.
Graphics context not yet initialized. Skipping visualisations.
Graphics context not yet initialized. Skipping visualisations.
Graphics context not yet initialized. Skipping visualisations.
Graphics context not yet initialized. Skipping visualisations.
Graphics context not yet initialized. Skipping visualisations.
Graphics context not yet initialized. Skipping visualisations.
Graphics context not yet initialized. Skipping visualisations.
Graphics context not yet initialized. Skipping visualisations.
Graphics context not yet initialized. Skipping visualisations.
Graphics context not yet initialized. Skipping visualisations.
Graphics context not yet initialized. Skipping visualisations.
Graphics context not yet initialized. Skipping visualisations.
Graphics context not yet initialized. Skipping visualisations.
Graphics context not yet initialized. Skipping visualisations.
Graphics context not yet initialized. Skipping visualisations.
Graphics context not yet initialized. Skipping visualisations.
Graphics context not yet initialized. Skipping visualisations.
Graphics context not yet initialized. Skipping visualisations.
Graphics context not yet initialized. Skipping visualisations.
Graphics context not yet initialized. Skipping visualisations.
Graphics context not yet initialized. Skipping visualisations.
Graphics context not yet initialized. Skipping visualisations.
Graphics context not yet initialized. Skipping visualisations.
Graphics context not yet initialized. Skipping visualisations.
Graphics context not yet initialized. Skipping visualisations.
Graphics context not yet initialized. Skipping visualisations.
Graphics context not yet initialized. Skipping visualisations.
Graphics context not yet initialized. Skipping visualisations.
Graphics context not yet initialized. Skipping visualisations.
Graphics context not yet initialized. Skipping visualisations.
Graphics context not yet initialized. Skipping visualisations.
Graphics context not yet initialized. Skipping visualisations.
Graphics context not yet initialized. Skipping visualisations.
Graphics context not yet initialized. Skipping visualisations.
Graphics context not yet initialized. Skipping visualisations.
Graphics context not yet initialized. Skipping visualisations.
Graphics context not yet initialized. Skipping visualisations.
Graphics context not yet initialized. Skipping visualisations.
Graphics context not yet initialized. Skipping visualisations.
Graphics context not yet initialized. Skipping visualisations.
Graphics context not yet initialized. Skipping visualisations.
Graphics context not yet initialized. Skipping visualisations.
Graphics context not yet initialized. Skipping visualisations.
Graphics context not yet initialized. Skipping visualisations.
Graphics context not yet initialized. Skipping visualisations.
Graphics context not yet initialized. Skipping visualisations.
Graphics context not yet initialized. Skipping visualisations.
Graphics context not yet initialized. Skipping visualisations.
Graphics context not yet initialized. Skipping visualisations.
Graphics context not yet initialized. Skipping visualisations.
Graphics context not yet initialized. Skipping visualisations.
Graphics context not yet initialized. Skipping visualisations.
Graphics context not yet initialized. Skipping visualisations.
Graphics context not yet initialized. Skipping visualisations.
Graphics context not yet initialized. Skipping visualisations.
Graphics context not yet initialized. Skipping visualisations.
Graphics context not yet initialized. Skipping visualisations.
Graphics context not yet initialized. Skipping visualisations.
Graphics context not yet initialized. Skipping visualisations.
Graphics context not yet initialized. Skipping visualisations.
Graphics context not yet initialized. Skipping visualisations.
Graphics context not yet initialized. Skipping visualisations.
Graphics context not yet initialized. Skipping visualisations.
Graphics context not yet initialized. Skipping visualisations.
Graphics context not yet initialized. Skipping visualisations.
Graphics context not yet initialized. Skipping visualisations.
Graphics context not yet initialized. Skipping visualisations.
Graphics context not yet initialized. Skipping visualisations.
Graphics context not yet initialized. Skipping visualisations.
Graphics context not yet initialized. Skipping visualisations.
Graphics context not yet initialized. Skipping visualisations.
Graphics context not yet initialized. Skipping visualisations.
Graphics context not yet initialized. Skipping visualisations.
Graphics context not yet initialized. Skipping visualisations.
Graphics context not yet initialized. Skipping visualisations.
Graphics context not yet initialized. Skipping visualisations.
Graphics context not yet initialized. Skipping visualisations.
Graphics context not yet initialized. Skipping visualisations.
Graphics context not yet initialized. Skipping visualisations.
Graphics context not yet initialized. Skipping visualisations.
Graphics context not yet initialized. Skipping visualisations.
Graphics context not yet initialized. Skipping visualisations.
Graphics context not yet initialized. Skipping visualisations.
Graphics context not yet initialized. Skipping visualisations.
Graphics context not yet initialized. Skipping visualisations.
Graphics context not yet initialized. Skipping visualisations.
Graphics context not yet initialized. Skipping visualisations.
Graphics context not yet initialized. Skipping visualisations.
Graphics context not yet initialized. Skipping visualisations.
Graphics context not yet initialized. Skipping visualisations.
Graphics context not yet initialized. Skipping visualisations.
Graphics context not yet initialized. Skipping visualisations.
Graphics context not yet initialized. Skipping visualisations.
Graphics context not yet initialized. Skipping visualisations.
Graphics context not yet initialized. Skipping visualisations.
Graphics context not yet initialized. Skipping visualisations.
Graphics context not yet initialized. Skipping visualisations.
Graphics context not yet initialized. Skipping visualisations.
Graphics context not yet initialized. Skipping visualisations.
Graphics context not yet initialized. Skipping visualisations.
Graphics context not yet initialized. Skipping visualisations.
Graphics context not yet initialized. Skipping visualisations.
Graphics context not yet initialized. Skipping visualisations.
Graphics context not yet initialized. Skipping visualisations.
Graphics context not yet initialized. Skipping visualisations.
Graphics context not yet initialized. Skipping visualisations.
Graphics context not yet initialized. Skipping visualisations.
Graphics context not yet initialized. Skipping visualisations.
Graphics context not yet initialized. Skipping visualisations.
Graphics context not yet initialized. Skipping visualisations.
Graphics context not yet initialized. Skipping visualisations.
Graphics context not yet initialized. Skipping visualisations.
Graphics context not yet initialized. Skipping visualisations.
Graphics context not yet initialized. Skipping visualisations.
Graphics context not yet initialized. Skipping visualisations.
Graphics context not yet initialized. Skipping visualisations.
Graphics context not yet initialized. Skipping visualisations.
Graphics context not yet initialized. Skipping visualisations.
Graphics context not yet initialized. Skipping visualisations.
Graphics context not yet initialized. Skipping visualisations.
Graphics context not yet initialized. Skipping visualisations.
Graphics context not yet initialized. Skipping visualisations.
Graphics context not yet initialized. Skipping visualisations.
Graphics context not yet initialized. Skipping visualisations.
Graphics context not yet initialized. Skipping visualisations.
Graphics context not yet initialized. Skipping visualisations.
Graphics context not yet initialized. Skipping visualisations.
Graphics context not yet initialized. Skipping visualisations.
Graphics context not yet initialized. Skipping visualisations.
Graphics context not yet initialized. Skipping visualisations.
Graphics context not yet initialized. Skipping visualisations.
Graphics context not yet initialized. Skipping visualisations.
Graphics context not yet initialized. Skipping visualisations.
Graphics context not yet initialized. Skipping visualisations.
Graphics context not yet initialized. Skipping visualisations.
Graphics context not yet initialized. Skipping visualisations.
Graphics context not yet initialized. Skipping visualisations.
Graphics context not yet initialized. Skipping visualisations.
Graphics context not yet initialized. Skipping visualisations.
Graphics context not yet initialized. Skipping visualisations.
Graphics context not yet initialized. Skipping visualisations.
Graphics context not yet initialized. Skipping visualisations.
Graphics context not yet initialized. Skipping visualisations.
Graphics context not yet initialized. Skipping visualisations.
Graphics context not yet initialized. Skipping visualisations.
Graphics context not yet initialized. Skipping visualisations.
Graphics context not yet initialized. Skipping visualisations.
Graphics context not yet initialized. Skipping visualisations.
Graphics context not yet initialized. Skipping visualisations.
Graphics context not yet initialized. Skipping visualisations.
Graphics context not yet initialized. Skipping visualisations.
Graphics context not yet initialized. Skipping visualisations.
Graphics context not yet initialized. Skipping visualisations.
Graphics context not yet initialized. Skipping visualisations.
Graphics context not yet initialized. Skipping visualisations.
Graphics context not yet initialized. Skipping visualisations.
Graphics context not yet initialized. Skipping visualisations.
Graphics context not yet initialized. Skipping visualisations.
Graphics context not yet initialized. Skipping visualisations.
Graphics context not yet initialized. Skipping visualisations.
Graphics context not yet initialized. Skipping visualisations.
Graphics context not yet initialized. Skipping visualisations.
Graphics context not yet initialized. Skipping visualisations.
Graphics context not yet initialized. Skipping visualisations.
Graphics context not yet initialized. Skipping visualisations.
Graphics context not yet initialized. Skipping visualisations.
Graphics context not yet initialized. Skipping visualisations.
Graphics context not yet initialized. Skipping visualisations.
Graphics context not yet initialized. Skipping visualisations.
Graphics context not yet initialized. Skipping visualisations.
Graphics context not yet initialized. Skipping visualisations.
Graphics context not yet initialized. Skipping visualisations.
Graphics context not yet initialized. Skipping visualisations.
Graphics context not yet initialized. Skipping visualisations.
Graphics context not yet initialized. Skipping visualisations.
Graphics context not yet initialized. Skipping visualisations.
Graphics context not yet initialized. Skipping visualisations.
Graphics context not yet initialized. Skipping visualisations.
Graphics context not yet initialized. Skipping visualisations.
Graphics context not yet initialized. Skipping visualisations.
Graphics context not yet initialized. Skipping visualisations.
Graphics context not yet initialized. Skipping visualisations.
Graphics context not yet initialized. Skipping visualisations.
Graphics context not yet initialized. Skipping visualisations.
Graphics context not yet initialized. Skipping visualisations.
Graphics context not yet initialized. Skipping visualisations.
Graphics context not yet initialized. Skipping visualisations.
Graphics context not yet initialized. Skipping visualisations.
Graphics context not yet initialized. Skipping visualisations.
Graphics context not yet initialized. Skipping visualisations.
Graphics context not yet initialized. Skipping visualisations.
Graphics context not yet initialized. Skipping visualisations.
Graphics context not yet initialized. Skipping visualisations.
Graphics context not yet initialized. Skipping visualisations.
Graphics context not yet initialized. Skipping visualisations.
Graphics context not yet initialized. Skipping visualisations.
Graphics context not yet initialized. Skipping visualisations.
Graphics context not yet initialized. Skipping visualisations.
Graphics context not yet initialized. Skipping visualisations.
Graphics context not yet initialized. Skipping visualisations.
Graphics context not yet initialized. Skipping visualisations.
Graphics context not yet initialized. Skipping visualisations.
Graphics context not yet initialized. Skipping visualisations.
Graphics context not yet initialized. Skipping visualisations.
Graphics context not yet initialized. Skipping visualisations.
Graphics context not yet initialized. Skipping visualisations.
Graphics context not yet initialized. Skipping visualisations.
Graphics context not yet initialized. Skipping visualisations.
Graphics context not yet initialized. Skipping visualisations.
Graphics context not yet initialized. Skipping visualisations.
Graphics context not yet initialized. Skipping visualisations.
Graphics context not yet initialized. Skipping visualisations.
Graphics context not yet initialized. Skipping visualisations.
Graphics context not yet initialized. Skipping visualisations.
Graphics context not yet initialized. Skipping visualisations.
Graphics context not yet initialized. Skipping visualisations.
Graphics context not yet initialized. Skipping visualisations.
Graphics context not yet initialized. Skipping visualisations.
Graphics context not yet initialized. Skipping visualisations.
Graphics context not yet initialized. Skipping visualisations.
Graphics context not yet initialized. Skipping visualisations.
Graphics context not yet initialized. Skipping visualisations.
Graphics context not yet initialized. Skipping visualisations.
Graphics context not yet initialized. Skipping visualisations.
Graphics context not yet initialized. Skipping visualisations.
Graphics context not yet initialized. Skipping visualisations.
Graphics context not yet initialized. Skipping visualisations.
Graphics context not yet initialized. Skipping visualisations.
Graphics context not yet initialized. Skipping visualisations.
Graphics context not yet initialized. Skipping visualisations.
Graphics context not yet initialized. Skipping visualisations.
Graphics context not yet initialized. Skipping visualisations.
Graphics context not yet initialized. Skipping visualisations.
Graphics context not yet initialized. Skipping visualisations.
Graphics context not yet initialized. Skipping visualisations.
Graphics context not yet initialized. Skipping visualisations.
Graphics context not yet initialized. Skipping visualisations.
Graphics context not yet initialized. Skipping visualisations.
Graphics context not yet initialized. Skipping visualisations.
Graphics context not yet initialized. Skipping visualisations.
Graphics context not yet initialized. Skipping visualisations.
Graphics context not yet initialized. Skipping visualisations.
Graphics context not yet initialized. Skipping visualisations.
Graphics context not yet initialized. Skipping visualisations.
Graphics context not yet initialized. Skipping visualisations.
Graphics context not yet initialized. Skipping visualisations.
Graphics context not yet initialized. Skipping visualisations.
Graphics context not yet initialized. Skipping visualisations.
Graphics context not yet initialized. Skipping visualisations.
Graphics context not yet initialized. Skipping visualisations.
Graphics context not yet initialized. Skipping visualisations.
Graphics context not yet initialized. Skipping visualisations.
Graphics context not yet initialized. Skipping visualisations.
Graphics context not yet initialized. Skipping visualisations.
Graphics context not yet initialized. Skipping visualisations.
Graphics context not yet initialized. Skipping visualisations.
Graphics context not yet initialized. Skipping visualisations.
Graphics context not yet initialized. Skipping visualisations.
Graphics context not yet initialized. Skipping visualisations.
Graphics context not yet initialized. Skipping visualisations.
Graphics context not yet initialized. Skipping visualisations.
Graphics context not yet initialized. Skipping visualisations.
Graphics context not yet initialized. Skipping visualisations.
Graphics context not yet initialized. Skipping visualisations.
Graphics context not yet initialized. Skipping visualisations.
Graphics context not yet initialized. Skipping visualisations.
Graphics context not yet initialized. Skipping visualisations.
Graphics context not yet initialized. Skipping visualisations.
Graphics context not yet initialized. Skipping visualisations.
Graphics context not yet initialized. Skipping visualisations.
Graphics context not yet initialized. Skipping visualisations.
Graphics context not yet initialized. Skipping visualisations.
Graphics context not yet initialized. Skipping visualisations.
Graphics context not yet initialized. Skipping visualisations.
Graphics context not yet initialized. Skipping visualisations.
Graphics context not yet initialized. Skipping visualisations.
Graphics context not yet initialized. Skipping visualisations.
Graphics context not yet initialized. Skipping visualisations.
Graphics context not yet initialized. Skipping visualisations.
Graphics context not yet initialized. Skipping visualisations.
Graphics context not yet initialized. Skipping visualisations.
Graphics context not yet initialized. Skipping visualisations.
Graphics context not yet initialized. Skipping visualisations.
Graphics context not yet initialized. Skipping visualisations.
Graphics context not yet initialized. Skipping visualisations.
Graphics context not yet initialized. Skipping visualisations.
Graphics context not yet initialized. Skipping visualisations.
Graphics context not yet initialized. Skipping visualisations.
Graphics context not yet initialized. Skipping visualisations.
Graphics context not yet initialized. Skipping visualisations.
Graphics context not yet initialized. Skipping visualisations.
Graphics context not yet initialized. Skipping visualisations.
Graphics context not yet initialized. Skipping visualisations.
Graphics context not yet initialized. Skipping visualisations.
Graphics context not yet initialized. Skipping visualisations.
Graphics context not yet initialized. Skipping visualisations.
Graphics context not yet initialized. Skipping visualisations.
Graphics context not yet initialized. Skipping visualisations.
Graphics context not yet initialized. Skipping visualisations.
Graphics context not yet initialized. Skipping visualisations.
Graphics context not yet initialized. Skipping visualisations.
Graphics context not yet initialized. Skipping visualisations.
Graphics context not yet initialized. Skipping visualisations.
Graphics context not yet initialized. Skipping visualisations.
Graphics context not yet initialized. Skipping visualisations.
Graphics context not yet initialized. Skipping visualisations.
Graphics context not yet initialized. Skipping visualisations.
Graphics context not yet initialized. Skipping visualisations.
Graphics context not yet initialized. Skipping visualisations.
Graphics context not yet initialized. Skipping visualisations.
Graphics context not yet initialized. Skipping visualisations.
Graphics context not yet initialized. Skipping visualisations.
Graphics context not yet initialized. Skipping visualisations.
Graphics context not yet initialized. Skipping visualisations.
Graphics context not yet initialized. Skipping visualisations.
Graphics context not yet initialized. Skipping visualisations.
Graphics context not yet initialized. Skipping visualisations.
Graphics context not yet initialized. Skipping visualisations.
Graphics context not yet initialized. Skipping visualisations.
Graphics context not yet initialized. Skipping visualisations.
Graphics context not yet initialized. Skipping visualisations.
Graphics context not yet initialized. Skipping visualisations.
Graphics context not yet initialized. Skipping visualisations.
Graphics context not yet initialized. Skipping visualisations.
Graphics context not yet initialized. Skipping visualisations.
Graphics context not yet initialized. Skipping visualisations.
Graphics context not yet initialized. Skipping visualisations.
Graphics context not yet initialized. Skipping visualisations.
Graphics context not yet initialized. Skipping visualisations.
Graphics context not yet initialized. Skipping visualisations.
Graphics context not yet initialized. Skipping visualisations.
Graphics context not yet initialized. Skipping visualisations.
Graphics context not yet initialized. Skipping visualisations.
Graphics context not yet initialized. Skipping visualisations.
Graphics context not yet initialized. Skipping visualisations.
Graphics context not yet initialized. Skipping visualisations.
Graphics context not yet initialized. Skipping visualisations.
Graphics context not yet initialized. Skipping visualisations.
Graphics context not yet initialized. Skipping visualisations.
Graphics context not yet initialized. Skipping visualisations.
Graphics context not yet initialized. Skipping visualisations.
Graphics context not yet initialized. Skipping visualisations.
Graphics context not yet initialized. Skipping visualisations.
Graphics context not yet initialized. Skipping visualisations.
Graphics context not yet initialized. Skipping visualisations.
Graphics context not yet initialized. Skipping visualisations.
Graphics context not yet initialized. Skipping visualisations.
Graphics context not yet initialized. Skipping visualisations.
Graphics context not yet initialized. Skipping visualisations.
Graphics context not yet initialized. Skipping visualisations.
Graphics context not yet initialized. Skipping visualisations.
Graphics context not yet initialized. Skipping visualisations.
Graphics context not yet initialized. Skipping visualisations.
Graphics context not yet initialized. Skipping visualisations.
Graphics context not yet initialized. Skipping visualisations.
Graphics context not yet initialized. Skipping visualisations.
Graphics context not yet initialized. Skipping visualisations.
Graphics context not yet initialized. Skipping visualisations.
Graphics context not yet initialized. Skipping visualisations.
Graphics context not yet initialized. Skipping visualisations.
Graphics context not yet initialized. Skipping visualisations.
Graphics context not yet initialized. Skipping visualisations.
Graphics context not yet initialized. Skipping visualisations.
Graphics context not yet initialized. Skipping visualisations.
Graphics context not yet initialized. Skipping visualisations.
Graphics context not yet initialized. Skipping visualisations.
Graphics context not yet initialized. Skipping visualisations.
Graphics context not yet initialized. Skipping visualisations.
Graphics context not yet initialized. Skipping visualisations.
Graphics context not yet initialized. Skipping visualisations.
Graphics context not yet initialized. Skipping visualisations.
Graphics context not yet initialized. Skipping visualisations.
Graphics context not yet initialized. Skipping visualisations.
Graphics context not yet initialized. Skipping visualisations.
Graphics context not yet initialized. Skipping visualisations.
Graphics context not yet initialized. Skipping visualisations.
Graphics context not yet initialized. Skipping visualisations.
Graphics context not yet initialized. Skipping visualisations.
Graphics context not yet initialized. Skipping visualisations.
Graphics context not yet initialized. Skipping visualisations.
Graphics context not yet initialized. Skipping visualisations.
Graphics context not yet initialized. Skipping visualisations.
Graphics context not yet initialized. Skipping visualisations.
Graphics context not yet initialized. Skipping visualisations.
Graphics context not yet initialized. Skipping visualisations.
Graphics context not yet initialized. Skipping visualisations.
Graphics context not yet initialized. Skipping visualisations.
Graphics context not yet initialized. Skipping visualisations.
Graphics context not yet initialized. Skipping visualisations.
Graphics context not yet initialized. Skipping visualisations.
Graphics context not yet initialized. Skipping visualisations.
Graphics context not yet initialized. Skipping visualisations.
Graphics context not yet initialized. Skipping visualisations.
Graphics context not yet initialized. Skipping visualisations.
Graphics context not yet initialized. Skipping visualisations.
Graphics context not yet initialized. Skipping visualisations.
Graphics context not yet initialized. Skipping visualisations.
Graphics context not yet initialized. Skipping visualisations.
Graphics context not yet initialized. Skipping visualisations.
Graphics context not yet initialized. Skipping visualisations.
Graphics context not yet initialized. Skipping visualisations.
Graphics context not yet initialized. Skipping visualisations.
Graphics context not yet initialized. Skipping visualisations.
Graphics context not yet initialized. Skipping visualisations.
Graphics context not yet initialized. Skipping visualisations.
Graphics context not yet initialized. Skipping visualisations.
Graphics context not yet initialized. Skipping visualisations.
Graphics context not yet initialized. Skipping visualisations.
Graphics context not yet initialized. Skipping visualisations.
Graphics context not yet initialized. Skipping visualisations.
Graphics context not yet initialized. Skipping visualisations.
Graphics context not yet initialized. Skipping visualisations.
Graphics context not yet initialized. Skipping visualisations.
Graphics context not yet initialized. Skipping visualisations.
Graphics context not yet initialized. Skipping visualisations.
Graphics context not yet initialized. Skipping visualisations.
Graphics context not yet initialized. Skipping visualisations.
Graphics context not yet initialized. Skipping visualisations.
Graphics context not yet initialized. Skipping visualisations.
Graphics context not yet initialized. Skipping visualisations.
Graphics context not yet initialized. Skipping visualisations.
Graphics context not yet initialized. Skipping visualisations.
Graphics context not yet initialized. Skipping visualisations.
Graphics context not yet initialized. Skipping visualisations.
Graphics context not yet initialized. Skipping visualisations.
Graphics context not yet initialized. Skipping visualisations.
Graphics context not yet initialized. Skipping visualisations.
Graphics context not yet initialized. Skipping visualisations.
Graphics context not yet initialized. Skipping visualisations.
Graphics context not yet initialized. Skipping visualisations.
Graphics context not yet initialized. Skipping visualisations.
Graphics context not yet initialized. Skipping visualisations.
Graphics context not yet initialized. Skipping visualisations.
Graphics context not yet initialized. Skipping visualisations.
Graphics context not yet initialized. Skipping visualisations.
Graphics context not yet initialized. Skipping visualisations.
Graphics context not yet initialized. Skipping visualisations.
Graphics context not yet initialized. Skipping visualisations.
Graphics context not yet initialized. Skipping visualisations.
Graphics context not yet initialized. Skipping visualisations.
Graphics context not yet initialized. Skipping visualisations.
Graphics context not yet initialized. Skipping visualisations.
Graphics context not yet initialized. Skipping visualisations.
Graphics context not yet initialized. Skipping visualisations.
Graphics context not yet initialized. Skipping visualisations.
Graphics context not yet initialized. Skipping visualisations.
Graphics context not yet initialized. Skipping visualisations.
Graphics context not yet initialized. Skipping visualisations.
Graphics context not yet initialized. Skipping visualisations.
Graphics context not yet initialized. Skipping visualisations.
Graphics context not yet initialized. Skipping visualisations.
Graphics context not yet initialized. Skipping visualisations.
Graphics context not yet initialized. Skipping visualisations.
Graphics context not yet initialized. Skipping visualisations.
Graphics context not yet initialized. Skipping visualisations.
Graphics context not yet initialized. Skipping visualisations.
Graphics context not yet initialized. Skipping visualisations.
Graphics context not yet initialized. Skipping visualisations.
Graphics context not yet initialized. Skipping visualisations.
Graphics context not yet initialized. Skipping visualisations.
Graphics context not yet initialized. Skipping visualisations.
Graphics context not yet initialized. Skipping visualisations.
Graphics context not yet initialized. Skipping visualisations.
Graphics context not yet initialized. Skipping visualisations.
Graphics context not yet initialized. Skipping visualisations.
Graphics context not yet initialized. Skipping visualisations.
Graphics context not yet initialized. Skipping visualisations.
Graphics context not yet initialized. Skipping visualisations.
Graphics context not yet initialized. Skipping visualisations.
Graphics context not yet initialized. Skipping visualisations.
Graphics context not yet initialized. Skipping visualisations.
Graphics context not yet initialized. Skipping visualisations.
Graphics context not yet initialized. Skipping visualisations.
Graphics context not yet initialized. Skipping visualisations.
Graphics context not yet initialized. Skipping visualisations.
Graphics context not yet initialized. Skipping visualisations.
Graphics context not yet initialized. Skipping visualisations.
Graphics context not yet initialized. Skipping visualisations.
Graphics context not yet initialized. Skipping visualisations.
Graphics context not yet initialized. Skipping visualisations.
Graphics context not yet initialized. Skipping visualisations.
Graphics context not yet initialized. Skipping visualisations.
Graphics context not yet initialized. Skipping visualisations.
Graphics context not yet initialized. Skipping visualisations.
Graphics context not yet initialized. Skipping visualisations.
Graphics context not yet initialized. Skipping visualisations.
Graphics context not yet initialized. Skipping visualisations.
Graphics context not yet initialized. Skipping visualisations.
Graphics context not yet initialized. Skipping visualisations.
Graphics context not yet initialized. Skipping visualisations.
Graphics context not yet initialized. Skipping visualisations.
Graphics context not yet initialized. Skipping visualisations.
Graphics context not yet initialized. Skipping visualisations.
Graphics context not yet initialized. Skipping visualisations.
Graphics context not yet initialized. Skipping visualisations.
Graphics context not yet initialized. Skipping visualisations.
Graphics context not yet initialized. Skipping visualisations.
Graphics context not yet initialized. Skipping visualisations.
Graphics context not yet initialized. Skipping visualisations.
Graphics context not yet initialized. Skipping visualisations.
Graphics context not yet initialized. Skipping visualisations.
Graphics context not yet initialized. Skipping visualisations.
Graphics context not yet initialized. Skipping visualisations.
Graphics context not yet initialized. Skipping visualisations.
Graphics context not yet initialized. Skipping visualisations.
Graphics context not yet initialized. Skipping visualisations.
Graphics context not yet initialized. Skipping visualisations.
Graphics context not yet initialized. Skipping visualisations.
Graphics context not yet initialized. Skipping visualisations.
Graphics context not yet initialized. Skipping visualisations.
Graphics context not yet initialized. Skipping visualisations.
Graphics context not yet initialized. Skipping visualisations.
Graphics context not yet initialized. Skipping visualisations.
Graphics context not yet initialized. Skipping visualisations.
Graphics context not yet initialized. Skipping visualisations.
Graphics context not yet initialized. Skipping visualisations.
Graphics context not yet initialized. Skipping visualisations.
Graphics context not yet initialized. Skipping visualisations.
Graphics context not yet initialized. Skipping visualisations.
Graphics context not yet initialized. Skipping visualisations.
Graphics context not yet initialized. Skipping visualisations.
Graphics context not yet initialized. Skipping visualisations.
Graphics context not yet initialized. Skipping visualisations.
Graphics context not yet initialized. Skipping visualisations.
Graphics context not yet initialized. Skipping visualisations.
Graphics context not yet initialized. Skipping visualisations.
Graphics context not yet initialized. Skipping visualisations.
Graphics context not yet initialized. Skipping visualisations.
Graphics context not yet initialized. Skipping visualisations.
Graphics context not yet initialized. Skipping visualisations.
Graphics context not yet initialized. Skipping visualisations.
Graphics context not yet initialized. Skipping visualisations.
Graphics context not yet initialized. Skipping visualisations.
Graphics context not yet initialized. Skipping visualisations.
Graphics context not yet initialized. Skipping visualisations.
Graphics context not yet initialized. Skipping visualisations.
Graphics context not yet initialized. Skipping visualisations.
Graphics context not yet initialized. Skipping visualisations.
Graphics context not yet initialized. Skipping visualisations.
Graphics context not yet initialized. Skipping visualisations.
Graphics context not yet initialized. Skipping visualisations.
Graphics context not yet initialized. Skipping visualisations.
Graphics context not yet initialized. Skipping visualisations.
Graphics context not yet initialized. Skipping visualisations.
Graphics context not yet initialized. Skipping visualisations.
Graphics context not yet initialized. Skipping visualisations.
Graphics context not yet initialized. Skipping visualisations.
Graphics context not yet initialized. Skipping visualisations.
Graphics context not yet initialized. Skipping visualisations.
Graphics context not yet initialized. Skipping visualisations.
Graphics context not yet initialized. Skipping visualisations.
Graphics context not yet initialized. Skipping visualisations.
Graphics context not yet initialized. Skipping visualisations.
Graphics context not yet initialized. Skipping visualisations.
Graphics context not yet initialized. Skipping visualisations.
Graphics context not yet initialized. Skipping visualisations.
Graphics context not yet initialized. Skipping visualisations.
Graphics context not yet initialized. Skipping visualisations.
Graphics context not yet initialized. Skipping visualisations.
Graphics context not yet initialized. Skipping visualisations.
Graphics context not yet initialized. Skipping visualisations.
Graphics context not yet initialized. Skipping visualisations.
Graphics context not yet initialized. Skipping visualisations.
Graphics context not yet initialized. Skipping visualisations.
Graphics context not yet initialized. Skipping visualisations.
Graphics context not yet initialized. Skipping visualisations.
Graphics context not yet initialized. Skipping visualisations.
Graphics context not yet initialized. Skipping visualisations.
Graphics context not yet initialized. Skipping visualisations.
Graphics context not yet initialized. Skipping visualisations.
Graphics context not yet initialized. Skipping visualisations.
Graphics context not yet initialized. Skipping visualisations.
Graphics context not yet initialized. Skipping visualisations.
Graphics context not yet initialized. Skipping visualisations.
Graphics context not yet initialized. Skipping visualisations.
Graphics context not yet initialized. Skipping visualisations.
Graphics context not yet initialized. Skipping visualisations.
Graphics context not yet initialized. Skipping visualisations.
Graphics context not yet initialized. Skipping visualisations.
Graphics context not yet initialized. Skipping visualisations.
Graphics context not yet initialized. Skipping visualisations.
Graphics context not yet initialized. Skipping visualisations.
Graphics context not yet initialized. Skipping visualisations.
Graphics context not yet initialized. Skipping visualisations.
Graphics context not yet initialized. Skipping visualisations.
Graphics context not yet initialized. Skipping visualisations.
Graphics context not yet initialized. Skipping visualisations.
Graphics context not yet initialized. Skipping visualisations.
Graphics context not yet initialized. Skipping visualisations.
Graphics context not yet initialized. Skipping visualisations.
Graphics context not yet initialized. Skipping visualisations.
Graphics context not yet initialized. Skipping visualisations.
Graphics context not yet initialized. Skipping visualisations.
Graphics context not yet initialized. Skipping visualisations.
Graphics context not yet initialized. Skipping visualisations.
Graphics context not yet initialized. Skipping visualisations.
Graphics context not yet initialized. Skipping visualisations.
Graphics context not yet initialized. Skipping visualisations.
Graphics context not yet initialized. Skipping visualisations.
Graphics context not yet initialized. Skipping visualisations.
Graphics context not yet initialized. Skipping visualisations.
Graphics context not yet initialized. Skipping visualisations.
Graphics context not yet initialized. Skipping visualisations.
Graphics context not yet initialized. Skipping visualisations.
Graphics context not yet initialized. Skipping visualisations.
Graphics context not yet initialized. Skipping visualisations.
Graphics context not yet initialized. Skipping visualisations.
Graphics context not yet initialized. Skipping visualisations.
Graphics context not yet initialized. Skipping visualisations.
Graphics context not yet initialized. Skipping visualisations.
Graphics context not yet initialized. Skipping visualisations.
Graphics context not yet initialized. Skipping visualisations.
Graphics context not yet initialized. Skipping visualisations.
Graphics context not yet initialized. Skipping visualisations.
Graphics context not yet initialized. Skipping visualisations.
Graphics context not yet initialized. Skipping visualisations.
Graphics context not yet initialized. Skipping visualisations.
Graphics context not yet initialized. Skipping visualisations.
Graphics context not yet initialized. Skipping visualisations.
Graphics context not yet initialized. Skipping visualisations.
Graphics context not yet initialized. Skipping visualisations.
Graphics context not yet initialized. Skipping visualisations.
Graphics context not yet initialized. Skipping visualisations.
Graphics context not yet initialized. Skipping visualisations.
Graphics context not yet initialized. Skipping visualisations.
Graphics context not yet initialized. Skipping visualisations.
Graphics context not yet initialized. Skipping visualisations.
Graphics context not yet initialized. Skipping visualisations.
Graphics context not yet initialized. Skipping visualisations.
Graphics context not yet initialized. Skipping visualisations.
Graphics context not yet initialized. Skipping visualisations.
Graphics context not yet initialized. Skipping visualisations.
Graphics context not yet initialized. Skipping visualisations.
Graphics context not yet initialized. Skipping visualisations.
Graphics context not yet initialized. Skipping visualisations.
Graphics context not yet initialized. Skipping visualisations.
Graphics context not yet initialized. Skipping visualisations.
Graphics context not yet initialized. Skipping visualisations.
Graphics context not yet initialized. Skipping visualisations.
Graphics context not yet initialized. Skipping visualisations.
Graphics context not yet initialized. Skipping visualisations.
Graphics context not yet initialized. Skipping visualisations.
Graphics context not yet initialized. Skipping visualisations.
Graphics context not yet initialized. Skipping visualisations.
Graphics context not yet initialized. Skipping visualisations.
Graphics context not yet initialized. Skipping visualisations.
Graphics context not yet initialized. Skipping visualisations.
Graphics context not yet initialized. Skipping visualisations.
Graphics context not yet initialized. Skipping visualisations.
Graphics context not yet initialized. Skipping visualisations.
Graphics context not yet initialized. Skipping visualisations.
Graphics context not yet initialized. Skipping visualisations.
Graphics context not yet initialized. Skipping visualisations.
Graphics context not yet initialized. Skipping visualisations.
Graphics context not yet initialized. Skipping visualisations.
Graphics context not yet initialized. Skipping visualisations.
Graphics context not yet initialized. Skipping visualisations.
Graphics context not yet initialized. Skipping visualisations.
Graphics context not yet initialized. Skipping visualisations.
Graphics context not yet initialized. Skipping visualisations.
Graphics context not yet initialized. Skipping visualisations.
Graphics context not yet initialized. Skipping visualisations.
Graphics context not yet initialized. Skipping visualisations.
Graphics context not yet initialized. Skipping visualisations.
Graphics context not yet initialized. Skipping visualisations.
Graphics context not yet initialized. Skipping visualisations.
Graphics context not yet initialized. Skipping visualisations.
Graphics context not yet initialized. Skipping visualisations.
Graphics context not yet initialized. Skipping visualisations.
Graphics context not yet initialized. Skipping visualisations.
Graphics context not yet initialized. Skipping visualisations.
Graphics context not yet initialized. Skipping visualisations.
Graphics context not yet initialized. Skipping visualisations.
Graphics context not yet initialized. Skipping visualisations.
Graphics context not yet initialized. Skipping visualisations.
Graphics context not yet initialized. Skipping visualisations.
Graphics context not yet initialized. Skipping visualisations.
Graphics context not yet initialized. Skipping visualisations.
Graphics context not yet initialized. Skipping visualisations.
Graphics context not yet initialized. Skipping visualisations.
Graphics context not yet initialized. Skipping visualisations.
Graphics context not yet initialized. Skipping visualisations.
Graphics context not yet initialized. Skipping visualisations.
Graphics context not yet initialized. Skipping visualisations.
Graphics context not yet initialized. Skipping visualisations.
Graphics context not yet initialized. Skipping visualisations.
Graphics context not yet initialized. Skipping visualisations.
Graphics context not yet initialized. Skipping visualisations.
Graphics context not yet initialized. Skipping visualisations.
Graphics context not yet initialized. Skipping visualisations.
Graphics context not yet initialized. Skipping visualisations.
Graphics context not yet initialized. Skipping visualisations.
Graphics context not yet initialized. Skipping visualisations.
Graphics context not yet initialized. Skipping visualisations.
Graphics context not yet initialized. Skipping visualisations.
Graphics context not yet initialized. Skipping visualisations.
Graphics context not yet initialized. Skipping visualisations.
Graphics context not yet initialized. Skipping visualisations.
Graphics context not yet initialized. Skipping visualisations.
Graphics context not yet initialized. Skipping visualisations.
Graphics context not yet initialized. Skipping visualisations.
Graphics context not yet initialized. Skipping visualisations.
Graphics context not yet initialized. Skipping visualisations.
Graphics context not yet initialized. Skipping visualisations.
Graphics context not yet initialized. Skipping visualisations.
Graphics context not yet initialized. Skipping visualisations.
Graphics context not yet initialized. Skipping visualisations.
Graphics context not yet initialized. Skipping visualisations.
Graphics context not yet initialized. Skipping visualisations.
Graphics context not yet initialized. Skipping visualisations.
Graphics context not yet initialized. Skipping visualisations.
Graphics context not yet initialized. Skipping visualisations.
Graphics context not yet initialized. Skipping visualisations.
Graphics context not yet initialized. Skipping visualisations.
Graphics context not yet initialized. Skipping visualisations.
Graphics context not yet initialized. Skipping visualisations.
Graphics context not yet initialized. Skipping visualisations.
Graphics context not yet initialized. Skipping visualisations.
Graphics context not yet initialized. Skipping visualisations.
Graphics context not yet initialized. Skipping visualisations.
Graphics context not yet initialized. Skipping visualisations.
Graphics context not yet initialized. Skipping visualisations.
Graphics context not yet initialized. Skipping visualisations.
Graphics context not yet initialized. Skipping visualisations.
Graphics context not yet initialized. Skipping visualisations.
Graphics context not yet initialized. Skipping visualisations.
Graphics context not yet initialized. Skipping visualisations.
Graphics context not yet initialized. Skipping visualisations.
Graphics context not yet initialized. Skipping visualisations.
Graphics context not yet initialized. Skipping visualisations.
Graphics context not yet initialized. Skipping visualisations.
Graphics context not yet initialized. Skipping visualisations.
Graphics context not yet initialized. Skipping visualisations.
Graphics context not yet initialized. Skipping visualisations.
Graphics context not yet initialized. Skipping visualisations.
Graphics context not yet initialized. Skipping visualisations.
Graphics context not yet initialized. Skipping visualisations.
Graphics context not yet initialized. Skipping visualisations.
Graphics context not yet initialized. Skipping visualisations.
Graphics context not yet initialized. Skipping visualisations.
Graphics context not yet initialized. Skipping visualisations.
Graphics context not yet initialized. Skipping visualisations.
Graphics context not yet initialized. Skipping visualisations.
Graphics context not yet initialized. Skipping visualisations.
Graphics context not yet initialized. Skipping visualisations.
Graphics context not yet initialized. Skipping visualisations.
Graphics context not yet initialized. Skipping visualisations.
Graphics context not yet initialized. Skipping visualisations.
Graphics context not yet initialized. Skipping visualisations.
Graphics context not yet initialized. Skipping visualisations.
Graphics context not yet initialized. Skipping visualisations.
Graphics context not yet initialized. Skipping visualisations.
Graphics context not yet initialized. Skipping visualisations.
Graphics context not yet initialized. Skipping visualisations.
Graphics context not yet initialized. Skipping visualisations.
Graphics context not yet initialized. Skipping visualisations.
Graphics context not yet initialized. Skipping visualisations.
Graphics context not yet initialized. Skipping visualisations.
Graphics context not yet initialized. Skipping visualisations.
Graphics context not yet initialized. Skipping visualisations.
Graphics context not yet initialized. Skipping visualisations.
Graphics context not yet initialized. Skipping visualisations.
Graphics context not yet initialized. Skipping visualisations.
Graphics context not yet initialized. Skipping visualisations.
Graphics context not yet initialized. Skipping visualisations.
Graphics context not yet initialized. Skipping visualisations.
Graphics context not yet initialized. Skipping visualisations.
Graphics context not yet initialized. Skipping visualisations.
Graphics context not yet initialized. Skipping visualisations.
Graphics context not yet initialized. Skipping visualisations.
Graphics context not yet initialized. Skipping visualisations.
Graphics context not yet initialized. Skipping visualisations.
Graphics context not yet initialized. Skipping visualisations.
Graphics context not yet initialized. Skipping visualisations.
Graphics context not yet initialized. Skipping visualisations.
Graphics context not yet initialized. Skipping visualisations.
Graphics context not yet initialized. Skipping visualisations.
Graphics context not yet initialized. Skipping visualisations.
Graphics context not yet initialized. Skipping visualisations.
Graphics context not yet initialized. Skipping visualisations.
Graphics context not yet initialized. Skipping visualisations.
Graphics context not yet initialized. Skipping visualisations.
Graphics context not yet initialized. Skipping visualisations.
Graphics context not yet initialized. Skipping visualisations.
Graphics context not yet initialized. Skipping visualisations.
Graphics context not yet initialized. Skipping visualisations.
Graphics context not yet initialized. Skipping visualisations.
Graphics context not yet initialized. Skipping visualisations.
Graphics context not yet initialized. Skipping visualisations.
Graphics context not yet initialized. Skipping visualisations.
Graphics context not yet initialized. Skipping visualisations.
Graphics context not yet initialized. Skipping visualisations.
Graphics context not yet initialized. Skipping visualisations.
Graphics context not yet initialized. Skipping visualisations.
Graphics context not yet initialized. Skipping visualisations.
Graphics context not yet initialized. Skipping visualisations.
Graphics context not yet initialized. Skipping visualisations.
Graphics context not yet initialized. Skipping visualisations.
Graphics context not yet initialized. Skipping visualisations.
Graphics context not yet initialized. Skipping visualisations.
Graphics context not yet initialized. Skipping visualisations.
Graphics context not yet initialized. Skipping visualisations.
Graphics context not yet initialized. Skipping visualisations.
Graphics context not yet initialized. Skipping visualisations.
Graphics context not yet initialized. Skipping visualisations.
Graphics context not yet initialized. Skipping visualisations.
Graphics context not yet initialized. Skipping visualisations.
Graphics context not yet initialized. Skipping visualisations.
Graphics context not yet initialized. Skipping visualisations.
Graphics context not yet initialized. Skipping visualisations.
Graphics context not yet initialized. Skipping visualisations.
Graphics context not yet initialized. Skipping visualisations.
Graphics context not yet initialized. Skipping visualisations.
Graphics context not yet initialized. Skipping visualisations.
Graphics context not yet initialized. Skipping visualisations.
Graphics context not yet initialized. Skipping visualisations.
Graphics context not yet initialized. Skipping visualisations.
Graphics context not yet initialized. Skipping visualisations.
Graphics context not yet initialized. Skipping visualisations.
Graphics context not yet initialized. Skipping visualisations.
Graphics context not yet initialized. Skipping visualisations.
Graphics context not yet initialized. Skipping visualisations.
Graphics context not yet initialized. Skipping visualisations.
Graphics context not yet initialized. Skipping visualisations.
Graphics context not yet initialized. Skipping visualisations.
Graphics context not yet initialized. Skipping visualisations.
Graphics context not yet initialized. Skipping visualisations.
Graphics context not yet initialized. Skipping visualisations.
Graphics context not yet initialized. Skipping visualisations.
Graphics context not yet initialized. Skipping visualisations.
Graphics context not yet initialized. Skipping visualisations.
Graphics context not yet initialized. Skipping visualisations.
Graphics context not yet initialized. Skipping visualisations.
Graphics context not yet initialized. Skipping visualisations.
Graphics context not yet initialized. Skipping visualisations.
Graphics context not yet initialized. Skipping visualisations.
Graphics context not yet initialized. Skipping visualisations.
Graphics context not yet initialized. Skipping visualisations.
Graphics context not yet initialized. Skipping visualisations.
Graphics context not yet initialized. Skipping visualisations.
Graphics context not yet initialized. Skipping visualisations.
Graphics context not yet initialized. Skipping visualisations.
Graphics context not yet initialized. Skipping visualisations.
Graphics context not yet initialized. Skipping visualisations.
Graphics context not yet initialized. Skipping visualisations.
Graphics context not yet initialized. Skipping visualisations.
Graphics context not yet initialized. Skipping visualisations.
Graphics context not yet initialized. Skipping visualisations.
Graphics context not yet initialized. Skipping visualisations.
Graphics context not yet initialized. Skipping visualisations.
Graphics context not yet initialized. Skipping visualisations.
Graphics context not yet initialized. Skipping visualisations.
Graphics context not yet initialized. Skipping visualisations.
Graphics context not yet initialized. Skipping visualisations.
Graphics context not yet initialized. Skipping visualisations.
Graphics context not yet initialized. Skipping visualisations.
Graphics context not yet initialized. Skipping visualisations.
Graphics context not yet initialized. Skipping visualisations.
Graphics context not yet initialized. Skipping visualisations.
Graphics context not yet initialized. Skipping visualisations.
Graphics context not yet initialized. Skipping visualisations.
Graphics context not yet initialized. Skipping visualisations.
Graphics context not yet initialized. Skipping visualisations.
Graphics context not yet initialized. Skipping visualisations.
Graphics context not yet initialized. Skipping visualisations.
Graphics context not yet initialized. Skipping visualisations.
Graphics context not yet initialized. Skipping visualisations.
Graphics context not yet initialized. Skipping visualisations.
Graphics context not yet initialized. Skipping visualisations.
Graphics context not yet initialized. Skipping visualisations.
Graphics context not yet initialized. Skipping visualisations.
Graphics context not yet initialized. Skipping visualisations.
Graphics context not yet initialized. Skipping visualisations.
Graphics context not yet initialized. Skipping visualisations.
Graphics context not yet initialized. Skipping visualisations.
Graphics context not yet initialized. Skipping visualisations.
Graphics context not yet initialized. Skipping visualisations.
Graphics context not yet initialized. Skipping visualisations.
Graphics context not yet initialized. Skipping visualisations.
Graphics context not yet initialized. Skipping visualisations.
Graphics context not yet initialized. Skipping visualisations.
Graphics context not yet initialized. Skipping visualisations.
Graphics context not yet initialized. Skipping visualisations.
Graphics context not yet initialized. Skipping visualisations.
Graphics context not yet initialized. Skipping visualisations.
Graphics context not yet initialized. Skipping visualisations.
Graphics context not yet initialized. Skipping visualisations.
Graphics context not yet initialized. Skipping visualisations.
Graphics context not yet initialized. Skipping visualisations.
Graphics context not yet initialized. Skipping visualisations.
Graphics context not yet initialized. Skipping visualisations.
Graphics context not yet initialized. Skipping visualisations.
Graphics context not yet initialized. Skipping visualisations.
Graphics context not yet initialized. Skipping visualisations.
Graphics context not yet initialized. Skipping visualisations.
Graphics context not yet initialized. Skipping visualisations.
Graphics context not yet initialized. Skipping visualisations.
Graphics context not yet initialized. Skipping visualisations.
Graphics context not yet initialized. Skipping visualisations.
Graphics context not yet initialized. Skipping visualisations.
Graphics context not yet initialized. Skipping visualisations.
Graphics context not yet initialized. Skipping visualisations.
Graphics context not yet initialized. Skipping visualisations.
Graphics context not yet initialized. Skipping visualisations.
Graphics context not yet initialized. Skipping visualisations.
Graphics context not yet initialized. Skipping visualisations.
Graphics context not yet initialized. Skipping visualisations.
Graphics context not yet initialized. Skipping visualisations.
Graphics context not yet initialized. Skipping visualisations.
Graphics context not yet initialized. Skipping visualisations.
Graphics context not yet initialized. Skipping visualisations.
Graphics context not yet initialized. Skipping visualisations.
Graphics context not yet initialized. Skipping visualisations.
Graphics context not yet initialized. Skipping visualisations.
Graphics context not yet initialized. Skipping visualisations.
Graphics context not yet initialized. Skipping visualisations.
Graphics context not yet initialized. Skipping visualisations.
Graphics context not yet initialized. Skipping visualisations.
Graphics context not yet initialized. Skipping visualisations.
Graphics context not yet initialized. Skipping visualisations.
Graphics context not yet initialized. Skipping visualisations.
Graphics context not yet initialized. Skipping visualisations.
Graphics context not yet initialized. Skipping visualisations.
Graphics context not yet initialized. Skipping visualisations.
Graphics context not yet initialized. Skipping visualisations.
Graphics context not yet initialized. Skipping visualisations.
Graphics context not yet initialized. Skipping visualisations.
Graphics context not yet initialized. Skipping visualisations.
Graphics context not yet initialized. Skipping visualisations.
Graphics context not yet initialized. Skipping visualisations.
Graphics context not yet initialized. Skipping visualisations.
Graphics context not yet initialized. Skipping visualisations.
Graphics context not yet initialized. Skipping visualisations.
Graphics context not yet initialized. Skipping visualisations.
Graphics context not yet initialized. Skipping visualisations.
Graphics context not yet initialized. Skipping visualisations.
Graphics context not yet initialized. Skipping visualisations.
Graphics context not yet initialized. Skipping visualisations.
Graphics context not yet initialized. Skipping visualisations.
Graphics context not yet initialized. Skipping visualisations.
Graphics context not yet initialized. Skipping visualisations.
Graphics context not yet initialized. Skipping visualisations.
Graphics context not yet initialized. Skipping visualisations.
Graphics context not yet initialized. Skipping visualisations.
Graphics context not yet initialized. Skipping visualisations.
Graphics context not yet initialized. Skipping visualisations.
Graphics context not yet initialized. Skipping visualisations.
Graphics context not yet initialized. Skipping visualisations.
Graphics context not yet initialized. Skipping visualisations.
Graphics context not yet initialized. Skipping visualisations.
Graphics context not yet initialized. Skipping visualisations.
Graphics context not yet initialized. Skipping visualisations.
Graphics context not yet initialized. Skipping visualisations.
Graphics context not yet initialized. Skipping visualisations.
Graphics context not yet initialized. Skipping visualisations.
Graphics context not yet initialized. Skipping visualisations.
Graphics context not yet initialized. Skipping visualisations.
Graphics context not yet initialized. Skipping visualisations.
Graphics context not yet initialized. Skipping visualisations.
Graphics context not yet initialized. Skipping visualisations.
Graphics context not yet initialized. Skipping visualisations.
Graphics context not yet initialized. Skipping visualisations.
Graphics context not yet initialized. Skipping visualisations.
Graphics context not yet initialized. Skipping visualisations.
Graphics context not yet initialized. Skipping visualisations.
Graphics context not yet initialized. Skipping visualisations.
Graphics context not yet initialized. Skipping visualisations.
Graphics context not yet initialized. Skipping visualisations.
Graphics context not yet initialized. Skipping visualisations.
Graphics context not yet initialized. Skipping visualisations.
Graphics context not yet initialized. Skipping visualisations.
Graphics context not yet initialized. Skipping visualisations.
Graphics context not yet initialized. Skipping visualisations.
Graphics context not yet initialized. Skipping visualisations.
Graphics context not yet initialized. Skipping visualisations.
Graphics context not yet initialized. Skipping visualisations.
Graphics context not yet initialized. Skipping visualisations.
Graphics context not yet initialized. Skipping visualisations.
Graphics context not yet initialized. Skipping visualisations.
Graphics context not yet initialized. Skipping visualisations.
Graphics context not yet initialized. Skipping visualisations.
Graphics context not yet initialized. Skipping visualisations.
Graphics context not yet initialized. Skipping visualisations.
Graphics context not yet initialized. Skipping visualisations.
Graphics context not yet initialized. Skipping visualisations.
Graphics context not yet initialized. Skipping visualisations.
Graphics context not yet initialized. Skipping visualisations.
Graphics context not yet initialized. Skipping visualisations.
Graphics context not yet initialized. Skipping visualisations.
Graphics context not yet initialized. Skipping visualisations.
Graphics context not yet initialized. Skipping visualisations.
Graphics context not yet initialized. Skipping visualisations.
Graphics context not yet initialized. Skipping visualisations.
Graphics context not yet initialized. Skipping visualisations.
Graphics context not yet initialized. Skipping visualisations.
Graphics context not yet initialized. Skipping visualisations.
Graphics context not yet initialized. Skipping visualisations.
Graphics context not yet initialized. Skipping visualisations.
Graphics context not yet initialized. Skipping visualisations.
Graphics context not yet initialized. Skipping visualisations.
Graphics context not yet initialized. Skipping visualisations.
Graphics context not yet initialized. Skipping visualisations.
Graphics context not yet initialized. Skipping visualisations.
Graphics context not yet initialized. Skipping visualisations.
Graphics context not yet initialized. Skipping visualisations.
Graphics context not yet initialized. Skipping visualisations.
Graphics context not yet initialized. Skipping visualisations.
Graphics context not yet initialized. Skipping visualisations.
Graphics context not yet initialized. Skipping visualisations.
Graphics context not yet initialized. Skipping visualisations.
Graphics context not yet initialized. Skipping visualisations.
Graphics context not yet initialized. Skipping visualisations.
Graphics context not yet initialized. Skipping visualisations.
Graphics context not yet initialized. Skipping visualisations.
Graphics context not yet initialized. Skipping visualisations.
Graphics context not yet initialized. Skipping visualisations.
Graphics context not yet initialized. Skipping visualisations.
Graphics context not yet initialized. Skipping visualisations.
Graphics context not yet initialized. Skipping visualisations.
Graphics context not yet initialized. Skipping visualisations.
Graphics context not yet initialized. Skipping visualisations.
Graphics context not yet initialized. Skipping visualisations.
Graphics context not yet initialized. Skipping visualisations.
Graphics context not yet initialized. Skipping visualisations.
Graphics context not yet initialized. Skipping visualisations.
Graphics context not yet initialized. Skipping visualisations.
Graphics context not yet initialized. Skipping visualisations.
Graphics context not yet initialized. Skipping visualisations.
Graphics context not yet initialized. Skipping visualisations.
Graphics context not yet initialized. Skipping visualisations.
Graphics context not yet initialized. Skipping visualisations.
Graphics context not yet initialized. Skipping visualisations.
Graphics context not yet initialized. Skipping visualisations.
Graphics context not yet initialized. Skipping visualisations.
Graphics context not yet initialized. Skipping visualisations.
Graphics context not yet initialized. Skipping visualisations.
Graphics context not yet initialized. Skipping visualisations.
Graphics context not yet initialized. Skipping visualisations.
Graphics context not yet initialized. Skipping visualisations.
Graphics context not yet initialized. Skipping visualisations.
Graphics context not yet initialized. Skipping visualisations.
Graphics context not yet initialized. Skipping visualisations.
Graphics context not yet initialized. Skipping visualisations.
Graphics context not yet initialized. Skipping visualisations.
Graphics context not yet initialized. Skipping visualisations.
Graphics context not yet initialized. Skipping visualisations.
Graphics context not yet initialized. Skipping visualisations.
Graphics context not yet initialized. Skipping visualisations.
Graphics context not yet initialized. Skipping visualisations.
Graphics context not yet initialized. Skipping visualisations.
Graphics context not yet initialized. Skipping visualisations.
Graphics context not yet initialized. Skipping visualisations.
Graphics context not yet initialized. Skipping visualisations.
Graphics context not yet initialized. Skipping visualisations.
Graphics context not yet initialized. Skipping visualisations.
Graphics context not yet initialized. Skipping visualisations.
Graphics context not yet initialized. Skipping visualisations.
Graphics context not yet initialized. Skipping visualisations.
Graphics context not yet initialized. Skipping visualisations.
Graphics context not yet initialized. Skipping visualisations.
Graphics context not yet initialized. Skipping visualisations.
Graphics context not yet initialized. Skipping visualisations.
Graphics context not yet initialized. Skipping visualisations.
Graphics context not yet initialized. Skipping visualisations.
Graphics context not yet initialized. Skipping visualisations.
Graphics context not yet initialized. Skipping visualisations.
Graphics context not yet initialized. Skipping visualisations.
Graphics context not yet initialized. Skipping visualisations.
Graphics context not yet initialized. Skipping visualisations.
Graphics context not yet initialized. Skipping visualisations.
Graphics context not yet initialized. Skipping visualisations.
Graphics context not yet initialized. Skipping visualisations.
Graphics context not yet initialized. Skipping visualisations.
Graphics context not yet initialized. Skipping visualisations.
Graphics context not yet initialized. Skipping visualisations.
Graphics context not yet initialized. Skipping visualisations.
Graphics context not yet initialized. Skipping visualisations.
Graphics context not yet initialized. Skipping visualisations.
Graphics context not yet initialized. Skipping visualisations.
Graphics context not yet initialized. Skipping visualisations.
Graphics context not yet initialized. Skipping visualisations.
Graphics context not yet initialized. Skipping visualisations.
Graphics context not yet initialized. Skipping visualisations.
Graphics context not yet initialized. Skipping visualisations.
Graphics context not yet initialized. Skipping visualisations.
Graphics context not yet initialized. Skipping visualisations.
Graphics context not yet initialized. Skipping visualisations.
Graphics context not yet initialized. Skipping visualisations.
Graphics context not yet initialized. Skipping visualisations.
Graphics context not yet initialized. Skipping visualisations.
Graphics context not yet initialized. Skipping visualisations.
Graphics context not yet initialized. Skipping visualisations.
Graphics context not yet initialized. Skipping visualisations.
Graphics context not yet initialized. Skipping visualisations.
Graphics context not yet initialized. Skipping visualisations.
Graphics context not yet initialized. Skipping visualisations.
Graphics context not yet initialized. Skipping visualisations.
Graphics context not yet initialized. Skipping visualisations.
Graphics context not yet initialized. Skipping visualisations.
Graphics context not yet initialized. Skipping visualisations.
Graphics context not yet initialized. Skipping visualisations.
Graphics context not yet initialized. Skipping visualisations.
Graphics context not yet initialized. Skipping visualisations.
Graphics context not yet initialized. Skipping visualisations.
Graphics context not yet initialized. Skipping visualisations.
Graphics context not yet initialized. Skipping visualisations.
Graphics context not yet initialized. Skipping visualisations.
Graphics context not yet initialized. Skipping visualisations.
Graphics context not yet initialized. Skipping visualisations.
Graphics context not yet initialized. Skipping visualisations.
Graphics context not yet initialized. Skipping visualisations.
Graphics context not yet initialized. Skipping visualisations.
Graphics context not yet initialized. Skipping visualisations.
Graphics context not yet initialized. Skipping visualisations.
Graphics context not yet initialized. Skipping visualisations.
Graphics context not yet initialized. Skipping visualisations.
Graphics context not yet initialized. Skipping visualisations.
Graphics context not yet initialized. Skipping visualisations.
Graphics context not yet initialized. Skipping visualisations.
Graphics context not yet initialized. Skipping visualisations.
Graphics context not yet initialized. Skipping visualisations.
Graphics context not yet initialized. Skipping visualisations.
Graphics context not yet initialized. Skipping visualisations.
Graphics context not yet initialized. Skipping visualisations.
Graphics context not yet initialized. Skipping visualisations.
Graphics context not yet initialized. Skipping visualisations.
Graphics context not yet initialized. Skipping visualisations.
Graphics context not yet initialized. Skipping visualisations.
Graphics context not yet initialized. Skipping visualisations.
Graphics context not yet initialized. Skipping visualisations.
Graphics context not yet initialized. Skipping visualisations.
Graphics context not yet initialized. Skipping visualisations.
Graphics context not yet initialized. Skipping visualisations.
Graphics context not yet initialized. Skipping visualisations.
Graphics context not yet initialized. Skipping visualisations.
Graphics context not yet initialized. Skipping visualisations.
Graphics context not yet initialized. Skipping visualisations.
Graphics context not yet initialized. Skipping visualisations.
Graphics context not yet initialized. Skipping visualisations.
Graphics context not yet initialized. Skipping visualisations.
Graphics context not yet initialized. Skipping visualisations.
Graphics context not yet initialized. Skipping visualisations.
Graphics context not yet initialized. Skipping visualisations.
Graphics context not yet initialized. Skipping visualisations.
Graphics context not yet initialized. Skipping visualisations.
Graphics context not yet initialized. Skipping visualisations.
Graphics context not yet initialized. Skipping visualisations.
Graphics context not yet initialized. Skipping visualisations.
Graphics context not yet initialized. Skipping visualisations.
Graphics context not yet initialized. Skipping visualisations.
Graphics context not yet initialized. Skipping visualisations.
Graphics context not yet initialized. Skipping visualisations.
Graphics context not yet initialized. Skipping visualisations.
Graphics context not yet initialized. Skipping visualisations.
Graphics context not yet initialized. Skipping visualisations.
Graphics context not yet initialized. Skipping visualisations.
Graphics context not yet initialized. Skipping visualisations.
Graphics context not yet initialized. Skipping visualisations.
Graphics context not yet initialized. Skipping visualisations.
Graphics context not yet initialized. Skipping visualisations.
Graphics context not yet initialized. Skipping visualisations.
Graphics context not yet initialized. Skipping visualisations.
Graphics context not yet initialized. Skipping visualisations.
Graphics context not yet initialized. Skipping visualisations.
Graphics context not yet initialized. Skipping visualisations.
Graphics context not yet initialized. Skipping visualisations.
Graphics context not yet initialized. Skipping visualisations.
Graphics context not yet initialized. Skipping visualisations.
Graphics context not yet initialized. Skipping visualisations.
Graphics context not yet initialized. Skipping visualisations.
Graphics context not yet initialized. Skipping visualisations.
Graphics context not yet initialized. Skipping visualisations.
Graphics context not yet initialized. Skipping visualisations.
Graphics context not yet initialized. Skipping visualisations.
Graphics context not yet initialized. Skipping visualisations.
Graphics context not yet initialized. Skipping visualisations.
Graphics context not yet initialized. Skipping visualisations.
Graphics context not yet initialized. Skipping visualisations.
Graphics context not yet initialized. Skipping visualisations.
Graphics context not yet initialized. Skipping visualisations.
Graphics context not yet initialized. Skipping visualisations.
Graphics context not yet initialized. Skipping visualisations.
Graphics context not yet initialized. Skipping visualisations.
Graphics context not yet initialized. Skipping visualisations.
Graphics context not yet initialized. Skipping visualisations.
Graphics context not yet initialized. Skipping visualisations.
Graphics context not yet initialized. Skipping visualisations.
Graphics context not yet initialized. Skipping visualisations.
Graphics context not yet initialized. Skipping visualisations.
Graphics context not yet initialized. Skipping visualisations.
Graphics context not yet initialized. Skipping visualisations.
Graphics context not yet initialized. Skipping visualisations.
Graphics context not yet initialized. Skipping visualisations.
Graphics context not yet initialized. Skipping visualisations.
Graphics context not yet initialized. Skipping visualisations.
Graphics context not yet initialized. Skipping visualisations.
Graphics context not yet initialized. Skipping visualisations.
Graphics context not yet initialized. Skipping visualisations.
Graphics context not yet initialized. Skipping visualisations.
Graphics context not yet initialized. Skipping visualisations.
Graphics context not yet initialized. Skipping visualisations.
Graphics context not yet initialized. Skipping visualisations.
Graphics context not yet initialized. Skipping visualisations.
Graphics context not yet initialized. Skipping visualisations.
Graphics context not yet initialized. Skipping visualisations.
Graphics context not yet initialized. Skipping visualisations.
Graphics context not yet initialized. Skipping visualisations.
Graphics context not yet initialized. Skipping visualisations.
Graphics context not yet initialized. Skipping visualisations.
Graphics context not yet initialized. Skipping visualisations.
Graphics context not yet initialized. Skipping visualisations.
Graphics context not yet initialized. Skipping visualisations.
Graphics context not yet initialized. Skipping visualisations.
Graphics context not yet initialized. Skipping visualisations.
Graphics context not yet initialized. Skipping visualisations.
Graphics context not yet initialized. Skipping visualisations.
Graphics context not yet initialized. Skipping visualisations.
Graphics context not yet initialized. Skipping visualisations.
Graphics context not yet initialized. Skipping visualisations.
Graphics context not yet initialized. Skipping visualisations.
Graphics context not yet initialized. Skipping visualisations.
Graphics context not yet initialized. Skipping visualisations.
Graphics context not yet initialized. Skipping visualisations.
Graphics context not yet initialized. Skipping visualisations.
Graphics context not yet initialized. Skipping visualisations.
Graphics context not yet initialized. Skipping visualisations.
Graphics context not yet initialized. Skipping visualisations.
Graphics context not yet initialized. Skipping visualisations.
Graphics context not yet initialized. Skipping visualisations.
Graphics context not yet initialized. Skipping visualisations.
Graphics context not yet initialized. Skipping visualisations.
Graphics context not yet initialized. Skipping visualisations.
Graphics context not yet initialized. Skipping visualisations.
Graphics context not yet initialized. Skipping visualisations.
Graphics context not yet initialized. Skipping visualisations.
Graphics context not yet initialized. Skipping visualisations.
Graphics context not yet initialized. Skipping visualisations.
Graphics context not yet initialized. Skipping visualisations.
Graphics context not yet initialized. Skipping visualisations.
Graphics context not yet initialized. Skipping visualisations.
Graphics context not yet initialized. Skipping visualisations.
Graphics context not yet initialized. Skipping visualisations.
Graphics context not yet initialized. Skipping visualisations.
Graphics context not yet initialized. Skipping visualisations.
Graphics context not yet initialized. Skipping visualisations.
Graphics context not yet initialized. Skipping visualisations.
Graphics context not yet initialized. Skipping visualisations.
Graphics context not yet initialized. Skipping visualisations.
Graphics context not yet initialized. Skipping visualisations.
Graphics context not yet initialized. Skipping visualisations.
Graphics context not yet initialized. Skipping visualisations.
Graphics context not yet initialized. Skipping visualisations.
Graphics context not yet initialized. Skipping visualisations.
Graphics context not yet initialized. Skipping visualisations.
Graphics context not yet initialized. Skipping visualisations.
Graphics context not yet initialized. Skipping visualisations.
Graphics context not yet initialized. Skipping visualisations.
Graphics context not yet initialized. Skipping visualisations.
Graphics context not yet initialized. Skipping visualisations.
Graphics context not yet initialized. Skipping visualisations.
Graphics context not yet initialized. Skipping visualisations.
Graphics context not yet initialized. Skipping visualisations.
Graphics context not yet initialized. Skipping visualisations.
Graphics context not yet initialized. Skipping visualisations.
Graphics context not yet initialized. Skipping visualisations.
Graphics context not yet initialized. Skipping visualisations.
Graphics context not yet initialized. Skipping visualisations.
Graphics context not yet initialized. Skipping visualisations.
Graphics context not yet initialized. Skipping visualisations.
Graphics context not yet initialized. Skipping visualisations.
Graphics context not yet initialized. Skipping visualisations.
Graphics context not yet initialized. Skipping visualisations.
Graphics context not yet initialized. Skipping visualisations.
Graphics context not yet initialized. Skipping visualisations.
Graphics context not yet initialized. Skipping visualisations.
Graphics context not yet initialized. Skipping visualisations.
Graphics context not yet initialized. Skipping visualisations.
Graphics context not yet initialized. Skipping visualisations.
Graphics context not yet initialized. Skipping visualisations.
Graphics context not yet initialized. Skipping visualisations.
Graphics context not yet initialized. Skipping visualisations.
Graphics context not yet initialized. Skipping visualisations.
Graphics context not yet initialized. Skipping visualisations.
Graphics context not yet initialized. Skipping visualisations.
Graphics context not yet initialized. Skipping visualisations.
Graphics context not yet initialized. Skipping visualisations.
Graphics context not yet initialized. Skipping visualisations.
Graphics context not yet initialized. Skipping visualisations.
Graphics context not yet initialized. Skipping visualisations.
Graphics context not yet initialized. Skipping visualisations.
Graphics context not yet initialized. Skipping visualisations.
Graphics context not yet initialized. Skipping visualisations.
Graphics context not yet initialized. Skipping visualisations.
Graphics context not yet initialized. Skipping visualisations.
Graphics context not yet initialized. Skipping visualisations.
Graphics context not yet initialized. Skipping visualisations.
Graphics context not yet initialized. Skipping visualisations.
Graphics context not yet initialized. Skipping visualisations.
Graphics context not yet initialized. Skipping visualisations.
Graphics context not yet initialized. Skipping visualisations.
Graphics context not yet initialized. Skipping visualisations.
Graphics context not yet initialized. Skipping visualisations.
Graphics context not yet initialized. Skipping visualisations.
Graphics context not yet initialized. Skipping visualisations.
Graphics context not yet initialized. Skipping visualisations.
Graphics context not yet initialized. Skipping visualisations.
Graphics context not yet initialized. Skipping visualisations.
Graphics context not yet initialized. Skipping visualisations.
Graphics context not yet initialized. Skipping visualisations.
Graphics context not yet initialized. Skipping visualisations.
Graphics context not yet initialized. Skipping visualisations.
Graphics context not yet initialized. Skipping visualisations.
Graphics context not yet initialized. Skipping visualisations.
Graphics context not yet initialized. Skipping visualisations.
Graphics context not yet initialized. Skipping visualisations.
Graphics context not yet initialized. Skipping visualisations.
Graphics context not yet initialized. Skipping visualisations.
Graphics context not yet initialized. Skipping visualisations.
Graphics context not yet initialized. Skipping visualisations.
Graphics context not yet initialized. Skipping visualisations.
Graphics context not yet initialized. Skipping visualisations.
Graphics context not yet initialized. Skipping visualisations.
Graphics context not yet initialized. Skipping visualisations.
Graphics context not yet initialized. Skipping visualisations.
Graphics context not yet initialized. Skipping visualisations.
Graphics context not yet initialized. Skipping visualisations.
Graphics context not yet initialized. Skipping visualisations.
Graphics context not yet initialized. Skipping visualisations.
Graphics context not yet initialized. Skipping visualisations.
Graphics context not yet initialized. Skipping visualisations.
Graphics context not yet initialized. Skipping visualisations.
Graphics context not yet initialized. Skipping visualisations.
Graphics context not yet initialized. Skipping visualisations.
Graphics context not yet initialized. Skipping visualisations.
Graphics context not yet initialized. Skipping visualisations.
Graphics context not yet initialized. Skipping visualisations.
Graphics context not yet initialized. Skipping visualisations.
Graphics context not yet initialized. Skipping visualisations.
Graphics context not yet initialized. Skipping visualisations.
Graphics context not yet initialized. Skipping visualisations.
Graphics context not yet initialized. Skipping visualisations.
Graphics context not yet initialized. Skipping visualisations.
Graphics context not yet initialized. Skipping visualisations.
Graphics context not yet initialized. Skipping visualisations.
Graphics context not yet initialized. Skipping visualisations.
Graphics context not yet initialized. Skipping visualisations.
Graphics context not yet initialized. Skipping visualisations.
Graphics context not yet initialized. Skipping visualisations.
Graphics context not yet initialized. Skipping visualisations.
Graphics context not yet initialized. Skipping visualisations.
Graphics context not yet initialized. Skipping visualisations.
Graphics context not yet initialized. Skipping visualisations.
Graphics context not yet initialized. Skipping visualisations.
Graphics context not yet initialized. Skipping visualisations.
Graphics context not yet initialized. Skipping visualisations.
Graphics context not yet initialized. Skipping visualisations.
Graphics context not yet initialized. Skipping visualisations.
Graphics context not yet initialized. Skipping visualisations.
Graphics context not yet initialized. Skipping visualisations.
Graphics context not yet initialized. Skipping visualisations.
Graphics context not yet initialized. Skipping visualisations.
Graphics context not yet initialized. Skipping visualisations.
Graphics context not yet initialized. Skipping visualisations.
Graphics context not yet initialized. Skipping visualisations.
Graphics context not yet initialized. Skipping visualisations.
Graphics context not yet initialized. Skipping visualisations.
Graphics context not yet initialized. Skipping visualisations.
Graphics context not yet initialized. Skipping visualisations.
Graphics context not yet initialized. Skipping visualisations.
Graphics context not yet initialized. Skipping visualisations.
Graphics context not yet initialized. Skipping visualisations.
Graphics context not yet initialized. Skipping visualisations.
Graphics context not yet initialized. Skipping visualisations.
Graphics context not yet initialized. Skipping visualisations.
Graphics context not yet initialized. Skipping visualisations.
Graphics context not yet initialized. Skipping visualisations.
Graphics context not yet initialized. Skipping visualisations.
Graphics context not yet initialized. Skipping visualisations.
Graphics context not yet initialized. Skipping visualisations.
Graphics context not yet initialized. Skipping visualisations.
Graphics context not yet initialized. Skipping visualisations.
Graphics context not yet initialized. Skipping visualisations.
Graphics context not yet initialized. Skipping visualisations.
Graphics context not yet initialized. Skipping visualisations.
Graphics context not yet initialized. Skipping visualisations.
Graphics context not yet initialized. Skipping visualisations.
Graphics context not yet initialized. Skipping visualisations.
Graphics context not yet initialized. Skipping visualisations.
Graphics context not yet initialized. Skipping visualisations.
Graphics context not yet initialized. Skipping visualisations.
Graphics context not yet initialized. Skipping visualisations.
Graphics context not yet initialized. Skipping visualisations.
Graphics context not yet initialized. Skipping visualisations.
Graphics context not yet initialized. Skipping visualisations.
Graphics context not yet initialized. Skipping visualisations.
Graphics context not yet initialized. Skipping visualisations.
Graphics context not yet initialized. Skipping visualisations.
Graphics context not yet initialized. Skipping visualisations.
Graphics context not yet initialized. Skipping visualisations.
Graphics context not yet initialized. Skipping visualisations.
Graphics context not yet initialized. Skipping visualisations.
Graphics context not yet initialized. Skipping visualisations.
Graphics context not yet initialized. Skipping visualisations.
Graphics context not yet initialized. Skipping visualisations.
Graphics context not yet initialized. Skipping visualisations.
Graphics context not yet initialized. Skipping visualisations.
Graphics context not yet initialized. Skipping visualisations.
Graphics context not yet initialized. Skipping visualisations.
Graphics context not yet initialized. Skipping visualisations.
Graphics context not yet initialized. Skipping visualisations.
Graphics context not yet initialized. Skipping visualisations.
Graphics context not yet initialized. Skipping visualisations.
Graphics context not yet initialized. Skipping visualisations.
Graphics context not yet initialized. Skipping visualisations.
Graphics context not yet initialized. Skipping visualisations.
Graphics context not yet initialized. Skipping visualisations.
Graphics context not yet initialized. Skipping visualisations.
Graphics context not yet initialized. Skipping visualisations.
Graphics context not yet initialized. Skipping visualisations.
Graphics context not yet initialized. Skipping visualisations.
Graphics context not yet initialized. Skipping visualisations.
Graphics context not yet initialized. Skipping visualisations.
Graphics context not yet initialized. Skipping visualisations.
Graphics context not yet initialized. Skipping visualisations.
Graphics context not yet initialized. Skipping visualisations.
Graphics context not yet initialized. Skipping visualisations.
Graphics context not yet initialized. Skipping visualisations.
Graphics context not yet initialized. Skipping visualisations.
Graphics context not yet initialized. Skipping visualisations.
Graphics context not yet initialized. Skipping visualisations.
Graphics context not yet initialized. Skipping visualisations.
Graphics context not yet initialized. Skipping visualisations.
Graphics context not yet initialized. Skipping visualisations.
Graphics context not yet initialized. Skipping visualisations.
Graphics context not yet initialized. Skipping visualisations.
Graphics context not yet initialized. Skipping visualisations.
Graphics context not yet initialized. Skipping visualisations.
Graphics context not yet initialized. Skipping visualisations.
Graphics context not yet initialized. Skipping visualisations.
Graphics context not yet initialized. Skipping visualisations.
Graphics context not yet initialized. Skipping visualisations.
Graphics context not yet initialized. Skipping visualisations.
Graphics context not yet initialized. Skipping visualisations.
Graphics context not yet initialized. Skipping visualisations.
Graphics context not yet initialized. Skipping visualisations.
Graphics context not yet initialized. Skipping visualisations.
Graphics context not yet initialized. Skipping visualisations.
Graphics context not yet initialized. Skipping visualisations.
Graphics context not yet initialized. Skipping visualisations.
Graphics context not yet initialized. Skipping visualisations.
Graphics context not yet initialized. Skipping visualisations.
Graphics context not yet initialized. Skipping visualisations.
Graphics context not yet initialized. Skipping visualisations.
Graphics context not yet initialized. Skipping visualisations.
Graphics context not yet initialized. Skipping visualisations.
Graphics context not yet initialized. Skipping visualisations.
Graphics context not yet initialized. Skipping visualisations.
Graphics context not yet initialized. Skipping visualisations.
Graphics context not yet initialized. Skipping visualisations.
Graphics context not yet initialized. Skipping visualisations.
Graphics context not yet initialized. Skipping visualisations.
Graphics context not yet initialized. Skipping visualisations.
Graphics context not yet initialized. Skipping visualisations.
Graphics context not yet initialized. Skipping visualisations.
Graphics context not yet initialized. Skipping visualisations.
Graphics context not yet initialized. Skipping visualisations.
Graphics context not yet initialized. Skipping visualisations.
Graphics context not yet initialized. Skipping visualisations.
Graphics context not yet initialized. Skipping visualisations.
Graphics context not yet initialized. Skipping visualisations.
Graphics context not yet initialized. Skipping visualisations.
Graphics context not yet initialized. Skipping visualisations.
Graphics context not yet initialized. Skipping visualisations.
Graphics context not yet initialized. Skipping visualisations.
Graphics context not yet initialized. Skipping visualisations.
Graphics context not yet initialized. Skipping visualisations.
Graphics context not yet initialized. Skipping visualisations.
Graphics context not yet initialized. Skipping visualisations.
Graphics context not yet initialized. Skipping visualisations.
Graphics context not yet initialized. Skipping visualisations.
Graphics context not yet initialized. Skipping visualisations.
Graphics context not yet initialized. Skipping visualisations.
Graphics context not yet initialized. Skipping visualisations.
Graphics context not yet initialized. Skipping visualisations.
Graphics context not yet initialized. Skipping visualisations.
Graphics context not yet initialized. Skipping visualisations.
Graphics context not yet initialized. Skipping visualisations.
Graphics context not yet initialized. Skipping visualisations.
Graphics context not yet initialized. Skipping visualisations.
Graphics context not yet initialized. Skipping visualisations.
Graphics context not yet initialized. Skipping visualisations.
Graphics context not yet initialized. Skipping visualisations.
Graphics context not yet initialized. Skipping visualisations.
Graphics context not yet initialized. Skipping visualisations.
Graphics context not yet initialized. Skipping visualisations.
Graphics context not yet initialized. Skipping visualisations.
Graphics context not yet initialized. Skipping visualisations.
Graphics context not yet initialized. Skipping visualisations.
Graphics context not yet initialized. Skipping visualisations.
Graphics context not yet initialized. Skipping visualisations.
Graphics context not yet initialized. Skipping visualisations.
Graphics context not yet initialized. Skipping visualisations.
Graphics context not yet initialized. Skipping visualisations.
Graphics context not yet initialized. Skipping visualisations.
Graphics context not yet initialized. Skipping visualisations.
Graphics context not yet initialized. Skipping visualisations.
Graphics context not yet initialized. Skipping visualisations.
Graphics context not yet initialized. Skipping visualisations.
Graphics context not yet initialized. Skipping visualisations.
Graphics context not yet initialized. Skipping visualisations.
Graphics context not yet initialized. Skipping visualisations.
Graphics context not yet initialized. Skipping visualisations.
Graphics context not yet initialized. Skipping visualisations.
Graphics context not yet initialized. Skipping visualisations.
Graphics context not yet initialized. Skipping visualisations.
Graphics context not yet initialized. Skipping visualisations.
Graphics context not yet initialized. Skipping visualisations.
Graphics context not yet initialized. Skipping visualisations.
Graphics context not yet initialized. Skipping visualisations.
Graphics context not yet initialized. Skipping visualisations.
Graphics context not yet initialized. Skipping visualisations.
Graphics context not yet initialized. Skipping visualisations.
Graphics context not yet initialized. Skipping visualisations.
Graphics context not yet initialized. Skipping visualisations.
Graphics context not yet initialized. Skipping visualisations.
Graphics context not yet initialized. Skipping visualisations.
Graphics context not yet initialized. Skipping visualisations.
Graphics context not yet initialized. Skipping visualisations.
Graphics context not yet initialized. Skipping visualisations.
Graphics context not yet initialized. Skipping visualisations.
Graphics context not yet initialized. Skipping visualisations.
Graphics context not yet initialized. Skipping visualisations.
Graphics context not yet initialized. Skipping visualisations.
Graphics context not yet initialized. Skipping visualisations.
Graphics context not yet initialized. Skipping visualisations.
Graphics context not yet initialized. Skipping visualisations.
Graphics context not yet initialized. Skipping visualisations.
Graphics context not yet initialized. Skipping visualisations.
Graphics context not yet initialized. Skipping visualisations.
Graphics context not yet initialized. Skipping visualisations.
Graphics context not yet initialized. Skipping visualisations.
Graphics context not yet initialized. Skipping visualisations.
Graphics context not yet initialized. Skipping visualisations.
Graphics context not yet initialized. Skipping visualisations.
Graphics context not yet initialized. Skipping visualisations.
Graphics context not yet initialized. Skipping visualisations.
Graphics context not yet initialized. Skipping visualisations.
Graphics context not yet initialized. Skipping visualisations.
Graphics context not yet initialized. Skipping visualisations.
Graphics context not yet initialized. Skipping visualisations.
Graphics context not yet initialized. Skipping visualisations.
Graphics context not yet initialized. Skipping visualisations.
Graphics context not yet initialized. Skipping visualisations.
Graphics context not yet initialized. Skipping visualisations.
Graphics context not yet initialized. Skipping visualisations.
Graphics context not yet initialized. Skipping visualisations.
Graphics context not yet initialized. Skipping visualisations.
Graphics context not yet initialized. Skipping visualisations.
Graphics context not yet initialized. Skipping visualisations.
Graphics context not yet initialized. Skipping visualisations.
Graphics context not yet initialized. Skipping visualisations.
Graphics context not yet initialized. Skipping visualisations.
Graphics context not yet initialized. Skipping visualisations.
Graphics context not yet initialized. Skipping visualisations.
Graphics context not yet initialized. Skipping visualisations.
Graphics context not yet initialized. Skipping visualisations.
Graphics context not yet initialized. Skipping visualisations.
Graphics context not yet initialized. Skipping visualisations.
Graphics context not yet initialized. Skipping visualisations.
Graphics context not yet initialized. Skipping visualisations.
Graphics context not yet initialized. Skipping visualisations.
Graphics context not yet initialized. Skipping visualisations.
Graphics context not yet initialized. Skipping visualisations.
Graphics context not yet initialized. Skipping visualisations.
Graphics context not yet initialized. Skipping visualisations.
Graphics context not yet initialized. Skipping visualisations.
Graphics context not yet initialized. Skipping visualisations.
Graphics context not yet initialized. Skipping visualisations.
Graphics context not yet initialized. Skipping visualisations.
Graphics context not yet initialized. Skipping visualisations.
Graphics context not yet initialized. Skipping visualisations.
Graphics context not yet initialized. Skipping visualisations.
Graphics context not yet initialized. Skipping visualisations.
Graphics context not yet initialized. Skipping visualisations.
Graphics context not yet initialized. Skipping visualisations.
Graphics context not yet initialized. Skipping visualisations.
Graphics context not yet initialized. Skipping visualisations.
Graphics context not yet initialized. Skipping visualisations.
Graphics context not yet initialized. Skipping visualisations.
Graphics context not yet initialized. Skipping visualisations.
Graphics context not yet initialized. Skipping visualisations.
Graphics context not yet initialized. Skipping visualisations.
Graphics context not yet initialized. Skipping visualisations.
Graphics context not yet initialized. Skipping visualisations.
Graphics context not yet initialized. Skipping visualisations.
Graphics context not yet initialized. Skipping visualisations.
Graphics context not yet initialized. Skipping visualisations.
Graphics context not yet initialized. Skipping visualisations.
Graphics context not yet initialized. Skipping visualisations.
Graphics context not yet initialized. Skipping visualisations.
Graphics context not yet initialized. Skipping visualisations.
Graphics context not yet initialized. Skipping visualisations.
Graphics context not yet initialized. Skipping visualisations.
Graphics context not yet initialized. Skipping visualisations.
Graphics context not yet initialized. Skipping visualisations.
Graphics context not yet initialized. Skipping visualisations.
Graphics context not yet initialized. Skipping visualisations.
Graphics context not yet initialized. Skipping visualisations.
Graphics context not yet initialized. Skipping visualisations.
Graphics context not yet initialized. Skipping visualisations.
Graphics context not yet initialized. Skipping visualisations.
Graphics context not yet initialized. Skipping visualisations.
Graphics context not yet initialized. Skipping visualisations.
Graphics context not yet initialized. Skipping visualisations.
Graphics context not yet initialized. Skipping visualisations.
Graphics context not yet initialized. Skipping visualisations.
Graphics context not yet initialized. Skipping visualisations.
Graphics context not yet initialized. Skipping visualisations.
Graphics context not yet initialized. Skipping visualisations.
Graphics context not yet initialized. Skipping visualisations.
Graphics context not yet initialized. Skipping visualisations.
Graphics context not yet initialized. Skipping visualisations.
Graphics context not yet initialized. Skipping visualisations.
Graphics context not yet initialized. Skipping visualisations.
Graphics context not yet initialized. Skipping visualisations.
Graphics context not yet initialized. Skipping visualisations.
Graphics context not yet initialized. Skipping visualisations.
Graphics context not yet initialized. Skipping visualisations.
Graphics context not yet initialized. Skipping visualisations.
Graphics context not yet initialized. Skipping visualisations.
Graphics context not yet initialized. Skipping visualisations.
Graphics context not yet initialized. Skipping visualisations.
Graphics context not yet initialized. Skipping visualisations.
Graphics context not yet initialized. Skipping visualisations.
Graphics context not yet initialized. Skipping visualisations.
Graphics context not yet initialized. Skipping visualisations.
Graphics context not yet initialized. Skipping visualisations.
Graphics context not yet initialized. Skipping visualisations.
Graphics context not yet initialized. Skipping visualisations.
Graphics context not yet initialized. Skipping visualisations.
Graphics context not yet initialized. Skipping visualisations.
Graphics context not yet initialized. Skipping visualisations.
Graphics context not yet initialized. Skipping visualisations.
Graphics context not yet initialized. Skipping visualisations.
Graphics context not yet initialized. Skipping visualisations.
Graphics context not yet initialized. Skipping visualisations.
Graphics context not yet initialized. Skipping visualisations.
Graphics context not yet initialized. Skipping visualisations.
Graphics context not yet initialized. Skipping visualisations.
Graphics context not yet initialized. Skipping visualisations.
Graphics context not yet initialized. Skipping visualisations.
Graphics context not yet initialized. Skipping visualisations.
Graphics context not yet initialized. Skipping visualisations.
Graphics context not yet initialized. Skipping visualisations.
Graphics context not yet initialized. Skipping visualisations.
Graphics context not yet initialized. Skipping visualisations.
Graphics context not yet initialized. Skipping visualisations.
Graphics context not yet initialized. Skipping visualisations.
Graphics context not yet initialized. Skipping visualisations.
Graphics context not yet initialized. Skipping visualisations.
Graphics context not yet initialized. Skipping visualisations.
Graphics context not yet initialized. Skipping visualisations.
Graphics context not yet initialized. Skipping visualisations.
Graphics context not yet initialized. Skipping visualisations.
Graphics context not yet initialized. Skipping visualisations.
Graphics context not yet initialized. Skipping visualisations.
Graphics context not yet initialized. Skipping visualisations.
Graphics context not yet initialized. Skipping visualisations.
Graphics context not yet initialized. Skipping visualisations.
Graphics context not yet initialized. Skipping visualisations.
Graphics context not yet initialized. Skipping visualisations.
Graphics context not yet initialized. Skipping visualisations.
Graphics context not yet initialized. Skipping visualisations.
Graphics context not yet initialized. Skipping visualisations.
Graphics context not yet initialized. Skipping visualisations.
Graphics context not yet initialized. Skipping visualisations.
Graphics context not yet initialized. Skipping visualisations.
Graphics context not yet initialized. Skipping visualisations.
Graphics context not yet initialized. Skipping visualisations.
Graphics context not yet initialized. Skipping visualisations.
Graphics context not yet initialized. Skipping visualisations.
Graphics context not yet initialized. Skipping visualisations.
Graphics context not yet initialized. Skipping visualisations.
Graphics context not yet initialized. Skipping visualisations.
Graphics context not yet initialized. Skipping visualisations.
Graphics context not yet initialized. Skipping visualisations.
Graphics context not yet initialized. Skipping visualisations.
Graphics context not yet initialized. Skipping visualisations.
Graphics context not yet initialized. Skipping visualisations.
Graphics context not yet initialized. Skipping visualisations.
Graphics context not yet initialized. Skipping visualisations.
Graphics context not yet initialized. Skipping visualisations.
Graphics context not yet initialized. Skipping visualisations.
Graphics context not yet initialized. Skipping visualisations.
Graphics context not yet initialized. Skipping visualisations.
Graphics context not yet initialized. Skipping visualisations.
Graphics context not yet initialized. Skipping visualisations.
Graphics context not yet initialized. Skipping visualisations.
Graphics context not yet initialized. Skipping visualisations.
Graphics context not yet initialized. Skipping visualisations.
Graphics context not yet initialized. Skipping visualisations.
Graphics context not yet initialized. Skipping visualisations.
Graphics context not yet initialized. Skipping visualisations.
Graphics context not yet initialized. Skipping visualisations.
Graphics context not yet initialized. Skipping visualisations.
Graphics context not yet initialized. Skipping visualisations.
Graphics context not yet initialized. Skipping visualisations.
Graphics context not yet initialized. Skipping visualisations.
Graphics context not yet initialized. Skipping visualisations.
Graphics context not yet initialized. Skipping visualisations.
Graphics context not yet initialized. Skipping visualisations.
Graphics context not yet initialized. Skipping visualisations.
Graphics context not yet initialized. Skipping visualisations.
Graphics context not yet initialized. Skipping visualisations.
Graphics context not yet initialized. Skipping visualisations.
Graphics context not yet initialized. Skipping visualisations.
Graphics context not yet initialized. Skipping visualisations.
Graphics context not yet initialized. Skipping visualisations.
Graphics context not yet initialized. Skipping visualisations.
Graphics context not yet initialized. Skipping visualisations.
Graphics context not yet initialized. Skipping visualisations.
Graphics context not yet initialized. Skipping visualisations.
Graphics context not yet initialized. Skipping visualisations.
Graphics context not yet initialized. Skipping visualisations.
Graphics context not yet initialized. Skipping visualisations.
Graphics context not yet initialized. Skipping visualisations.
Graphics context not yet initialized. Skipping visualisations.
Graphics context not yet initialized. Skipping visualisations.
Graphics context not yet initialized. Skipping visualisations.
Graphics context not yet initialized. Skipping visualisations.
Graphics context not yet initialized. Skipping visualisations.
Graphics context not yet initialized. Skipping visualisations.
Graphics context not yet initialized. Skipping visualisations.
Graphics context not yet initialized. Skipping visualisations.
Graphics context not yet initialized. Skipping visualisations.
Graphics context not yet initialized. Skipping visualisations.
Graphics context not yet initialized. Skipping visualisations.
Graphics context not yet initialized. Skipping visualisations.
Graphics context not yet initialized. Skipping visualisations.
Graphics context not yet initialized. Skipping visualisations.
Graphics context not yet initialized. Skipping visualisations.
Graphics context not yet initialized. Skipping visualisations.
Graphics context not yet initialized. Skipping visualisations.
Graphics context not yet initialized. Skipping visualisations.
Graphics context not yet initialized. Skipping visualisations.
Graphics context not yet initialized. Skipping visualisations.
Graphics context not yet initialized. Skipping visualisations.
Graphics context not yet initialized. Skipping visualisations.
Graphics context not yet initialized. Skipping visualisations.
Graphics context not yet initialized. Skipping visualisations.
Graphics context not yet initialized. Skipping visualisations.
Graphics context not yet initialized. Skipping visualisations.
Graphics context not yet initialized. Skipping visualisations.
Graphics context not yet initialized. Skipping visualisations.
Graphics context not yet initialized. Skipping visualisations.
Graphics context not yet initialized. Skipping visualisations.
Graphics context not yet initialized. Skipping visualisations.
Graphics context not yet initialized. Skipping visualisations.
Graphics context not yet initialized. Skipping visualisations.
Graphics context not yet initialized. Skipping visualisations.
Graphics context not yet initialized. Skipping visualisations.
Graphics context not yet initialized. Skipping visualisations.
Graphics context not yet initialized. Skipping visualisations.
Graphics context not yet initialized. Skipping visualisations.
Graphics context not yet initialized. Skipping visualisations.
Graphics context not yet initialized. Skipping visualisations.
Graphics context not yet initialized. Skipping visualisations.
Graphics context not yet initialized. Skipping visualisations.
Graphics context not yet initialized. Skipping visualisations.
Graphics context not yet initialized. Skipping visualisations.
Graphics context not yet initialized. Skipping visualisations.
Graphics context not yet initialized. Skipping visualisations.
Graphics context not yet initialized. Skipping visualisations.
Graphics context not yet initialized. Skipping visualisations.
Graphics context not yet initialized. Skipping visualisations.
Graphics context not yet initialized. Skipping visualisations.
Graphics context not yet initialized. Skipping visualisations.
Graphics context not yet initialized. Skipping visualisations.
Graphics context not yet initialized. Skipping visualisations.
Graphics context not yet initialized. Skipping visualisations.
Graphics context not yet initialized. Skipping visualisations.
Graphics context not yet initialized. Skipping visualisations.
Graphics context not yet initialized. Skipping visualisations.
Graphics context not yet initialized. Skipping visualisations.
Graphics context not yet initialized. Skipping visualisations.
Graphics context not yet initialized. Skipping visualisations.
Graphics context not yet initialized. Skipping visualisations.
Graphics context not yet initialized. Skipping visualisations.
Graphics context not yet initialized. Skipping visualisations.
Graphics context not yet initialized. Skipping visualisations.
Graphics context not yet initialized. Skipping visualisations.
Graphics context not yet initialized. Skipping visualisations.
Graphics context not yet initialized. Skipping visualisations.
Graphics context not yet initialized. Skipping visualisations.
Graphics context not yet initialized. Skipping visualisations.
Graphics context not yet initialized. Skipping visualisations.
Graphics context not yet initialized. Skipping visualisations.
Graphics context not yet initialized. Skipping visualisations.
Graphics context not yet initialized. Skipping visualisations.
Graphics context not yet initialized. Skipping visualisations.
Graphics context not yet initialized. Skipping visualisations.
Graphics context not yet initialized. Skipping visualisations.
Graphics context not yet initialized. Skipping visualisations.
Graphics context not yet initialized. Skipping visualisations.
Graphics context not yet initialized. Skipping visualisations.
Graphics context not yet initialized. Skipping visualisations.
Graphics context not yet initialized. Skipping visualisations.
Graphics context not yet initialized. Skipping visualisations.
Graphics context not yet initialized. Skipping visualisations.
Graphics context not yet initialized. Skipping visualisations.
Graphics context not yet initialized. Skipping visualisations.
Graphics context not yet initialized. Skipping visualisations.
Graphics context not yet initialized. Skipping visualisations.
Graphics context not yet initialized. Skipping visualisations.
Graphics context not yet initialized. Skipping visualisations.
Graphics context not yet initialized. Skipping visualisations.
Graphics context not yet initialized. Skipping visualisations.
Graphics context not yet initialized. Skipping visualisations.
Graphics context not yet initialized. Skipping visualisations.
Graphics context not yet initialized. Skipping visualisations.
Graphics context not yet initialized. Skipping visualisations.
Graphics context not yet initialized. Skipping visualisations.
Graphics context not yet initialized. Skipping visualisations.
Graphics context not yet initialized. Skipping visualisations.
Graphics context not yet initialized. Skipping visualisations.
Graphics context not yet initialized. Skipping visualisations.
Graphics context not yet initialized. Skipping visualisations.
Graphics context not yet initialized. Skipping visualisations.
Graphics context not yet initialized. Skipping visualisations.
Graphics context not yet initialized. Skipping visualisations.
Graphics context not yet initialized. Skipping visualisations.
Graphics context not yet initialized. Skipping visualisations.
Graphics context not yet initialized. Skipping visualisations.
Graphics context not yet initialized. Skipping visualisations.
Graphics context not yet initialized. Skipping visualisations.
Graphics context not yet initialized. Skipping visualisations.
Graphics context not yet initialized. Skipping visualisations.
Graphics context not yet initialized. Skipping visualisations.
Graphics context not yet initialized. Skipping visualisations.
Graphics context not yet initialized. Skipping visualisations.
Graphics context not yet initialized. Skipping visualisations.
Graphics context not yet initialized. Skipping visualisations.
Graphics context not yet initialized. Skipping visualisations.
Graphics context not yet initialized. Skipping visualisations.
Graphics context not yet initialized. Skipping visualisations.
Graphics context not yet initialized. Skipping visualisations.
Graphics context not yet initialized. Skipping visualisations.
Graphics context not yet initialized. Skipping visualisations.
Graphics context not yet initialized. Skipping visualisations.
Graphics context not yet initialized. Skipping visualisations.
Graphics context not yet initialized. Skipping visualisations.
Graphics context not yet initialized. Skipping visualisations.
Graphics context not yet initialized. Skipping visualisations.
Graphics context not yet initialized. Skipping visualisations.
Graphics context not yet initialized. Skipping visualisations.
Graphics context not yet initialized. Skipping visualisations.
Graphics context not yet initialized. Skipping visualisations.
Graphics context not yet initialized. Skipping visualisations.
Graphics context not yet initialized. Skipping visualisations.
Graphics context not yet initialized. Skipping visualisations.
Graphics context not yet initialized. Skipping visualisations.
Graphics context not yet initialized. Skipping visualisations.
Graphics context not yet initialized. Skipping visualisations.
Graphics context not yet initialized. Skipping visualisations.
Graphics context not yet initialized. Skipping visualisations.
Graphics context not yet initialized. Skipping visualisations.
Graphics context not yet initialized. Skipping visualisations.
Graphics context not yet initialized. Skipping visualisations.
Graphics context not yet initialized. Skipping visualisations.
Graphics context not yet initialized. Skipping visualisations.
Graphics context not yet initialized. Skipping visualisations.
Graphics context not yet initialized. Skipping visualisations.
Graphics context not yet initialized. Skipping visualisations.
Graphics context not yet initialized. Skipping visualisations.
Graphics context not yet initialized. Skipping visualisations.
Graphics context not yet initialized. Skipping visualisations.
Graphics context not yet initialized. Skipping visualisations.
Graphics context not yet initialized. Skipping visualisations.
Graphics context not yet initialized. Skipping visualisations.
Graphics context not yet initialized. Skipping visualisations.
Graphics context not yet initialized. Skipping visualisations.
Graphics context not yet initialized. Skipping visualisations.
Graphics context not yet initialized. Skipping visualisations.
Graphics context not yet initialized. Skipping visualisations.
Graphics context not yet initialized. Skipping visualisations.
Graphics context not yet initialized. Skipping visualisations.
Graphics context not yet initialized. Skipping visualisations.
Graphics context not yet initialized. Skipping visualisations.
Graphics context not yet initialized. Skipping visualisations.
Graphics context not yet initialized. Skipping visualisations.
Graphics context not yet initialized. Skipping visualisations.
Graphics context not yet initialized. Skipping visualisations.
Graphics context not yet initialized. Skipping visualisations.
Graphics context not yet initialized. Skipping visualisations.
Graphics context not yet initialized. Skipping visualisations.
Graphics context not yet initialized. Skipping visualisations.
Graphics context not yet initialized. Skipping visualisations.
Graphics context not yet initialized. Skipping visualisations.
Graphics context not yet initialized. Skipping visualisations.
Graphics context not yet initialized. Skipping visualisations.
Graphics context not yet initialized. Skipping visualisations.
Graphics context not yet initialized. Skipping visualisations.
Graphics context not yet initialized. Skipping visualisations.
Graphics context not yet initialized. Skipping visualisations.
Graphics context not yet initialized. Skipping visualisations.
Graphics context not yet initialized. Skipping visualisations.
Graphics context not yet initialized. Skipping visualisations.
Graphics context not yet initialized. Skipping visualisations.
Graphics context not yet initialized. Skipping visualisations.
Graphics context not yet initialized. Skipping visualisations.
Graphics context not yet initialized. Skipping visualisations.
Graphics context not yet initialized. Skipping visualisations.
Graphics context not yet initialized. Skipping visualisations.
Graphics context not yet initialized. Skipping visualisations.
Graphics context not yet initialized. Skipping visualisations.
Graphics context not yet initialized. Skipping visualisations.
Graphics context not yet initialized. Skipping visualisations.
Graphics context not yet initialized. Skipping visualisations.
Graphics context not yet initialized. Skipping visualisations.
Graphics context not yet initialized. Skipping visualisations.
Graphics context not yet initialized. Skipping visualisations.
Graphics context not yet initialized. Skipping visualisations.
Graphics context not yet initialized. Skipping visualisations.
Graphics context not yet initialized. Skipping visualisations.
Graphics context not yet initialized. Skipping visualisations.
Graphics context not yet initialized. Skipping visualisations.
Graphics context not yet initialized. Skipping visualisations.
Graphics context not yet initialized. Skipping visualisations.
Graphics context not yet initialized. Skipping visualisations.
Graphics context not yet initialized. Skipping visualisations.
Graphics context not yet initialized. Skipping visualisations.
Graphics context not yet initialized. Skipping visualisations.
Graphics context not yet initialized. Skipping visualisations.
Graphics context not yet initialized. Skipping visualisations.
Graphics context not yet initialized. Skipping visualisations.
Graphics context not yet initialized. Skipping visualisations.
Graphics context not yet initialized. Skipping visualisations.
Graphics context not yet initialized. Skipping visualisations.
Graphics context not yet initialized. Skipping visualisations.
Graphics context not yet initialized. Skipping visualisations.
Graphics context not yet initialized. Skipping visualisations.
Graphics context not yet initialized. Skipping visualisations.
Graphics context not yet initialized. Skipping visualisations.
Graphics context not yet initialized. Skipping visualisations.
Graphics context not yet initialized. Skipping visualisations.
Graphics context not yet initialized. Skipping visualisations.
Graphics context not yet initialized. Skipping visualisations.
Graphics context not yet initialized. Skipping visualisations.
Graphics context not yet initialized. Skipping visualisations.
Graphics context not yet initialized. Skipping visualisations.
Graphics context not yet initialized. Skipping visualisations.
Graphics context not yet initialized. Skipping visualisations.
Graphics context not yet initialized. Skipping visualisations.
Graphics context not yet initialized. Skipping visualisations.
Graphics context not yet initialized. Skipping visualisations.
Graphics context not yet initialized. Skipping visualisations.
Graphics context not yet initialized. Skipping visualisations.
Graphics context not yet initialized. Skipping visualisations.
Graphics context not yet initialized. Skipping visualisations.
Graphics context not yet initialized. Skipping visualisations.
Graphics context not yet initialized. Skipping visualisations.
Graphics context not yet initialized. Skipping visualisations.
Graphics context not yet initialized. Skipping visualisations.
Graphics context not yet initialized. Skipping visualisations.
Graphics context not yet initialized. Skipping visualisations.
Graphics context not yet initialized. Skipping visualisations.
Graphics context not yet initialized. Skipping visualisations.
Graphics context not yet initialized. Skipping visualisations.
Graphics context not yet initialized. Skipping visualisations.
Graphics context not yet initialized. Skipping visualisations.
Graphics context not yet initialized. Skipping visualisations.
Graphics context not yet initialized. Skipping visualisations.
Graphics context not yet initialized. Skipping visualisations.
Graphics context not yet initialized. Skipping visualisations.
Graphics context not yet initialized. Skipping visualisations.
Graphics context not yet initialized. Skipping visualisations.
Graphics context not yet initialized. Skipping visualisations.
Graphics context not yet initialized. Skipping visualisations.
Graphics context not yet initialized. Skipping visualisations.
Graphics context not yet initialized. Skipping visualisations.
Graphics context not yet initialized. Skipping visualisations.
Graphics context not yet initialized. Skipping visualisations.
Graphics context not yet initialized. Skipping visualisations.
Graphics context not yet initialized. Skipping visualisations.
Graphics context not yet initialized. Skipping visualisations.
Graphics context not yet initialized. Skipping visualisations.
Graphics context not yet initialized. Skipping visualisations.
Graphics context not yet initialized. Skipping visualisations.
Graphics context not yet initialized. Skipping visualisations.
Graphics context not yet initialized. Skipping visualisations.
Graphics context not yet initialized. Skipping visualisations.
Graphics context not yet initialized. Skipping visualisations.
Graphics context not yet initialized. Skipping visualisations.
Graphics context not yet initialized. Skipping visualisations.
Graphics context not yet initialized. Skipping visualisations.
Graphics context not yet initialized. Skipping visualisations.
Graphics context not yet initialized. Skipping visualisations.
Graphics context not yet initialized. Skipping visualisations.
Graphics context not yet initialized. Skipping visualisations.
Graphics context not yet initialized. Skipping visualisations.
Graphics context not yet initialized. Skipping visualisations.
Graphics context not yet initialized. Skipping visualisations.
Graphics context not yet initialized. Skipping visualisations.
Graphics context not yet initialized. Skipping visualisations.
Graphics context not yet initialized. Skipping visualisations.
Graphics context not yet initialized. Skipping visualisations.
Graphics context not yet initialized. Skipping visualisations.
Graphics context not yet initialized. Skipping visualisations.
Graphics context not yet initialized. Skipping visualisations.
Graphics context not yet initialized. Skipping visualisations.
Graphics context not yet initialized. Skipping visualisations.
Graphics context not yet initialized. Skipping visualisations.
Graphics context not yet initialized. Skipping visualisations.
Graphics context not yet initialized. Skipping visualisations.
Graphics context not yet initialized. Skipping visualisations.
Graphics context not yet initialized. Skipping visualisations.
Graphics context not yet initialized. Skipping visualisations.
Graphics context not yet initialized. Skipping visualisations.
Graphics context not yet initialized. Skipping visualisations.
Graphics context not yet initialized. Skipping visualisations.
Graphics context not yet initialized. Skipping visualisations.
Graphics context not yet initialized. Skipping visualisations.
Graphics context not yet initialized. Skipping visualisations.
Graphics context not yet initialized. Skipping visualisations.
Graphics context not yet initialized. Skipping visualisations.
Graphics context not yet initialized. Skipping visualisations.
Graphics context not yet initialized. Skipping visualisations.
Graphics context not yet initialized. Skipping visualisations.
Graphics context not yet initialized. Skipping visualisations.
Graphics context not yet initialized. Skipping visualisations.
Graphics context not yet initialized. Skipping visualisations.
Graphics context not yet initialized. Skipping visualisations.
Graphics context not yet initialized. Skipping visualisations.
Graphics context not yet initialized. Skipping visualisations.
Graphics context not yet initialized. Skipping visualisations.
Graphics context not yet initialized. Skipping visualisations.
Graphics context not yet initialized. Skipping visualisations.
Graphics context not yet initialized. Skipping visualisations.
Graphics context not yet initialized. Skipping visualisations.
Graphics context not yet initialized. Skipping visualisations.
Graphics context not yet initialized. Skipping visualisations.
Graphics context not yet initialized. Skipping visualisations.
Graphics context not yet initialized. Skipping visualisations.
Graphics context not yet initialized. Skipping visualisations.
Graphics context not yet initialized. Skipping visualisations.
Graphics context not yet initialized. Skipping visualisations.
Graphics context not yet initialized. Skipping visualisations.
Graphics context not yet initialized. Skipping visualisations.
Graphics context not yet initialized. Skipping visualisations.
Graphics context not yet initialized. Skipping visualisations.
Graphics context not yet initialized. Skipping visualisations.
Graphics context not yet initialized. Skipping visualisations.
Graphics context not yet initialized. Skipping visualisations.
Graphics context not yet initialized. Skipping visualisations.
Graphics context not yet initialized. Skipping visualisations.
Graphics context not yet initialized. Skipping visualisations.
Graphics context not yet initialized. Skipping visualisations.
Graphics context not yet initialized. Skipping visualisations.
Graphics context not yet initialized. Skipping visualisations.
Graphics context not yet initialized. Skipping visualisations.
Graphics context not yet initialized. Skipping visualisations.
Graphics context not yet initialized. Skipping visualisations.
Graphics context not yet initialized. Skipping visualisations.
Graphics context not yet initialized. Skipping visualisations.
Graphics context not yet initialized. Skipping visualisations.
Graphics context not yet initialized. Skipping visualisations.
Graphics context not yet initialized. Skipping visualisations.
Graphics context not yet initialized. Skipping visualisations.
Graphics context not yet initialized. Skipping visualisations.
Graphics context not yet initialized. Skipping visualisations.
Graphics context not yet initialized. Skipping visualisations.
Graphics context not yet initialized. Skipping visualisations.
Graphics context not yet initialized. Skipping visualisations.
Graphics context not yet initialized. Skipping visualisations.
Graphics context not yet initialized. Skipping visualisations.
Graphics context not yet initialized. Skipping visualisations.
Graphics context not yet initialized. Skipping visualisations.
Graphics context not yet initialized. Skipping visualisations.
Graphics context not yet initialized. Skipping visualisations.
Graphics context not yet initialized. Skipping visualisations.
Graphics context not yet initialized. Skipping visualisations.
Graphics context not yet initialized. Skipping visualisations.
Graphics context not yet initialized. Skipping visualisations.
Graphics context not yet initialized. Skipping visualisations.
Graphics context not yet initialized. Skipping visualisations.
Graphics context not yet initialized. Skipping visualisations.
Graphics context not yet initialized. Skipping visualisations.
Graphics context not yet initialized. Skipping visualisations.
Graphics context not yet initialized. Skipping visualisations.
Graphics context not yet initialized. Skipping visualisations.
Graphics context not yet initialized. Skipping visualisations.
Graphics context not yet initialized. Skipping visualisations.
Graphics context not yet initialized. Skipping visualisations.
Graphics context not yet initialized. Skipping visualisations.
Graphics context not yet initialized. Skipping visualisations.
Graphics context not yet initialized. Skipping visualisations.
Graphics context not yet initialized. Skipping visualisations.
Graphics context not yet initialized. Skipping visualisations.
Graphics context not yet initialized. Skipping visualisations.
Graphics context not yet initialized. Skipping visualisations.
Graphics context not yet initialized. Skipping visualisations.
Graphics context not yet initialized. Skipping visualisations.
Graphics context not yet initialized. Skipping visualisations.
Graphics context not yet initialized. Skipping visualisations.
Graphics context not yet initialized. Skipping visualisations.
Graphics context not yet initialized. Skipping visualisations.
Graphics context not yet initialized. Skipping visualisations.
Graphics context not yet initialized. Skipping visualisations.
Graphics context not yet initialized. Skipping visualisations.
Graphics context not yet initialized. Skipping visualisations.
Graphics context not yet initialized. Skipping visualisations.
Graphics context not yet initialized. Skipping visualisations.
Graphics context not yet initialized. Skipping visualisations.
Graphics context not yet initialized. Skipping visualisations.
Graphics context not yet initialized. Skipping visualisations.
Graphics context not yet initialized. Skipping visualisations.
Graphics context not yet initialized. Skipping visualisations.
Graphics context not yet initialized. Skipping visualisations.
Graphics context not yet initialized. Skipping visualisations.
Graphics context not yet initialized. Skipping visualisations.
Graphics context not yet initialized. Skipping visualisations.
Graphics context not yet initialized. Skipping visualisations.
Graphics context not yet initialized. Skipping visualisations.
Graphics context not yet initialized. Skipping visualisations.
Graphics context not yet initialized. Skipping visualisations.
Graphics context not yet initialized. Skipping visualisations.
Graphics context not yet initialized. Skipping visualisations.
Graphics context not yet initialized. Skipping visualisations.
Graphics context not yet initialized. Skipping visualisations.
Graphics context not yet initialized. Skipping visualisations.
Graphics context not yet initialized. Skipping visualisations.
Graphics context not yet initialized. Skipping visualisations.
Graphics context not yet initialized. Skipping visualisations.
Graphics context not yet initialized. Skipping visualisations.
Graphics context not yet initialized. Skipping visualisations.
Graphics context not yet initialized. Skipping visualisations.
Graphics context not yet initialized. Skipping visualisations.
Graphics context not yet initialized. Skipping visualisations.
Graphics context not yet initialized. Skipping visualisations.
Graphics context not yet initialized. Skipping visualisations.
Graphics context not yet initialized. Skipping visualisations.
Graphics context not yet initialized. Skipping visualisations.
Graphics context not yet initialized. Skipping visualisations.
Graphics context not yet initialized. Skipping visualisations.
Graphics context not yet initialized. Skipping visualisations.
Graphics context not yet initialized. Skipping visualisations.
Graphics context not yet initialized. Skipping visualisations.
Graphics context not yet initialized. Skipping visualisations.
Graphics context not yet initialized. Skipping visualisations.
Graphics context not yet initialized. Skipping visualisations.
Graphics context not yet initialized. Skipping visualisations.
Graphics context not yet initialized. Skipping visualisations.
Graphics context not yet initialized. Skipping visualisations.
Graphics context not yet initialized. Skipping visualisations.
Graphics context not yet initialized. Skipping visualisations.
Graphics context not yet initialized. Skipping visualisations.
Graphics context not yet initialized. Skipping visualisations.
Graphics context not yet initialized. Skipping visualisations.
Graphics context not yet initialized. Skipping visualisations.
Graphics context not yet initialized. Skipping visualisations.
Graphics context not yet initialized. Skipping visualisations.
Graphics context not yet initialized. Skipping visualisations.
Graphics context not yet initialized. Skipping visualisations.
Graphics context not yet initialized. Skipping visualisations.
Graphics context not yet initialized. Skipping visualisations.
Graphics context not yet initialized. Skipping visualisations.
Graphics context not yet initialized. Skipping visualisations.
Graphics context not yet initialized. Skipping visualisations.
Graphics context not yet initialized. Skipping visualisations.
Graphics context not yet initialized. Skipping visualisations.
Graphics context not yet initialized. Skipping visualisations.
Graphics context not yet initialized. Skipping visualisations.
Graphics context not yet initialized. Skipping visualisations.
Graphics context not yet initialized. Skipping visualisations.
Graphics context not yet initialized. Skipping visualisations.
Graphics context not yet initialized. Skipping visualisations.
Graphics context not yet initialized. Skipping visualisations.
Graphics context not yet initialized. Skipping visualisations.
Graphics context not yet initialized. Skipping visualisations.
Graphics context not yet initialized. Skipping visualisations.
Graphics context not yet initialized. Skipping visualisations.
Graphics context not yet initialized. Skipping visualisations.
Graphics context not yet initialized. Skipping visualisations.
Graphics context not yet initialized. Skipping visualisations.
Graphics context not yet initialized. Skipping visualisations.
Graphics context not yet initialized. Skipping visualisations.
Graphics context not yet initialized. Skipping visualisations.
Graphics context not yet initialized. Skipping visualisations.
Graphics context not yet initialized. Skipping visualisations.
Graphics context not yet initialized. Skipping visualisations.
Graphics context not yet initialized. Skipping visualisations.
Graphics context not yet initialized. Skipping visualisations.
Graphics context not yet initialized. Skipping visualisations.
Graphics context not yet initialized. Skipping visualisations.
Graphics context not yet initialized. Skipping visualisations.
Graphics context not yet initialized. Skipping visualisations.
Graphics context not yet initialized. Skipping visualisations.
Graphics context not yet initialized. Skipping visualisations.
Graphics context not yet initialized. Skipping visualisations.
Graphics context not yet initialized. Skipping visualisations.
Graphics context not yet initialized. Skipping visualisations.
Graphics context not yet initialized. Skipping visualisations.
Graphics context not yet initialized. Skipping visualisations.
Graphics context not yet initialized. Skipping visualisations.
Graphics context not yet initialized. Skipping visualisations.
Graphics context not yet initialized. Skipping visualisations.
Graphics context not yet initialized. Skipping visualisations.
Graphics context not yet initialized. Skipping visualisations.
Graphics context not yet initialized. Skipping visualisations.
Graphics context not yet initialized. Skipping visualisations.
Graphics context not yet initialized. Skipping visualisations.
Graphics context not yet initialized. Skipping visualisations.
Graphics context not yet initialized. Skipping visualisations.
Graphics context not yet initialized. Skipping visualisations.
Graphics context not yet initialized. Skipping visualisations.
Graphics context not yet initialized. Skipping visualisations.
Graphics context not yet initialized. Skipping visualisations.
Graphics context not yet initialized. Skipping visualisations.
Graphics context not yet initialized. Skipping visualisations.
Graphics context not yet initialized. Skipping visualisations.
Graphics context not yet initialized. Skipping visualisations.
Graphics context not yet initialized. Skipping visualisations.
Graphics context not yet initialized. Skipping visualisations.
Graphics context not yet initialized. Skipping visualisations.
Graphics context not yet initialized. Skipping visualisations.
Graphics context not yet initialized. Skipping visualisations.
Graphics context not yet initialized. Skipping visualisations.
Graphics context not yet initialized. Skipping visualisations.
Graphics context not yet initialized. Skipping visualisations.
Graphics context not yet initialized. Skipping visualisations.
Graphics context not yet initialized. Skipping visualisations.
Graphics context not yet initialized. Skipping visualisations.
Graphics context not yet initialized. Skipping visualisations.
Graphics context not yet initialized. Skipping visualisations.
Graphics context not yet initialized. Skipping visualisations.
Graphics context not yet initialized. Skipping visualisations.
Graphics context not yet initialized. Skipping visualisations.
Graphics context not yet initialized. Skipping visualisations.
Graphics context not yet initialized. Skipping visualisations.
Graphics context not yet initialized. Skipping visualisations.
Graphics context not yet initialized. Skipping visualisations.
Graphics context not yet initialized. Skipping visualisations.
Graphics context not yet initialized. Skipping visualisations.
Graphics context not yet initialized. Skipping visualisations.
Graphics context not yet initialized. Skipping visualisations.
Graphics context not yet initialized. Skipping visualisations.
Graphics context not yet initialized. Skipping visualisations.
Graphics context not yet initialized. Skipping visualisations.
Graphics context not yet initialized. Skipping visualisations.
Graphics context not yet initialized. Skipping visualisations.
Graphics context not yet initialized. Skipping visualisations.
Graphics context not yet initialized. Skipping visualisations.
Graphics context not yet initialized. Skipping visualisations.
Graphics context not yet initialized. Skipping visualisations.
Graphics context not yet initialized. Skipping visualisations.
Graphics context not yet initialized. Skipping visualisations.
Graphics context not yet initialized. Skipping visualisations.
Graphics context not yet initialized. Skipping visualisations.
Graphics context not yet initialized. Skipping visualisations.
Graphics context not yet initialized. Skipping visualisations.
Graphics context not yet initialized. Skipping visualisations.
Graphics context not yet initialized. Skipping visualisations.
Graphics context not yet initialized. Skipping visualisations.
Graphics context not yet initialized. Skipping visualisations.
Graphics context not yet initialized. Skipping visualisations.
Graphics context not yet initialized. Skipping visualisations.
Graphics context not yet initialized. Skipping visualisations.
Graphics context not yet initialized. Skipping visualisations.
Graphics context not yet initialized. Skipping visualisations.
Graphics context not yet initialized. Skipping visualisations.
Graphics context not yet initialized. Skipping visualisations.
Graphics context not yet initialized. Skipping visualisations.
Graphics context not yet initialized. Skipping visualisations.
Graphics context not yet initialized. Skipping visualisations.
Graphics context not yet initialized. Skipping visualisations.
Graphics context not yet initialized. Skipping visualisations.
Graphics context not yet initialized. Skipping visualisations.
Graphics context not yet initialized. Skipping visualisations.
Graphics context not yet initialized. Skipping visualisations.
Graphics context not yet initialized. Skipping visualisations.
Graphics context not yet initialized. Skipping visualisations.
Graphics context not yet initialized. Skipping visualisations.
Graphics context not yet initialized. Skipping visualisations.
Graphics context not yet initialized. Skipping visualisations.
Graphics context not yet initialized. Skipping visualisations.
Graphics context not yet initialized. Skipping visualisations.
Graphics context not yet initialized. Skipping visualisations.
Graphics context not yet initialized. Skipping visualisations.
Graphics context not yet initialized. Skipping visualisations.
Graphics context not yet initialized. Skipping visualisations.
Graphics context not yet initialized. Skipping visualisations.
Graphics context not yet initialized. Skipping visualisations.
Graphics context not yet initialized. Skipping visualisations.
Graphics context not yet initialized. Skipping visualisations.
Graphics context not yet initialized. Skipping visualisations.
Graphics context not yet initialized. Skipping visualisations.
Graphics context not yet initialized. Skipping visualisations.
Graphics context not yet initialized. Skipping visualisations.
Graphics context not yet initialized. Skipping visualisations.
Graphics context not yet initialized. Skipping visualisations.
Graphics context not yet initialized. Skipping visualisations.
Graphics context not yet initialized. Skipping visualisations.
Graphics context not yet initialized. Skipping visualisations.
Graphics context not yet initialized. Skipping visualisations.
Graphics context not yet initialized. Skipping visualisations.
Graphics context not yet initialized. Skipping visualisations.
Graphics context not yet initialized. Skipping visualisations.
Graphics context not yet initialized. Skipping visualisations.
Graphics context not yet initialized. Skipping visualisations.
Graphics context not yet initialized. Skipping visualisations.
Graphics context not yet initialized. Skipping visualisations.
Graphics context not yet initialized. Skipping visualisations.
Graphics context not yet initialized. Skipping visualisations.
Graphics context not yet initialized. Skipping visualisations.
Graphics context not yet initialized. Skipping visualisations.
Graphics context not yet initialized. Skipping visualisations.
Graphics context not yet initialized. Skipping visualisations.
Graphics context not yet initialized. Skipping visualisations.
Graphics context not yet initialized. Skipping visualisations.
Graphics context not yet initialized. Skipping visualisations.
Graphics context not yet initialized. Skipping visualisations.
Graphics context not yet initialized. Skipping visualisations.
Graphics context not yet initialized. Skipping visualisations.
Graphics context not yet initialized. Skipping visualisations.
Graphics context not yet initialized. Skipping visualisations.
Graphics context not yet initialized. Skipping visualisations.
Graphics context not yet initialized. Skipping visualisations.
Graphics context not yet initialized. Skipping visualisations.
Graphics context not yet initialized. Skipping visualisations.
Graphics context not yet initialized. Skipping visualisations.
Graphics context not yet initialized. Skipping visualisations.
Graphics context not yet initialized. Skipping visualisations.
Graphics context not yet initialized. Skipping visualisations.
Graphics context not yet initialized. Skipping visualisations.
Graphics context not yet initialized. Skipping visualisations.
Graphics context not yet initialized. Skipping visualisations.
Graphics context not yet initialized. Skipping visualisations.
Graphics context not yet initialized. Skipping visualisations.
Graphics context not yet initialized. Skipping visualisations.
Graphics context not yet initialized. Skipping visualisations.
Graphics context not yet initialized. Skipping visualisations.
Graphics context not yet initialized. Skipping visualisations.
Graphics context not yet initialized. Skipping visualisations.
Graphics context not yet initialized. Skipping visualisations.
Graphics context not yet initialized. Skipping visualisations.
Graphics context not yet initialized. Skipping visualisations.
Graphics context not yet initialized. Skipping visualisations.
Graphics context not yet initialized. Skipping visualisations.
Graphics context not yet initialized. Skipping visualisations.
Graphics context not yet initialized. Skipping visualisations.
Graphics context not yet initialized. Skipping visualisations.
Graphics context not yet initialized. Skipping visualisations.
Graphics context not yet initialized. Skipping visualisations.
Graphics context not yet initialized. Skipping visualisations.
Graphics context not yet initialized. Skipping visualisations.
Graphics context not yet initialized. Skipping visualisations.
Graphics context not yet initialized. Skipping visualisations.
Graphics context not yet initialized. Skipping visualisations.
Graphics context not yet initialized. Skipping visualisations.
Graphics context not yet initialized. Skipping visualisations.
Graphics context not yet initialized. Skipping visualisations.
Graphics context not yet initialized. Skipping visualisations.
Graphics context not yet initialized. Skipping visualisations.
Graphics context not yet initialized. Skipping visualisations.
Graphics context not yet initialized. Skipping visualisations.
Graphics context not yet initialized. Skipping visualisations.
Graphics context not yet initialized. Skipping visualisations.
Graphics context not yet initialized. Skipping visualisations.
Graphics context not yet initialized. Skipping visualisations.
Graphics context not yet initialized. Skipping visualisations.
Graphics context not yet initialized. Skipping visualisations.
Graphics context not yet initialized. Skipping visualisations.
Graphics context not yet initialized. Skipping visualisations.
Graphics context not yet initialized. Skipping visualisations.
Graphics context not yet initialized. Skipping visualisations.
Graphics context not yet initialized. Skipping visualisations.
Graphics context not yet initialized. Skipping visualisations.
Graphics context not yet initialized. Skipping visualisations.
Graphics context not yet initialized. Skipping visualisations.
Graphics context not yet initialized. Skipping visualisations.
Graphics context not yet initialized. Skipping visualisations.
Graphics context not yet initialized. Skipping visualisations.
Graphics context not yet initialized. Skipping visualisations.
Graphics context not yet initialized. Skipping visualisations.
Graphics context not yet initialized. Skipping visualisations.
Graphics context not yet initialized. Skipping visualisations.
Graphics context not yet initialized. Skipping visualisations.
Graphics context not yet initialized. Skipping visualisations.
Graphics context not yet initialized. Skipping visualisations.
Graphics context not yet initialized. Skipping visualisations.
Graphics context not yet initialized. Skipping visualisations.
Graphics context not yet initialized. Skipping visualisations.
Graphics context not yet initialized. Skipping visualisations.
Graphics context not yet initialized. Skipping visualisations.
Graphics context not yet initialized. Skipping visualisations.
Graphics context not yet initialized. Skipping visualisations.
Graphics context not yet initialized. Skipping visualisations.
Graphics context not yet initialized. Skipping visualisations.
Graphics context not yet initialized. Skipping visualisations.
Graphics context not yet initialized. Skipping visualisations.
Graphics context not yet initialized. Skipping visualisations.
Graphics context not yet initialized. Skipping visualisations.
Graphics context not yet initialized. Skipping visualisations.
Graphics context not yet initialized. Skipping visualisations.
Graphics context not yet initialized. Skipping visualisations.
Graphics context not yet initialized. Skipping visualisations.
Graphics context not yet initialized. Skipping visualisations.
Graphics context not yet initialized. Skipping visualisations.
Graphics context not yet initialized. Skipping visualisations.
Graphics context not yet initialized. Skipping visualisations.
Graphics context not yet initialized. Skipping visualisations.
Graphics context not yet initialized. Skipping visualisations.
Graphics context not yet initialized. Skipping visualisations.
Graphics context not yet initialized. Skipping visualisations.
Graphics context not yet initialized. Skipping visualisations.
Graphics context not yet initialized. Skipping visualisations.
Graphics context not yet initialized. Skipping visualisations.
Graphics context not yet initialized. Skipping visualisations.
Graphics context not yet initialized. Skipping visualisations.
Graphics context not yet initialized. Skipping visualisations.
Graphics context not yet initialized. Skipping visualisations.
Graphics context not yet initialized. Skipping visualisations.
Graphics context not yet initialized. Skipping visualisations.
Graphics context not yet initialized. Skipping visualisations.
Graphics context not yet initialized. Skipping visualisations.
Graphics context not yet initialized. Skipping visualisations.
Graphics context not yet initialized. Skipping visualisations.
Graphics context not yet initialized. Skipping visualisations.
Graphics context not yet initialized. Skipping visualisations.
Graphics context not yet initialized. Skipping visualisations.
Graphics context not yet initialized. Skipping visualisations.
Graphics context not yet initialized. Skipping visualisations.
Graphics context not yet initialized. Skipping visualisations.
Graphics context not yet initialized. Skipping visualisations.
Graphics context not yet initialized. Skipping visualisations.
Graphics context not yet initialized. Skipping visualisations.
Graphics context not yet initialized. Skipping visualisations.
Graphics context not yet initialized. Skipping visualisations.
Graphics context not yet initialized. Skipping visualisations.
Graphics context not yet initialized. Skipping visualisations.
Graphics context not yet initialized. Skipping visualisations.
Graphics context not yet initialized. Skipping visualisations.
Graphics context not yet initialized. Skipping visualisations.
Graphics context not yet initialized. Skipping visualisations.
Graphics context not yet initialized. Skipping visualisations.
Graphics context not yet initialized. Skipping visualisations.
Graphics context not yet initialized. Skipping visualisations.
Graphics context not yet initialized. Skipping visualisations.
Graphics context not yet initialized. Skipping visualisations.
Graphics context not yet initialized. Skipping visualisations.
Graphics context not yet initialized. Skipping visualisations.
Graphics context not yet initialized. Skipping visualisations.
Graphics context not yet initialized. Skipping visualisations.
Graphics context not yet initialized. Skipping visualisations.
Graphics context not yet initialized. Skipping visualisations.
Graphics context not yet initialized. Skipping visualisations.
Graphics context not yet initialized. Skipping visualisations.
Graphics context not yet initialized. Skipping visualisations.
Graphics context not yet initialized. Skipping visualisations.
Graphics context not yet initialized. Skipping visualisations.
Graphics context not yet initialized. Skipping visualisations.
Graphics context not yet initialized. Skipping visualisations.
Graphics context not yet initialized. Skipping visualisations.
Graphics context not yet initialized. Skipping visualisations.
Graphics context not yet initialized. Skipping visualisations.
Graphics context not yet initialized. Skipping visualisations.
Graphics context not yet initialized. Skipping visualisations.
Graphics context not yet initialized. Skipping visualisations.
Graphics context not yet initialized. Skipping visualisations.
Graphics context not yet initialized. Skipping visualisations.
Graphics context not yet initialized. Skipping visualisations.
Graphics context not yet initialized. Skipping visualisations.
Graphics context not yet initialized. Skipping visualisations.
Graphics context not yet initialized. Skipping visualisations.
Graphics context not yet initialized. Skipping visualisations.
Graphics context not yet initialized. Skipping visualisations.
Graphics context not yet initialized. Skipping visualisations.
Graphics context not yet initialized. Skipping visualisations.
Graphics context not yet initialized. Skipping visualisations.
Graphics context not yet initialized. Skipping visualisations.
Graphics context not yet initialized. Skipping visualisations.
Graphics context not yet initialized. Skipping visualisations.
Graphics context not yet initialized. Skipping visualisations.
Graphics context not yet initialized. Skipping visualisations.
Graphics context not yet initialized. Skipping visualisations.
Graphics context not yet initialized. Skipping visualisations.
Graphics context not yet initialized. Skipping visualisations.
Graphics context not yet initialized. Skipping visualisations.
Graphics context not yet initialized. Skipping visualisations.
Graphics context not yet initialized. Skipping visualisations.
Graphics context not yet initialized. Skipping visualisations.
Graphics context not yet initialized. Skipping visualisations.
Graphics context not yet initialized. Skipping visualisations.
Graphics context not yet initialized. Skipping visualisations.
Graphics context not yet initialized. Skipping visualisations.
Graphics context not yet initialized. Skipping visualisations.
Graphics context not yet initialized. Skipping visualisations.
Graphics context not yet initialized. Skipping visualisations.
Graphics context not yet initialized. Skipping visualisations.
Graphics context not yet initialized. Skipping visualisations.
Graphics context not yet initialized. Skipping visualisations.
Graphics context not yet initialized. Skipping visualisations.
Graphics context not yet initialized. Skipping visualisations.
Graphics context not yet initialized. Skipping visualisations.
Graphics context not yet initialized. Skipping visualisations.
Graphics context not yet initialized. Skipping visualisations.
Graphics context not yet initialized. Skipping visualisations.
Graphics context not yet initialized. Skipping visualisations.
Graphics context not yet initialized. Skipping visualisations.
Graphics context not yet initialized. Skipping visualisations.
Graphics context not yet initialized. Skipping visualisations.
Graphics context not yet initialized. Skipping visualisations.
Graphics context not yet initialized. Skipping visualisations.
Graphics context not yet initialized. Skipping visualisations.
Graphics context not yet initialized. Skipping visualisations.
Graphics context not yet initialized. Skipping visualisations.
Graphics context not yet initialized. Skipping visualisations.
Graphics context not yet initialized. Skipping visualisations.
Graphics context not yet initialized. Skipping visualisations.
Graphics context not yet initialized. Skipping visualisations.
Graphics context not yet initialized. Skipping visualisations.
Graphics context not yet initialized. Skipping visualisations.
Graphics context not yet initialized. Skipping visualisations.
Graphics context not yet initialized. Skipping visualisations.
Graphics context not yet initialized. Skipping visualisations.
Graphics context not yet initialized. Skipping visualisations.
Graphics context not yet initialized. Skipping visualisations.
Graphics context not yet initialized. Skipping visualisations.
Graphics context not yet initialized. Skipping visualisations.
Graphics context not yet initialized. Skipping visualisations.
Graphics context not yet initialized. Skipping visualisations.
Graphics context not yet initialized. Skipping visualisations.
Graphics context not yet initialized. Skipping visualisations.
Graphics context not yet initialized. Skipping visualisations.
Graphics context not yet initialized. Skipping visualisations.
Graphics context not yet initialized. Skipping visualisations.
Graphics context not yet initialized. Skipping visualisations.
Graphics context not yet initialized. Skipping visualisations.
Graphics context not yet initialized. Skipping visualisations.
Graphics context not yet initialized. Skipping visualisations.
Graphics context not yet initialized. Skipping visualisations.
Graphics context not yet initialized. Skipping visualisations.
Graphics context not yet initialized. Skipping visualisations.
Graphics context not yet initialized. Skipping visualisations.
Graphics context not yet initialized. Skipping visualisations.
Graphics context not yet initialized. Skipping visualisations.
Graphics context not yet initialized. Skipping visualisations.
Graphics context not yet initialized. Skipping visualisations.
Graphics context not yet initialized. Skipping visualisations.
Graphics context not yet initialized. Skipping visualisations.
Graphics context not yet initialized. Skipping visualisations.
Graphics context not yet initialized. Skipping visualisations.
Graphics context not yet initialized. Skipping visualisations.
Graphics context not yet initialized. Skipping visualisations.
Graphics context not yet initialized. Skipping visualisations.
Graphics context not yet initialized. Skipping visualisations.
Graphics context not yet initialized. Skipping visualisations.
Graphics context not yet initialized. Skipping visualisations.
Graphics context not yet initialized. Skipping visualisations.
Graphics context not yet initialized. Skipping visualisations.
Graphics context not yet initialized. Skipping visualisations.
Graphics context not yet initialized. Skipping visualisations.
Graphics context not yet initialized. Skipping visualisations.
Graphics context not yet initialized. Skipping visualisations.
Graphics context not yet initialized. Skipping visualisations.
Graphics context not yet initialized. Skipping visualisations.
Graphics context not yet initialized. Skipping visualisations.
Graphics context not yet initialized. Skipping visualisations.
Graphics context not yet initialized. Skipping visualisations.
Graphics context not yet initialized. Skipping visualisations.
Graphics context not yet initialized. Skipping visualisations.
Graphics context not yet initialized. Skipping visualisations.
Graphics context not yet initialized. Skipping visualisations.
Graphics context not yet initialized. Skipping visualisations.
Graphics context not yet initialized. Skipping visualisations.
Graphics context not yet initialized. Skipping visualisations.
Graphics context not yet initialized. Skipping visualisations.
Graphics context not yet initialized. Skipping visualisations.
Graphics context not yet initialized. Skipping visualisations.
Graphics context not yet initialized. Skipping visualisations.
Graphics context not yet initialized. Skipping visualisations.
Graphics context not yet initialized. Skipping visualisations.
Graphics context not yet initialized. Skipping visualisations.
Graphics context not yet initialized. Skipping visualisations.
Graphics context not yet initialized. Skipping visualisations.
Graphics context not yet initialized. Skipping visualisations.
Graphics context not yet initialized. Skipping visualisations.
Graphics context not yet initialized. Skipping visualisations.
Graphics context not yet initialized. Skipping visualisations.
Graphics context not yet initialized. Skipping visualisations.
Graphics context not yet initialized. Skipping visualisations.
Graphics context not yet initialized. Skipping visualisations.
Graphics context not yet initialized. Skipping visualisations.
Graphics context not yet initialized. Skipping visualisations.
Graphics context not yet initialized. Skipping visualisations.
Graphics context not yet initialized. Skipping visualisations.
Graphics context not yet initialized. Skipping visualisations.
Graphics context not yet initialized. Skipping visualisations.
Graphics context not yet initialized. Skipping visualisations.
Graphics context not yet initialized. Skipping visualisations.
Graphics context not yet initialized. Skipping visualisations.
Graphics context not yet initialized. Skipping visualisations.
Graphics context not yet initialized. Skipping visualisations.
Graphics context not yet initialized. Skipping visualisations.
Graphics context not yet initialized. Skipping visualisations.
Graphics context not yet initialized. Skipping visualisations.
Graphics context not yet initialized. Skipping visualisations.
Graphics context not yet initialized. Skipping visualisations.
Graphics context not yet initialized. Skipping visualisations.
Graphics context not yet initialized. Skipping visualisations.
Graphics context not yet initialized. Skipping visualisations.
Graphics context not yet initialized. Skipping visualisations.
Graphics context not yet initialized. Skipping visualisations.
Graphics context not yet initialized. Skipping visualisations.
Graphics context not yet initialized. Skipping visualisations.
Graphics context not yet initialized. Skipping visualisations.
Graphics context not yet initialized. Skipping visualisations.
Graphics context not yet initialized. Skipping visualisations.
Graphics context not yet initialized. Skipping visualisations.
Graphics context not yet initialized. Skipping visualisations.
Graphics context not yet initialized. Skipping visualisations.
Graphics context not yet initialized. Skipping visualisations.
Graphics context not yet initialized. Skipping visualisations.
Graphics context not yet initialized. Skipping visualisations.
Graphics context not yet initialized. Skipping visualisations.
Graphics context not yet initialized. Skipping visualisations.
Graphics context not yet initialized. Skipping visualisations.
Graphics context not yet initialized. Skipping visualisations.
Graphics context not yet initialized. Skipping visualisations.
Graphics context not yet initialized. Skipping visualisations.
Graphics context not yet initialized. Skipping visualisations.
Graphics context not yet initialized. Skipping visualisations.
Graphics context not yet initialized. Skipping visualisations.
Graphics context not yet initialized. Skipping visualisations.
Graphics context not yet initialized. Skipping visualisations.
Graphics context not yet initialized. Skipping visualisations.
Graphics context not yet initialized. Skipping visualisations.
Graphics context not yet initialized. Skipping visualisations.
Graphics context not yet initialized. Skipping visualisations.
Graphics context not yet initialized. Skipping visualisations.
Graphics context not yet initialized. Skipping visualisations.
Graphics context not yet initialized. Skipping visualisations.
Graphics context not yet initialized. Skipping visualisations.
Graphics context not yet initialized. Skipping visualisations.
Graphics context not yet initialized. Skipping visualisations.
Graphics context not yet initialized. Skipping visualisations.
Graphics context not yet initialized. Skipping visualisations.
Graphics context not yet initialized. Skipping visualisations.
Graphics context not yet initialized. Skipping visualisations.
Graphics context not yet initialized. Skipping visualisations.
Graphics context not yet initialized. Skipping visualisations.
Graphics context not yet initialized. Skipping visualisations.
Graphics context not yet initialized. Skipping visualisations.
Graphics context not yet initialized. Skipping visualisations.
Graphics context not yet initialized. Skipping visualisations.
Graphics context not yet initialized. Skipping visualisations.
Graphics context not yet initialized. Skipping visualisations.
Graphics context not yet initialized. Skipping visualisations.
Graphics context not yet initialized. Skipping visualisations.
Graphics context not yet initialized. Skipping visualisations.
Graphics context not yet initialized. Skipping visualisations.
Graphics context not yet initialized. Skipping visualisations.
Graphics context not yet initialized. Skipping visualisations.
Graphics context not yet initialized. Skipping visualisations.
Graphics context not yet initialized. Skipping visualisations.
Graphics context not yet initialized. Skipping visualisations.
Graphics context not yet initialized. Skipping visualisations.
Graphics context not yet initialized. Skipping visualisations.
Graphics context not yet initialized. Skipping visualisations.
Graphics context not yet initialized. Skipping visualisations.
Graphics context not yet initialized. Skipping visualisations.
Graphics context not yet initialized. Skipping visualisations.
Graphics context not yet initialized. Skipping visualisations.
Graphics context not yet initialized. Skipping visualisations.
Graphics context not yet initialized. Skipping visualisations.
Graphics context not yet initialized. Skipping visualisations.
Graphics context not yet initialized. Skipping visualisations.
Graphics context not yet initialized. Skipping visualisations.
Graphics context not yet initialized. Skipping visualisations.
Graphics context not yet initialized. Skipping visualisations.
Graphics context not yet initialized. Skipping visualisations.
Graphics context not yet initialized. Skipping visualisations.
Graphics context not yet initialized. Skipping visualisations.
Graphics context not yet initialized. Skipping visualisations.
Graphics context not yet initialized. Skipping visualisations.
Graphics context not yet initialized. Skipping visualisations.
Graphics context not yet initialized. Skipping visualisations.
Graphics context not yet initialized. Skipping visualisations.
Graphics context not yet initialized. Skipping visualisations.
Graphics context not yet initialized. Skipping visualisations.
Graphics context not yet initialized. Skipping visualisations.
Graphics context not yet initialized. Skipping visualisations.
Graphics context not yet initialized. Skipping visualisations.
Graphics context not yet initialized. Skipping visualisations.
Graphics context not yet initialized. Skipping visualisations.
Graphics context not yet initialized. Skipping visualisations.
Graphics context not yet initialized. Skipping visualisations.
Graphics context not yet initialized. Skipping visualisations.
Graphics context not yet initialized. Skipping visualisations.
Graphics context not yet initialized. Skipping visualisations.
Graphics context not yet initialized. Skipping visualisations.
Graphics context not yet initialized. Skipping visualisations.
Graphics context not yet initialized. Skipping visualisations.
Graphics context not yet initialized. Skipping visualisations.
Graphics context not yet initialized. Skipping visualisations.
Graphics context not yet initialized. Skipping visualisations.
Graphics context not yet initialized. Skipping visualisations.
Graphics context not yet initialized. Skipping visualisations.
Graphics context not yet initialized. Skipping visualisations.
Graphics context not yet initialized. Skipping visualisations.
Graphics context not yet initialized. Skipping visualisations.
Graphics context not yet initialized. Skipping visualisations.
Graphics context not yet initialized. Skipping visualisations.
Graphics context not yet initialized. Skipping visualisations.
Graphics context not yet initialized. Skipping visualisations.
Graphics context not yet initialized. Skipping visualisations.
Graphics context not yet initialized. Skipping visualisations.
Graphics context not yet initialized. Skipping visualisations.
Graphics context not yet initialized. Skipping visualisations.
Graphics context not yet initialized. Skipping visualisations.
Graphics context not yet initialized. Skipping visualisations.
Graphics context not yet initialized. Skipping visualisations.
Graphics context not yet initialized. Skipping visualisations.
Graphics context not yet initialized. Skipping visualisations.
Graphics context not yet initialized. Skipping visualisations.
Graphics context not yet initialized. Skipping visualisations.
Graphics context not yet initialized. Skipping visualisations.
Graphics context not yet initialized. Skipping visualisations.
Graphics context not yet initialized. Skipping visualisations.
Graphics context not yet initialized. Skipping visualisations.
Graphics context not yet initialized. Skipping visualisations.
Graphics context not yet initialized. Skipping visualisations.
Graphics context not yet initialized. Skipping visualisations.
Graphics context not yet initialized. Skipping visualisations.
Graphics context not yet initialized. Skipping visualisations.
Graphics context not yet initialized. Skipping visualisations.
Graphics context not yet initialized. Skipping visualisations.
Graphics context not yet initialized. Skipping visualisations.
Graphics context not yet initialized. Skipping visualisations.
Graphics context not yet initialized. Skipping visualisations.
Graphics context not yet initialized. Skipping visualisations.
Graphics context not yet initialized. Skipping visualisations.
Graphics context not yet initialized. Skipping visualisations.
Graphics context not yet initialized. Skipping visualisations.
Graphics context not yet initialized. Skipping visualisations.
Graphics context not yet initialized. Skipping visualisations.
Graphics context not yet initialized. Skipping visualisations.
Graphics context not yet initialized. Skipping visualisations.
Graphics context not yet initialized. Skipping visualisations.
Graphics context not yet initialized. Skipping visualisations.
Graphics context not yet initialized. Skipping visualisations.
Graphics context not yet initialized. Skipping visualisations.
Graphics context not yet initialized. Skipping visualisations.
Graphics context not yet initialized. Skipping visualisations.
Graphics context not yet initialized. Skipping visualisations.
Graphics context not yet initialized. Skipping visualisations.
Graphics context not yet initialized. Skipping visualisations.
Graphics context not yet initialized. Skipping visualisations.
Graphics context not yet initialized. Skipping visualisations.
Graphics context not yet initialized. Skipping visualisations.
Graphics context not yet initialized. Skipping visualisations.
Graphics context not yet initialized. Skipping visualisations.
Graphics context not yet initialized. Skipping visualisations.
Graphics context not yet initialized. Skipping visualisations.
Graphics context not yet initialized. Skipping visualisations.
Graphics context not yet initialized. Skipping visualisations.
Graphics context not yet initialized. Skipping visualisations.
Graphics context not yet initialized. Skipping visualisations.
Graphics context not yet initialized. Skipping visualisations.
Graphics context not yet initialized. Skipping visualisations.
Graphics context not yet initialized. Skipping visualisations.
Graphics context not yet initialized. Skipping visualisations.
Graphics context not yet initialized. Skipping visualisations.
Graphics context not yet initialized. Skipping visualisations.
Graphics context not yet initialized. Skipping visualisations.
Graphics context not yet initialized. Skipping visualisations.
Graphics context not yet initialized. Skipping visualisations.
Graphics context not yet initialized. Skipping visualisations.
Graphics context not yet initialized. Skipping visualisations.
Graphics context not yet initialized. Skipping visualisations.
Graphics context not yet initialized. Skipping visualisations.
Graphics context not yet initialized. Skipping visualisations.
Graphics context not yet initialized. Skipping visualisations.
Graphics context not yet initialized. Skipping visualisations.
Graphics context not yet initialized. Skipping visualisations.
Graphics context not yet initialized. Skipping visualisations.
Graphics context not yet initialized. Skipping visualisations.
Graphics context not yet initialized. Skipping visualisations.
Graphics context not yet initialized. Skipping visualisations.
Graphics context not yet initialized. Skipping visualisations.
Graphics context not yet initialized. Skipping visualisations.
Graphics context not yet initialized. Skipping visualisations.
Graphics context not yet initialized. Skipping visualisations.
Graphics context not yet initialized. Skipping visualisations.
Graphics context not yet initialized. Skipping visualisations.
Graphics context not yet initialized. Skipping visualisations.
Graphics context not yet initialized. Skipping visualisations.
Graphics context not yet initialized. Skipping visualisations.
Graphics context not yet initialized. Skipping visualisations.
Graphics context not yet initialized. Skipping visualisations.
Graphics context not yet initialized. Skipping visualisations.
Graphics context not yet initialized. Skipping visualisations.
Graphics context not yet initialized. Skipping visualisations.
Graphics context not yet initialized. Skipping visualisations.
Graphics context not yet initialized. Skipping visualisations.
Graphics context not yet initialized. Skipping visualisations.
Graphics context not yet initialized. Skipping visualisations.
Graphics context not yet initialized. Skipping visualisations.
Graphics context not yet initialized. Skipping visualisations.
Graphics context not yet initialized. Skipping visualisations.
Graphics context not yet initialized. Skipping visualisations.
Graphics context not yet initialized. Skipping visualisations.
Graphics context not yet initialized. Skipping visualisations.
Graphics context not yet initialized. Skipping visualisations.
Graphics context not yet initialized. Skipping visualisations.
Graphics context not yet initialized. Skipping visualisations.
Graphics context not yet initialized. Skipping visualisations.
Graphics context not yet initialized. Skipping visualisations.
Graphics context not yet initialized. Skipping visualisations.
Graphics context not yet initialized. Skipping visualisations.
Graphics context not yet initialized. Skipping visualisations.
Graphics context not yet initialized. Skipping visualisations.
Graphics context not yet initialized. Skipping visualisations.
Graphics context not yet initialized. Skipping visualisations.
Graphics context not yet initialized. Skipping visualisations.
Graphics context not yet initialized. Skipping visualisations.
Graphics context not yet initialized. Skipping visualisations.
Graphics context not yet initialized. Skipping visualisations.
Graphics context not yet initialized. Skipping visualisations.
Graphics context not yet initialized. Skipping visualisations.
Graphics context not yet initialized. Skipping visualisations.
Graphics context not yet initialized. Skipping visualisations.
Graphics context not yet initialized. Skipping visualisations.
Graphics context not yet initialized. Skipping visualisations.
Graphics context not yet initialized. Skipping visualisations.
Graphics context not yet initialized. Skipping visualisations.
Graphics context not yet initialized. Skipping visualisations.
Graphics context not yet initialized. Skipping visualisations.
Graphics context not yet initialized. Skipping visualisations.
Graphics context not yet initialized. Skipping visualisations.
Graphics context not yet initialized. Skipping visualisations.
Graphics context not yet initialized. Skipping visualisations.
Graphics context not yet initialized. Skipping visualisations.
Graphics context not yet initialized. Skipping visualisations.
Graphics context not yet initialized. Skipping visualisations.
Graphics context not yet initialized. Skipping visualisations.
Graphics context not yet initialized. Skipping visualisations.
Graphics context not yet initialized. Skipping visualisations.
Graphics context not yet initialized. Skipping visualisations.
Graphics context not yet initialized. Skipping visualisations.
Graphics context not yet initialized. Skipping visualisations.
Graphics context not yet initialized. Skipping visualisations.
Graphics context not yet initialized. Skipping visualisations.
Graphics context not yet initialized. Skipping visualisations.
Graphics context not yet initialized. Skipping visualisations.
Graphics context not yet initialized. Skipping visualisations.
Graphics context not yet initialized. Skipping visualisations.
Graphics context not yet initialized. Skipping visualisations.
Graphics context not yet initialized. Skipping visualisations.
Graphics context not yet initialized. Skipping visualisations.
Graphics context not yet initialized. Skipping visualisations.
Graphics context not yet initialized. Skipping visualisations.
Graphics context not yet initialized. Skipping visualisations.
Graphics context not yet initialized. Skipping visualisations.
Graphics context not yet initialized. Skipping visualisations.
Graphics context not yet initialized. Skipping visualisations.
Graphics context not yet initialized. Skipping visualisations.
Graphics context not yet initialized. Skipping visualisations.
Graphics context not yet initialized. Skipping visualisations.
Graphics context not yet initialized. Skipping visualisations.
Graphics context not yet initialized. Skipping visualisations.
Graphics context not yet initialized. Skipping visualisations.
Graphics context not yet initialized. Skipping visualisations.
Graphics context not yet initialized. Skipping visualisations.
Graphics context not yet initialized. Skipping visualisations.
Graphics context not yet initialized. Skipping visualisations.
Graphics context not yet initialized. Skipping visualisations.
Graphics context not yet initialized. Skipping visualisations.
Graphics context not yet initialized. Skipping visualisations.
Graphics context not yet initialized. Skipping visualisations.
Graphics context not yet initialized. Skipping visualisations.
Graphics context not yet initialized. Skipping visualisations.
Graphics context not yet initialized. Skipping visualisations.
Graphics context not yet initialized. Skipping visualisations.
Graphics context not yet initialized. Skipping visualisations.
Graphics context not yet initialized. Skipping visualisations.
Graphics context not yet initialized. Skipping visualisations.
Graphics context not yet initialized. Skipping visualisations.
Graphics context not yet initialized. Skipping visualisations.
Graphics context not yet initialized. Skipping visualisations.
Graphics context not yet initialized. Skipping visualisations.
Graphics context not yet initialized. Skipping visualisations.
Graphics context not yet initialized. Skipping visualisations.
Graphics context not yet initialized. Skipping visualisations.
Graphics context not yet initialized. Skipping visualisations.
Graphics context not yet initialized. Skipping visualisations.
Graphics context not yet initialized. Skipping visualisations.
Graphics context not yet initialized. Skipping visualisations.
Graphics context not yet initialized. Skipping visualisations.
Graphics context not yet initialized. Skipping visualisations.
Graphics context not yet initialized. Skipping visualisations.
Graphics context not yet initialized. Skipping visualisations.
Graphics context not yet initialized. Skipping visualisations.
Graphics context not yet initialized. Skipping visualisations.
Graphics context not yet initialized. Skipping visualisations.
Graphics context not yet initialized. Skipping visualisations.
Graphics context not yet initialized. Skipping visualisations.
Graphics context not yet initialized. Skipping visualisations.
Graphics context not yet initialized. Skipping visualisations.
Graphics context not yet initialized. Skipping visualisations.
Graphics context not yet initialized. Skipping visualisations.
Graphics context not yet initialized. Skipping visualisations.
Graphics context not yet initialized. Skipping visualisations.
Graphics context not yet initialized. Skipping visualisations.
Graphics context not yet initialized. Skipping visualisations.
Graphics context not yet initialized. Skipping visualisations.
Graphics context not yet initialized. Skipping visualisations.
Graphics context not yet initialized. Skipping visualisations.
Graphics context not yet initialized. Skipping visualisations.
Graphics context not yet initialized. Skipping visualisations.
Graphics context not yet initialized. Skipping visualisations.
Graphics context not yet initialized. Skipping visualisations.
Graphics context not yet initialized. Skipping visualisations.
Graphics context not yet initialized. Skipping visualisations.
Graphics context not yet initialized. Skipping visualisations.
Graphics context not yet initialized. Skipping visualisations.
Graphics context not yet initialized. Skipping visualisations.
Graphics context not yet initialized. Skipping visualisations.
Graphics context not yet initialized. Skipping visualisations.
Graphics context not yet initialized. Skipping visualisations.
Graphics context not yet initialized. Skipping visualisations.
Graphics context not yet initialized. Skipping visualisations.
Graphics context not yet initialized. Skipping visualisations.
Graphics context not yet initialized. Skipping visualisations.
Graphics context not yet initialized. Skipping visualisations.
Graphics context not yet initialized. Skipping visualisations.
Graphics context not yet initialized. Skipping visualisations.
Graphics context not yet initialized. Skipping visualisations.
Graphics context not yet initialized. Skipping visualisations.
Graphics context not yet initialized. Skipping visualisations.
Graphics context not yet initialized. Skipping visualisations.
Graphics context not yet initialized. Skipping visualisations.
Graphics context not yet initialized. Skipping visualisations.
Graphics context not yet initialized. Skipping visualisations.
Graphics context not yet initialized. Skipping visualisations.
Graphics context not yet initialized. Skipping visualisations.
Graphics context not yet initialized. Skipping visualisations.
Graphics context not yet initialized. Skipping visualisations.
Graphics context not yet initialized. Skipping visualisations.
Graphics context not yet initialized. Skipping visualisations.
Graphics context not yet initialized. Skipping visualisations.
Graphics context not yet initialized. Skipping visualisations.
Graphics context not yet initialized. Skipping visualisations.
Graphics context not yet initialized. Skipping visualisations.
Graphics context not yet initialized. Skipping visualisations.
Graphics context not yet initialized. Skipping visualisations.
Graphics context not yet initialized. Skipping visualisations.
Graphics context not yet initialized. Skipping visualisations.
Graphics context not yet initialized. Skipping visualisations.
Graphics context not yet initialized. Skipping visualisations.
Graphics context not yet initialized. Skipping visualisations.
Graphics context not yet initialized. Skipping visualisations.
Graphics context not yet initialized. Skipping visualisations.
Graphics context not yet initialized. Skipping visualisations.
Graphics context not yet initialized. Skipping visualisations.
Graphics context not yet initialized. Skipping visualisations.
Graphics context not yet initialized. Skipping visualisations.
Graphics context not yet initialized. Skipping visualisations.
Graphics context not yet initialized. Skipping visualisations.
Graphics context not yet initialized. Skipping visualisations.
Graphics context not yet initialized. Skipping visualisations.
Graphics context not yet initialized. Skipping visualisations.
Graphics context not yet initialized. Skipping visualisations.
Graphics context not yet initialized. Skipping visualisations.
Graphics context not yet initialized. Skipping visualisations.
Graphics context not yet initialized. Skipping visualisations.
Graphics context not yet initialized. Skipping visualisations.
Graphics context not yet initialized. Skipping visualisations.
Graphics context not yet initialized. Skipping visualisations.
Graphics context not yet initialized. Skipping visualisations.
Graphics context not yet initialized. Skipping visualisations.
Graphics context not yet initialized. Skipping visualisations.
Graphics context not yet initialized. Skipping visualisations.
Graphics context not yet initialized. Skipping visualisations.
Graphics context not yet initialized. Skipping visualisations.
Graphics context not yet initialized. Skipping visualisations.
Graphics context not yet initialized. Skipping visualisations.
Graphics context not yet initialized. Skipping visualisations.
Graphics context not yet initialized. Skipping visualisations.
Graphics context not yet initialized. Skipping visualisations.
Graphics context not yet initialized. Skipping visualisations.
Graphics context not yet initialized. Skipping visualisations.
Graphics context not yet initialized. Skipping visualisations.
Graphics context not yet initialized. Skipping visualisations.
Graphics context not yet initialized. Skipping visualisations.
Graphics context not yet initialized. Skipping visualisations.
Graphics context not yet initialized. Skipping visualisations.
Graphics context not yet initialized. Skipping visualisations.
Graphics context not yet initialized. Skipping visualisations.
Graphics context not yet initialized. Skipping visualisations.
Graphics context not yet initialized. Skipping visualisations.
Graphics context not yet initialized. Skipping visualisations.
Graphics context not yet initialized. Skipping visualisations.
Graphics context not yet initialized. Skipping visualisations.
Graphics context not yet initialized. Skipping visualisations.
Graphics context not yet initialized. Skipping visualisations.
Graphics context not yet initialized. Skipping visualisations.
Graphics context not yet initialized. Skipping visualisations.
Graphics context not yet initialized. Skipping visualisations.
Graphics context not yet initialized. Skipping visualisations.
Graphics context not yet initialized. Skipping visualisations.
Graphics context not yet initialized. Skipping visualisations.
Graphics context not yet initialized. Skipping visualisations.
Graphics context not yet initialized. Skipping visualisations.
Graphics context not yet initialized. Skipping visualisations.
Graphics context not yet initialized. Skipping visualisations.
Graphics context not yet initialized. Skipping visualisations.
Graphics context not yet initialized. Skipping visualisations.
Graphics context not yet initialized. Skipping visualisations.
Graphics context not yet initialized. Skipping visualisations.
Graphics context not yet initialized. Skipping visualisations.
Graphics context not yet initialized. Skipping visualisations.
Graphics context not yet initialized. Skipping visualisations.
Graphics context not yet initialized. Skipping visualisations.
Graphics context not yet initialized. Skipping visualisations.
Graphics context not yet initialized. Skipping visualisations.
Graphics context not yet initialized. Skipping visualisations.
Graphics context not yet initialized. Skipping visualisations.
Graphics context not yet initialized. Skipping visualisations.
Graphics context not yet initialized. Skipping visualisations.
Graphics context not yet initialized. Skipping visualisations.
Graphics context not yet initialized. Skipping visualisations.
Graphics context not yet initialized. Skipping visualisations.
Graphics context not yet initialized. Skipping visualisations.
Graphics context not yet initialized. Skipping visualisations.
Graphics context not yet initialized. Skipping visualisations.
Graphics context not yet initialized. Skipping visualisations.
Graphics context not yet initialized. Skipping visualisations.
Graphics context not yet initialized. Skipping visualisations.
Graphics context not yet initialized. Skipping visualisations.
Graphics context not yet initialized. Skipping visualisations.
Graphics context not yet initialized. Skipping visualisations.
Graphics context not yet initialized. Skipping visualisations.
Graphics context not yet initialized. Skipping visualisations.
Graphics context not yet initialized. Skipping visualisations.
Graphics context not yet initialized. Skipping visualisations.
Graphics context not yet initialized. Skipping visualisations.
Graphics context not yet initialized. Skipping visualisations.
Graphics context not yet initialized. Skipping visualisations.
Graphics context not yet initialized. Skipping visualisations.
Graphics context not yet initialized. Skipping visualisations.
Graphics context not yet initialized. Skipping visualisations.
Graphics context not yet initialized. Skipping visualisations.
Graphics context not yet initialized. Skipping visualisations.
Graphics context not yet initialized. Skipping visualisations.
Graphics context not yet initialized. Skipping visualisations.
Graphics context not yet initialized. Skipping visualisations.
Graphics context not yet initialized. Skipping visualisations.
Graphics context not yet initialized. Skipping visualisations.
Graphics context not yet initialized. Skipping visualisations.
Graphics context not yet initialized. Skipping visualisations.
Graphics context not yet initialized. Skipping visualisations.
Graphics context not yet initialized. Skipping visualisations.
Graphics context not yet initialized. Skipping visualisations.
Graphics context not yet initialized. Skipping visualisations.
Graphics context not yet initialized. Skipping visualisations.
Graphics context not yet initialized. Skipping visualisations.
Graphics context not yet initialized. Skipping visualisations.
Graphics context not yet initialized. Skipping visualisations.
Graphics context not yet initialized. Skipping visualisations.
Graphics context not yet initialized. Skipping visualisations.
Graphics context not yet initialized. Skipping visualisations.
Graphics context not yet initialized. Skipping visualisations.
Graphics context not yet initialized. Skipping visualisations.
Graphics context not yet initialized. Skipping visualisations.
Graphics context not yet initialized. Skipping visualisations.
Graphics context not yet initialized. Skipping visualisations.
Graphics context not yet initialized. Skipping visualisations.
Graphics context not yet initialized. Skipping visualisations.
Graphics context not yet initialized. Skipping visualisations.
Graphics context not yet initialized. Skipping visualisations.
Graphics context not yet initialized. Skipping visualisations.
Graphics context not yet initialized. Skipping visualisations.
Graphics context not yet initialized. Skipping visualisations.
Graphics context not yet initialized. Skipping visualisations.
Graphics context not yet initialized. Skipping visualisations.
Graphics context not yet initialized. Skipping visualisations.
Graphics context not yet initialized. Skipping visualisations.
Graphics context not yet initialized. Skipping visualisations.
Graphics context not yet initialized. Skipping visualisations.
Graphics context not yet initialized. Skipping visualisations.
Graphics context not yet initialized. Skipping visualisations.
Graphics context not yet initialized. Skipping visualisations.
Graphics context not yet initialized. Skipping visualisations.
Graphics context not yet initialized. Skipping visualisations.
Graphics context not yet initialized. Skipping visualisations.
Graphics context not yet initialized. Skipping visualisations.
Graphics context not yet initialized. Skipping visualisations.
Graphics context not yet initialized. Skipping visualisations.
Graphics context not yet initialized. Skipping visualisations.
Graphics context not yet initialized. Skipping visualisations.
Graphics context not yet initialized. Skipping visualisations.
Graphics context not yet initialized. Skipping visualisations.
Graphics context not yet initialized. Skipping visualisations.
Graphics context not yet initialized. Skipping visualisations.
Graphics context not yet initialized. Skipping visualisations.
Graphics context not yet initialized. Skipping visualisations.
Graphics context not yet initialized. Skipping visualisations.
Graphics context not yet initialized. Skipping visualisations.
Graphics context not yet initialized. Skipping visualisations.
Graphics context not yet initialized. Skipping visualisations.
Graphics context not yet initialized. Skipping visualisations.
Graphics context not yet initialized. Skipping visualisations.
Graphics context not yet initialized. Skipping visualisations.
Graphics context not yet initialized. Skipping visualisations.
Graphics context not yet initialized. Skipping visualisations.
Graphics context not yet initialized. Skipping visualisations.
Graphics context not yet initialized. Skipping visualisations.
Graphics context not yet initialized. Skipping visualisations.
Graphics context not yet initialized. Skipping visualisations.
Graphics context not yet initialized. Skipping visualisations.
Graphics context not yet initialized. Skipping visualisations.
Graphics context not yet initialized. Skipping visualisations.
Graphics context not yet initialized. Skipping visualisations.
Graphics context not yet initialized. Skipping visualisations.
Graphics context not yet initialized. Skipping visualisations.
Graphics context not yet initialized. Skipping visualisations.
Graphics context not yet initialized. Skipping visualisations.
Graphics context not yet initialized. Skipping visualisations.
Graphics context not yet initialized. Skipping visualisations.
Graphics context not yet initialized. Skipping visualisations.
Graphics context not yet initialized. Skipping visualisations.
Graphics context not yet initialized. Skipping visualisations.
Graphics context not yet initialized. Skipping visualisations.
Graphics context not yet initialized. Skipping visualisations.
Graphics context not yet initialized. Skipping visualisations.
Graphics context not yet initialized. Skipping visualisations.
Graphics context not yet initialized. Skipping visualisations.
Graphics context not yet initialized. Skipping visualisations.
Graphics context not yet initialized. Skipping visualisations.
Graphics context not yet initialized. Skipping visualisations.
Graphics context not yet initialized. Skipping visualisations.
Graphics context not yet initialized. Skipping visualisations.
Graphics context not yet initialized. Skipping visualisations.
Graphics context not yet initialized. Skipping visualisations.
Graphics context not yet initialized. Skipping visualisations.
Graphics context not yet initialized. Skipping visualisations.
Graphics context not yet initialized. Skipping visualisations.
Graphics context not yet initialized. Skipping visualisations.
Graphics context not yet initialized. Skipping visualisations.
Graphics context not yet initialized. Skipping visualisations.
Graphics context not yet initialized. Skipping visualisations.
Graphics context not yet initialized. Skipping visualisations.
Graphics context not yet initialized. Skipping visualisations.
Graphics context not yet initialized. Skipping visualisations.
Graphics context not yet initialized. Skipping visualisations.
Graphics context not yet initialized. Skipping visualisations.
Graphics context not yet initialized. Skipping visualisations.
Graphics context not yet initialized. Skipping visualisations.
Graphics context not yet initialized. Skipping visualisations.
Graphics context not yet initialized. Skipping visualisations.
Graphics context not yet initialized. Skipping visualisations.
Graphics context not yet initialized. Skipping visualisations.
Graphics context not yet initialized. Skipping visualisations.
Graphics context not yet initialized. Skipping visualisations.
Graphics context not yet initialized. Skipping visualisations.
Graphics context not yet initialized. Skipping visualisations.
Graphics context not yet initialized. Skipping visualisations.
Graphics context not yet initialized. Skipping visualisations.
Graphics context not yet initialized. Skipping visualisations.
Graphics context not yet initialized. Skipping visualisations.
Graphics context not yet initialized. Skipping visualisations.
Graphics context not yet initialized. Skipping visualisations.
Graphics context not yet initialized. Skipping visualisations.
Graphics context not yet initialized. Skipping visualisations.
Graphics context not yet initialized. Skipping visualisations.
Graphics context not yet initialized. Skipping visualisations.
Graphics context not yet initialized. Skipping visualisations.
Graphics context not yet initialized. Skipping visualisations.
Graphics context not yet initialized. Skipping visualisations.
Graphics context not yet initialized. Skipping visualisations.
Graphics context not yet initialized. Skipping visualisations.
Graphics context not yet initialized. Skipping visualisations.
Graphics context not yet initialized. Skipping visualisations.
Graphics context not yet initialized. Skipping visualisations.
Graphics context not yet initialized. Skipping visualisations.
Graphics context not yet initialized. Skipping visualisations.
Graphics context not yet initialized. Skipping visualisations.
Graphics context not yet initialized. Skipping visualisations.
Graphics context not yet initialized. Skipping visualisations.
Graphics context not yet initialized. Skipping visualisations.
Graphics context not yet initialized. Skipping visualisations.
Graphics context not yet initialized. Skipping visualisations.
Graphics context not yet initialized. Skipping visualisations.
Graphics context not yet initialized. Skipping visualisations.
Graphics context not yet initialized. Skipping visualisations.
Graphics context not yet initialized. Skipping visualisations.
Graphics context not yet initialized. Skipping visualisations.
Graphics context not yet initialized. Skipping visualisations.
Graphics context not yet initialized. Skipping visualisations.
Graphics context not yet initialized. Skipping visualisations.
Graphics context not yet initialized. Skipping visualisations.
Graphics context not yet initialized. Skipping visualisations.
Graphics context not yet initialized. Skipping visualisations.
Graphics context not yet initialized. Skipping visualisations.
Graphics context not yet initialized. Skipping visualisations.
Graphics context not yet initialized. Skipping visualisations.
Graphics context not yet initialized. Skipping visualisations.
Graphics context not yet initialized. Skipping visualisations.
Graphics context not yet initialized. Skipping visualisations.
Graphics context not yet initialized. Skipping visualisations.
Graphics context not yet initialized. Skipping visualisations.
Graphics context not yet initialized. Skipping visualisations.
Graphics context not yet initialized. Skipping visualisations.
Graphics context not yet initialized. Skipping visualisations.
Graphics context not yet initialized. Skipping visualisations.
Graphics context not yet initialized. Skipping visualisations.
Graphics context not yet initialized. Skipping visualisations.
Graphics context not yet initialized. Skipping visualisations.
Graphics context not yet initialized. Skipping visualisations.
Graphics context not yet initialized. Skipping visualisations.
Graphics context not yet initialized. Skipping visualisations.
Graphics context not yet initialized. Skipping visualisations.
Graphics context not yet initialized. Skipping visualisations.
Graphics context not yet initialized. Skipping visualisations.
Graphics context not yet initialized. Skipping visualisations.
Graphics context not yet initialized. Skipping visualisations.
Graphics context not yet initialized. Skipping visualisations.
Graphics context not yet initialized. Skipping visualisations.
Graphics context not yet initialized. Skipping visualisations.
Graphics context not yet initialized. Skipping visualisations.
Graphics context not yet initialized. Skipping visualisations.
Graphics context not yet initialized. Skipping visualisations.
Graphics context not yet initialized. Skipping visualisations.
Graphics context not yet initialized. Skipping visualisations.
Graphics context not yet initialized. Skipping visualisations.
Graphics context not yet initialized. Skipping visualisations.
Graphics context not yet initialized. Skipping visualisations.
Graphics context not yet initialized. Skipping visualisations.
Graphics context not yet initialized. Skipping visualisations.
Graphics context not yet initialized. Skipping visualisations.
Graphics context not yet initialized. Skipping visualisations.
Graphics context not yet initialized. Skipping visualisations.
Graphics context not yet initialized. Skipping visualisations.
Graphics context not yet initialized. Skipping visualisations.
Graphics context not yet initialized. Skipping visualisations.
Graphics context not yet initialized. Skipping visualisations.
Graphics context not yet initialized. Skipping visualisations.
Graphics context not yet initialized. Skipping visualisations.
Graphics context not yet initialized. Skipping visualisations.
Graphics context not yet initialized. Skipping visualisations.
Graphics context not yet initialized. Skipping visualisations.
Graphics context not yet initialized. Skipping visualisations.
Graphics context not yet initialized. Skipping visualisations.
Graphics context not yet initialized. Skipping visualisations.
Graphics context not yet initialized. Skipping visualisations.
Graphics context not yet initialized. Skipping visualisations.
Graphics context not yet initialized. Skipping visualisations.
Graphics context not yet initialized. Skipping visualisations.
Graphics context not yet initialized. Skipping visualisations.
Graphics context not yet initialized. Skipping visualisations.
Graphics context not yet initialized. Skipping visualisations.
Graphics context not yet initialized. Skipping visualisations.
Graphics context not yet initialized. Skipping visualisations.
Graphics context not yet initialized. Skipping visualisations.
Graphics context not yet initialized. Skipping visualisations.
Graphics context not yet initialized. Skipping visualisations.
Graphics context not yet initialized. Skipping visualisations.
Graphics context not yet initialized. Skipping visualisations.
Graphics context not yet initialized. Skipping visualisations.
Graphics context not yet initialized. Skipping visualisations.
Graphics context not yet initialized. Skipping visualisations.
Graphics context not yet initialized. Skipping visualisations.
Graphics context not yet initialized. Skipping visualisations.
Graphics context not yet initialized. Skipping visualisations.
Graphics context not yet initialized. Skipping visualisations.
Graphics context not yet initialized. Skipping visualisations.
Graphics context not yet initialized. Skipping visualisations.
Graphics context not yet initialized. Skipping visualisations.
Graphics context not yet initialized. Skipping visualisations.
Graphics context not yet initialized. Skipping visualisations.
Graphics context not yet initialized. Skipping visualisations.
Graphics context not yet initialized. Skipping visualisations.
Graphics context not yet initialized. Skipping visualisations.
Graphics context not yet initialized. Skipping visualisations.
Graphics context not yet initialized. Skipping visualisations.
Graphics context not yet initialized. Skipping visualisations.
Graphics context not yet initialized. Skipping visualisations.
Graphics context not yet initialized. Skipping visualisations.
Graphics context not yet initialized. Skipping visualisations.
Graphics context not yet initialized. Skipping visualisations.
Graphics context not yet initialized. Skipping visualisations.
Graphics context not yet initialized. Skipping visualisations.
Graphics context not yet initialized. Skipping visualisations.
Graphics context not yet initialized. Skipping visualisations.
Graphics context not yet initialized. Skipping visualisations.
Graphics context not yet initialized. Skipping visualisations.
Graphics context not yet initialized. Skipping visualisations.
Graphics context not yet initialized. Skipping visualisations.
Graphics context not yet initialized. Skipping visualisations.
Graphics context not yet initialized. Skipping visualisations.
Graphics context not yet initialized. Skipping visualisations.
Graphics context not yet initialized. Skipping visualisations.
Graphics context not yet initialized. Skipping visualisations.
Graphics context not yet initialized. Skipping visualisations.
Graphics context not yet initialized. Skipping visualisations.
Graphics context not yet initialized. Skipping visualisations.
Graphics context not yet initialized. Skipping visualisations.
Graphics context not yet initialized. Skipping visualisations.
Graphics context not yet initialized. Skipping visualisations.
Graphics context not yet initialized. Skipping visualisations.
Graphics context not yet initialized. Skipping visualisations.
Graphics context not yet initialized. Skipping visualisations.
Graphics context not yet initialized. Skipping visualisations.
Graphics context not yet initialized. Skipping visualisations.
Graphics context not yet initialized. Skipping visualisations.
Graphics context not yet initialized. Skipping visualisations.
Graphics context not yet initialized. Skipping visualisations.
Graphics context not yet initialized. Skipping visualisations.
Graphics context not yet initialized. Skipping visualisations.
Graphics context not yet initialized. Skipping visualisations.
Graphics context not yet initialized. Skipping visualisations.
Graphics context not yet initialized. Skipping visualisations.
Graphics context not yet initialized. Skipping visualisations.
Graphics context not yet initialized. Skipping visualisations.
Graphics context not yet initialized. Skipping visualisations.
Graphics context not yet initialized. Skipping visualisations.
Graphics context not yet initialized. Skipping visualisations.
Graphics context not yet initialized. Skipping visualisations.
Graphics context not yet initialized. Skipping visualisations.
Graphics context not yet initialized. Skipping visualisations.
Graphics context not yet initialized. Skipping visualisations.
Graphics context not yet initialized. Skipping visualisations.
Graphics context not yet initialized. Skipping visualisations.
Graphics context not yet initialized. Skipping visualisations.
Graphics context not yet initialized. Skipping visualisations.
Graphics context not yet initialized. Skipping visualisations.
Graphics context not yet initialized. Skipping visualisations.
Graphics context not yet initialized. Skipping visualisations.
Graphics context not yet initialized. Skipping visualisations.
Graphics context not yet initialized. Skipping visualisations.
Graphics context not yet initialized. Skipping visualisations.
Graphics context not yet initialized. Skipping visualisations.
Graphics context not yet initialized. Skipping visualisations.
Graphics context not yet initialized. Skipping visualisations.
Graphics context not yet initialized. Skipping visualisations.
Graphics context not yet initialized. Skipping visualisations.
Graphics context not yet initialized. Skipping visualisations.
Graphics context not yet initialized. Skipping visualisations.
Graphics context not yet initialized. Skipping visualisations.
Graphics context not yet initialized. Skipping visualisations.
Graphics context not yet initialized. Skipping visualisations.
Graphics context not yet initialized. Skipping visualisations.
Graphics context not yet initialized. Skipping visualisations.
Graphics context not yet initialized. Skipping visualisations.
Graphics context not yet initialized. Skipping visualisations.
Graphics context not yet initialized. Skipping visualisations.
Graphics context not yet initialized. Skipping visualisations.
Graphics context not yet initialized. Skipping visualisations.
Graphics context not yet initialized. Skipping visualisations.
Graphics context not yet initialized. Skipping visualisations.
Graphics context not yet initialized. Skipping visualisations.
Graphics context not yet initialized. Skipping visualisations.
Graphics context not yet initialized. Skipping visualisations.
Graphics context not yet initialized. Skipping visualisations.
Graphics context not yet initialized. Skipping visualisations.
Graphics context not yet initialized. Skipping visualisations.
Graphics context not yet initialized. Skipping visualisations.
Graphics context not yet initialized. Skipping visualisations.
Graphics context not yet initialized. Skipping visualisations.
Graphics context not yet initialized. Skipping visualisations.
Graphics context not yet initialized. Skipping visualisations.
Graphics context not yet initialized. Skipping visualisations.
Graphics context not yet initialized. Skipping visualisations.
Graphics context not yet initialized. Skipping visualisations.
Graphics context not yet initialized. Skipping visualisations.
Graphics context not yet initialized. Skipping visualisations.
Graphics context not yet initialized. Skipping visualisations.
Graphics context not yet initialized. Skipping visualisations.
Graphics context not yet initialized. Skipping visualisations.
Graphics context not yet initialized. Skipping visualisations.
Graphics context not yet initialized. Skipping visualisations.
Graphics context not yet initialized. Skipping visualisations.
Graphics context not yet initialized. Skipping visualisations.
Graphics context not yet initialized. Skipping visualisations.
Graphics context not yet initialized. Skipping visualisations.
Graphics context not yet initialized. Skipping visualisations.
Graphics context not yet initialized. Skipping visualisations.
Graphics context not yet initialized. Skipping visualisations.
Graphics context not yet initialized. Skipping visualisations.
Graphics context not yet initialized. Skipping visualisations.
Graphics context not yet initialized. Skipping visualisations.
Graphics context not yet initialized. Skipping visualisations.
Graphics context not yet initialized. Skipping visualisations.
Graphics context not yet initialized. Skipping visualisations.
Graphics context not yet initialized. Skipping visualisations.
Graphics context not yet initialized. Skipping visualisations.
Graphics context not yet initialized. Skipping visualisations.
Graphics context not yet initialized. Skipping visualisations.
Graphics context not yet initialized. Skipping visualisations.
Graphics context not yet initialized. Skipping visualisations.
Graphics context not yet initialized. Skipping visualisations.
Graphics context not yet initialized. Skipping visualisations.
Graphics context not yet initialized. Skipping visualisations.
Graphics context not yet initialized. Skipping visualisations.
Graphics context not yet initialized. Skipping visualisations.
Graphics context not yet initialized. Skipping visualisations.
Graphics context not yet initialized. Skipping visualisations.
Graphics context not yet initialized. Skipping visualisations.
Graphics context not yet initialized. Skipping visualisations.
Graphics context not yet initialized. Skipping visualisations.
Graphics context not yet initialized. Skipping visualisations.
Graphics context not yet initialized. Skipping visualisations.
Graphics context not yet initialized. Skipping visualisations.
Graphics context not yet initialized. Skipping visualisations.
Graphics context not yet initialized. Skipping visualisations.
Graphics context not yet initialized. Skipping visualisations.
Graphics context not yet initialized. Skipping visualisations.
Graphics context not yet initialized. Skipping visualisations.
Graphics context not yet initialized. Skipping visualisations.
Graphics context not yet initialized. Skipping visualisations.
Graphics context not yet initialized. Skipping visualisations.
Graphics context not yet initialized. Skipping visualisations.
Graphics context not yet initialized. Skipping visualisations.
Graphics context not yet initialized. Skipping visualisations.
Graphics context not yet initialized. Skipping visualisations.
Graphics context not yet initialized. Skipping visualisations.
Graphics context not yet initialized. Skipping visualisations.
Graphics context not yet initialized. Skipping visualisations.
Graphics context not yet initialized. Skipping visualisations.
Graphics context not yet initialized. Skipping visualisations.
Graphics context not yet initialized. Skipping visualisations.
Graphics context not yet initialized. Skipping visualisations.
Graphics context not yet initialized. Skipping visualisations.
Graphics context not yet initialized. Skipping visualisations.
Graphics context not yet initialized. Skipping visualisations.
Graphics context not yet initialized. Skipping visualisations.
Graphics context not yet initialized. Skipping visualisations.
Graphics context not yet initialized. Skipping visualisations.
Graphics context not yet initialized. Skipping visualisations.
Graphics context not yet initialized. Skipping visualisations.
Graphics context not yet initialized. Skipping visualisations.
Graphics context not yet initialized. Skipping visualisations.
Graphics context not yet initialized. Skipping visualisations.
Graphics context not yet initialized. Skipping visualisations.
Graphics context not yet initialized. Skipping visualisations.
Graphics context not yet initialized. Skipping visualisations.
Graphics context not yet initialized. Skipping visualisations.
Graphics context not yet initialized. Skipping visualisations.
Graphics context not yet initialized. Skipping visualisations.
Graphics context not yet initialized. Skipping visualisations.
Graphics context not yet initialized. Skipping visualisations.
Graphics context not yet initialized. Skipping visualisations.
Graphics context not yet initialized. Skipping visualisations.
Graphics context not yet initialized. Skipping visualisations.
Graphics context not yet initialized. Skipping visualisations.
Graphics context not yet initialized. Skipping visualisations.
Graphics context not yet initialized. Skipping visualisations.
Graphics context not yet initialized. Skipping visualisations.
Graphics context not yet initialized. Skipping visualisations.
Graphics context not yet initialized. Skipping visualisations.
Graphics context not yet initialized. Skipping visualisations.
Graphics context not yet initialized. Skipping visualisations.
Graphics context not yet initialized. Skipping visualisations.
Graphics context not yet initialized. Skipping visualisations.
Graphics context not yet initialized. Skipping visualisations.
Graphics context not yet initialized. Skipping visualisations.
Graphics context not yet initialized. Skipping visualisations.
Graphics context not yet initialized. Skipping visualisations.
Graphics context not yet initialized. Skipping visualisations.
Graphics context not yet initialized. Skipping visualisations.
Graphics context not yet initialized. Skipping visualisations.
Graphics context not yet initialized. Skipping visualisations.
Graphics context not yet initialized. Skipping visualisations.
Graphics context not yet initialized. Skipping visualisations.
Graphics context not yet initialized. Skipping visualisations.
Graphics context not yet initialized. Skipping visualisations.
Graphics context not yet initialized. Skipping visualisations.
Graphics context not yet initialized. Skipping visualisations.
Graphics context not yet initialized. Skipping visualisations.
Graphics context not yet initialized. Skipping visualisations.
Graphics context not yet initialized. Skipping visualisations.
Graphics context not yet initialized. Skipping visualisations.
Graphics context not yet initialized. Skipping visualisations.
Graphics context not yet initialized. Skipping visualisations.
Graphics context not yet initialized. Skipping visualisations.
Graphics context not yet initialized. Skipping visualisations.
Graphics context not yet initialized. Skipping visualisations.
Graphics context not yet initialized. Skipping visualisations.
Graphics context not yet initialized. Skipping visualisations.
Graphics context not yet initialized. Skipping visualisations.
Graphics context not yet initialized. Skipping visualisations.
Graphics context not yet initialized. Skipping visualisations.
Graphics context not yet initialized. Skipping visualisations.
Graphics context not yet initialized. Skipping visualisations.
Graphics context not yet initialized. Skipping visualisations.
Graphics context not yet initialized. Skipping visualisations.
Graphics context not yet initialized. Skipping visualisations.
Graphics context not yet initialized. Skipping visualisations.
Graphics context not yet initialized. Skipping visualisations.
Graphics context not yet initialized. Skipping visualisations.
Graphics context not yet initialized. Skipping visualisations.
Graphics context not yet initialized. Skipping visualisations.
Graphics context not yet initialized. Skipping visualisations.
Graphics context not yet initialized. Skipping visualisations.
Graphics context not yet initialized. Skipping visualisations.
Graphics context not yet initialized. Skipping visualisations.
Graphics context not yet initialized. Skipping visualisations.
Graphics context not yet initialized. Skipping visualisations.
Graphics context not yet initialized. Skipping visualisations.
Graphics context not yet initialized. Skipping visualisations.
Graphics context not yet initialized. Skipping visualisations.
Graphics context not yet initialized. Skipping visualisations.
Graphics context not yet initialized. Skipping visualisations.
Graphics context not yet initialized. Skipping visualisations.
Graphics context not yet initialized. Skipping visualisations.
Graphics context not yet initialized. Skipping visualisations.
Graphics context not yet initialized. Skipping visualisations.
Graphics context not yet initialized. Skipping visualisations.
Graphics context not yet initialized. Skipping visualisations.
Graphics context not yet initialized. Skipping visualisations.
Graphics context not yet initialized. Skipping visualisations.
Graphics context not yet initialized. Skipping visualisations.
Graphics context not yet initialized. Skipping visualisations.
Graphics context not yet initialized. Skipping visualisations.
Graphics context not yet initialized. Skipping visualisations.
Graphics context not yet initialized. Skipping visualisations.
Graphics context not yet initialized. Skipping visualisations.
Graphics context not yet initialized. Skipping visualisations.
Graphics context not yet initialized. Skipping visualisations.
Graphics context not yet initialized. Skipping visualisations.
Graphics context not yet initialized. Skipping visualisations.
Graphics context not yet initialized. Skipping visualisations.
Graphics context not yet initialized. Skipping visualisations.
Graphics context not yet initialized. Skipping visualisations.
Graphics context not yet initialized. Skipping visualisations.
Graphics context not yet initialized. Skipping visualisations.
Graphics context not yet initialized. Skipping visualisations.
Graphics context not yet initialized. Skipping visualisations.
Graphics context not yet initialized. Skipping visualisations.
Graphics context not yet initialized. Skipping visualisations.
Graphics context not yet initialized. Skipping visualisations.
Graphics context not yet initialized. Skipping visualisations.
Graphics context not yet initialized. Skipping visualisations.
Graphics context not yet initialized. Skipping visualisations.
Graphics context not yet initialized. Skipping visualisations.
Graphics context not yet initialized. Skipping visualisations.
Graphics context not yet initialized. Skipping visualisations.
Graphics context not yet initialized. Skipping visualisations.
Graphics context not yet initialized. Skipping visualisations.
Graphics context not yet initialized. Skipping visualisations.
Graphics context not yet initialized. Skipping visualisations.
Graphics context not yet initialized. Skipping visualisations.
Graphics context not yet initialized. Skipping visualisations.
Graphics context not yet initialized. Skipping visualisations.
Graphics context not yet initialized. Skipping visualisations.
Graphics context not yet initialized. Skipping visualisations.
Graphics context not yet initialized. Skipping visualisations.
Graphics context not yet initialized. Skipping visualisations.
Graphics context not yet initialized. Skipping visualisations.
Graphics context not yet initialized. Skipping visualisations.
Graphics context not yet initialized. Skipping visualisations.
Graphics context not yet initialized. Skipping visualisations.
Graphics context not yet initialized. Skipping visualisations.
Graphics context not yet initialized. Skipping visualisations.
Graphics context not yet initialized. Skipping visualisations.
Graphics context not yet initialized. Skipping visualisations.
Graphics context not yet initialized. Skipping visualisations.
Graphics context not yet initialized. Skipping visualisations.
Graphics context not yet initialized. Skipping visualisations.
Graphics context not yet initialized. Skipping visualisations.
Graphics context not yet initialized. Skipping visualisations.
Graphics context not yet initialized. Skipping visualisations.
Graphics context not yet initialized. Skipping visualisations.
Graphics context not yet initialized. Skipping visualisations.
Graphics context not yet initialized. Skipping visualisations.
Graphics context not yet initialized. Skipping visualisations.
Graphics context not yet initialized. Skipping visualisations.
Graphics context not yet initialized. Skipping visualisations.
Graphics context not yet initialized. Skipping visualisations.
Graphics context not yet initialized. Skipping visualisations.
Graphics context not yet initialized. Skipping visualisations.
Graphics context not yet initialized. Skipping visualisations.
Graphics context not yet initialized. Skipping visualisations.
Graphics context not yet initialized. Skipping visualisations.
Graphics context not yet initialized. Skipping visualisations.
Graphics context not yet initialized. Skipping visualisations.
Graphics context not yet initialized. Skipping visualisations.
Graphics context not yet initialized. Skipping visualisations.
Graphics context not yet initialized. Skipping visualisations.
Graphics context not yet initialized. Skipping visualisations.
Graphics context not yet initialized. Skipping visualisations.
Graphics context not yet initialized. Skipping visualisations.
Graphics context not yet initialized. Skipping visualisations.
Graphics context not yet initialized. Skipping visualisations.
Graphics context not yet initialized. Skipping visualisations.
Graphics context not yet initialized. Skipping visualisations.
Graphics context not yet initialized. Skipping visualisations.
Graphics context not yet initialized. Skipping visualisations.
Graphics context not yet initialized. Skipping visualisations.
Graphics context not yet initialized. Skipping visualisations.
Graphics context not yet initialized. Skipping visualisations.
Graphics context not yet initialized. Skipping visualisations.
Graphics context not yet initialized. Skipping visualisations.
Graphics context not yet initialized. Skipping visualisations.
Graphics context not yet initialized. Skipping visualisations.
Graphics context not yet initialized. Skipping visualisations.
Graphics context not yet initialized. Skipping visualisations.
Graphics context not yet initialized. Skipping visualisations.
Graphics context not yet initialized. Skipping visualisations.
Graphics context not yet initialized. Skipping visualisations.
Graphics context not yet initialized. Skipping visualisations.
Graphics context not yet initialized. Skipping visualisations.
Graphics context not yet initialized. Skipping visualisations.
Graphics context not yet initialized. Skipping visualisations.
Graphics context not yet initialized. Skipping visualisations.
Graphics context not yet initialized. Skipping visualisations.
Graphics context not yet initialized. Skipping visualisations.
Graphics context not yet initialized. Skipping visualisations.
Graphics context not yet initialized. Skipping visualisations.
Graphics context not yet initialized. Skipping visualisations.
Graphics context not yet initialized. Skipping visualisations.
Graphics context not yet initialized. Skipping visualisations.
Graphics context not yet initialized. Skipping visualisations.
Graphics context not yet initialized. Skipping visualisations.
Graphics context not yet initialized. Skipping visualisations.
Graphics context not yet initialized. Skipping visualisations.
Graphics context not yet initialized. Skipping visualisations.
Graphics context not yet initialized. Skipping visualisations.
Graphics context not yet initialized. Skipping visualisations.
Graphics context not yet initialized. Skipping visualisations.
Graphics context not yet initialized. Skipping visualisations.
Graphics context not yet initialized. Skipping visualisations.
Graphics context not yet initialized. Skipping visualisations.
Graphics context not yet initialized. Skipping visualisations.
Graphics context not yet initialized. Skipping visualisations.
Graphics context not yet initialized. Skipping visualisations.
Graphics context not yet initialized. Skipping visualisations.
Graphics context not yet initialized. Skipping visualisations.
Graphics context not yet initialized. Skipping visualisations.
Graphics context not yet initialized. Skipping visualisations.
Graphics context not yet initialized. Skipping visualisations.
Graphics context not yet initialized. Skipping visualisations.
Graphics context not yet initialized. Skipping visualisations.
Graphics context not yet initialized. Skipping visualisations.
Graphics context not yet initialized. Skipping visualisations.
Graphics context not yet initialized. Skipping visualisations.
Graphics context not yet initialized. Skipping visualisations.
Graphics context not yet initialized. Skipping visualisations.
Graphics context not yet initialized. Skipping visualisations.
Graphics context not yet initialized. Skipping visualisations.
Graphics context not yet initialized. Skipping visualisations.
Graphics context not yet initialized. Skipping visualisations.
Graphics context not yet initialized. Skipping visualisations.
Graphics context not yet initialized. Skipping visualisations.
Graphics context not yet initialized. Skipping visualisations.
Graphics context not yet initialized. Skipping visualisations.
Graphics context not yet initialized. Skipping visualisations.
Graphics context not yet initialized. Skipping visualisations.
Graphics context not yet initialized. Skipping visualisations.
Graphics context not yet initialized. Skipping visualisations.
Graphics context not yet initialized. Skipping visualisations.
Graphics context not yet initialized. Skipping visualisations.
Graphics context not yet initialized. Skipping visualisations.
Graphics context not yet initialized. Skipping visualisations.
Graphics context not yet initialized. Skipping visualisations.
Graphics context not yet initialized. Skipping visualisations.
Graphics context not yet initialized. Skipping visualisations.
Graphics context not yet initialized. Skipping visualisations.
Graphics context not yet initialized. Skipping visualisations.
Graphics context not yet initialized. Skipping visualisations.
Graphics context not yet initialized. Skipping visualisations.
Graphics context not yet initialized. Skipping visualisations.
Graphics context not yet initialized. Skipping visualisations.
Graphics context not yet initialized. Skipping visualisations.
Graphics context not yet initialized. Skipping visualisations.
Graphics context not yet initialized. Skipping visualisations.
Graphics context not yet initialized. Skipping visualisations.
Graphics context not yet initialized. Skipping visualisations.
Graphics context not yet initialized. Skipping visualisations.
Graphics context not yet initialized. Skipping visualisations.
Graphics context not yet initialized. Skipping visualisations.
Graphics context not yet initialized. Skipping visualisations.
Graphics context not yet initialized. Skipping visualisations.
Graphics context not yet initialized. Skipping visualisations.
Graphics context not yet initialized. Skipping visualisations.
Graphics context not yet initialized. Skipping visualisations.
Graphics context not yet initialized. Skipping visualisations.
Graphics context not yet initialized. Skipping visualisations.
Graphics context not yet initialized. Skipping visualisations.
Graphics context not yet initialized. Skipping visualisations.
Graphics context not yet initialized. Skipping visualisations.
Graphics context not yet initialized. Skipping visualisations.
Graphics context not yet initialized. Skipping visualisations.
Graphics context not yet initialized. Skipping visualisations.
Graphics context not yet initialized. Skipping visualisations.
Graphics context not yet initialized. Skipping visualisations.
Graphics context not yet initialized. Skipping visualisations.
Graphics context not yet initialized. Skipping visualisations.
Graphics context not yet initialized. Skipping visualisations.
Graphics context not yet initialized. Skipping visualisations.
Graphics context not yet initialized. Skipping visualisations.
Graphics context not yet initialized. Skipping visualisations.
Graphics context not yet initialized. Skipping visualisations.
Graphics context not yet initialized. Skipping visualisations.
Graphics context not yet initialized. Skipping visualisations.
Graphics context not yet initialized. Skipping visualisations.
Graphics context not yet initialized. Skipping visualisations.
Graphics context not yet initialized. Skipping visualisations.
Graphics context not yet initialized. Skipping visualisations.
Graphics context not yet initialized. Skipping visualisations.
Graphics context not yet initialized. Skipping visualisations.
Graphics context not yet initialized. Skipping visualisations.
Graphics context not yet initialized. Skipping visualisations.
Graphics context not yet initialized. Skipping visualisations.
Graphics context not yet initialized. Skipping visualisations.
Graphics context not yet initialized. Skipping visualisations.
Graphics context not yet initialized. Skipping visualisations.
Graphics context not yet initialized. Skipping visualisations.
Graphics context not yet initialized. Skipping visualisations.
Graphics context not yet initialized. Skipping visualisations.
Graphics context not yet initialized. Skipping visualisations.
Graphics context not yet initialized. Skipping visualisations.
Graphics context not yet initialized. Skipping visualisations.
Graphics context not yet initialized. Skipping visualisations.
Graphics context not yet initialized. Skipping visualisations.
Graphics context not yet initialized. Skipping visualisations.
Graphics context not yet initialized. Skipping visualisations.
Graphics context not yet initialized. Skipping visualisations.
Graphics context not yet initialized. Skipping visualisations.
Graphics context not yet initialized. Skipping visualisations.
Graphics context not yet initialized. Skipping visualisations.
Graphics context not yet initialized. Skipping visualisations.
Graphics context not yet initialized. Skipping visualisations.
Graphics context not yet initialized. Skipping visualisations.
Graphics context not yet initialized. Skipping visualisations.
Graphics context not yet initialized. Skipping visualisations.
Graphics context not yet initialized. Skipping visualisations.
Graphics context not yet initialized. Skipping visualisations.
Graphics context not yet initialized. Skipping visualisations.
Graphics context not yet initialized. Skipping visualisations.
Graphics context not yet initialized. Skipping visualisations.
Graphics context not yet initialized. Skipping visualisations.
Graphics context not yet initialized. Skipping visualisations.
Graphics context not yet initialized. Skipping visualisations.
Graphics context not yet initialized. Skipping visualisations.
Graphics context not yet initialized. Skipping visualisations.
Graphics context not yet initialized. Skipping visualisations.
Graphics context not yet initialized. Skipping visualisations.
Graphics context not yet initialized. Skipping visualisations.
Graphics context not yet initialized. Skipping visualisations.
Graphics context not yet initialized. Skipping visualisations.
Graphics context not yet initialized. Skipping visualisations.
Graphics context not yet initialized. Skipping visualisations.
Graphics context not yet initialized. Skipping visualisations.
Graphics context not yet initialized. Skipping visualisations.
Graphics context not yet initialized. Skipping visualisations.
Graphics context not yet initialized. Skipping visualisations.
Graphics context not yet initialized. Skipping visualisations.
Graphics context not yet initialized. Skipping visualisations.
Graphics context not yet initialized. Skipping visualisations.
Graphics context not yet initialized. Skipping visualisations.
Graphics context not yet initialized. Skipping visualisations.
Graphics context not yet initialized. Skipping visualisations.
Graphics context not yet initialized. Skipping visualisations.
Graphics context not yet initialized. Skipping visualisations.
Graphics context not yet initialized. Skipping visualisations.
Graphics context not yet initialized. Skipping visualisations.
Graphics context not yet initialized. Skipping visualisations.
Graphics context not yet initialized. Skipping visualisations.
Graphics context not yet initialized. Skipping visualisations.
Graphics context not yet initialized. Skipping visualisations.
Graphics context not yet initialized. Skipping visualisations.
Graphics context not yet initialized. Skipping visualisations.
Graphics context not yet initialized. Skipping visualisations.
Graphics context not yet initialized. Skipping visualisations.
Graphics context not yet initialized. Skipping visualisations.
Graphics context not yet initialized. Skipping visualisations.
Graphics context not yet initialized. Skipping visualisations.
Graphics context not yet initialized. Skipping visualisations.
Graphics context not yet initialized. Skipping visualisations.
Graphics context not yet initialized. Skipping visualisations.
Graphics context not yet initialized. Skipping visualisations.
Graphics context not yet initialized. Skipping visualisations.
Graphics context not yet initialized. Skipping visualisations.
Graphics context not yet initialized. Skipping visualisations.
Graphics context not yet initialized. Skipping visualisations.
Graphics context not yet initialized. Skipping visualisations.
Graphics context not yet initialized. Skipping visualisations.
Graphics context not yet initialized. Skipping visualisations.
Graphics context not yet initialized. Skipping visualisations.
Graphics context not yet initialized. Skipping visualisations.
Graphics context not yet initialized. Skipping visualisations.
Graphics context not yet initialized. Skipping visualisations.
Graphics context not yet initialized. Skipping visualisations.
Graphics context not yet initialized. Skipping visualisations.
Graphics context not yet initialized. Skipping visualisations.
Graphics context not yet initialized. Skipping visualisations.
Graphics context not yet initialized. Skipping visualisations.
Graphics context not yet initialized. Skipping visualisations.
Graphics context not yet initialized. Skipping visualisations.
Graphics context not yet initialized. Skipping visualisations.
Graphics context not yet initialized. Skipping visualisations.
Graphics context not yet initialized. Skipping visualisations.
Graphics context not yet initialized. Skipping visualisations.
Graphics context not yet initialized. Skipping visualisations.
Graphics context not yet initialized. Skipping visualisations.
Graphics context not yet initialized. Skipping visualisations.
Graphics context not yet initialized. Skipping visualisations.
Graphics context not yet initialized. Skipping visualisations.
Graphics context not yet initialized. Skipping visualisations.
Graphics context not yet initialized. Skipping visualisations.
Graphics context not yet initialized. Skipping visualisations.
Graphics context not yet initialized. Skipping visualisations.
Graphics context not yet initialized. Skipping visualisations.
Graphics context not yet initialized. Skipping visualisations.
Graphics context not yet initialized. Skipping visualisations.
Graphics context not yet initialized. Skipping visualisations.
Graphics context not yet initialized. Skipping visualisations.
Graphics context not yet initialized. Skipping visualisations.
Graphics context not yet initialized. Skipping visualisations.
Graphics context not yet initialized. Skipping visualisations.
Graphics context not yet initialized. Skipping visualisations.
Graphics context not yet initialized. Skipping visualisations.
Graphics context not yet initialized. Skipping visualisations.
Graphics context not yet initialized. Skipping visualisations.
Graphics context not yet initialized. Skipping visualisations.
Graphics context not yet initialized. Skipping visualisations.
Graphics context not yet initialized. Skipping visualisations.
Graphics context not yet initialized. Skipping visualisations.
Graphics context not yet initialized. Skipping visualisations.
Graphics context not yet initialized. Skipping visualisations.
Graphics context not yet initialized. Skipping visualisations.
Graphics context not yet initialized. Skipping visualisations.
Graphics context not yet initialized. Skipping visualisations.
Graphics context not yet initialized. Skipping visualisations.
Graphics context not yet initialized. Skipping visualisations.
Graphics context not yet initialized. Skipping visualisations.
Graphics context not yet initialized. Skipping visualisations.
Graphics context not yet initialized. Skipping visualisations.
Graphics context not yet initialized. Skipping visualisations.
Graphics context not yet initialized. Skipping visualisations.
Graphics context not yet initialized. Skipping visualisations.
Graphics context not yet initialized. Skipping visualisations.
Graphics context not yet initialized. Skipping visualisations.
Graphics context not yet initialized. Skipping visualisations.
Graphics context not yet initialized. Skipping visualisations.
Graphics context not yet initialized. Skipping visualisations.
Graphics context not yet initialized. Skipping visualisations.
Graphics context not yet initialized. Skipping visualisations.
Graphics context not yet initialized. Skipping visualisations.
Graphics context not yet initialized. Skipping visualisations.
Graphics context not yet initialized. Skipping visualisations.
Graphics context not yet initialized. Skipping visualisations.
Graphics context not yet initialized. Skipping visualisations.
Graphics context not yet initialized. Skipping visualisations.
Graphics context not yet initialized. Skipping visualisations.
Graphics context not yet initialized. Skipping visualisations.
Graphics context not yet initialized. Skipping visualisations.
Graphics context not yet initialized. Skipping visualisations.
Graphics context not yet initialized. Skipping visualisations.
Graphics context not yet initialized. Skipping visualisations.
Graphics context not yet initialized. Skipping visualisations.
Graphics context not yet initialized. Skipping visualisations.
Graphics context not yet initialized. Skipping visualisations.
Graphics context not yet initialized. Skipping visualisations.
Graphics context not yet initialized. Skipping visualisations.
Graphics context not yet initialized. Skipping visualisations.
Graphics context not yet initialized. Skipping visualisations.
Graphics context not yet initialized. Skipping visualisations.
Graphics context not yet initialized. Skipping visualisations.
Graphics context not yet initialized. Skipping visualisations.
Graphics context not yet initialized. Skipping visualisations.
Graphics context not yet initialized. Skipping visualisations.
Graphics context not yet initialized. Skipping visualisations.
Graphics context not yet initialized. Skipping visualisations.
Graphics context not yet initialized. Skipping visualisations.
Graphics context not yet initialized. Skipping visualisations.
Graphics context not yet initialized. Skipping visualisations.
Graphics context not yet initialized. Skipping visualisations.
Graphics context not yet initialized. Skipping visualisations.
Graphics context not yet initialized. Skipping visualisations.
Graphics context not yet initialized. Skipping visualisations.
Graphics context not yet initialized. Skipping visualisations.
Graphics context not yet initialized. Skipping visualisations.
Graphics context not yet initialized. Skipping visualisations.
Graphics context not yet initialized. Skipping visualisations.
Graphics context not yet initialized. Skipping visualisations.
Graphics context not yet initialized. Skipping visualisations.
Graphics context not yet initialized. Skipping visualisations.
Graphics context not yet initialized. Skipping visualisations.
Graphics context not yet initialized. Skipping visualisations.
Graphics context not yet initialized. Skipping visualisations.
Graphics context not yet initialized. Skipping visualisations.
Graphics context not yet initialized. Skipping visualisations.
Graphics context not yet initialized. Skipping visualisations.
Graphics context not yet initialized. Skipping visualisations.
Graphics context not yet initialized. Skipping visualisations.
Graphics context not yet initialized. Skipping visualisations.
Graphics context not yet initialized. Skipping visualisations.
Graphics context not yet initialized. Skipping visualisations.
Graphics context not yet initialized. Skipping visualisations.
Graphics context not yet initialized. Skipping visualisations.
Graphics context not yet initialized. Skipping visualisations.
Graphics context not yet initialized. Skipping visualisations.
Graphics context not yet initialized. Skipping visualisations.
Graphics context not yet initialized. Skipping visualisations.
Graphics context not yet initialized. Skipping visualisations.
Graphics context not yet initialized. Skipping visualisations.
Graphics context not yet initialized. Skipping visualisations.
Graphics context not yet initialized. Skipping visualisations.
Graphics context not yet initialized. Skipping visualisations.
Graphics context not yet initialized. Skipping visualisations.
Graphics context not yet initialized. Skipping visualisations.
Graphics context not yet initialized. Skipping visualisations.
Graphics context not yet initialized. Skipping visualisations.
Graphics context not yet initialized. Skipping visualisations.
Graphics context not yet initialized. Skipping visualisations.
Graphics context not yet initialized. Skipping visualisations.
Graphics context not yet initialized. Skipping visualisations.
Graphics context not yet initialized. Skipping visualisations.
Graphics context not yet initialized. Skipping visualisations.
Graphics context not yet initialized. Skipping visualisations.
Graphics context not yet initialized. Skipping visualisations.
Graphics context not yet initialized. Skipping visualisations.
Graphics context not yet initialized. Skipping visualisations.
Graphics context not yet initialized. Skipping visualisations.
Graphics context not yet initialized. Skipping visualisations.
Graphics context not yet initialized. Skipping visualisations.
Graphics context not yet initialized. Skipping visualisations.
Graphics context not yet initialized. Skipping visualisations.
Graphics context not yet initialized. Skipping visualisations.
Graphics context not yet initialized. Skipping visualisations.
Graphics context not yet initialized. Skipping visualisations.
Graphics context not yet initialized. Skipping visualisations.
Graphics context not yet initialized. Skipping visualisations.
Graphics context not yet initialized. Skipping visualisations.
Graphics context not yet initialized. Skipping visualisations.
Graphics context not yet initialized. Skipping visualisations.
Graphics context not yet initialized. Skipping visualisations.
Graphics context not yet initialized. Skipping visualisations.
Graphics context not yet initialized. Skipping visualisations.
Graphics context not yet initialized. Skipping visualisations.
Graphics context not yet initialized. Skipping visualisations.
Graphics context not yet initialized. Skipping visualisations.
Graphics context not yet initialized. Skipping visualisations.
Graphics context not yet initialized. Skipping visualisations.
Graphics context not yet initialized. Skipping visualisations.
Graphics context not yet initialized. Skipping visualisations.
Graphics context not yet initialized. Skipping visualisations.
Graphics context not yet initialized. Skipping visualisations.
Graphics context not yet initialized. Skipping visualisations.
Graphics context not yet initialized. Skipping visualisations.
Graphics context not yet initialized. Skipping visualisations.
Graphics context not yet initialized. Skipping visualisations.
Graphics context not yet initialized. Skipping visualisations.
Graphics context not yet initialized. Skipping visualisations.
Graphics context not yet initialized. Skipping visualisations.
Graphics context not yet initialized. Skipping visualisations.
Graphics context not yet initialized. Skipping visualisations.
Graphics context not yet initialized. Skipping visualisations.
Graphics context not yet initialized. Skipping visualisations.
Graphics context not yet initialized. Skipping visualisations.
Graphics context not yet initialized. Skipping visualisations.
Graphics context not yet initialized. Skipping visualisations.
Graphics context not yet initialized. Skipping visualisations.
Graphics context not yet initialized. Skipping visualisations.
Graphics context not yet initialized. Skipping visualisations.
Graphics context not yet initialized. Skipping visualisations.
Graphics context not yet initialized. Skipping visualisations.
Graphics context not yet initialized. Skipping visualisations.
Graphics context not yet initialized. Skipping visualisations.
Graphics context not yet initialized. Skipping visualisations.
Graphics context not yet initialized. Skipping visualisations.
Graphics context not yet initialized. Skipping visualisations.
Graphics context not yet initialized. Skipping visualisations.
Graphics context not yet initialized. Skipping visualisations.
Graphics context not yet initialized. Skipping visualisations.
Graphics context not yet initialized. Skipping visualisations.
Graphics context not yet initialized. Skipping visualisations.
Graphics context not yet initialized. Skipping visualisations.
Graphics context not yet initialized. Skipping visualisations.
Graphics context not yet initialized. Skipping visualisations.
Graphics context not yet initialized. Skipping visualisations.
Graphics context not yet initialized. Skipping visualisations.
Graphics context not yet initialized. Skipping visualisations.
Graphics context not yet initialized. Skipping visualisations.
Graphics context not yet initialized. Skipping visualisations.
Graphics context not yet initialized. Skipping visualisations.
Graphics context not yet initialized. Skipping visualisations.
Graphics context not yet initialized. Skipping visualisations.
Graphics context not yet initialized. Skipping visualisations.
Graphics context not yet initialized. Skipping visualisations.
Graphics context not yet initialized. Skipping visualisations.
Graphics context not yet initialized. Skipping visualisations.
Graphics context not yet initialized. Skipping visualisations.
Graphics context not yet initialized. Skipping visualisations.
Graphics context not yet initialized. Skipping visualisations.
Graphics context not yet initialized. Skipping visualisations.
Graphics context not yet initialized. Skipping visualisations.
Graphics context not yet initialized. Skipping visualisations.
Graphics context not yet initialized. Skipping visualisations.
Graphics context not yet initialized. Skipping visualisations.
Graphics context not yet initialized. Skipping visualisations.
Graphics context not yet initialized. Skipping visualisations.
Graphics context not yet initialized. Skipping visualisations.
Graphics context not yet initialized. Skipping visualisations.
Graphics context not yet initialized. Skipping visualisations.
Graphics context not yet initialized. Skipping visualisations.
Graphics context not yet initialized. Skipping visualisations.
Graphics context not yet initialized. Skipping visualisations.
Graphics context not yet initialized. Skipping visualisations.
Graphics context not yet initialized. Skipping visualisations.
Graphics context not yet initialized. Skipping visualisations.
Graphics context not yet initialized. Skipping visualisations.
Graphics context not yet initialized. Skipping visualisations.
Graphics context not yet initialized. Skipping visualisations.
Graphics context not yet initialized. Skipping visualisations.
Graphics context not yet initialized. Skipping visualisations.
Graphics context not yet initialized. Skipping visualisations.
Graphics context not yet initialized. Skipping visualisations.
Graphics context not yet initialized. Skipping visualisations.
Graphics context not yet initialized. Skipping visualisations.
Graphics context not yet initialized. Skipping visualisations.
Graphics context not yet initialized. Skipping visualisations.
Graphics context not yet initialized. Skipping visualisations.
Graphics context not yet initialized. Skipping visualisations.
Graphics context not yet initialized. Skipping visualisations.
Graphics context not yet initialized. Skipping visualisations.
Graphics context not yet initialized. Skipping visualisations.
Graphics context not yet initialized. Skipping visualisations.
Graphics context not yet initialized. Skipping visualisations.
Graphics context not yet initialized. Skipping visualisations.
Graphics context not yet initialized. Skipping visualisations.
Graphics context not yet initialized. Skipping visualisations.
Graphics context not yet initialized. Skipping visualisations.
Graphics context not yet initialized. Skipping visualisations.
Graphics context not yet initialized. Skipping visualisations.
Graphics context not yet initialized. Skipping visualisations.
Graphics context not yet initialized. Skipping visualisations.
Graphics context not yet initialized. Skipping visualisations.
Graphics context not yet initialized. Skipping visualisations.
Graphics context not yet initialized. Skipping visualisations.
Graphics context not yet initialized. Skipping visualisations.
Graphics context not yet initialized. Skipping visualisations.
Graphics context not yet initialized. Skipping visualisations.
Graphics context not yet initialized. Skipping visualisations.
Graphics context not yet initialized. Skipping visualisations.
Graphics context not yet initialized. Skipping visualisations.
Graphics context not yet initialized. Skipping visualisations.
Graphics context not yet initialized. Skipping visualisations.
Graphics context not yet initialized. Skipping visualisations.
Graphics context not yet initialized. Skipping visualisations.
Graphics context not yet initialized. Skipping visualisations.
Graphics context not yet initialized. Skipping visualisations.
Graphics context not yet initialized. Skipping visualisations.
Graphics context not yet initialized. Skipping visualisations.
Graphics context not yet initialized. Skipping visualisations.
Graphics context not yet initialized. Skipping visualisations.
Graphics context not yet initialized. Skipping visualisations.
Graphics context not yet initialized. Skipping visualisations.
Graphics context not yet initialized. Skipping visualisations.
Graphics context not yet initialized. Skipping visualisations.
Graphics context not yet initialized. Skipping visualisations.
Graphics context not yet initialized. Skipping visualisations.
Graphics context not yet initialized. Skipping visualisations.
Graphics context not yet initialized. Skipping visualisations.
Graphics context not yet initialized. Skipping visualisations.
Graphics context not yet initialized. Skipping visualisations.
Graphics context not yet initialized. Skipping visualisations.
Graphics context not yet initialized. Skipping visualisations.
Graphics context not yet initialized. Skipping visualisations.
Graphics context not yet initialized. Skipping visualisations.
Graphics context not yet initialized. Skipping visualisations.
Graphics context not yet initialized. Skipping visualisations.
Graphics context not yet initialized. Skipping visualisations.
Graphics context not yet initialized. Skipping visualisations.
Graphics context not yet initialized. Skipping visualisations.
Graphics context not yet initialized. Skipping visualisations.
Graphics context not yet initialized. Skipping visualisations.
Graphics context not yet initialized. Skipping visualisations.
Graphics context not yet initialized. Skipping visualisations.
Graphics context not yet initialized. Skipping visualisations.
Graphics context not yet initialized. Skipping visualisations.
Graphics context not yet initialized. Skipping visualisations.
Graphics context not yet initialized. Skipping visualisations.
Graphics context not yet initialized. Skipping visualisations.
Graphics context not yet initialized. Skipping visualisations.
Graphics context not yet initialized. Skipping visualisations.
Graphics context not yet initialized. Skipping visualisations.
Graphics context not yet initialized. Skipping visualisations.
Graphics context not yet initialized. Skipping visualisations.
Graphics context not yet initialized. Skipping visualisations.
Graphics context not yet initialized. Skipping visualisations.
Graphics context not yet initialized. Skipping visualisations.
Graphics context not yet initialized. Skipping visualisations.
Graphics context not yet initialized. Skipping visualisations.
Graphics context not yet initialized. Skipping visualisations.
Graphics context not yet initialized. Skipping visualisations.
Graphics context not yet initialized. Skipping visualisations.
Graphics context not yet initialized. Skipping visualisations.
Graphics context not yet initialized. Skipping visualisations.
Graphics context not yet initialized. Skipping visualisations.
Graphics context not yet initialized. Skipping visualisations.
Graphics context not yet initialized. Skipping visualisations.
Graphics context not yet initialized. Skipping visualisations.
Graphics context not yet initialized. Skipping visualisations.
Graphics context not yet initialized. Skipping visualisations.
Graphics context not yet initialized. Skipping visualisations.
Graphics context not yet initialized. Skipping visualisations.
Graphics context not yet initialized. Skipping visualisations.
Graphics context not yet initialized. Skipping visualisations.
Graphics context not yet initialized. Skipping visualisations.
Graphics context not yet initialized. Skipping visualisations.
Graphics context not yet initialized. Skipping visualisations.
Graphics context not yet initialized. Skipping visualisations.
Graphics context not yet initialized. Skipping visualisations.
Graphics context not yet initialized. Skipping visualisations.
Graphics context not yet initialized. Skipping visualisations.
Graphics context not yet initialized. Skipping visualisations.
Graphics context not yet initialized. Skipping visualisations.
Graphics context not yet initialized. Skipping visualisations.
Graphics context not yet initialized. Skipping visualisations.
Graphics context not yet initialized. Skipping visualisations.
Graphics context not yet initialized. Skipping visualisations.
Graphics context not yet initialized. Skipping visualisations.
Graphics context not yet initialized. Skipping visualisations.
Graphics context not yet initialized. Skipping visualisations.
Graphics context not yet initialized. Skipping visualisations.
Graphics context not yet initialized. Skipping visualisations.
Graphics context not yet initialized. Skipping visualisations.
Graphics context not yet initialized. Skipping visualisations.
Graphics context not yet initialized. Skipping visualisations.
Graphics context not yet initialized. Skipping visualisations.
Graphics context not yet initialized. Skipping visualisations.
Graphics context not yet initialized. Skipping visualisations.
Graphics context not yet initialized. Skipping visualisations.
Graphics context not yet initialized. Skipping visualisations.
Graphics context not yet initialized. Skipping visualisations.
Graphics context not yet initialized. Skipping visualisations.
Graphics context not yet initialized. Skipping visualisations.
Graphics context not yet initialized. Skipping visualisations.
Graphics context not yet initialized. Skipping visualisations.
Graphics context not yet initialized. Skipping visualisations.
Graphics context not yet initialized. Skipping visualisations.
Graphics context not yet initialized. Skipping visualisations.
Graphics context not yet initialized. Skipping visualisations.
Graphics context not yet initialized. Skipping visualisations.
Graphics context not yet initialized. Skipping visualisations.
Graphics context not yet initialized. Skipping visualisations.
Graphics context not yet initialized. Skipping visualisations.
Graphics context not yet initialized. Skipping visualisations.
Graphics context not yet initialized. Skipping visualisations.
Graphics context not yet initialized. Skipping visualisations.
Graphics context not yet initialized. Skipping visualisations.
Graphics context not yet initialized. Skipping visualisations.
Graphics context not yet initialized. Skipping visualisations.
Graphics context not yet initialized. Skipping visualisations.
Graphics context not yet initialized. Skipping visualisations.
Graphics context not yet initialized. Skipping visualisations.
Graphics context not yet initialized. Skipping visualisations.
Graphics context not yet initialized. Skipping visualisations.
Graphics context not yet initialized. Skipping visualisations.
Graphics context not yet initialized. Skipping visualisations.
Graphics context not yet initialized. Skipping visualisations.
Graphics context not yet initialized. Skipping visualisations.
Graphics context not yet initialized. Skipping visualisations.
Graphics context not yet initialized. Skipping visualisations.
Graphics context not yet initialized. Skipping visualisations.
Graphics context not yet initialized. Skipping visualisations.
Graphics context not yet initialized. Skipping visualisations.
Graphics context not yet initialized. Skipping visualisations.
Graphics context not yet initialized. Skipping visualisations.
Graphics context not yet initialized. Skipping visualisations.
Graphics context not yet initialized. Skipping visualisations.
Graphics context not yet initialized. Skipping visualisations.
Graphics context not yet initialized. Skipping visualisations.
Graphics context not yet initialized. Skipping visualisations.
Graphics context not yet initialized. Skipping visualisations.
Graphics context not yet initialized. Skipping visualisations.
Graphics context not yet initialized. Skipping visualisations.
Graphics context not yet initialized. Skipping visualisations.
Graphics context not yet initialized. Skipping visualisations.
Graphics context not yet initialized. Skipping visualisations.
Graphics context not yet initialized. Skipping visualisations.
Graphics context not yet initialized. Skipping visualisations.
Graphics context not yet initialized. Skipping visualisations.
Graphics context not yet initialized. Skipping visualisations.
Graphics context not yet initialized. Skipping visualisations.
Graphics context not yet initialized. Skipping visualisations.
Graphics context not yet initialized. Skipping visualisations.
Graphics context not yet initialized. Skipping visualisations.
Graphics context not yet initialized. Skipping visualisations.
Graphics context not yet initialized. Skipping visualisations.
Graphics context not yet initialized. Skipping visualisations.
Graphics context not yet initialized. Skipping visualisations.
Graphics context not yet initialized. Skipping visualisations.
Graphics context not yet initialized. Skipping visualisations.
Graphics context not yet initialized. Skipping visualisations.
Graphics context not yet initialized. Skipping visualisations.
Graphics context not yet initialized. Skipping visualisations.
Graphics context not yet initialized. Skipping visualisations.
Graphics context not yet initialized. Skipping visualisations.
Graphics context not yet initialized. Skipping visualisations.
Graphics context not yet initialized. Skipping visualisations.
Graphics context not yet initialized. Skipping visualisations.
Graphics context not yet initialized. Skipping visualisations.
Graphics context not yet initialized. Skipping visualisations.
Graphics context not yet initialized. Skipping visualisations.
Graphics context not yet initialized. Skipping visualisations.
Graphics context not yet initialized. Skipping visualisations.
Graphics context not yet initialized. Skipping visualisations.
Graphics context not yet initialized. Skipping visualisations.
Graphics context not yet initialized. Skipping visualisations.
Graphics context not yet initialized. Skipping visualisations.
Graphics context not yet initialized. Skipping visualisations.
Graphics context not yet initialized. Skipping visualisations.
Graphics context not yet initialized. Skipping visualisations.
Graphics context not yet initialized. Skipping visualisations.
Graphics context not yet initialized. Skipping visualisations.
Graphics context not yet initialized. Skipping visualisations.
Graphics context not yet initialized. Skipping visualisations.
Graphics context not yet initialized. Skipping visualisations.
Graphics context not yet initialized. Skipping visualisations.
Graphics context not yet initialized. Skipping visualisations.
Graphics context not yet initialized. Skipping visualisations.
Graphics context not yet initialized. Skipping visualisations.
Graphics context not yet initialized. Skipping visualisations.
Graphics context not yet initialized. Skipping visualisations.
Graphics context not yet initialized. Skipping visualisations.
Graphics context not yet initialized. Skipping visualisations.
Graphics context not yet initialized. Skipping visualisations.
Graphics context not yet initialized. Skipping visualisations.
Graphics context not yet initialized. Skipping visualisations.
Graphics context not yet initialized. Skipping visualisations.
Graphics context not yet initialized. Skipping visualisations.
Graphics context not yet initialized. Skipping visualisations.
Graphics context not yet initialized. Skipping visualisations.
Graphics context not yet initialized. Skipping visualisations.
Graphics context not yet initialized. Skipping visualisations.
Graphics context not yet initialized. Skipping visualisations.
Graphics context not yet initialized. Skipping visualisations.
Graphics context not yet initialized. Skipping visualisations.
Graphics context not yet initialized. Skipping visualisations.
Graphics context not yet initialized. Skipping visualisations.
Graphics context not yet initialized. Skipping visualisations.
Graphics context not yet initialized. Skipping visualisations.
Graphics context not yet initialized. Skipping visualisations.
Graphics context not yet initialized. Skipping visualisations.
Graphics context not yet initialized. Skipping visualisations.
Graphics context not yet initialized. Skipping visualisations.
Graphics context not yet initialized. Skipping visualisations.
Graphics context not yet initialized. Skipping visualisations.
Graphics context not yet initialized. Skipping visualisations.
Graphics context not yet initialized. Skipping visualisations.
Graphics context not yet initialized. Skipping visualisations.
Graphics context not yet initialized. Skipping visualisations.
Graphics context not yet initialized. Skipping visualisations.
Graphics context not yet initialized. Skipping visualisations.
Graphics context not yet initialized. Skipping visualisations.
Graphics context not yet initialized. Skipping visualisations.
Graphics context not yet initialized. Skipping visualisations.
Graphics context not yet initialized. Skipping visualisations.
Graphics context not yet initialized. Skipping visualisations.
Graphics context not yet initialized. Skipping visualisations.
Graphics context not yet initialized. Skipping visualisations.
Graphics context not yet initialized. Skipping visualisations.
Graphics context not yet initialized. Skipping visualisations.
Graphics context not yet initialized. Skipping visualisations.
Graphics context not yet initialized. Skipping visualisations.
Graphics context not yet initialized. Skipping visualisations.
Graphics context not yet initialized. Skipping visualisations.
Graphics context not yet initialized. Skipping visualisations.
Graphics context not yet initialized. Skipping visualisations.
Graphics context not yet initialized. Skipping visualisations.
Graphics context not yet initialized. Skipping visualisations.
Graphics context not yet initialized. Skipping visualisations.
Graphics context not yet initialized. Skipping visualisations.
Graphics context not yet initialized. Skipping visualisations.
Graphics context not yet initialized. Skipping visualisations.
Graphics context not yet initialized. Skipping visualisations.
Graphics context not yet initialized. Skipping visualisations.
Graphics context not yet initialized. Skipping visualisations.
Graphics context not yet initialized. Skipping visualisations.
Graphics context not yet initialized. Skipping visualisations.
Graphics context not yet initialized. Skipping visualisations.
Graphics context not yet initialized. Skipping visualisations.
Graphics context not yet initialized. Skipping visualisations.
Graphics context not yet initialized. Skipping visualisations.
Graphics context not yet initialized. Skipping visualisations.
Graphics context not yet initialized. Skipping visualisations.
Graphics context not yet initialized. Skipping visualisations.
Graphics context not yet initialized. Skipping visualisations.
Graphics context not yet initialized. Skipping visualisations.
Graphics context not yet initialized. Skipping visualisations.
Graphics context not yet initialized. Skipping visualisations.
Graphics context not yet initialized. Skipping visualisations.
Graphics context not yet initialized. Skipping visualisations.
Graphics context not yet initialized. Skipping visualisations.
Graphics context not yet initialized. Skipping visualisations.
Graphics context not yet initialized. Skipping visualisations.
Graphics context not yet initialized. Skipping visualisations.
Graphics context not yet initialized. Skipping visualisations.
Graphics context not yet initialized. Skipping visualisations.
Graphics context not yet initialized. Skipping visualisations.
Graphics context not yet initialized. Skipping visualisations.
Graphics context not yet initialized. Skipping visualisations.
Graphics context not yet initialized. Skipping visualisations.
Graphics context not yet initialized. Skipping visualisations.
Graphics context not yet initialized. Skipping visualisations.
Graphics context not yet initialized. Skipping visualisations.
Graphics context not yet initialized. Skipping visualisations.
Graphics context not yet initialized. Skipping visualisations.
Graphics context not yet initialized. Skipping visualisations.
Graphics context not yet initialized. Skipping visualisations.
Graphics context not yet initialized. Skipping visualisations.
Graphics context not yet initialized. Skipping visualisations.
Graphics context not yet initialized. Skipping visualisations.
Graphics context not yet initialized. Skipping visualisations.
Graphics context not yet initialized. Skipping visualisations.
Graphics context not yet initialized. Skipping visualisations.
Graphics context not yet initialized. Skipping visualisations.
Graphics context not yet initialized. Skipping visualisations.
Graphics context not yet initialized. Skipping visualisations.
Graphics context not yet initialized. Skipping visualisations.
Graphics context not yet initialized. Skipping visualisations.
Graphics context not yet initialized. Skipping visualisations.
Graphics context not yet initialized. Skipping visualisations.
Graphics context not yet initialized. Skipping visualisations.
Graphics context not yet initialized. Skipping visualisations.
Graphics context not yet initialized. Skipping visualisations.
Graphics context not yet initialized. Skipping visualisations.
Graphics context not yet initialized. Skipping visualisations.
Graphics context not yet initialized. Skipping visualisations.
Graphics context not yet initialized. Skipping visualisations.
Graphics context not yet initialized. Skipping visualisations.
Graphics context not yet initialized. Skipping visualisations.
Graphics context not yet initialized. Skipping visualisations.
Graphics context not yet initialized. Skipping visualisations.
Graphics context not yet initialized. Skipping visualisations.
Graphics context not yet initialized. Skipping visualisations.
Graphics context not yet initialized. Skipping visualisations.
Graphics context not yet initialized. Skipping visualisations.
Graphics context not yet initialized. Skipping visualisations.
Graphics context not yet initialized. Skipping visualisations.
Graphics context not yet initialized. Skipping visualisations.
Graphics context not yet initialized. Skipping visualisations.
Graphics context not yet initialized. Skipping visualisations.
Graphics context not yet initialized. Skipping visualisations.
Graphics context not yet initialized. Skipping visualisations.
Graphics context not yet initialized. Skipping visualisations.
Graphics context not yet initialized. Skipping visualisations.
Graphics context not yet initialized. Skipping visualisations.
Graphics context not yet initialized. Skipping visualisations.
Graphics context not yet initialized. Skipping visualisations.
Graphics context not yet initialized. Skipping visualisations.
Graphics context not yet initialized. Skipping visualisations.
Graphics context not yet initialized. Skipping visualisations.
Graphics context not yet initialized. Skipping visualisations.
Graphics context not yet initialized. Skipping visualisations.
Graphics context not yet initialized. Skipping visualisations.
Graphics context not yet initialized. Skipping visualisations.
Graphics context not yet initialized. Skipping visualisations.
Graphics context not yet initialized. Skipping visualisations.
Graphics context not yet initialized. Skipping visualisations.
Graphics context not yet initialized. Skipping visualisations.
Graphics context not yet initialized. Skipping visualisations.
Graphics context not yet initialized. Skipping visualisations.
Graphics context not yet initialized. Skipping visualisations.
Graphics context not yet initialized. Skipping visualisations.
Graphics context not yet initialized. Skipping visualisations.
Graphics context not yet initialized. Skipping visualisations.
Graphics context not yet initialized. Skipping visualisations.
Graphics context not yet initialized. Skipping visualisations.
Graphics context not yet initialized. Skipping visualisations.
Graphics context not yet initialized. Skipping visualisations.
Graphics context not yet initialized. Skipping visualisations.
Graphics context not yet initialized. Skipping visualisations.
Graphics context not yet initialized. Skipping visualisations.
Graphics context not yet initialized. Skipping visualisations.
Graphics context not yet initialized. Skipping visualisations.
Graphics context not yet initialized. Skipping visualisations.
Graphics context not yet initialized. Skipping visualisations.
Graphics context not yet initialized. Skipping visualisations.
Graphics context not yet initialized. Skipping visualisations.
Graphics context not yet initialized. Skipping visualisations.
Graphics context not yet initialized. Skipping visualisations.
Graphics context not yet initialized. Skipping visualisations.
Graphics context not yet initialized. Skipping visualisations.
Graphics context not yet initialized. Skipping visualisations.
Graphics context not yet initialized. Skipping visualisations.
Graphics context not yet initialized. Skipping visualisations.
Graphics context not yet initialized. Skipping visualisations.
Graphics context not yet initialized. Skipping visualisations.
Graphics context not yet initialized. Skipping visualisations.
Graphics context not yet initialized. Skipping visualisations.
Graphics context not yet initialized. Skipping visualisations.
Graphics context not yet initialized. Skipping visualisations.
Graphics context not yet initialized. Skipping visualisations.
Graphics context not yet initialized. Skipping visualisations.
Graphics context not yet initialized. Skipping visualisations.
Graphics context not yet initialized. Skipping visualisations.
Graphics context not yet initialized. Skipping visualisations.
Graphics context not yet initialized. Skipping visualisations.
Graphics context not yet initialized. Skipping visualisations.
Graphics context not yet initialized. Skipping visualisations.
Graphics context not yet initialized. Skipping visualisations.
Graphics context not yet initialized. Skipping visualisations.
Graphics context not yet initialized. Skipping visualisations.
Graphics context not yet initialized. Skipping visualisations.
Graphics context not yet initialized. Skipping visualisations.
Graphics context not yet initialized. Skipping visualisations.
Graphics context not yet initialized. Skipping visualisations.
Graphics context not yet initialized. Skipping visualisations.
Graphics context not yet initialized. Skipping visualisations.
Graphics context not yet initialized. Skipping visualisations.
Graphics context not yet initialized. Skipping visualisations.
Graphics context not yet initialized. Skipping visualisations.
Graphics context not yet initialized. Skipping visualisations.
Graphics context not yet initialized. Skipping visualisations.
Graphics context not yet initialized. Skipping visualisations.
Graphics context not yet initialized. Skipping visualisations.
Graphics context not yet initialized. Skipping visualisations.
Graphics context not yet initialized. Skipping visualisations.
Graphics context not yet initialized. Skipping visualisations.
Graphics context not yet initialized. Skipping visualisations.
Graphics context not yet initialized. Skipping visualisations.
Graphics context not yet initialized. Skipping visualisations.
Graphics context not yet initialized. Skipping visualisations.
Graphics context not yet initialized. Skipping visualisations.
Graphics context not yet initialized. Skipping visualisations.
Graphics context not yet initialized. Skipping visualisations.
Graphics context not yet initialized. Skipping visualisations.
Graphics context not yet initialized. Skipping visualisations.
Graphics context not yet initialized. Skipping visualisations.
Graphics context not yet initialized. Skipping visualisations.
Graphics context not yet initialized. Skipping visualisations.
Graphics context not yet initialized. Skipping visualisations.
Graphics context not yet initialized. Skipping visualisations.
Graphics context not yet initialized. Skipping visualisations.
Graphics context not yet initialized. Skipping visualisations.
Graphics context not yet initialized. Skipping visualisations.
Graphics context not yet initialized. Skipping visualisations.
Graphics context not yet initialized. Skipping visualisations.
Graphics context not yet initialized. Skipping visualisations.
Graphics context not yet initialized. Skipping visualisations.
Graphics context not yet initialized. Skipping visualisations.
Graphics context not yet initialized. Skipping visualisations.
Graphics context not yet initialized. Skipping visualisations.
Graphics context not yet initialized. Skipping visualisations.
Graphics context not yet initialized. Skipping visualisations.
Graphics context not yet initialized. Skipping visualisations.
Graphics context not yet initialized. Skipping visualisations.
Graphics context not yet initialized. Skipping visualisations.
Graphics context not yet initialized. Skipping visualisations.
Graphics context not yet initialized. Skipping visualisations.
Graphics context not yet initialized. Skipping visualisations.
Graphics context not yet initialized. Skipping visualisations.
Graphics context not yet initialized. Skipping visualisations.
Graphics context not yet initialized. Skipping visualisations.
Graphics context not yet initialized. Skipping visualisations.
Graphics context not yet initialized. Skipping visualisations.
Graphics context not yet initialized. Skipping visualisations.
Graphics context not yet initialized. Skipping visualisations.
Graphics context not yet initialized. Skipping visualisations.
Graphics context not yet initialized. Skipping visualisations.
Graphics context not yet initialized. Skipping visualisations.
Graphics context not yet initialized. Skipping visualisations.
Graphics context not yet initialized. Skipping visualisations.
Graphics context not yet initialized. Skipping visualisations.
Graphics context not yet initialized. Skipping visualisations.
Graphics context not yet initialized. Skipping visualisations.
Graphics context not yet initialized. Skipping visualisations.
Graphics context not yet initialized. Skipping visualisations.
Graphics context not yet initialized. Skipping visualisations.
Graphics context not yet initialized. Skipping visualisations.
Graphics context not yet initialized. Skipping visualisations.
Graphics context not yet initialized. Skipping visualisations.
Graphics context not yet initialized. Skipping visualisations.
Graphics context not yet initialized. Skipping visualisations.
Graphics context not yet initialized. Skipping visualisations.
Graphics context not yet initialized. Skipping visualisations.
Graphics context not yet initialized. Skipping visualisations.
Graphics context not yet initialized. Skipping visualisations.
Graphics context not yet initialized. Skipping visualisations.
Graphics context not yet initialized. Skipping visualisations.
Graphics context not yet initialized. Skipping visualisations.
Graphics context not yet initialized. Skipping visualisations.
Graphics context not yet initialized. Skipping visualisations.
Graphics context not yet initialized. Skipping visualisations.
Graphics context not yet initialized. Skipping visualisations.
Graphics context not yet initialized. Skipping visualisations.
Graphics context not yet initialized. Skipping visualisations.
Graphics context not yet initialized. Skipping visualisations.
Graphics context not yet initialized. Skipping visualisations.
Graphics context not yet initialized. Skipping visualisations.
Graphics context not yet initialized. Skipping visualisations.
Graphics context not yet initialized. Skipping visualisations.
Graphics context not yet initialized. Skipping visualisations.
Graphics context not yet initialized. Skipping visualisations.
Graphics context not yet initialized. Skipping visualisations.
Graphics context not yet initialized. Skipping visualisations.
Graphics context not yet initialized. Skipping visualisations.
Graphics context not yet initialized. Skipping visualisations.
Graphics context not yet initialized. Skipping visualisations.
Graphics context not yet initialized. Skipping visualisations.
Graphics context not yet initialized. Skipping visualisations.
Graphics context not yet initialized. Skipping visualisations.
Graphics context not yet initialized. Skipping visualisations.
Graphics context not yet initialized. Skipping visualisations.
Graphics context not yet initialized. Skipping visualisations.
Graphics context not yet initialized. Skipping visualisations.
Graphics context not yet initialized. Skipping visualisations.
Graphics context not yet initialized. Skipping visualisations.
Graphics context not yet initialized. Skipping visualisations.
Graphics context not yet initialized. Skipping visualisations.
Graphics context not yet initialized. Skipping visualisations.
Graphics context not yet initialized. Skipping visualisations.
Graphics context not yet initialized. Skipping visualisations.
Graphics context not yet initialized. Skipping visualisations.
Graphics context not yet initialized. Skipping visualisations.
Graphics context not yet initialized. Skipping visualisations.
Graphics context not yet initialized. Skipping visualisations.
Graphics context not yet initialized. Skipping visualisations.
Graphics context not yet initialized. Skipping visualisations.
Graphics context not yet initialized. Skipping visualisations.
Graphics context not yet initialized. Skipping visualisations.
Graphics context not yet initialized. Skipping visualisations.
Graphics context not yet initialized. Skipping visualisations.
Graphics context not yet initialized. Skipping visualisations.
Graphics context not yet initialized. Skipping visualisations.
Graphics context not yet initialized. Skipping visualisations.
Graphics context not yet initialized. Skipping visualisations.
Graphics context not yet initialized. Skipping visualisations.
Graphics context not yet initialized. Skipping visualisations.
Graphics context not yet initialized. Skipping visualisations.
Graphics context not yet initialized. Skipping visualisations.
Graphics context not yet initialized. Skipping visualisations.
Graphics context not yet initialized. Skipping visualisations.
Graphics context not yet initialized. Skipping visualisations.
Graphics context not yet initialized. Skipping visualisations.
Graphics context not yet initialized. Skipping visualisations.
Graphics context not yet initialized. Skipping visualisations.
Graphics context not yet initialized. Skipping visualisations.
Graphics context not yet initialized. Skipping visualisations.
Graphics context not yet initialized. Skipping visualisations.
Graphics context not yet initialized. Skipping visualisations.
Graphics context not yet initialized. Skipping visualisations.
Graphics context not yet initialized. Skipping visualisations.
Graphics context not yet initialized. Skipping visualisations.
Graphics context not yet initialized. Skipping visualisations.
Graphics context not yet initialized. Skipping visualisations.
Graphics context not yet initialized. Skipping visualisations.
Graphics context not yet initialized. Skipping visualisations.
Graphics context not yet initialized. Skipping visualisations.
Graphics context not yet initialized. Skipping visualisations.
Graphics context not yet initialized. Skipping visualisations.
Graphics context not yet initialized. Skipping visualisations.
Graphics context not yet initialized. Skipping visualisations.
Graphics context not yet initialized. Skipping visualisations.
Graphics context not yet initialized. Skipping visualisations.
Graphics context not yet initialized. Skipping visualisations.
Graphics context not yet initialized. Skipping visualisations.
Graphics context not yet initialized. Skipping visualisations.
Graphics context not yet initialized. Skipping visualisations.
Graphics context not yet initialized. Skipping visualisations.
Graphics context not yet initialized. Skipping visualisations.
Graphics context not yet initialized. Skipping visualisations.
Graphics context not yet initialized. Skipping visualisations.
Graphics context not yet initialized. Skipping visualisations.
Graphics context not yet initialized. Skipping visualisations.
Graphics context not yet initialized. Skipping visualisations.
Graphics context not yet initialized. Skipping visualisations.
Graphics context not yet initialized. Skipping visualisations.
Graphics context not yet initialized. Skipping visualisations.
Graphics context not yet initialized. Skipping visualisations.
Graphics context not yet initialized. Skipping visualisations.
Graphics context not yet initialized. Skipping visualisations.
Graphics context not yet initialized. Skipping visualisations.
Graphics context not yet initialized. Skipping visualisations.
Graphics context not yet initialized. Skipping visualisations.
Graphics context not yet initialized. Skipping visualisations.
Graphics context not yet initialized. Skipping visualisations.
Graphics context not yet initialized. Skipping visualisations.
Graphics context not yet initialized. Skipping visualisations.
Graphics context not yet initialized. Skipping visualisations.
Graphics context not yet initialized. Skipping visualisations.
Graphics context not yet initialized. Skipping visualisations.
Graphics context not yet initialized. Skipping visualisations.
Graphics context not yet initialized. Skipping visualisations.
Graphics context not yet initialized. Skipping visualisations.
Graphics context not yet initialized. Skipping visualisations.
Graphics context not yet initialized. Skipping visualisations.
Graphics context not yet initialized. Skipping visualisations.
Graphics context not yet initialized. Skipping visualisations.
Graphics context not yet initialized. Skipping visualisations.
Graphics context not yet initialized. Skipping visualisations.
Graphics context not yet initialized. Skipping visualisations.
Graphics context not yet initialized. Skipping visualisations.
Graphics context not yet initialized. Skipping visualisations.
Graphics context not yet initialized. Skipping visualisations.
Graphics context not yet initialized. Skipping visualisations.
Graphics context not yet initialized. Skipping visualisations.
Graphics context not yet initialized. Skipping visualisations.
Graphics context not yet initialized. Skipping visualisations.
Graphics context not yet initialized. Skipping visualisations.
Graphics context not yet initialized. Skipping visualisations.
Graphics context not yet initialized. Skipping visualisations.
Graphics context not yet initialized. Skipping visualisations.
Graphics context not yet initialized. Skipping visualisations.
Graphics context not yet initialized. Skipping visualisations.
Graphics context not yet initialized. Skipping visualisations.
Graphics context not yet initialized. Skipping visualisations.
Graphics context not yet initialized. Skipping visualisations.
Graphics context not yet initialized. Skipping visualisations.
Graphics context not yet initialized. Skipping visualisations.
Graphics context not yet initialized. Skipping visualisations.
Graphics context not yet initialized. Skipping visualisations.
Graphics context not yet initialized. Skipping visualisations.
Graphics context not yet initialized. Skipping visualisations.
Graphics context not yet initialized. Skipping visualisations.
Graphics context not yet initialized. Skipping visualisations.
Graphics context not yet initialized. Skipping visualisations.
Graphics context not yet initialized. Skipping visualisations.
Graphics context not yet initialized. Skipping visualisations.
Graphics context not yet initialized. Skipping visualisations.
Graphics context not yet initialized. Skipping visualisations.
Graphics context not yet initialized. Skipping visualisations.
Graphics context not yet initialized. Skipping visualisations.
Graphics context not yet initialized. Skipping visualisations.
Graphics context not yet initialized. Skipping visualisations.
Graphics context not yet initialized. Skipping visualisations.
Graphics context not yet initialized. Skipping visualisations.
Graphics context not yet initialized. Skipping visualisations.
Graphics context not yet initialized. Skipping visualisations.
Graphics context not yet initialized. Skipping visualisations.
Graphics context not yet initialized. Skipping visualisations.
Graphics context not yet initialized. Skipping visualisations.
Graphics context not yet initialized. Skipping visualisations.
Graphics context not yet initialized. Skipping visualisations.
Graphics context not yet initialized. Skipping visualisations.
Graphics context not yet initialized. Skipping visualisations.
Graphics context not yet initialized. Skipping visualisations.
Graphics context not yet initialized. Skipping visualisations.
Graphics context not yet initialized. Skipping visualisations.
Graphics context not yet initialized. Skipping visualisations.
Graphics context not yet initialized. Skipping visualisations.
Graphics context not yet initialized. Skipping visualisations.
Graphics context not yet initialized. Skipping visualisations.
Graphics context not yet initialized. Skipping visualisations.
Graphics context not yet initialized. Skipping visualisations.
Graphics context not yet initialized. Skipping visualisations.
Graphics context not yet initialized. Skipping visualisations.
Graphics context not yet initialized. Skipping visualisations.
Graphics context not yet initialized. Skipping visualisations.
Graphics context not yet initialized. Skipping visualisations.
Graphics context not yet initialized. Skipping visualisations.
Graphics context not yet initialized. Skipping visualisations.
Graphics context not yet initialized. Skipping visualisations.
Graphics context not yet initialized. Skipping visualisations.
Graphics context not yet initialized. Skipping visualisations.
Graphics context not yet initialized. Skipping visualisations.
Graphics context not yet initialized. Skipping visualisations.
Graphics context not yet initialized. Skipping visualisations.
Graphics context not yet initialized. Skipping visualisations.
Graphics context not yet initialized. Skipping visualisations.
Graphics context not yet initialized. Skipping visualisations.
Graphics context not yet initialized. Skipping visualisations.
Graphics context not yet initialized. Skipping visualisations.
Graphics context not yet initialized. Skipping visualisations.
Graphics context not yet initialized. Skipping visualisations.
Graphics context not yet initialized. Skipping visualisations.
Graphics context not yet initialized. Skipping visualisations.
Graphics context not yet initialized. Skipping visualisations.
Graphics context not yet initialized. Skipping visualisations.
Graphics context not yet initialized. Skipping visualisations.
Graphics context not yet initialized. Skipping visualisations.
Graphics context not yet initialized. Skipping visualisations.
Graphics context not yet initialized. Skipping visualisations.
Graphics context not yet initialized. Skipping visualisations.
Graphics context not yet initialized. Skipping visualisations.
Graphics context not yet initialized. Skipping visualisations.
Graphics context not yet initialized. Skipping visualisations.
Graphics context not yet initialized. Skipping visualisations.
Graphics context not yet initialized. Skipping visualisations.
Graphics context not yet initialized. Skipping visualisations.
Graphics context not yet initialized. Skipping visualisations.
Graphics context not yet initialized. Skipping visualisations.
Graphics context not yet initialized. Skipping visualisations.
Graphics context not yet initialized. Skipping visualisations.
Graphics context not yet initialized. Skipping visualisations.
Graphics context not yet initialized. Skipping visualisations.
Graphics context not yet initialized. Skipping visualisations.
Graphics context not yet initialized. Skipping visualisations.
Graphics context not yet initialized. Skipping visualisations.
Graphics context not yet initialized. Skipping visualisations.
Graphics context not yet initialized. Skipping visualisations.
Graphics context not yet initialized. Skipping visualisations.
Graphics context not yet initialized. Skipping visualisations.
Graphics context not yet initialized. Skipping visualisations.
Graphics context not yet initialized. Skipping visualisations.
Graphics context not yet initialized. Skipping visualisations.
Graphics context not yet initialized. Skipping visualisations.
Graphics context not yet initialized. Skipping visualisations.
Graphics context not yet initialized. Skipping visualisations.
Graphics context not yet initialized. Skipping visualisations.
Graphics context not yet initialized. Skipping visualisations.
Graphics context not yet initialized. Skipping visualisations.
Graphics context not yet initialized. Skipping visualisations.
Graphics context not yet initialized. Skipping visualisations.
Graphics context not yet initialized. Skipping visualisations.
Graphics context not yet initialized. Skipping visualisations.
Graphics context not yet initialized. Skipping visualisations.
Graphics context not yet initialized. Skipping visualisations.
Graphics context not yet initialized. Skipping visualisations.
Graphics context not yet initialized. Skipping visualisations.
Graphics context not yet initialized. Skipping visualisations.
Graphics context not yet initialized. Skipping visualisations.
Graphics context not yet initialized. Skipping visualisations.
Graphics context not yet initialized. Skipping visualisations.
Graphics context not yet initialized. Skipping visualisations.
Graphics context not yet initialized. Skipping visualisations.
Graphics context not yet initialized. Skipping visualisations.
Graphics context not yet initialized. Skipping visualisations.
Graphics context not yet initialized. Skipping visualisations.
Graphics context not yet initialized. Skipping visualisations.
Graphics context not yet initialized. Skipping visualisations.
Graphics context not yet initialized. Skipping visualisations.
Graphics context not yet initialized. Skipping visualisations.
Graphics context not yet initialized. Skipping visualisations.
Graphics context not yet initialized. Skipping visualisations.
Graphics context not yet initialized. Skipping visualisations.
Graphics context not yet initialized. Skipping visualisations.
Graphics context not yet initialized. Skipping visualisations.
Graphics context not yet initialized. Skipping visualisations.
Graphics context not yet initialized. Skipping visualisations.
Graphics context not yet initialized. Skipping visualisations.
Graphics context not yet initialized. Skipping visualisations.
Graphics context not yet initialized. Skipping visualisations.
Graphics context not yet initialized. Skipping visualisations.
Graphics context not yet initialized. Skipping visualisations.
Graphics context not yet initialized. Skipping visualisations.
Graphics context not yet initialized. Skipping visualisations.
Graphics context not yet initialized. Skipping visualisations.
Graphics context not yet initialized. Skipping visualisations.
Graphics context not yet initialized. Skipping visualisations.
Graphics context not yet initialized. Skipping visualisations.
Graphics context not yet initialized. Skipping visualisations.
Graphics context not yet initialized. Skipping visualisations.
Graphics context not yet initialized. Skipping visualisations.
Graphics context not yet initialized. Skipping visualisations.
Graphics context not yet initialized. Skipping visualisations.
Graphics context not yet initialized. Skipping visualisations.
Graphics context not yet initialized. Skipping visualisations.
Graphics context not yet initialized. Skipping visualisations.
Graphics context not yet initialized. Skipping visualisations.
Graphics context not yet initialized. Skipping visualisations.
Graphics context not yet initialized. Skipping visualisations.
Graphics context not yet initialized. Skipping visualisations.
Graphics context not yet initialized. Skipping visualisations.
Graphics context not yet initialized. Skipping visualisations.
Graphics context not yet initialized. Skipping visualisations.
Graphics context not yet initialized. Skipping visualisations.
Graphics context not yet initialized. Skipping visualisations.
Graphics context not yet initialized. Skipping visualisations.
Graphics context not yet initialized. Skipping visualisations.
Graphics context not yet initialized. Skipping visualisations.
Graphics context not yet initialized. Skipping visualisations.
Graphics context not yet initialized. Skipping visualisations.
Graphics context not yet initialized. Skipping visualisations.
Graphics context not yet initialized. Skipping visualisations.
Graphics context not yet initialized. Skipping visualisations.
Graphics context not yet initialized. Skipping visualisations.
Graphics context not yet initialized. Skipping visualisations.
Graphics context not yet initialized. Skipping visualisations.
Graphics context not yet initialized. Skipping visualisations.
Graphics context not yet initialized. Skipping visualisations.
Graphics context not yet initialized. Skipping visualisations.
Graphics context not yet initialized. Skipping visualisations.
Graphics context not yet initialized. Skipping visualisations.
Graphics context not yet initialized. Skipping visualisations.
Graphics context not yet initialized. Skipping visualisations.
Graphics context not yet initialized. Skipping visualisations.
Graphics context not yet initialized. Skipping visualisations.
Graphics context not yet initialized. Skipping visualisations.
Graphics context not yet initialized. Skipping visualisations.
Graphics context not yet initialized. Skipping visualisations.
Graphics context not yet initialized. Skipping visualisations.
Graphics context not yet initialized. Skipping visualisations.
Graphics context not yet initialized. Skipping visualisations.
Graphics context not yet initialized. Skipping visualisations.
Graphics context not yet initialized. Skipping visualisations.
Graphics context not yet initialized. Skipping visualisations.
Graphics context not yet initialized. Skipping visualisations.
Graphics context not yet initialized. Skipping visualisations.
Graphics context not yet initialized. Skipping visualisations.
Graphics context not yet initialized. Skipping visualisations.
Graphics context not yet initialized. Skipping visualisations.
Graphics context not yet initialized. Skipping visualisations.
Graphics context not yet initialized. Skipping visualisations.
Graphics context not yet initialized. Skipping visualisations.
Graphics context not yet initialized. Skipping visualisations.
Graphics context not yet initialized. Skipping visualisations.
Graphics context not yet initialized. Skipping visualisations.
Graphics context not yet initialized. Skipping visualisations.
Graphics context not yet initialized. Skipping visualisations.
Graphics context not yet initialized. Skipping visualisations.
Graphics context not yet initialized. Skipping visualisations.
Graphics context not yet initialized. Skipping visualisations.
Graphics context not yet initialized. Skipping visualisations.
Graphics context not yet initialized. Skipping visualisations.
Graphics context not yet initialized. Skipping visualisations.
Graphics context not yet initialized. Skipping visualisations.
Graphics context not yet initialized. Skipping visualisations.
Graphics context not yet initialized. Skipping visualisations.
Graphics context not yet initialized. Skipping visualisations.
Graphics context not yet initialized. Skipping visualisations.
Graphics context not yet initialized. Skipping visualisations.
Graphics context not yet initialized. Skipping visualisations.
Graphics context not yet initialized. Skipping visualisations.
Graphics context not yet initialized. Skipping visualisations.
Graphics context not yet initialized. Skipping visualisations.
Graphics context not yet initialized. Skipping visualisations.
Graphics context not yet initialized. Skipping visualisations.
Graphics context not yet initialized. Skipping visualisations.
Graphics context not yet initialized. Skipping visualisations.
Graphics context not yet initialized. Skipping visualisations.
Graphics context not yet initialized. Skipping visualisations.
Graphics context not yet initialized. Skipping visualisations.
Graphics context not yet initialized. Skipping visualisations.
Graphics context not yet initialized. Skipping visualisations.
Graphics context not yet initialized. Skipping visualisations.
Graphics context not yet initialized. Skipping visualisations.
Graphics context not yet initialized. Skipping visualisations.
Graphics context not yet initialized. Skipping visualisations.
Graphics context not yet initialized. Skipping visualisations.
Graphics context not yet initialized. Skipping visualisations.
Graphics context not yet initialized. Skipping visualisations.
Graphics context not yet initialized. Skipping visualisations.
Graphics context not yet initialized. Skipping visualisations.
Graphics context not yet initialized. Skipping visualisations.
Graphics context not yet initialized. Skipping visualisations.
Graphics context not yet initialized. Skipping visualisations.
Graphics context not yet initialized. Skipping visualisations.
Graphics context not yet initialized. Skipping visualisations.
Graphics context not yet initialized. Skipping visualisations.
Graphics context not yet initialized. Skipping visualisations.
Graphics context not yet initialized. Skipping visualisations.
Graphics context not yet initialized. Skipping visualisations.
Graphics context not yet initialized. Skipping visualisations.
Graphics context not yet initialized. Skipping visualisations.
Graphics context not yet initialized. Skipping visualisations.
Graphics context not yet initialized. Skipping visualisations.
Graphics context not yet initialized. Skipping visualisations.
Graphics context not yet initialized. Skipping visualisations.
Graphics context not yet initialized. Skipping visualisations.
Graphics context not yet initialized. Skipping visualisations.
Graphics context not yet initialized. Skipping visualisations.
Graphics context not yet initialized. Skipping visualisations.
Graphics context not yet initialized. Skipping visualisations.
Graphics context not yet initialized. Skipping visualisations.
Graphics context not yet initialized. Skipping visualisations.
Graphics context not yet initialized. Skipping visualisations.
Graphics context not yet initialized. Skipping visualisations.
Graphics context not yet initialized. Skipping visualisations.
Graphics context not yet initialized. Skipping visualisations.
Graphics context not yet initialized. Skipping visualisations.
Graphics context not yet initialized. Skipping visualisations.
Graphics context not yet initialized. Skipping visualisations.
Graphics context not yet initialized. Skipping visualisations.
Graphics context not yet initialized. Skipping visualisations.
Graphics context not yet initialized. Skipping visualisations.
Graphics context not yet initialized. Skipping visualisations.
Graphics context not yet initialized. Skipping visualisations.
Graphics context not yet initialized. Skipping visualisations.
Graphics context not yet initialized. Skipping visualisations.
Graphics context not yet initialized. Skipping visualisations.
Graphics context not yet initialized. Skipping visualisations.
Graphics context not yet initialized. Skipping visualisations.
Graphics context not yet initialized. Skipping visualisations.
Graphics context not yet initialized. Skipping visualisations.
Graphics context not yet initialized. Skipping visualisations.
Graphics context not yet initialized. Skipping visualisations.
Graphics context not yet initialized. Skipping visualisations.
Graphics context not yet initialized. Skipping visualisations.
Graphics context not yet initialized. Skipping visualisations.
Graphics context not yet initialized. Skipping visualisations.
Graphics context not yet initialized. Skipping visualisations.
Graphics context not yet initialized. Skipping visualisations.
Graphics context not yet initialized. Skipping visualisations.
Graphics context not yet initialized. Skipping visualisations.
Graphics context not yet initialized. Skipping visualisations.
Graphics context not yet initialized. Skipping visualisations.
Graphics context not yet initialized. Skipping visualisations.
Graphics context not yet initialized. Skipping visualisations.
Graphics context not yet initialized. Skipping visualisations.
Graphics context not yet initialized. Skipping visualisations.
Graphics context not yet initialized. Skipping visualisations.
Graphics context not yet initialized. Skipping visualisations.
Graphics context not yet initialized. Skipping visualisations.
Graphics context not yet initialized. Skipping visualisations.
Graphics context not yet initialized. Skipping visualisations.
Graphics context not yet initialized. Skipping visualisations.
Graphics context not yet initialized. Skipping visualisations.
Graphics context not yet initialized. Skipping visualisations.
Graphics context not yet initialized. Skipping visualisations.
Graphics context not yet initialized. Skipping visualisations.
Graphics context not yet initialized. Skipping visualisations.
Graphics context not yet initialized. Skipping visualisations.
Graphics context not yet initialized. Skipping visualisations.
Graphics context not yet initialized. Skipping visualisations.
Graphics context not yet initialized. Skipping visualisations.
Graphics context not yet initialized. Skipping visualisations.
Graphics context not yet initialized. Skipping visualisations.
Graphics context not yet initialized. Skipping visualisations.
Graphics context not yet initialized. Skipping visualisations.
Graphics context not yet initialized. Skipping visualisations.
Graphics context not yet initialized. Skipping visualisations.
Graphics context not yet initialized. Skipping visualisations.
Graphics context not yet initialized. Skipping visualisations.
Graphics context not yet initialized. Skipping visualisations.
Graphics context not yet initialized. Skipping visualisations.
Graphics context not yet initialized. Skipping visualisations.
Graphics context not yet initialized. Skipping visualisations.
Graphics context not yet initialized. Skipping visualisations.
Graphics context not yet initialized. Skipping visualisations.
Graphics context not yet initialized. Skipping visualisations.
Graphics context not yet initialized. Skipping visualisations.
Graphics context not yet initialized. Skipping visualisations.
Graphics context not yet initialized. Skipping visualisations.
Graphics context not yet initialized. Skipping visualisations.
Graphics context not yet initialized. Skipping visualisations.
Graphics context not yet initialized. Skipping visualisations.
Graphics context not yet initialized. Skipping visualisations.
Graphics context not yet initialized. Skipping visualisations.
Graphics context not yet initialized. Skipping visualisations.
Graphics context not yet initialized. Skipping visualisations.
Graphics context not yet initialized. Skipping visualisations.
Graphics context not yet initialized. Skipping visualisations.
Graphics context not yet initialized. Skipping visualisations.
Graphics context not yet initialized. Skipping visualisations.
Graphics context not yet initialized. Skipping visualisations.
Graphics context not yet initialized. Skipping visualisations.
Graphics context not yet initialized. Skipping visualisations.
Graphics context not yet initialized. Skipping visualisations.
Graphics context not yet initialized. Skipping visualisations.
Graphics context not yet initialized. Skipping visualisations.
Graphics context not yet initialized. Skipping visualisations.
Graphics context not yet initialized. Skipping visualisations.
Graphics context not yet initialized. Skipping visualisations.
Graphics context not yet initialized. Skipping visualisations.
Graphics context not yet initialized. Skipping visualisations.
Graphics context not yet initialized. Skipping visualisations.
Graphics context not yet initialized. Skipping visualisations.
Graphics context not yet initialized. Skipping visualisations.
Graphics context not yet initialized. Skipping visualisations.
Graphics context not yet initialized. Skipping visualisations.
Graphics context not yet initialized. Skipping visualisations.
Graphics context not yet initialized. Skipping visualisations.
Graphics context not yet initialized. Skipping visualisations.
Graphics context not yet initialized. Skipping visualisations.
Graphics context not yet initialized. Skipping visualisations.
Graphics context not yet initialized. Skipping visualisations.
Graphics context not yet initialized. Skipping visualisations.
Graphics context not yet initialized. Skipping visualisations.
Graphics context not yet initialized. Skipping visualisations.
Graphics context not yet initialized. Skipping visualisations.
Graphics context not yet initialized. Skipping visualisations.
Graphics context not yet initialized. Skipping visualisations.
Graphics context not yet initialized. Skipping visualisations.
Graphics context not yet initialized. Skipping visualisations.
Graphics context not yet initialized. Skipping visualisations.
Graphics context not yet initialized. Skipping visualisations.
Graphics context not yet initialized. Skipping visualisations.
Graphics context not yet initialized. Skipping visualisations.
Graphics context not yet initialized. Skipping visualisations.
Graphics context not yet initialized. Skipping visualisations.
]]></system-out>
  <system-err><![CDATA[]]></system-err>
</testsuite>
