<?xml version="1.0" encoding="UTF-8"?>
<testsuite name="WizardTD.ManaTest" tests="8" skipped="0" failures="0" errors="0" timestamp="2023-10-17T23:14:07" hostname="Allens-MacBook-Pro.local" time="0.002">
  <properties/>
  <testcase name="testTickMana()" classname="WizardTD.ManaTest" time="0.0"/>
  <testcase name="testGetPool()" classname="WizardTD.ManaTest" time="0.0"/>
  <testcase name="testGetPerSecond()" classname="WizardTD.ManaTest" time="0.001"/>
  <testcase name="testGetCap()" classname="WizardTD.ManaTest" time="0.0"/>
  <testcase name="testKillMonster()" classname="WizardTD.ManaTest" time="0.0"/>
  <testcase name="testGetCurrent()" classname="WizardTD.ManaTest" time="0.0"/>
  <testcase name="testCastSpell()" classname="WizardTD.ManaTest" time="0.0"/>
  <testcase name="testMinusMana()" classname="WizardTD.ManaTest" time="0.0"/>
  <system-out><![CDATA[]]></system-out>
  <system-err><![CDATA[]]></system-err>
</testsuite>
