<?xml version="1.0" encoding="UTF-8"?>
<testsuite name="WizardTD.MonsterTest" tests="11" skipped="0" failures="0" errors="0" timestamp="2023-10-17T23:14:07" hostname="Allens-MacBook-Pro.local" time="0.003">
  <properties/>
  <testcase name="testGetSpeed()" classname="WizardTD.MonsterTest" time="0.0"/>
  <testcase name="testGetHP()" classname="WizardTD.MonsterTest" time="0.0"/>
  <testcase name="testSetHP()" classname="WizardTD.MonsterTest" time="0.0"/>
  <testcase name="testGetType()" classname="WizardTD.MonsterTest" time="0.0"/>
  <testcase name="testSetQuantity()" classname="WizardTD.MonsterTest" time="0.0"/>
  <testcase name="testGetQuantity()" classname="WizardTD.MonsterTest" time="0.001"/>
  <testcase name="testSkeletonMethods()" classname="WizardTD.MonsterTest" time="0.0"/>
  <testcase name="testSetArmour()" classname="WizardTD.MonsterTest" time="0.0"/>
  <testcase name="testGetArmour()" classname="WizardTD.MonsterTest" time="0.001"/>
  <testcase name="testGetManaGainedOnKill()" classname="WizardTD.MonsterTest" time="0.0"/>
  <testcase name="testSetSpeed()" classname="WizardTD.MonsterTest" time="0.0"/>
  <system-out><![CDATA[]]></system-out>
  <system-err><![CDATA[]]></system-err>
</testsuite>
