<?xml version="1.0" encoding="UTF-8"?>
<testsuite name="WizardTD.FireballTest" tests="3" skipped="0" failures="0" errors="0" timestamp="2023-10-17T23:14:07" hostname="Allens-MacBook-Pro.local" time="0.001">
  <properties/>
  <testcase name="testTick()" classname="WizardTD.FireballTest" time="0.0"/>
  <testcase name="testGetMagnitude()" classname="WizardTD.FireballTest" time="0.0"/>
  <testcase name="testGetDamage()" classname="WizardTD.FireballTest" time="0.001"/>
  <system-out><![CDATA[]]></system-out>
  <system-err><![CDATA[]]></system-err>
</testsuite>
