<?xml version="1.0" encoding="UTF-8"?>
<testsuite name="WizardTD.WormTest" tests="9" skipped="0" failures="0" errors="0" timestamp="2023-10-17T23:14:07" hostname="Allens-MacBook-Pro.local" time="0.003">
  <properties/>
  <testcase name="testPathMethods()" classname="WizardTD.WormTest" time="0.001"/>
  <testcase name="testSaveAndResetMethods()" classname="WizardTD.WormTest" time="0.0"/>
  <testcase name="testAttributeGetters()" classname="WizardTD.WormTest" time="0.0"/>
  <testcase name="testHealthMethods()" classname="WizardTD.WormTest" time="0.001"/>
  <testcase name="testSpeedMethods()" classname="WizardTD.WormTest" time="0.0"/>
  <testcase name="testTickMethod()" classname="WizardTD.WormTest" time="0.0"/>
  <testcase name="testBeetleInstantiation()" classname="WizardTD.WormTest" time="0.0"/>
  <testcase name="testPositionGetters()" classname="WizardTD.WormTest" time="0.0"/>
  <testcase name="testSetPosition()" classname="WizardTD.WormTest" time="0.0"/>
  <system-out><![CDATA[]]></system-out>
  <system-err><![CDATA[]]></system-err>
</testsuite>
